2020-03-31 11:49:30.406   CNC 6   INF   Workplace color: red, order: , downtime: , user: 
2020-03-31 11:49:30.406   CNC 6   INF   Streaming data to LCD
2020-03-31 11:49:30.406   CNC 6   INF   Data streamed
2020-03-31 11:49:40.667   CNC 6   INF   Workplace color: red, order: , downtime: , user: 
2020-03-31 11:49:40.667   CNC 6   INF   Streaming data to LCD
2020-03-31 11:49:40.667   CNC 6   INF   Data streamed
2020-03-31 11:49:50.940   CNC 6   INF   Workplace color: red, order: , downtime: , user: 
2020-03-31 11:49:50.940   CNC 6   INF   Streaming data to LCD
2020-03-31 11:49:50.940   CNC 6   INF   Data streamed
2020-03-31 11:50:00.728   CNC 6   INF   Workplace color: red, order: , downtime: , user: 
2020-03-31 11:50:00.728   CNC 6   INF   Streaming data to LCD
2020-03-31 11:50:00.728   CNC 6   INF   Data streamed
2020-03-31 11:50:46.605   CNC 6   INF   Workplace color: red, order: , downtime: , user: 
2020-03-31 11:50:46.605   CNC 6   INF   Streaming data to LCD
2020-03-31 11:50:46.605   CNC 6   INF   Data streamed
2020-03-31 11:50:56.935   CNC 6   INF   Workplace color: red, order: , downtime: , user: 
2020-03-31 11:50:56.935   CNC 6   INF   Streaming data to LCD
2020-03-31 11:50:56.935   CNC 6   INF   Data streamed
2020-03-31 11:51:07.144   CNC 6   INF   Workplace color: red, order: , downtime: , user: 
2020-03-31 11:51:07.144   CNC 6   INF   Streaming data to LCD
2020-03-31 11:51:07.144   CNC 6   INF   Data streamed
2020-03-31 11:51:17.435   CNC 6   INF   Workplace color: red, order: , downtime: , user: 
2020-03-31 11:51:17.435   CNC 6   INF   Streaming data to LCD
2020-03-31 11:51:17.435   CNC 6   INF   Data streamed
2020-03-31 11:51:27.884   CNC 6   INF   Workplace color: red, order: , downtime: , user: 
2020-03-31 11:51:27.884   CNC 6   INF   Streaming data to LCD
2020-03-31 11:51:27.884   CNC 6   INF   Data streamed
2020-03-31 11:51:38.077   CNC 6   INF   Workplace color: red, order: , downtime: , user: 
2020-03-31 11:51:38.077   CNC 6   INF   Streaming data to LCD
2020-03-31 11:51:38.078   CNC 6   INF   Data streamed
2020-03-31 11:51:48.718   CNC 6   INF   Workplace color: red, order: , downtime: , user: 
2020-03-31 11:51:48.718   CNC 6   INF   Streaming data to LCD
2020-03-31 11:51:48.718   CNC 6   INF   Data streamed
2020-03-31 11:51:59.530   CNC 6   INF   Workplace color: red, order: , downtime: , user: 
2020-03-31 11:51:59.531   CNC 6   INF   Streaming data to LCD
2020-03-31 11:51:59.531   CNC 6   INF   Data streamed
2020-03-31 11:52:09.875   CNC 6   INF   Workplace color: red, order: , downtime: , user: 
2020-03-31 11:52:09.875   CNC 6   INF   Streaming data to LCD
2020-03-31 11:52:09.875   CNC 6   INF   Data streamed
2020-03-31 11:52:20.210   CNC 6   INF   Workplace color: red, order: , downtime: , user: 
2020-03-31 11:52:20.211   CNC 6   INF   Streaming data to LCD
2020-03-31 11:52:20.211   CNC 6   INF   Data streamed
2020-03-31 11:52:30.498   CNC 6   INF   Workplace color: red, order: , downtime: , user: 
2020-03-31 11:52:30.498   CNC 6   INF   Streaming data to LCD
2020-03-31 11:52:30.498   CNC 6   INF   Data streamed
2020-03-31 11:52:40.762   CNC 6   INF   Workplace color: red, order: , downtime: , user: 
2020-03-31 11:52:40.762   CNC 6   INF   Streaming data to LCD
2020-03-31 11:52:40.762   CNC 6   INF   Data streamed
2020-03-31 11:52:50.994   CNC 6   INF   Workplace color: red, order: , downtime: , user: 
2020-03-31 11:52:50.994   CNC 6   INF   Streaming data to LCD
2020-03-31 11:52:50.994   CNC 6   INF   Data streamed
2020-03-31 11:53:01.184   CNC 6   INF   Workplace color: red, order: , downtime: , user: 
2020-03-31 11:53:01.184   CNC 6   INF   Streaming data to LCD
2020-03-31 11:53:01.184   CNC 6   INF   Data streamed
2020-03-31 11:53:11.385   CNC 6   INF   Workplace color: red, order: , downtime: , user: 
2020-03-31 11:53:11.385   CNC 6   INF   Streaming data to LCD
2020-03-31 11:53:11.385   CNC 6   INF   Data streamed
2020-03-31 11:53:21.606   CNC 6   INF   Workplace color: red, order: , downtime: , user: 
2020-03-31 11:53:21.606   CNC 6   INF   Streaming data to LCD
2020-03-31 11:53:21.606   CNC 6   INF   Data streamed
2020-03-31 11:53:31.805   CNC 6   INF   Workplace color: red, order: , downtime: , user: 
2020-03-31 11:53:31.805   CNC 6   INF   Streaming data to LCD
2020-03-31 11:53:31.805   CNC 6   INF   Data streamed
2020-03-31 11:53:42.009   CNC 6   INF   Workplace color: red, order: , downtime: , user: 
2020-03-31 11:53:42.009   CNC 6   INF   Streaming data to LCD
2020-03-31 11:53:42.009   CNC 6   INF   Data streamed
2020-03-31 11:53:52.230   CNC 6   INF   Workplace color: red, order: , downtime: , user: 
2020-03-31 11:53:52.230   CNC 6   INF   Streaming data to LCD
2020-03-31 11:53:52.231   CNC 6   INF   Data streamed
2020-03-31 11:54:02.562   CNC 6   INF   Workplace color: red, order: , downtime: , user: 
2020-03-31 11:54:02.562   CNC 6   INF   Streaming data to LCD
2020-03-31 11:54:02.562   CNC 6   INF   Data streamed
2020-03-31 11:54:12.926   CNC 6   INF   Workplace color: red, order: , downtime: , user: 
2020-03-31 11:54:12.926   CNC 6   INF   Streaming data to LCD
2020-03-31 11:54:12.926   CNC 6   INF   Data streamed
2020-03-31 11:54:23.522   CNC 6   INF   Workplace color: green, order: , downtime: , user: 
2020-03-31 11:54:23.522   CNC 6   INF   Streaming data to LCD
2020-03-31 11:54:23.522   CNC 6   INF   Data streamed
2020-03-31 11:54:33.918   CNC 6   INF   Workplace color: green, order: Internal, downtime: , user:  
2020-03-31 11:54:33.919   CNC 6   INF   Streaming data to LCD
2020-03-31 11:54:33.919   CNC 6   INF   Data streamed
2020-03-31 11:54:44.473   CNC 6   INF   Workplace color: green, order: Internal, downtime: , user:  
2020-03-31 11:54:44.473   CNC 6   INF   Streaming data to LCD
2020-03-31 11:54:44.473   CNC 6   INF   Data streamed
2020-03-31 11:54:52.249   CNC 6   INF   Workplace color: green, order: Internal, downtime: , user:  
2020-03-31 11:54:52.249   CNC 6   INF   Streaming data to LCD
2020-03-31 11:54:52.249   CNC 6   INF   Data streamed
2020-03-31 11:55:03.671   CNC 6   INF   Workplace color: green, order: Internal, downtime: , user:  
2020-03-31 11:55:03.672   CNC 6   INF   Streaming data to LCD
2020-03-31 11:55:03.672   CNC 6   INF   Data streamed
2020-03-31 11:55:14.046   CNC 6   INF   Workplace color: green, order: Internal, downtime: , user:  
2020-03-31 11:55:14.046   CNC 6   INF   Streaming data to LCD
2020-03-31 11:55:14.046   CNC 6   INF   Data streamed
2020-03-31 11:55:24.441   CNC 6   INF   Workplace color: green, order: Internal, downtime: , user:  
2020-03-31 11:55:24.441   CNC 6   INF   Streaming data to LCD
2020-03-31 11:55:24.441   CNC 6   INF   Data streamed
2020-03-31 11:55:34.705   CNC 6   INF   Workplace color: green, order: Internal, downtime: , user:  
2020-03-31 11:55:34.705   CNC 6   INF   Streaming data to LCD
2020-03-31 11:55:34.705   CNC 6   INF   Data streamed
2020-03-31 11:55:45.210   CNC 6   INF   Workplace color: green, order: Internal, downtime: , user:  
2020-03-31 11:55:45.211   CNC 6   INF   Streaming data to LCD
2020-03-31 11:55:45.211   CNC 6   INF   Data streamed
2020-03-31 11:55:55.146   CNC 6   INF   Workplace color: green, order: Internal, downtime: , user:  
2020-03-31 11:55:55.146   CNC 6   INF   Streaming data to LCD
2020-03-31 11:55:55.146   CNC 6   INF   Data streamed
2020-03-31 11:56:05.613   CNC 6   INF   Workplace color: green, order: Internal, downtime: , user:  
2020-03-31 11:56:05.613   CNC 6   INF   Streaming data to LCD
2020-03-31 11:56:05.613   CNC 6   INF   Data streamed
2020-03-31 11:56:16.000   CNC 6   INF   Workplace color: green, order: Internal, downtime: , user:  
2020-03-31 11:56:16.000   CNC 6   INF   Streaming data to LCD
2020-03-31 11:56:16.000   CNC 6   INF   Data streamed
2020-03-31 11:56:26.552   CNC 6   INF   Workplace color: green, order: Internal, downtime: , user:  
2020-03-31 11:56:26.552   CNC 6   INF   Streaming data to LCD
2020-03-31 11:56:26.552   CNC 6   INF   Data streamed
2020-03-31 11:56:32.385   CNC 6   INF   Workplace color: green, order: Internal, downtime: , user:  
2020-03-31 11:56:32.385   CNC 6   INF   Streaming data to LCD
2020-03-31 11:56:32.385   CNC 6   INF   Data streamed
2020-03-31 11:56:42.713   CNC 6   INF   Workplace color: green, order: Internal, downtime: , user:  
2020-03-31 11:56:42.714   CNC 6   INF   Streaming data to LCD
2020-03-31 11:56:42.714   CNC 6   INF   Data streamed
2020-03-31 11:56:53.404   CNC 6   INF   Workplace color: green, order: Internal, downtime: , user:  
2020-03-31 11:56:53.404   CNC 6   INF   Streaming data to LCD
2020-03-31 11:56:53.404   CNC 6   INF   Data streamed
2020-03-31 11:57:03.931   CNC 6   INF   Workplace color: green, order: Internal, downtime: , user:  
2020-03-31 11:57:03.931   CNC 6   INF   Streaming data to LCD
2020-03-31 11:57:03.931   CNC 6   INF   Data streamed
2020-03-31 11:57:14.224   CNC 6   INF   Workplace color: green, order: Internal, downtime: , user:  
2020-03-31 11:57:14.224   CNC 6   INF   Streaming data to LCD
2020-03-31 11:57:14.224   CNC 6   INF   Data streamed
2020-03-31 11:57:24.405   CNC 6   INF   Workplace color: green, order: Internal, downtime: , user:  
2020-03-31 11:57:24.405   CNC 6   INF   Streaming data to LCD
2020-03-31 11:57:24.405   CNC 6   INF   Data streamed
2020-03-31 11:57:34.576   CNC 6   INF   Workplace color: green, order: Internal, downtime: , user:  
2020-03-31 11:57:34.576   CNC 6   INF   Streaming data to LCD
2020-03-31 11:57:34.577   CNC 6   INF   Data streamed
2020-03-31 11:57:44.863   CNC 6   INF   Workplace color: green, order: Internal, downtime: , user:  
2020-03-31 11:57:44.863   CNC 6   INF   Streaming data to LCD
2020-03-31 11:57:44.863   CNC 6   INF   Data streamed
2020-03-31 11:57:55.591   CNC 6   INF   Workplace color: green, order: Internal, downtime: , user:  
2020-03-31 11:57:55.591   CNC 6   INF   Streaming data to LCD
2020-03-31 11:57:55.591   CNC 6   INF   Data streamed
2020-03-31 11:58:06.139   CNC 6   INF   Workplace color: green, order: Internal, downtime: , user:  
2020-03-31 11:58:06.139   CNC 6   INF   Streaming data to LCD
2020-03-31 11:58:06.140   CNC 6   INF   Data streamed
2020-03-31 11:58:16.718   CNC 6   INF   Workplace color: green, order: Internal, downtime: , user:  
2020-03-31 11:58:16.718   CNC 6   INF   Streaming data to LCD
2020-03-31 11:58:16.718   CNC 6   INF   Data streamed
2020-03-31 11:58:26.946   CNC 6   INF   Workplace color: green, order: Internal, downtime: , user:  
2020-03-31 11:58:26.946   CNC 6   INF   Streaming data to LCD
2020-03-31 11:58:26.946   CNC 6   INF   Data streamed
2020-03-31 11:58:37.129   CNC 6   INF   Workplace color: green, order: Internal, downtime: , user:  
2020-03-31 11:58:37.129   CNC 6   INF   Streaming data to LCD
2020-03-31 11:58:37.129   CNC 6   INF   Data streamed
2020-03-31 11:58:47.293   CNC 6   INF   Workplace color: green, order: Internal, downtime: , user:  
2020-03-31 11:58:47.293   CNC 6   INF   Streaming data to LCD
2020-03-31 11:58:47.293   CNC 6   INF   Data streamed
2020-03-31 11:58:57.489   CNC 6   INF   Workplace color: green, order: Internal, downtime: , user:  
2020-03-31 11:58:57.489   CNC 6   INF   Streaming data to LCD
2020-03-31 11:58:57.490   CNC 6   INF   Data streamed
2020-03-31 11:59:07.684   CNC 6   INF   Workplace color: green, order: Internal, downtime: , user:  
2020-03-31 11:59:07.684   CNC 6   INF   Streaming data to LCD
2020-03-31 11:59:07.684   CNC 6   INF   Data streamed
2020-03-31 11:59:17.857   CNC 6   INF   Workplace color: green, order: Internal, downtime: , user:  
2020-03-31 11:59:17.857   CNC 6   INF   Streaming data to LCD
2020-03-31 11:59:17.857   CNC 6   INF   Data streamed
2020-03-31 11:59:28.028   CNC 6   INF   Workplace color: green, order: Internal, downtime: , user:  
2020-03-31 11:59:28.028   CNC 6   INF   Streaming data to LCD
2020-03-31 11:59:28.028   CNC 6   INF   Data streamed
2020-03-31 11:59:38.220   CNC 6   INF   Workplace color: green, order: Internal, downtime: , user:  
2020-03-31 11:59:38.220   CNC 6   INF   Streaming data to LCD
2020-03-31 11:59:38.220   CNC 6   INF   Data streamed
2020-03-31 11:59:48.457   CNC 6   INF   Workplace color: green, order: Internal, downtime: , user:  
2020-03-31 11:59:48.457   CNC 6   INF   Streaming data to LCD
2020-03-31 11:59:48.458   CNC 6   INF   Data streamed
2020-03-31 11:59:58.664   CNC 6   INF   Workplace color: green, order: Internal, downtime: , user:  
2020-03-31 11:59:58.664   CNC 6   INF   Streaming data to LCD
2020-03-31 11:59:58.665   CNC 6   INF   Data streamed
2020-03-31 12:00:08.846   CNC 6   INF   Workplace color: green, order: Internal, downtime: , user:  
2020-03-31 12:00:08.846   CNC 6   INF   Streaming data to LCD
2020-03-31 12:00:08.847   CNC 6   INF   Data streamed
2020-03-31 12:00:19.027   CNC 6   INF   Workplace color: green, order: Internal, downtime: , user:  
2020-03-31 12:00:19.028   CNC 6   INF   Streaming data to LCD
2020-03-31 12:00:19.028   CNC 6   INF   Data streamed
2020-03-31 12:00:29.227   CNC 6   INF   Workplace color: green, order: Internal, downtime: , user:  
2020-03-31 12:00:29.227   CNC 6   INF   Streaming data to LCD
2020-03-31 12:00:29.227   CNC 6   INF   Data streamed
2020-03-31 12:00:49.424   CNC 6   INF   Workplace color: green, order: Internal, downtime: , user:  
2020-03-31 12:00:49.424   CNC 6   INF   Streaming data to LCD
2020-03-31 12:00:49.424   CNC 6   INF   Data streamed
2020-03-31 12:01:19.641   CNC 6   INF   Workplace color: green, order: Internal, downtime: , user:  
2020-03-31 12:01:19.641   CNC 6   INF   Streaming data to LCD
2020-03-31 12:01:19.641   CNC 6   INF   Data streamed
2020-03-31 12:01:29.862   CNC 6   INF   Workplace color: green, order: Internal, downtime: , user:  
2020-03-31 12:01:29.862   CNC 6   INF   Streaming data to LCD
2020-03-31 12:01:29.862   CNC 6   INF   Data streamed
2020-03-31 12:01:40.031   CNC 6   INF   Workplace color: green, order: Internal, downtime: , user:  
2020-03-31 12:01:40.031   CNC 6   INF   Streaming data to LCD
2020-03-31 12:01:40.031   CNC 6   INF   Data streamed
2020-03-31 12:01:50.204   CNC 6   INF   Workplace color: green, order: Internal, downtime: , user:  
2020-03-31 12:01:50.204   CNC 6   INF   Streaming data to LCD
2020-03-31 12:01:50.205   CNC 6   INF   Data streamed
2020-03-31 12:02:00.371   CNC 6   INF   Workplace color: green, order: Internal, downtime: , user:  
2020-03-31 12:02:00.371   CNC 6   INF   Streaming data to LCD
2020-03-31 12:02:00.371   CNC 6   INF   Data streamed
2020-03-31 12:02:10.546   CNC 6   INF   Workplace color: green, order: Internal, downtime: , user:  
2020-03-31 12:02:10.546   CNC 6   INF   Streaming data to LCD
2020-03-31 12:02:10.546   CNC 6   INF   Data streamed
2020-03-31 12:02:20.738   CNC 6   INF   Workplace color: green, order: Internal, downtime: , user:  
2020-03-31 12:02:20.738   CNC 6   INF   Streaming data to LCD
2020-03-31 12:02:20.738   CNC 6   INF   Data streamed
2020-03-31 12:02:30.909   CNC 6   INF   Workplace color: green, order: Internal, downtime: , user:  
2020-03-31 12:02:30.909   CNC 6   INF   Streaming data to LCD
2020-03-31 12:02:30.909   CNC 6   INF   Data streamed
2020-03-31 12:02:41.096   CNC 6   INF   Workplace color: green, order: Internal, downtime: , user:  
2020-03-31 12:02:41.096   CNC 6   INF   Streaming data to LCD
2020-03-31 12:02:41.096   CNC 6   INF   Data streamed
2020-03-31 12:02:51.419   CNC 6   INF   Workplace color: green, order: Internal, downtime: , user:  
2020-03-31 12:02:51.419   CNC 6   INF   Streaming data to LCD
2020-03-31 12:02:51.420   CNC 6   INF   Data streamed
2020-03-31 12:03:02.135   CNC 6   INF   Workplace color: green, order: Internal, downtime: , user:  
2020-03-31 12:03:02.136   CNC 6   INF   Streaming data to LCD
2020-03-31 12:03:02.136   CNC 6   INF   Data streamed
2020-03-31 12:03:12.637   CNC 6   INF   Workplace color: green, order: Internal, downtime: , user:  
2020-03-31 12:03:12.637   CNC 6   INF   Streaming data to LCD
2020-03-31 12:03:12.638   CNC 6   INF   Data streamed
2020-03-31 12:03:22.819   CNC 6   INF   Workplace color: green, order: Internal, downtime: , user:  
2020-03-31 12:03:22.819   CNC 6   INF   Streaming data to LCD
2020-03-31 12:03:22.819   CNC 6   INF   Data streamed
2020-03-31 12:03:33.012   CNC 6   INF   Workplace color: green, order: Internal, downtime: , user:  
2020-03-31 12:03:33.012   CNC 6   INF   Streaming data to LCD
2020-03-31 12:03:33.012   CNC 6   INF   Data streamed
2020-03-31 12:03:43.201   CNC 6   INF   Workplace color: green, order: Internal, downtime: , user:  
2020-03-31 12:03:43.201   CNC 6   INF   Streaming data to LCD
2020-03-31 12:03:43.201   CNC 6   INF   Data streamed
2020-03-31 12:03:53.434   CNC 6   INF   Workplace color: green, order: Internal, downtime: , user:  
2020-03-31 12:03:53.434   CNC 6   INF   Streaming data to LCD
2020-03-31 12:03:53.434   CNC 6   INF   Data streamed
2020-03-31 12:04:03.605   CNC 6   INF   Workplace color: green, order: Internal, downtime: , user:  
2020-03-31 12:04:03.605   CNC 6   INF   Streaming data to LCD
2020-03-31 12:04:03.605   CNC 6   INF   Data streamed
2020-03-31 12:04:13.784   CNC 6   INF   Workplace color: green, order: Internal, downtime: , user:  
2020-03-31 12:04:13.784   CNC 6   INF   Streaming data to LCD
2020-03-31 12:04:13.784   CNC 6   INF   Data streamed
2020-03-31 12:04:23.966   CNC 6   INF   Workplace color: green, order: Internal, downtime: , user:  
2020-03-31 12:04:23.966   CNC 6   INF   Streaming data to LCD
2020-03-31 12:04:23.966   CNC 6   INF   Data streamed
2020-03-31 12:04:34.127   CNC 6   INF   Workplace color: green, order: Internal, downtime: , user:  
2020-03-31 12:04:34.127   CNC 6   INF   Streaming data to LCD
2020-03-31 12:04:34.127   CNC 6   INF   Data streamed
2020-03-31 12:04:44.302   CNC 6   INF   Workplace color: green, order: Internal, downtime: , user:  
2020-03-31 12:04:44.302   CNC 6   INF   Streaming data to LCD
2020-03-31 12:04:44.302   CNC 6   INF   Data streamed
2020-03-31 12:04:54.466   CNC 6   INF   Workplace color: green, order: Internal, downtime: , user:  
2020-03-31 12:04:54.466   CNC 6   INF   Streaming data to LCD
2020-03-31 12:04:54.466   CNC 6   INF   Data streamed
2020-03-31 12:05:04.640   CNC 6   INF   Workplace color: green, order: Internal, downtime: , user:  
2020-03-31 12:05:04.640   CNC 6   INF   Streaming data to LCD
2020-03-31 12:05:04.640   CNC 6   INF   Data streamed
2020-03-31 12:05:14.806   CNC 6   INF   Workplace color: green, order: Internal, downtime: , user:  
2020-03-31 12:05:14.806   CNC 6   INF   Streaming data to LCD
2020-03-31 12:05:14.806   CNC 6   INF   Data streamed
2020-03-31 12:05:24.988   CNC 6   INF   Workplace color: green, order: Internal, downtime: , user:  
2020-03-31 12:05:24.988   CNC 6   INF   Streaming data to LCD
2020-03-31 12:05:24.988   CNC 6   INF   Data streamed
2020-03-31 12:05:35.173   CNC 6   INF   Workplace color: green, order: Internal, downtime: , user:  
2020-03-31 12:05:35.174   CNC 6   INF   Streaming data to LCD
2020-03-31 12:05:35.174   CNC 6   INF   Data streamed
2020-03-31 12:05:45.355   CNC 6   INF   Workplace color: green, order: Internal, downtime: , user:  
2020-03-31 12:05:45.355   CNC 6   INF   Streaming data to LCD
2020-03-31 12:05:45.356   CNC 6   INF   Data streamed
2020-03-31 12:05:55.556   CNC 6   INF   Workplace color: green, order: Internal, downtime: , user:  
2020-03-31 12:05:55.556   CNC 6   INF   Streaming data to LCD
2020-03-31 12:05:55.556   CNC 6   INF   Data streamed
2020-03-31 12:06:05.726   CNC 6   INF   Workplace color: green, order: Internal, downtime: , user:  
2020-03-31 12:06:05.726   CNC 6   INF   Streaming data to LCD
2020-03-31 12:06:05.726   CNC 6   INF   Data streamed
2020-03-31 12:06:15.919   CNC 6   INF   Workplace color: green, order: Internal, downtime: , user:  
2020-03-31 12:06:15.919   CNC 6   INF   Streaming data to LCD
2020-03-31 12:06:15.919   CNC 6   INF   Data streamed
2020-03-31 12:06:26.099   CNC 6   INF   Workplace color: green, order: Internal, downtime: , user:  
2020-03-31 12:06:26.099   CNC 6   INF   Streaming data to LCD
2020-03-31 12:06:26.099   CNC 6   INF   Data streamed
2020-03-31 12:06:36.278   CNC 6   INF   Workplace color: green, order: Internal, downtime: , user:  
2020-03-31 12:06:36.278   CNC 6   INF   Streaming data to LCD
2020-03-31 12:06:36.278   CNC 6   INF   Data streamed
2020-03-31 12:06:46.464   CNC 6   INF   Workplace color: green, order: Internal, downtime: , user:  
2020-03-31 12:06:46.464   CNC 6   INF   Streaming data to LCD
2020-03-31 12:06:46.464   CNC 6   INF   Data streamed
2020-03-31 12:06:54.563   CNC 6   INF   Workplace color: green, order: Internal, downtime: , user:  
2020-03-31 12:06:54.564   CNC 6   INF   Streaming data to LCD
2020-03-31 12:06:54.564   CNC 6   INF   Data streamed
2020-03-31 12:07:04.950   CNC 6   INF   Workplace color: green, order: Internal, downtime: , user:  
2020-03-31 12:07:04.950   CNC 6   INF   Streaming data to LCD
2020-03-31 12:07:04.950   CNC 6   INF   Data streamed
2020-03-31 12:07:15.186   CNC 6   INF   Workplace color: green, order: Internal, downtime: , user:  
2020-03-31 12:07:15.186   CNC 6   INF   Streaming data to LCD
2020-03-31 12:07:15.187   CNC 6   INF   Data streamed
2020-03-31 12:07:25.461   CNC 6   INF   Workplace color: green, order: Internal, downtime: , user:  
2020-03-31 12:07:25.461   CNC 6   INF   Streaming data to LCD
2020-03-31 12:07:25.461   CNC 6   INF   Data streamed
2020-03-31 12:07:35.806   CNC 6   INF   Workplace color: green, order: Internal, downtime: , user:  
2020-03-31 12:07:35.807   CNC 6   INF   Streaming data to LCD
2020-03-31 12:07:35.807   CNC 6   INF   Data streamed
2020-03-31 12:07:46.263   CNC 6   INF   Workplace color: green, order: Internal, downtime: , user:  
2020-03-31 12:07:46.264   CNC 6   INF   Streaming data to LCD
2020-03-31 12:07:46.264   CNC 6   INF   Data streamed
2020-03-31 12:07:56.610   CNC 6   INF   Workplace color: green, order: Internal, downtime: , user:  
2020-03-31 12:07:56.610   CNC 6   INF   Streaming data to LCD
2020-03-31 12:07:56.610   CNC 6   INF   Data streamed
2020-03-31 12:08:06.998   CNC 6   INF   Workplace color: green, order: Internal, downtime: , user:  
2020-03-31 12:08:06.998   CNC 6   INF   Streaming data to LCD
2020-03-31 12:08:06.998   CNC 6   INF   Data streamed
2020-03-31 12:08:17.325   CNC 6   INF   Workplace color: green, order: Internal, downtime: , user:  
2020-03-31 12:08:17.325   CNC 6   INF   Streaming data to LCD
2020-03-31 12:08:17.325   CNC 6   INF   Data streamed
2020-03-31 12:08:27.533   CNC 6   INF   Workplace color: green, order: Internal, downtime: , user:  
2020-03-31 12:08:27.533   CNC 6   INF   Streaming data to LCD
2020-03-31 12:08:27.533   CNC 6   INF   Data streamed
