2020-03-05 12:46:07.028   CNC 8   INF   Workplace color: green
2020-03-05 12:46:07.028   CNC 8   INF   Streaming data to LCD
2020-03-05 12:46:07.028   CNC 8   INF   Data streamed
2020-03-05 13:01:44.593   CNC 8   INF   Workplace color: green
2020-03-05 13:01:44.593   CNC 8   INF   Streaming data to LCD
2020-03-05 13:01:44.593   CNC 8   INF   Data streamed
2020-03-05 13:01:54.800   CNC 8   INF   Workplace color: green
2020-03-05 13:01:54.801   CNC 8   INF   Streaming data to LCD
2020-03-05 13:01:54.801   CNC 8   INF   Data streamed
2020-03-05 13:02:04.945   CNC 8   INF   Workplace color: green
2020-03-05 13:02:04.945   CNC 8   INF   Streaming data to LCD
2020-03-05 13:02:04.946   CNC 8   INF   Data streamed
2020-03-05 13:02:15.087   CNC 8   INF   Workplace color: green
2020-03-05 13:02:15.087   CNC 8   INF   Streaming data to LCD
2020-03-05 13:02:15.088   CNC 8   INF   Data streamed
2020-03-05 13:02:25.221   CNC 8   INF   Workplace color: green
2020-03-05 13:02:25.222   CNC 8   INF   Streaming data to LCD
2020-03-05 13:02:25.222   CNC 8   INF   Data streamed
2020-03-05 13:02:35.375   CNC 8   INF   Workplace color: green
2020-03-05 13:02:35.375   CNC 8   INF   Streaming data to LCD
2020-03-05 13:02:35.375   CNC 8   INF   Data streamed
2020-03-05 13:02:45.537   CNC 8   INF   Workplace color: green
2020-03-05 13:02:45.537   CNC 8   INF   Streaming data to LCD
2020-03-05 13:02:45.537   CNC 8   INF   Data streamed
2020-03-05 13:02:55.672   CNC 8   INF   Workplace color: green
2020-03-05 13:02:55.672   CNC 8   INF   Streaming data to LCD
2020-03-05 13:02:55.672   CNC 8   INF   Data streamed
2020-03-05 13:03:05.810   CNC 8   INF   Workplace color: green
2020-03-05 13:03:05.810   CNC 8   INF   Streaming data to LCD
2020-03-05 13:03:05.810   CNC 8   INF   Data streamed
2020-03-05 13:03:15.949   CNC 8   INF   Workplace color: green
2020-03-05 13:03:15.949   CNC 8   INF   Streaming data to LCD
2020-03-05 13:03:15.949   CNC 8   INF   Data streamed
2020-03-05 13:03:26.088   CNC 8   INF   Workplace color: green
2020-03-05 13:03:26.089   CNC 8   INF   Streaming data to LCD
2020-03-05 13:03:26.089   CNC 8   INF   Data streamed
2020-03-05 13:03:36.222   CNC 8   INF   Workplace color: green
2020-03-05 13:03:36.222   CNC 8   INF   Streaming data to LCD
2020-03-05 13:03:36.222   CNC 8   INF   Data streamed
2020-03-05 13:03:46.352   CNC 8   INF   Workplace color: green
2020-03-05 13:03:46.352   CNC 8   INF   Streaming data to LCD
2020-03-05 13:03:46.352   CNC 8   INF   Data streamed
2020-03-05 13:03:56.488   CNC 8   INF   Workplace color: green
2020-03-05 13:03:56.488   CNC 8   INF   Streaming data to LCD
2020-03-05 13:03:56.488   CNC 8   INF   Data streamed
2020-03-05 13:04:06.933   CNC 8   INF   Workplace color: green
2020-03-05 13:04:06.933   CNC 8   INF   Streaming data to LCD
2020-03-05 13:04:06.934   CNC 8   INF   Data streamed
2020-03-05 13:04:12.502   CNC 8   INF   Workplace color: green
2020-03-05 13:04:12.503   CNC 8   INF   Streaming data to LCD
2020-03-05 13:04:12.503   CNC 8   INF   Data streamed
2020-03-05 13:04:22.688   CNC 8   INF   Workplace color: green
2020-03-05 13:04:22.688   CNC 8   INF   Streaming data to LCD
2020-03-05 13:04:22.688   CNC 8   INF   Data streamed
2020-03-05 13:04:32.939   CNC 8   INF   Workplace color: green
2020-03-05 13:04:32.939   CNC 8   INF   Streaming data to LCD
2020-03-05 13:04:32.939   CNC 8   INF   Data streamed
2020-03-05 13:04:43.201   CNC 8   INF   Workplace color: green
2020-03-05 13:04:43.201   CNC 8   INF   Streaming data to LCD
2020-03-05 13:04:43.201   CNC 8   INF   Data streamed
2020-03-05 13:04:53.366   CNC 8   INF   Workplace color: green
2020-03-05 13:04:53.366   CNC 8   INF   Streaming data to LCD
2020-03-05 13:04:53.366   CNC 8   INF   Data streamed
2020-03-05 13:08:21.269   CNC 8   INF   Workplace color: green
2020-03-05 13:08:21.269   CNC 8   INF   Streaming data to LCD
2020-03-05 13:08:21.269   CNC 8   INF   Data streamed
2020-03-05 13:08:31.603   CNC 8   INF   Workplace color: green
2020-03-05 13:08:31.603   CNC 8   INF   Streaming data to LCD
2020-03-05 13:08:31.603   CNC 8   INF   Data streamed
2020-03-05 13:08:41.801   CNC 8   INF   Workplace color: green
2020-03-05 13:08:41.802   CNC 8   INF   Streaming data to LCD
2020-03-05 13:08:41.802   CNC 8   INF   Data streamed
2020-03-05 13:09:06.263   CNC 8   INF   Workplace color: green
2020-03-05 13:09:06.263   CNC 8   INF   Streaming data to LCD
2020-03-05 13:09:06.263   CNC 8   INF   Data streamed
2020-03-05 13:09:16.642   CNC 8   INF   Workplace color: green
2020-03-05 13:09:16.642   CNC 8   INF   Streaming data to LCD
2020-03-05 13:09:16.643   CNC 8   INF   Data streamed
2020-03-05 13:09:27.404   CNC 8   INF   Workplace color: green
2020-03-05 13:09:27.404   CNC 8   INF   Streaming data to LCD
2020-03-05 13:09:27.405   CNC 8   INF   Data streamed
2020-03-05 13:09:37.677   CNC 8   INF   Workplace color: green
2020-03-05 13:09:37.678   CNC 8   INF   Streaming data to LCD
2020-03-05 13:09:37.678   CNC 8   INF   Data streamed
2020-03-05 13:09:47.913   CNC 8   INF   Workplace color: green
2020-03-05 13:09:47.913   CNC 8   INF   Streaming data to LCD
2020-03-05 13:09:47.914   CNC 8   INF   Data streamed
2020-03-05 13:09:59.353   CNC 8   INF   Workplace color: green
2020-03-05 13:09:59.353   CNC 8   INF   Streaming data to LCD
2020-03-05 13:09:59.353   CNC 8   INF   Data streamed
2020-03-05 13:10:30.340   CNC 8   INF   Workplace color: green
2020-03-05 13:10:30.340   CNC 8   INF   Streaming data to LCD
2020-03-05 13:10:30.340   CNC 8   INF   Data streamed
2020-03-05 13:10:56.144   CNC 8   INF   Workplace color: green
2020-03-05 13:10:56.144   CNC 8   INF   Streaming data to LCD
2020-03-05 13:10:56.144   CNC 8   INF   Data streamed
2020-03-05 13:11:19.664   CNC 8   INF   Workplace color: green
2020-03-05 13:11:19.664   CNC 8   INF   Streaming data to LCD
2020-03-05 13:11:19.664   CNC 8   INF   Data streamed
2020-03-05 13:22:39.599   CNC 8   INF   Workplace color: red
2020-03-05 13:22:39.599   CNC 8   INF   Streaming data to LCD
2020-03-05 13:22:39.600   CNC 8   INF   Data streamed
2020-03-05 13:22:49.819   CNC 8   INF   Workplace color: red
2020-03-05 13:22:49.819   CNC 8   INF   Streaming data to LCD
2020-03-05 13:22:49.819   CNC 8   INF   Data streamed
2020-03-05 13:23:00.017   CNC 8   INF   Workplace color: red
2020-03-05 13:23:00.017   CNC 8   INF   Streaming data to LCD
2020-03-05 13:23:00.017   CNC 8   INF   Data streamed
2020-03-05 13:23:10.305   CNC 8   INF   Workplace color: red
2020-03-05 13:23:10.305   CNC 8   INF   Streaming data to LCD
2020-03-05 13:23:10.306   CNC 8   INF   Data streamed
2020-03-05 13:23:20.531   CNC 8   INF   Workplace color: red
2020-03-05 13:23:20.531   CNC 8   INF   Streaming data to LCD
2020-03-05 13:23:20.531   CNC 8   INF   Data streamed
2020-03-05 13:23:30.809   CNC 8   INF   Workplace color: red
2020-03-05 13:23:30.810   CNC 8   INF   Streaming data to LCD
2020-03-05 13:23:30.810   CNC 8   INF   Data streamed
2020-03-05 13:23:41.200   CNC 8   INF   Workplace color: red
2020-03-05 13:23:41.200   CNC 8   INF   Streaming data to LCD
2020-03-05 13:23:41.201   CNC 8   INF   Data streamed
2020-03-05 13:23:51.520   CNC 8   INF   Workplace color: red
2020-03-05 13:23:51.521   CNC 8   INF   Streaming data to LCD
2020-03-05 13:23:51.521   CNC 8   INF   Data streamed
2020-03-05 13:24:01.818   CNC 8   INF   Workplace color: red
2020-03-05 13:24:01.819   CNC 8   INF   Streaming data to LCD
2020-03-05 13:24:01.819   CNC 8   INF   Data streamed
2020-03-05 13:24:12.176   CNC 8   INF   Workplace color: red
2020-03-05 13:24:12.176   CNC 8   INF   Streaming data to LCD
2020-03-05 13:24:12.176   CNC 8   INF   Data streamed
2020-03-05 13:24:22.467   CNC 8   INF   Workplace color: red
2020-03-05 13:24:22.467   CNC 8   INF   Streaming data to LCD
2020-03-05 13:24:22.467   CNC 8   INF   Data streamed
2020-03-05 13:24:32.740   CNC 8   INF   Workplace color: red
2020-03-05 13:24:32.741   CNC 8   INF   Streaming data to LCD
2020-03-05 13:24:32.741   CNC 8   INF   Data streamed
2020-03-05 13:24:42.969   CNC 8   INF   Workplace color: red
2020-03-05 13:24:42.969   CNC 8   INF   Streaming data to LCD
2020-03-05 13:24:42.969   CNC 8   INF   Data streamed
2020-03-05 13:24:53.867   CNC 8   INF   Workplace color: red
2020-03-05 13:24:53.867   CNC 8   INF   Streaming data to LCD
2020-03-05 13:24:53.867   CNC 8   INF   Data streamed
2020-03-05 13:25:04.384   CNC 8   INF   Workplace color: red
2020-03-05 13:25:04.384   CNC 8   INF   Streaming data to LCD
2020-03-05 13:25:04.384   CNC 8   INF   Data streamed
2020-03-05 13:25:14.797   CNC 8   INF   Workplace color: red
2020-03-05 13:25:14.797   CNC 8   INF   Streaming data to LCD
2020-03-05 13:25:14.797   CNC 8   INF   Data streamed
2020-03-05 13:25:25.154   CNC 8   INF   Workplace color: red
2020-03-05 13:25:25.154   CNC 8   INF   Streaming data to LCD
2020-03-05 13:25:25.154   CNC 8   INF   Data streamed
2020-03-05 13:25:35.330   CNC 8   INF   Workplace color: red
2020-03-05 13:25:35.331   CNC 8   INF   Streaming data to LCD
2020-03-05 13:25:35.331   CNC 8   INF   Data streamed
2020-03-05 13:25:45.644   CNC 8   INF   Workplace color: red
2020-03-05 13:25:45.644   CNC 8   INF   Streaming data to LCD
2020-03-05 13:25:45.644   CNC 8   INF   Data streamed
2020-03-05 13:25:55.995   CNC 8   INF   Workplace color: red
2020-03-05 13:25:55.996   CNC 8   INF   Streaming data to LCD
2020-03-05 13:25:55.996   CNC 8   INF   Data streamed
2020-03-05 13:26:06.370   CNC 8   INF   Workplace color: red
2020-03-05 13:26:06.370   CNC 8   INF   Streaming data to LCD
2020-03-05 13:26:06.370   CNC 8   INF   Data streamed
2020-03-05 13:26:16.696   CNC 8   INF   Workplace color: red
2020-03-05 13:26:16.696   CNC 8   INF   Streaming data to LCD
2020-03-05 13:26:16.696   CNC 8   INF   Data streamed
2020-03-05 13:26:27.004   CNC 8   INF   Workplace color: red
2020-03-05 13:26:27.004   CNC 8   INF   Streaming data to LCD
2020-03-05 13:26:27.004   CNC 8   INF   Data streamed
2020-03-05 13:26:37.362   CNC 8   INF   Workplace color: red
2020-03-05 13:26:37.362   CNC 8   INF   Streaming data to LCD
2020-03-05 13:26:37.362   CNC 8   INF   Data streamed
2020-03-05 13:26:43.253   CNC 8   INF   Workplace color: red
2020-03-05 13:26:43.254   CNC 8   INF   Streaming data to LCD
2020-03-05 13:26:43.254   CNC 8   INF   Data streamed
2020-03-05 13:26:53.862   CNC 8   INF   Workplace color: red
2020-03-05 13:26:53.862   CNC 8   INF   Streaming data to LCD
2020-03-05 13:26:53.862   CNC 8   INF   Data streamed
2020-03-05 13:27:04.075   CNC 8   INF   Workplace color: red
2020-03-05 13:27:04.075   CNC 8   INF   Streaming data to LCD
2020-03-05 13:27:04.075   CNC 8   INF   Data streamed
2020-03-05 13:27:14.293   CNC 8   INF   Workplace color: red
2020-03-05 13:27:14.293   CNC 8   INF   Streaming data to LCD
2020-03-05 13:27:14.293   CNC 8   INF   Data streamed
2020-03-05 13:27:24.647   CNC 8   INF   Workplace color: red
2020-03-05 13:27:24.647   CNC 8   INF   Streaming data to LCD
2020-03-05 13:27:24.647   CNC 8   INF   Data streamed
2020-03-05 13:27:35.425   CNC 8   INF   Workplace color: red
2020-03-05 13:27:35.425   CNC 8   INF   Streaming data to LCD
2020-03-05 13:27:35.425   CNC 8   INF   Data streamed
2020-03-05 13:27:46.037   CNC 8   INF   Workplace color: red
2020-03-05 13:27:46.037   CNC 8   INF   Streaming data to LCD
2020-03-05 13:27:46.037   CNC 8   INF   Data streamed
2020-03-05 13:27:55.952   CNC 8   INF   Workplace color: red
2020-03-05 13:27:55.953   CNC 8   INF   Streaming data to LCD
2020-03-05 13:27:55.953   CNC 8   INF   Data streamed
2020-03-05 13:28:06.294   CNC 8   INF   Workplace color: red
2020-03-05 13:28:06.295   CNC 8   INF   Streaming data to LCD
2020-03-05 13:28:06.295   CNC 8   INF   Data streamed
2020-03-05 13:28:16.591   CNC 8   INF   Workplace color: red
2020-03-05 13:28:16.591   CNC 8   INF   Streaming data to LCD
2020-03-05 13:28:16.592   CNC 8   INF   Data streamed
2020-03-05 13:28:26.784   CNC 8   INF   Workplace color: red
2020-03-05 13:28:26.784   CNC 8   INF   Streaming data to LCD
2020-03-05 13:28:26.784   CNC 8   INF   Data streamed
2020-03-05 13:28:37.005   CNC 8   INF   Workplace color: red
2020-03-05 13:28:37.006   CNC 8   INF   Streaming data to LCD
2020-03-05 13:28:37.006   CNC 8   INF   Data streamed
2020-03-05 13:28:47.339   CNC 8   INF   Workplace color: red
2020-03-05 13:28:47.339   CNC 8   INF   Streaming data to LCD
2020-03-05 13:28:47.339   CNC 8   INF   Data streamed
2020-03-05 13:28:57.676   CNC 8   INF   Workplace color: red
2020-03-05 13:28:57.676   CNC 8   INF   Streaming data to LCD
2020-03-05 13:28:57.676   CNC 8   INF   Data streamed
2020-03-05 13:29:31.594   CNC 8   INF   Workplace color: red
2020-03-05 13:29:31.594   CNC 8   INF   Streaming data to LCD
2020-03-05 13:29:31.594   CNC 8   INF   Data streamed
2020-03-05 13:29:41.759   CNC 8   INF   Workplace color: red
2020-03-05 13:29:41.759   CNC 8   INF   Streaming data to LCD
2020-03-05 13:29:41.759   CNC 8   INF   Data streamed
2020-03-05 13:29:51.973   CNC 8   INF   Workplace color: red
2020-03-05 13:29:51.973   CNC 8   INF   Streaming data to LCD
2020-03-05 13:29:51.973   CNC 8   INF   Data streamed
2020-03-05 13:30:02.259   CNC 8   INF   Workplace color: red
2020-03-05 13:30:02.259   CNC 8   INF   Streaming data to LCD
2020-03-05 13:30:02.260   CNC 8   INF   Data streamed
2020-03-05 13:30:12.451   CNC 8   INF   Workplace color: red
2020-03-05 13:30:12.451   CNC 8   INF   Streaming data to LCD
2020-03-05 13:30:12.451   CNC 8   INF   Data streamed
2020-03-05 13:30:22.733   CNC 8   INF   Workplace color: red
2020-03-05 13:30:22.733   CNC 8   INF   Streaming data to LCD
2020-03-05 13:30:22.733   CNC 8   INF   Data streamed
2020-03-05 13:30:33.014   CNC 8   INF   Workplace color: red
2020-03-05 13:30:33.014   CNC 8   INF   Streaming data to LCD
2020-03-05 13:30:33.014   CNC 8   INF   Data streamed
2020-03-05 13:30:43.198   CNC 8   INF   Workplace color: red
2020-03-05 13:30:43.198   CNC 8   INF   Streaming data to LCD
2020-03-05 13:30:43.198   CNC 8   INF   Data streamed
2020-03-05 13:30:53.408   CNC 8   INF   Workplace color: red
2020-03-05 13:30:53.408   CNC 8   INF   Streaming data to LCD
2020-03-05 13:30:53.408   CNC 8   INF   Data streamed
2020-03-05 13:31:03.915   CNC 8   INF   Workplace color: red
2020-03-05 13:31:03.915   CNC 8   INF   Streaming data to LCD
2020-03-05 13:31:03.915   CNC 8   INF   Data streamed
2020-03-05 13:31:14.231   CNC 8   INF   Workplace color: red
2020-03-05 13:31:14.231   CNC 8   INF   Streaming data to LCD
2020-03-05 13:31:14.231   CNC 8   INF   Data streamed
2020-03-05 13:31:24.433   CNC 8   INF   Workplace color: red
2020-03-05 13:31:24.434   CNC 8   INF   Streaming data to LCD
2020-03-05 13:31:24.434   CNC 8   INF   Data streamed
2020-03-05 13:31:34.910   CNC 8   INF   Workplace color: red
2020-03-05 13:31:34.910   CNC 8   INF   Streaming data to LCD
2020-03-05 13:31:34.911   CNC 8   INF   Data streamed
2020-03-05 13:31:45.212   CNC 8   INF   Workplace color: red
2020-03-05 13:31:45.212   CNC 8   INF   Streaming data to LCD
2020-03-05 13:31:45.212   CNC 8   INF   Data streamed
2020-03-05 13:31:55.474   CNC 8   INF   Workplace color: red
2020-03-05 13:31:55.475   CNC 8   INF   Streaming data to LCD
2020-03-05 13:31:55.475   CNC 8   INF   Data streamed
2020-03-05 13:32:05.671   CNC 8   INF   Workplace color: red
2020-03-05 13:32:05.671   CNC 8   INF   Streaming data to LCD
2020-03-05 13:32:05.671   CNC 8   INF   Data streamed
2020-03-05 13:32:15.849   CNC 8   INF   Workplace color: red
2020-03-05 13:32:15.849   CNC 8   INF   Streaming data to LCD
2020-03-05 13:32:15.849   CNC 8   INF   Data streamed
2020-03-05 13:32:26.054   CNC 8   INF   Workplace color: red
2020-03-05 13:32:26.054   CNC 8   INF   Streaming data to LCD
2020-03-05 13:32:26.054   CNC 8   INF   Data streamed
2020-03-05 13:32:36.253   CNC 8   INF   Workplace color: red
2020-03-05 13:32:36.253   CNC 8   INF   Streaming data to LCD
2020-03-05 13:32:36.253   CNC 8   INF   Data streamed
2020-03-05 13:32:46.590   CNC 8   INF   Workplace color: red
2020-03-05 13:32:46.590   CNC 8   INF   Streaming data to LCD
2020-03-05 13:32:46.590   CNC 8   INF   Data streamed
2020-03-05 13:32:57.034   CNC 8   INF   Workplace color: red
2020-03-05 13:32:57.034   CNC 8   INF   Streaming data to LCD
2020-03-05 13:32:57.034   CNC 8   INF   Data streamed
2020-03-05 13:33:07.323   CNC 8   INF   Workplace color: red
2020-03-05 13:33:07.324   CNC 8   INF   Streaming data to LCD
2020-03-05 13:33:07.324   CNC 8   INF   Data streamed
2020-03-05 13:33:17.641   CNC 8   INF   Workplace color: red
2020-03-05 13:33:17.641   CNC 8   INF   Streaming data to LCD
2020-03-05 13:33:17.641   CNC 8   INF   Data streamed
2020-03-05 13:33:28.052   CNC 8   INF   Workplace color: red
2020-03-05 13:33:28.052   CNC 8   INF   Streaming data to LCD
2020-03-05 13:33:28.053   CNC 8   INF   Data streamed
2020-03-05 13:33:38.526   CNC 8   INF   Workplace color: red
2020-03-05 13:33:38.526   CNC 8   INF   Streaming data to LCD
2020-03-05 13:33:38.526   CNC 8   INF   Data streamed
2020-03-05 13:33:42.010   CNC 8   INF   Workplace color: red
2020-03-05 13:33:42.010   CNC 8   INF   Streaming data to LCD
2020-03-05 13:33:42.010   CNC 8   INF   Data streamed
2020-03-05 13:33:52.376   CNC 8   INF   Workplace color: red
2020-03-05 13:33:52.377   CNC 8   INF   Streaming data to LCD
2020-03-05 13:33:52.377   CNC 8   INF   Data streamed
2020-03-05 13:34:02.706   CNC 8   INF   Workplace color: red
2020-03-05 13:34:02.706   CNC 8   INF   Streaming data to LCD
2020-03-05 13:34:02.706   CNC 8   INF   Data streamed
2020-03-05 13:34:13.146   CNC 8   INF   Workplace color: red
2020-03-05 13:34:13.146   CNC 8   INF   Streaming data to LCD
2020-03-05 13:34:13.147   CNC 8   INF   Data streamed
2020-03-05 13:34:23.644   CNC 8   INF   Workplace color: red
2020-03-05 13:34:23.644   CNC 8   INF   Streaming data to LCD
2020-03-05 13:34:23.644   CNC 8   INF   Data streamed
2020-03-05 13:34:34.441   CNC 8   INF   Workplace color: red
2020-03-05 13:34:34.442   CNC 8   INF   Streaming data to LCD
2020-03-05 13:34:34.442   CNC 8   INF   Data streamed
2020-03-05 13:34:44.835   CNC 8   INF   Workplace color: red
2020-03-05 13:34:44.838   CNC 8   INF   Streaming data to LCD
2020-03-05 13:34:44.838   CNC 8   INF   Data streamed
2020-03-05 13:34:55.428   CNC 8   INF   Workplace color: red
2020-03-05 13:34:55.429   CNC 8   INF   Streaming data to LCD
2020-03-05 13:34:55.429   CNC 8   INF   Data streamed
2020-03-05 13:35:05.708   CNC 8   INF   Workplace color: red
2020-03-05 13:35:05.708   CNC 8   INF   Streaming data to LCD
2020-03-05 13:35:05.708   CNC 8   INF   Data streamed
2020-03-05 13:35:16.039   CNC 8   INF   Workplace color: red
2020-03-05 13:35:16.039   CNC 8   INF   Streaming data to LCD
2020-03-05 13:35:16.039   CNC 8   INF   Data streamed
2020-03-05 13:35:26.366   CNC 8   INF   Workplace color: red
2020-03-05 13:35:26.367   CNC 8   INF   Streaming data to LCD
2020-03-05 13:35:26.367   CNC 8   INF   Data streamed
2020-03-05 13:35:37.115   CNC 8   INF   Workplace color: red
2020-03-05 13:35:37.115   CNC 8   INF   Streaming data to LCD
2020-03-05 13:35:37.115   CNC 8   INF   Data streamed
2020-03-05 13:35:47.428   CNC 8   INF   Workplace color: red
2020-03-05 13:35:47.429   CNC 8   INF   Streaming data to LCD
2020-03-05 13:35:47.429   CNC 8   INF   Data streamed
2020-03-05 13:35:57.642   CNC 8   INF   Workplace color: red
2020-03-05 13:35:57.642   CNC 8   INF   Streaming data to LCD
2020-03-05 13:35:57.642   CNC 8   INF   Data streamed
2020-03-05 13:36:07.963   CNC 8   INF   Workplace color: red
2020-03-05 13:36:07.964   CNC 8   INF   Streaming data to LCD
2020-03-05 13:36:07.964   CNC 8   INF   Data streamed
2020-03-05 13:36:18.272   CNC 8   INF   Workplace color: red
2020-03-05 13:36:18.272   CNC 8   INF   Streaming data to LCD
2020-03-05 13:36:18.272   CNC 8   INF   Data streamed
2020-03-05 13:36:28.570   CNC 8   INF   Workplace color: red
2020-03-05 13:36:28.570   CNC 8   INF   Streaming data to LCD
2020-03-05 13:36:28.571   CNC 8   INF   Data streamed
2020-03-05 13:36:38.869   CNC 8   INF   Workplace color: red
2020-03-05 13:36:38.869   CNC 8   INF   Streaming data to LCD
2020-03-05 13:36:38.869   CNC 8   INF   Data streamed
2020-03-05 13:36:49.235   CNC 8   INF   Workplace color: red
2020-03-05 13:36:49.235   CNC 8   INF   Streaming data to LCD
2020-03-05 13:36:49.235   CNC 8   INF   Data streamed
2020-03-05 13:36:59.509   CNC 8   INF   Workplace color: red
2020-03-05 13:36:59.509   CNC 8   INF   Streaming data to LCD
2020-03-05 13:36:59.509   CNC 8   INF   Data streamed
2020-03-05 13:37:09.769   CNC 8   INF   Workplace color: red
2020-03-05 13:37:09.769   CNC 8   INF   Streaming data to LCD
2020-03-05 13:37:09.769   CNC 8   INF   Data streamed
2020-03-05 13:37:20.061   CNC 8   INF   Workplace color: red
2020-03-05 13:37:20.061   CNC 8   INF   Streaming data to LCD
2020-03-05 13:37:20.061   CNC 8   INF   Data streamed
2020-03-05 13:37:30.430   CNC 8   INF   Workplace color: red
2020-03-05 13:37:30.431   CNC 8   INF   Streaming data to LCD
2020-03-05 13:37:30.431   CNC 8   INF   Data streamed
2020-03-05 13:37:40.715   CNC 8   INF   Workplace color: red
2020-03-05 13:37:40.716   CNC 8   INF   Streaming data to LCD
2020-03-05 13:37:40.716   CNC 8   INF   Data streamed
2020-03-05 13:37:51.018   CNC 8   INF   Workplace color: red
2020-03-05 13:37:51.018   CNC 8   INF   Streaming data to LCD
2020-03-05 13:37:51.018   CNC 8   INF   Data streamed
2020-03-05 13:38:01.352   CNC 8   INF   Workplace color: red
2020-03-05 13:38:01.352   CNC 8   INF   Streaming data to LCD
2020-03-05 13:38:01.352   CNC 8   INF   Data streamed
2020-03-05 13:38:11.674   CNC 8   INF   Workplace color: red
2020-03-05 13:38:11.675   CNC 8   INF   Streaming data to LCD
2020-03-05 13:38:11.675   CNC 8   INF   Data streamed
2020-03-05 13:38:21.961   CNC 8   INF   Workplace color: red
2020-03-05 13:38:21.961   CNC 8   INF   Streaming data to LCD
2020-03-05 13:38:21.961   CNC 8   INF   Data streamed
2020-03-05 13:38:32.277   CNC 8   INF   Workplace color: red
2020-03-05 13:38:32.278   CNC 8   INF   Streaming data to LCD
2020-03-05 13:38:32.278   CNC 8   INF   Data streamed
2020-03-05 13:38:42.588   CNC 8   INF   Workplace color: red
2020-03-05 13:38:42.588   CNC 8   INF   Streaming data to LCD
2020-03-05 13:38:42.588   CNC 8   INF   Data streamed
2020-03-05 13:38:52.910   CNC 8   INF   Workplace color: red
2020-03-05 13:38:52.910   CNC 8   INF   Streaming data to LCD
2020-03-05 13:38:52.910   CNC 8   INF   Data streamed
2020-03-05 13:39:03.235   CNC 8   INF   Workplace color: red
2020-03-05 13:39:03.235   CNC 8   INF   Streaming data to LCD
2020-03-05 13:39:03.236   CNC 8   INF   Data streamed
2020-03-05 13:39:13.736   CNC 8   INF   Workplace color: red
2020-03-05 13:39:13.736   CNC 8   INF   Streaming data to LCD
2020-03-05 13:39:13.736   CNC 8   INF   Data streamed
2020-03-05 13:39:24.197   CNC 8   INF   Workplace color: red
2020-03-05 13:39:24.198   CNC 8   INF   Streaming data to LCD
2020-03-05 13:39:24.198   CNC 8   INF   Data streamed
2020-03-05 13:39:34.526   CNC 8   INF   Workplace color: red
2020-03-05 13:39:34.526   CNC 8   INF   Streaming data to LCD
2020-03-05 13:39:34.526   CNC 8   INF   Data streamed
2020-03-05 13:39:44.844   CNC 8   INF   Workplace color: red
2020-03-05 13:39:44.845   CNC 8   INF   Streaming data to LCD
2020-03-05 13:39:44.845   CNC 8   INF   Data streamed
2020-03-05 13:39:55.171   CNC 8   INF   Workplace color: red
2020-03-05 13:39:55.171   CNC 8   INF   Streaming data to LCD
2020-03-05 13:39:55.171   CNC 8   INF   Data streamed
2020-03-05 13:40:05.441   CNC 8   INF   Workplace color: red
2020-03-05 13:40:05.441   CNC 8   INF   Streaming data to LCD
2020-03-05 13:40:05.441   CNC 8   INF   Data streamed
2020-03-05 13:40:15.730   CNC 8   INF   Workplace color: red
2020-03-05 13:40:15.730   CNC 8   INF   Streaming data to LCD
2020-03-05 13:40:15.730   CNC 8   INF   Data streamed
2020-03-05 13:40:26.039   CNC 8   INF   Workplace color: red
2020-03-05 13:40:26.039   CNC 8   INF   Streaming data to LCD
2020-03-05 13:40:26.039   CNC 8   INF   Data streamed
2020-03-05 13:40:36.353   CNC 8   INF   Workplace color: red
2020-03-05 13:40:36.353   CNC 8   INF   Streaming data to LCD
2020-03-05 13:40:36.353   CNC 8   INF   Data streamed
2020-03-05 13:40:46.660   CNC 8   INF   Workplace color: red
2020-03-05 13:40:46.660   CNC 8   INF   Streaming data to LCD
2020-03-05 13:40:46.660   CNC 8   INF   Data streamed
2020-03-05 13:40:56.938   CNC 8   INF   Workplace color: red
2020-03-05 13:40:56.938   CNC 8   INF   Streaming data to LCD
2020-03-05 13:40:56.938   CNC 8   INF   Data streamed
2020-03-05 13:41:07.238   CNC 8   INF   Workplace color: red
2020-03-05 13:41:07.239   CNC 8   INF   Streaming data to LCD
2020-03-05 13:41:07.239   CNC 8   INF   Data streamed
2020-03-05 13:41:17.478   CNC 8   INF   Workplace color: red
2020-03-05 13:41:17.478   CNC 8   INF   Streaming data to LCD
2020-03-05 13:41:17.478   CNC 8   INF   Data streamed
2020-03-05 13:41:27.818   CNC 8   INF   Workplace color: red
2020-03-05 13:41:27.818   CNC 8   INF   Streaming data to LCD
2020-03-05 13:41:27.818   CNC 8   INF   Data streamed
2020-03-05 13:44:08.337   CNC 8   INF   Workplace color: orange
2020-03-05 13:44:08.337   CNC 8   INF   Streaming data to LCD
2020-03-05 13:44:08.337   CNC 8   INF   Data streamed
2020-03-05 13:44:18.629   CNC 8   INF   Workplace color: orange
2020-03-05 13:44:18.629   CNC 8   INF   Streaming data to LCD
2020-03-05 13:44:18.629   CNC 8   INF   Data streamed
2020-03-05 13:44:29.027   CNC 8   INF   Workplace color: orange
2020-03-05 13:44:29.027   CNC 8   INF   Streaming data to LCD
2020-03-05 13:44:29.027   CNC 8   INF   Data streamed
2020-03-05 13:44:39.298   CNC 8   INF   Workplace color: orange
2020-03-05 13:44:39.298   CNC 8   INF   Streaming data to LCD
2020-03-05 13:44:39.298   CNC 8   INF   Data streamed
2020-03-05 13:44:49.570   CNC 8   INF   Workplace color: orange
2020-03-05 13:44:49.570   CNC 8   INF   Streaming data to LCD
2020-03-05 13:44:49.570   CNC 8   INF   Data streamed
2020-03-05 13:44:59.905   CNC 8   INF   Workplace color: orange
2020-03-05 13:44:59.905   CNC 8   INF   Streaming data to LCD
2020-03-05 13:44:59.906   CNC 8   INF   Data streamed
2020-03-05 13:45:10.328   CNC 8   INF   Workplace color: orange
2020-03-05 13:45:10.329   CNC 8   INF   Streaming data to LCD
2020-03-05 13:45:10.329   CNC 8   INF   Data streamed
2020-03-05 13:45:20.560   CNC 8   INF   Workplace color: orange
2020-03-05 13:45:20.560   CNC 8   INF   Streaming data to LCD
2020-03-05 13:45:20.560   CNC 8   INF   Data streamed
2020-03-05 13:45:30.894   CNC 8   INF   Workplace color: orange
2020-03-05 13:45:30.895   CNC 8   INF   Streaming data to LCD
2020-03-05 13:45:30.895   CNC 8   INF   Data streamed
2020-03-05 13:45:41.166   CNC 8   INF   Workplace color: orange
2020-03-05 13:45:41.166   CNC 8   INF   Streaming data to LCD
2020-03-05 13:45:41.166   CNC 8   INF   Data streamed
2020-03-05 13:45:51.439   CNC 8   INF   Workplace color: orange
2020-03-05 13:45:51.439   CNC 8   INF   Streaming data to LCD
2020-03-05 13:45:51.439   CNC 8   INF   Data streamed
2020-03-05 13:46:01.663   CNC 8   INF   Workplace color: orange
2020-03-05 13:46:01.663   CNC 8   INF   Streaming data to LCD
2020-03-05 13:46:01.664   CNC 8   INF   Data streamed
2020-03-05 13:46:12.226   CNC 8   INF   Workplace color: orange
2020-03-05 13:46:12.226   CNC 8   INF   Streaming data to LCD
2020-03-05 13:46:12.226   CNC 8   INF   Data streamed
2020-03-05 13:46:22.599   CNC 8   INF   Workplace color: orange
2020-03-05 13:46:22.599   CNC 8   INF   Streaming data to LCD
2020-03-05 13:46:22.600   CNC 8   INF   Data streamed
2020-03-05 13:46:33.038   CNC 8   INF   Workplace color: orange
2020-03-05 13:46:33.039   CNC 8   INF   Streaming data to LCD
2020-03-05 13:46:33.039   CNC 8   INF   Data streamed
2020-03-05 13:46:43.290   CNC 8   INF   Workplace color: orange
2020-03-05 13:46:43.291   CNC 8   INF   Streaming data to LCD
2020-03-05 13:46:43.291   CNC 8   INF   Data streamed
2020-03-05 13:46:53.606   CNC 8   INF   Workplace color: orange
2020-03-05 13:46:53.606   CNC 8   INF   Streaming data to LCD
2020-03-05 13:46:53.606   CNC 8   INF   Data streamed
2020-03-05 13:47:03.839   CNC 8   INF   Workplace color: orange
2020-03-05 13:47:03.839   CNC 8   INF   Streaming data to LCD
2020-03-05 13:47:03.839   CNC 8   INF   Data streamed
2020-03-05 13:47:14.038   CNC 8   INF   Workplace color: orange
2020-03-05 13:47:14.038   CNC 8   INF   Streaming data to LCD
2020-03-05 13:47:14.039   CNC 8   INF   Data streamed
2020-03-05 13:47:24.261   CNC 8   INF   Workplace color: orange
2020-03-05 13:47:24.261   CNC 8   INF   Streaming data to LCD
2020-03-05 13:47:24.261   CNC 8   INF   Data streamed
2020-03-05 13:47:34.405   CNC 8   INF   Workplace color: green
2020-03-05 13:47:34.405   CNC 8   INF   Streaming data to LCD
2020-03-05 13:47:34.405   CNC 8   INF   Data streamed
2020-03-05 13:47:44.617   CNC 8   INF   Workplace color: green
2020-03-05 13:47:44.618   CNC 8   INF   Streaming data to LCD
2020-03-05 13:47:44.618   CNC 8   INF   Data streamed
2020-03-05 13:47:54.957   CNC 8   INF   Workplace color: green
2020-03-05 13:47:54.957   CNC 8   INF   Streaming data to LCD
2020-03-05 13:47:54.958   CNC 8   INF   Data streamed
2020-03-05 13:48:05.261   CNC 8   INF   Workplace color: green
2020-03-05 13:48:05.262   CNC 8   INF   Streaming data to LCD
2020-03-05 13:48:05.262   CNC 8   INF   Data streamed
2020-03-05 13:48:15.581   CNC 8   INF   Workplace color: green
2020-03-05 13:48:15.581   CNC 8   INF   Streaming data to LCD
2020-03-05 13:48:15.581   CNC 8   INF   Data streamed
2020-03-05 13:48:25.894   CNC 8   INF   Workplace color: green
2020-03-05 13:48:25.894   CNC 8   INF   Streaming data to LCD
2020-03-05 13:48:25.894   CNC 8   INF   Data streamed
2020-03-05 13:48:36.468   CNC 8   INF   Workplace color: green
2020-03-05 13:48:36.468   CNC 8   INF   Streaming data to LCD
2020-03-05 13:48:36.468   CNC 8   INF   Data streamed
2020-03-05 13:48:43.885   CNC 8   INF   Workplace color: green
2020-03-05 13:48:43.885   CNC 8   INF   Streaming data to LCD
2020-03-05 13:48:43.885   CNC 8   INF   Data streamed
2020-03-05 13:48:52.646   CNC 8   INF   Workplace color: green
2020-03-05 13:48:52.647   CNC 8   INF   Streaming data to LCD
2020-03-05 13:48:52.648   CNC 8   INF   Data streamed
2020-03-05 13:49:02.933   CNC 8   INF   Workplace color: green
2020-03-05 13:49:02.933   CNC 8   INF   Streaming data to LCD
2020-03-05 13:49:02.934   CNC 8   INF   Data streamed
2020-03-05 13:49:13.143   CNC 8   INF   Workplace color: green
2020-03-05 13:49:13.143   CNC 8   INF   Streaming data to LCD
2020-03-05 13:49:13.143   CNC 8   INF   Data streamed
2020-03-05 13:49:23.398   CNC 8   INF   Workplace color: green
2020-03-05 13:49:23.398   CNC 8   INF   Streaming data to LCD
2020-03-05 13:49:23.399   CNC 8   INF   Data streamed
2020-03-05 13:49:33.786   CNC 8   INF   Workplace color: green
2020-03-05 13:49:33.786   CNC 8   INF   Streaming data to LCD
2020-03-05 13:49:33.786   CNC 8   INF   Data streamed
2020-03-05 13:49:44.260   CNC 8   INF   Workplace color: green
2020-03-05 13:49:44.260   CNC 8   INF   Streaming data to LCD
2020-03-05 13:49:44.260   CNC 8   INF   Data streamed
2020-03-05 13:49:54.948   CNC 8   INF   Workplace color: green
2020-03-05 13:49:54.949   CNC 8   INF   Streaming data to LCD
2020-03-05 13:49:54.949   CNC 8   INF   Data streamed
2020-03-05 13:50:05.455   CNC 8   INF   Workplace color: green
2020-03-05 13:50:05.455   CNC 8   INF   Streaming data to LCD
2020-03-05 13:50:05.455   CNC 8   INF   Data streamed
2020-03-05 13:50:17.616   CNC 8   INF   Workplace color: green, order: Internal, downtime: , user:  
2020-03-05 13:50:17.617   CNC 8   INF   Streaming data to LCD
2020-03-05 13:50:17.617   CNC 8   INF   Data streamed
2020-03-05 13:50:27.936   CNC 8   INF   Workplace color: green, order: Internal, downtime: , user:  
2020-03-05 13:50:27.936   CNC 8   INF   Streaming data to LCD
2020-03-05 13:50:27.937   CNC 8   INF   Data streamed
2020-03-05 13:50:38.213   CNC 8   INF   Workplace color: green, order: Internal, downtime: , user:  
2020-03-05 13:50:38.213   CNC 8   INF   Streaming data to LCD
2020-03-05 13:50:38.214   CNC 8   INF   Data streamed
2020-03-05 13:50:48.565   CNC 8   INF   Workplace color: green, order: Internal, downtime: , user:  
2020-03-05 13:50:48.565   CNC 8   INF   Streaming data to LCD
2020-03-05 13:50:48.565   CNC 8   INF   Data streamed
2020-03-05 13:50:58.981   CNC 8   INF   Workplace color: green, order: Internal, downtime: , user:  
2020-03-05 13:50:58.982   CNC 8   INF   Streaming data to LCD
2020-03-05 13:50:58.982   CNC 8   INF   Data streamed
2020-03-05 13:51:09.378   CNC 8   INF   Workplace color: green, order: Internal, downtime: , user:  
2020-03-05 13:51:09.378   CNC 8   INF   Streaming data to LCD
2020-03-05 13:51:09.378   CNC 8   INF   Data streamed
2020-03-05 13:51:19.729   CNC 8   INF   Workplace color: green, order: Internal, downtime: , user:  
2020-03-05 13:51:19.729   CNC 8   INF   Streaming data to LCD
2020-03-05 13:51:19.729   CNC 8   INF   Data streamed
2020-03-05 13:51:30.074   CNC 8   INF   Workplace color: green, order: Internal, downtime: , user:  
2020-03-05 13:51:30.074   CNC 8   INF   Streaming data to LCD
2020-03-05 13:51:30.074   CNC 8   INF   Data streamed
2020-03-05 13:51:40.543   CNC 8   INF   Workplace color: green, order: Internal, downtime: , user:  
2020-03-05 13:51:40.544   CNC 8   INF   Streaming data to LCD
2020-03-05 13:51:40.544   CNC 8   INF   Data streamed
2020-03-05 13:51:51.103   CNC 8   INF   Workplace color: green, order: Internal, downtime: , user:  
2020-03-05 13:51:51.103   CNC 8   INF   Streaming data to LCD
2020-03-05 13:51:51.103   CNC 8   INF   Data streamed
2020-03-05 13:52:01.538   CNC 8   INF   Workplace color: green, order: Internal, downtime: , user:  
2020-03-05 13:52:01.538   CNC 8   INF   Streaming data to LCD
2020-03-05 13:52:01.538   CNC 8   INF   Data streamed
2020-03-05 13:52:11.942   CNC 8   INF   Workplace color: green, order: Internal, downtime: , user:  
2020-03-05 13:52:11.942   CNC 8   INF   Streaming data to LCD
2020-03-05 13:52:11.942   CNC 8   INF   Data streamed
2020-03-05 13:52:22.298   CNC 8   INF   Workplace color: green, order: Internal, downtime: , user:  
2020-03-05 13:52:22.298   CNC 8   INF   Streaming data to LCD
2020-03-05 13:52:22.298   CNC 8   INF   Data streamed
2020-03-05 14:14:09.417   CNC 8   INF   Workplace color: green, order: Internal, downtime: , user:  
2020-03-05 14:14:09.418   CNC 8   INF   Streaming data to LCD
2020-03-05 14:14:09.418   CNC 8   INF   Data streamed
2020-03-05 14:14:19.613   CNC 8   INF   Workplace color: green, order: Internal, downtime: , user:  
2020-03-05 14:14:19.614   CNC 8   INF   Streaming data to LCD
2020-03-05 14:14:19.614   CNC 8   INF   Data streamed
2020-03-05 14:19:37.965   CNC 8   INF   Workplace color: green, order: Internal, downtime: , user:  
2020-03-05 14:19:37.965   CNC 8   INF   Streaming data to LCD
2020-03-05 14:19:37.965   CNC 8   INF   Data streamed
2020-03-05 14:20:01.803   CNC 8   INF   Workplace color: green, order: Internal, downtime: , user:  
2020-03-05 14:20:01.803   CNC 8   INF   Streaming data to LCD
2020-03-05 14:20:01.803   CNC 8   INF   Data streamed
2020-03-05 14:20:12.080   CNC 8   INF   Workplace color: green, order: Internal, downtime: , user:  
2020-03-05 14:20:12.080   CNC 8   INF   Streaming data to LCD
2020-03-05 14:20:12.080   CNC 8   INF   Data streamed
2020-03-05 14:20:22.350   CNC 8   INF   Workplace color: green, order: Internal, downtime: , user:  
2020-03-05 14:20:22.351   CNC 8   INF   Streaming data to LCD
2020-03-05 14:20:22.351   CNC 8   INF   Data streamed
