2020-03-31 11:49:30.568   CNC 9   INF   Workplace color: red, order: , downtime: , user: 
2020-03-31 11:49:30.568   CNC 9   INF   Streaming data to LCD
2020-03-31 11:49:30.568   CNC 9   INF   Data streamed
2020-03-31 11:49:40.870   CNC 9   INF   Workplace color: red, order: , downtime: , user: 
2020-03-31 11:49:40.870   CNC 9   INF   Streaming data to LCD
2020-03-31 11:49:40.871   CNC 9   INF   Data streamed
2020-03-31 11:49:51.120   CNC 9   INF   Workplace color: red, order: , downtime: , user: 
2020-03-31 11:49:51.120   CNC 9   INF   Streaming data to LCD
2020-03-31 11:49:51.120   CNC 9   INF   Data streamed
2020-03-31 11:50:00.917   CNC 9   INF   Workplace color: red, order: , downtime: , user: 
2020-03-31 11:50:00.917   CNC 9   INF   Streaming data to LCD
2020-03-31 11:50:00.917   CNC 9   INF   Data streamed
2020-03-31 11:50:46.765   CNC 9   INF   Workplace color: orange, order: , downtime: No reason downtime, user: 
2020-03-31 11:50:46.765   CNC 9   INF   Streaming data to LCD
2020-03-31 11:50:46.765   CNC 9   INF   Data streamed
2020-03-31 11:50:57.030   CNC 9   INF   Workplace color: orange, order: , downtime: No reason downtime, user: 
2020-03-31 11:50:57.030   CNC 9   INF   Streaming data to LCD
2020-03-31 11:50:57.030   CNC 9   INF   Data streamed
2020-03-31 11:51:07.262   CNC 9   INF   Workplace color: orange, order: , downtime: No reason downtime, user: 
2020-03-31 11:51:07.263   CNC 9   INF   Streaming data to LCD
2020-03-31 11:51:07.263   CNC 9   INF   Data streamed
2020-03-31 11:51:17.666   CNC 9   INF   Workplace color: orange, order: , downtime: No reason downtime, user: 
2020-03-31 11:51:17.666   CNC 9   INF   Streaming data to LCD
2020-03-31 11:51:17.666   CNC 9   INF   Data streamed
2020-03-31 11:51:27.973   CNC 9   INF   Workplace color: orange, order: , downtime: No reason downtime, user: 
2020-03-31 11:51:27.973   CNC 9   INF   Streaming data to LCD
2020-03-31 11:51:27.973   CNC 9   INF   Data streamed
2020-03-31 11:51:38.161   CNC 9   INF   Workplace color: orange, order: , downtime: No reason downtime, user: 
2020-03-31 11:51:38.161   CNC 9   INF   Streaming data to LCD
2020-03-31 11:51:38.161   CNC 9   INF   Data streamed
2020-03-31 11:51:49.316   CNC 9   INF   Workplace color: orange, order: , downtime: No reason downtime, user: 
2020-03-31 11:51:49.317   CNC 9   INF   Streaming data to LCD
2020-03-31 11:51:49.317   CNC 9   INF   Data streamed
2020-03-31 11:51:59.711   CNC 9   INF   Workplace color: orange, order: , downtime: No reason downtime, user: 
2020-03-31 11:51:59.711   CNC 9   INF   Streaming data to LCD
2020-03-31 11:51:59.712   CNC 9   INF   Data streamed
2020-03-31 11:52:10.022   CNC 9   INF   Workplace color: orange, order: , downtime: No reason downtime, user: 
2020-03-31 11:52:10.022   CNC 9   INF   Streaming data to LCD
2020-03-31 11:52:10.022   CNC 9   INF   Data streamed
2020-03-31 11:52:20.348   CNC 9   INF   Workplace color: orange, order: , downtime: No reason downtime, user: 
2020-03-31 11:52:20.349   CNC 9   INF   Streaming data to LCD
2020-03-31 11:52:20.349   CNC 9   INF   Data streamed
2020-03-31 11:52:30.603   CNC 9   INF   Workplace color: orange, order: , downtime: No reason downtime, user: 
2020-03-31 11:52:30.603   CNC 9   INF   Streaming data to LCD
2020-03-31 11:52:30.603   CNC 9   INF   Data streamed
2020-03-31 11:52:40.874   CNC 9   INF   Workplace color: orange, order: , downtime: No reason downtime, user: 
2020-03-31 11:52:40.874   CNC 9   INF   Streaming data to LCD
2020-03-31 11:52:40.874   CNC 9   INF   Data streamed
2020-03-31 11:52:51.078   CNC 9   INF   Workplace color: orange, order: , downtime: No reason downtime, user: 
2020-03-31 11:52:51.078   CNC 9   INF   Streaming data to LCD
2020-03-31 11:52:51.078   CNC 9   INF   Data streamed
2020-03-31 11:53:01.275   CNC 9   INF   Workplace color: orange, order: , downtime: No reason downtime, user: 
2020-03-31 11:53:01.275   CNC 9   INF   Streaming data to LCD
2020-03-31 11:53:01.275   CNC 9   INF   Data streamed
2020-03-31 11:53:11.485   CNC 9   INF   Workplace color: orange, order: , downtime: No reason downtime, user: 
2020-03-31 11:53:11.485   CNC 9   INF   Streaming data to LCD
2020-03-31 11:53:11.485   CNC 9   INF   Data streamed
2020-03-31 11:53:21.696   CNC 9   INF   Workplace color: orange, order: , downtime: No reason downtime, user: 
2020-03-31 11:53:21.696   CNC 9   INF   Streaming data to LCD
2020-03-31 11:53:21.696   CNC 9   INF   Data streamed
2020-03-31 11:53:31.900   CNC 9   INF   Workplace color: orange, order: , downtime: No reason downtime, user: 
2020-03-31 11:53:31.900   CNC 9   INF   Streaming data to LCD
2020-03-31 11:53:31.900   CNC 9   INF   Data streamed
2020-03-31 11:53:42.103   CNC 9   INF   Workplace color: orange, order: , downtime: No reason downtime, user: 
2020-03-31 11:53:42.103   CNC 9   INF   Streaming data to LCD
2020-03-31 11:53:42.103   CNC 9   INF   Data streamed
2020-03-31 11:53:52.392   CNC 9   INF   Workplace color: orange, order: , downtime: No reason downtime, user: 
2020-03-31 11:53:52.392   CNC 9   INF   Streaming data to LCD
2020-03-31 11:53:52.392   CNC 9   INF   Data streamed
2020-03-31 11:54:02.724   CNC 9   INF   Workplace color: orange, order: , downtime: No reason downtime, user: 
2020-03-31 11:54:02.724   CNC 9   INF   Streaming data to LCD
2020-03-31 11:54:02.724   CNC 9   INF   Data streamed
2020-03-31 11:54:13.086   CNC 9   INF   Workplace color: orange, order: , downtime: No reason downtime, user: 
2020-03-31 11:54:13.086   CNC 9   INF   Streaming data to LCD
2020-03-31 11:54:13.086   CNC 9   INF   Data streamed
2020-03-31 11:54:23.460   CNC 9   INF   Workplace color: orange, order: , downtime: No reason downtime, user: 
2020-03-31 11:54:23.460   CNC 9   INF   Streaming data to LCD
2020-03-31 11:54:23.461   CNC 9   INF   Data streamed
2020-03-31 11:54:33.878   CNC 9   INF   Workplace color: orange, order: , downtime: No reason downtime, user: 
2020-03-31 11:54:33.878   CNC 9   INF   Streaming data to LCD
2020-03-31 11:54:33.878   CNC 9   INF   Data streamed
2020-03-31 11:54:44.385   CNC 9   INF   Workplace color: orange, order: , downtime: No reason downtime, user: 
2020-03-31 11:54:44.386   CNC 9   INF   Streaming data to LCD
2020-03-31 11:54:44.386   CNC 9   INF   Data streamed
2020-03-31 11:54:52.228   CNC 9   INF   Workplace color: orange, order: , downtime: No reason downtime, user: 
2020-03-31 11:54:52.228   CNC 9   INF   Streaming data to LCD
2020-03-31 11:54:52.228   CNC 9   INF   Data streamed
2020-03-31 11:55:03.631   CNC 9   INF   Workplace color: orange, order: , downtime: No reason downtime, user: 
2020-03-31 11:55:03.631   CNC 9   INF   Streaming data to LCD
2020-03-31 11:55:03.631   CNC 9   INF   Data streamed
2020-03-31 11:55:13.993   CNC 9   INF   Workplace color: orange, order: , downtime: No reason downtime, user: 
2020-03-31 11:55:13.993   CNC 9   INF   Streaming data to LCD
2020-03-31 11:55:13.994   CNC 9   INF   Data streamed
2020-03-31 11:55:24.402   CNC 9   INF   Workplace color: orange, order: , downtime: No reason downtime, user: 
2020-03-31 11:55:24.402   CNC 9   INF   Streaming data to LCD
2020-03-31 11:55:24.402   CNC 9   INF   Data streamed
2020-03-31 11:55:34.666   CNC 9   INF   Workplace color: orange, order: , downtime: No reason downtime, user: 
2020-03-31 11:55:34.666   CNC 9   INF   Streaming data to LCD
2020-03-31 11:55:34.666   CNC 9   INF   Data streamed
2020-03-31 11:55:45.120   CNC 9   INF   Workplace color: orange, order: , downtime: No reason downtime, user: 
2020-03-31 11:55:45.121   CNC 9   INF   Streaming data to LCD
2020-03-31 11:55:45.121   CNC 9   INF   Data streamed
2020-03-31 11:55:55.113   CNC 9   INF   Workplace color: orange, order: , downtime: No reason downtime, user: 
2020-03-31 11:55:55.113   CNC 9   INF   Streaming data to LCD
2020-03-31 11:55:55.113   CNC 9   INF   Data streamed
2020-03-31 11:56:05.547   CNC 9   INF   Workplace color: orange, order: , downtime: No reason downtime, user: 
2020-03-31 11:56:05.547   CNC 9   INF   Streaming data to LCD
2020-03-31 11:56:05.547   CNC 9   INF   Data streamed
2020-03-31 11:56:15.957   CNC 9   INF   Workplace color: orange, order: , downtime: No reason downtime, user: 
2020-03-31 11:56:15.957   CNC 9   INF   Streaming data to LCD
2020-03-31 11:56:15.957   CNC 9   INF   Data streamed
2020-03-31 11:56:26.507   CNC 9   INF   Workplace color: orange, order: , downtime: No reason downtime, user: 
2020-03-31 11:56:26.507   CNC 9   INF   Streaming data to LCD
2020-03-31 11:56:26.507   CNC 9   INF   Data streamed
2020-03-31 11:56:32.354   CNC 9   INF   Workplace color: orange, order: , downtime: No reason downtime, user: 
2020-03-31 11:56:32.355   CNC 9   INF   Streaming data to LCD
2020-03-31 11:56:32.355   CNC 9   INF   Data streamed
2020-03-31 11:56:42.652   CNC 9   INF   Workplace color: orange, order: , downtime: No reason downtime, user: 
2020-03-31 11:56:42.652   CNC 9   INF   Streaming data to LCD
2020-03-31 11:56:42.652   CNC 9   INF   Data streamed
2020-03-31 11:56:53.298   CNC 9   INF   Workplace color: orange, order: , downtime: No reason downtime, user: 
2020-03-31 11:56:53.298   CNC 9   INF   Streaming data to LCD
2020-03-31 11:56:53.298   CNC 9   INF   Data streamed
2020-03-31 11:57:03.850   CNC 9   INF   Workplace color: orange, order: , downtime: No reason downtime, user: 
2020-03-31 11:57:03.850   CNC 9   INF   Streaming data to LCD
2020-03-31 11:57:03.850   CNC 9   INF   Data streamed
2020-03-31 11:57:14.199   CNC 9   INF   Workplace color: orange, order: , downtime: No reason downtime, user: 
2020-03-31 11:57:14.199   CNC 9   INF   Streaming data to LCD
2020-03-31 11:57:14.199   CNC 9   INF   Data streamed
2020-03-31 11:57:24.385   CNC 9   INF   Workplace color: orange, order: , downtime: No reason downtime, user: 
2020-03-31 11:57:24.385   CNC 9   INF   Streaming data to LCD
2020-03-31 11:57:24.385   CNC 9   INF   Data streamed
2020-03-31 11:57:34.557   CNC 9   INF   Workplace color: orange, order: , downtime: No reason downtime, user: 
2020-03-31 11:57:34.557   CNC 9   INF   Streaming data to LCD
2020-03-31 11:57:34.557   CNC 9   INF   Data streamed
2020-03-31 11:57:44.817   CNC 9   INF   Workplace color: orange, order: , downtime: No reason downtime, user: 
2020-03-31 11:57:44.817   CNC 9   INF   Streaming data to LCD
2020-03-31 11:57:44.817   CNC 9   INF   Data streamed
2020-03-31 11:57:55.477   CNC 9   INF   Workplace color: orange, order: , downtime: No reason downtime, user: 
2020-03-31 11:57:55.478   CNC 9   INF   Streaming data to LCD
2020-03-31 11:57:55.479   CNC 9   INF   Data streamed
2020-03-31 11:58:06.100   CNC 9   INF   Workplace color: orange, order: , downtime: No reason downtime, user: 
2020-03-31 11:58:06.100   CNC 9   INF   Streaming data to LCD
2020-03-31 11:58:06.101   CNC 9   INF   Data streamed
2020-03-31 11:58:16.606   CNC 9   INF   Workplace color: orange, order: , downtime: No reason downtime, user: 
2020-03-31 11:58:16.606   CNC 9   INF   Streaming data to LCD
2020-03-31 11:58:16.607   CNC 9   INF   Data streamed
2020-03-31 11:58:26.926   CNC 9   INF   Workplace color: orange, order: , downtime: No reason downtime, user: 
2020-03-31 11:58:26.926   CNC 9   INF   Streaming data to LCD
2020-03-31 11:58:26.927   CNC 9   INF   Data streamed
2020-03-31 11:58:37.109   CNC 9   INF   Workplace color: orange, order: , downtime: No reason downtime, user: 
2020-03-31 11:58:37.109   CNC 9   INF   Streaming data to LCD
2020-03-31 11:58:37.109   CNC 9   INF   Data streamed
2020-03-31 11:58:47.272   CNC 9   INF   Workplace color: orange, order: , downtime: No reason downtime, user: 
2020-03-31 11:58:47.272   CNC 9   INF   Streaming data to LCD
2020-03-31 11:58:47.272   CNC 9   INF   Data streamed
2020-03-31 11:58:57.466   CNC 9   INF   Workplace color: orange, order: , downtime: No reason downtime, user: 
2020-03-31 11:58:57.466   CNC 9   INF   Streaming data to LCD
2020-03-31 11:58:57.466   CNC 9   INF   Data streamed
2020-03-31 11:59:07.663   CNC 9   INF   Workplace color: orange, order: , downtime: No reason downtime, user: 
2020-03-31 11:59:07.663   CNC 9   INF   Streaming data to LCD
2020-03-31 11:59:07.663   CNC 9   INF   Data streamed
2020-03-31 11:59:17.837   CNC 9   INF   Workplace color: orange, order: , downtime: No reason downtime, user: 
2020-03-31 11:59:17.837   CNC 9   INF   Streaming data to LCD
2020-03-31 11:59:17.837   CNC 9   INF   Data streamed
2020-03-31 11:59:28.007   CNC 9   INF   Workplace color: orange, order: , downtime: No reason downtime, user: 
2020-03-31 11:59:28.007   CNC 9   INF   Streaming data to LCD
2020-03-31 11:59:28.007   CNC 9   INF   Data streamed
2020-03-31 11:59:38.199   CNC 9   INF   Workplace color: orange, order: , downtime: No reason downtime, user: 
2020-03-31 11:59:38.199   CNC 9   INF   Streaming data to LCD
2020-03-31 11:59:38.199   CNC 9   INF   Data streamed
2020-03-31 11:59:48.439   CNC 9   INF   Workplace color: orange, order: , downtime: No reason downtime, user: 
2020-03-31 11:59:48.439   CNC 9   INF   Streaming data to LCD
2020-03-31 11:59:48.439   CNC 9   INF   Data streamed
2020-03-31 11:59:58.634   CNC 9   INF   Workplace color: orange, order: , downtime: No reason downtime, user: 
2020-03-31 11:59:58.634   CNC 9   INF   Streaming data to LCD
2020-03-31 11:59:58.634   CNC 9   INF   Data streamed
2020-03-31 12:00:08.826   CNC 9   INF   Workplace color: orange, order: , downtime: No reason downtime, user: 
2020-03-31 12:00:08.826   CNC 9   INF   Streaming data to LCD
2020-03-31 12:00:08.826   CNC 9   INF   Data streamed
2020-03-31 12:00:19.006   CNC 9   INF   Workplace color: orange, order: , downtime: No reason downtime, user: 
2020-03-31 12:00:19.006   CNC 9   INF   Streaming data to LCD
2020-03-31 12:00:19.006   CNC 9   INF   Data streamed
2020-03-31 12:00:29.205   CNC 9   INF   Workplace color: orange, order: , downtime: No reason downtime, user: 
2020-03-31 12:00:29.205   CNC 9   INF   Streaming data to LCD
2020-03-31 12:00:29.205   CNC 9   INF   Data streamed
2020-03-31 12:00:49.398   CNC 9   INF   Workplace color: orange, order: , downtime: No reason downtime, user: 
2020-03-31 12:00:49.399   CNC 9   INF   Streaming data to LCD
2020-03-31 12:00:49.399   CNC 9   INF   Data streamed
2020-03-31 12:01:19.619   CNC 9   INF   Workplace color: orange, order: , downtime: No reason downtime, user: 
2020-03-31 12:01:19.619   CNC 9   INF   Streaming data to LCD
2020-03-31 12:01:19.619   CNC 9   INF   Data streamed
2020-03-31 12:01:29.837   CNC 9   INF   Workplace color: orange, order: , downtime: No reason downtime, user: 
2020-03-31 12:01:29.838   CNC 9   INF   Streaming data to LCD
2020-03-31 12:01:29.838   CNC 9   INF   Data streamed
2020-03-31 12:01:40.012   CNC 9   INF   Workplace color: orange, order: , downtime: No reason downtime, user: 
2020-03-31 12:01:40.012   CNC 9   INF   Streaming data to LCD
2020-03-31 12:01:40.012   CNC 9   INF   Data streamed
2020-03-31 12:01:50.183   CNC 9   INF   Workplace color: orange, order: , downtime: No reason downtime, user: 
2020-03-31 12:01:50.183   CNC 9   INF   Streaming data to LCD
2020-03-31 12:01:50.183   CNC 9   INF   Data streamed
2020-03-31 12:02:00.351   CNC 9   INF   Workplace color: orange, order: , downtime: No reason downtime, user: 
2020-03-31 12:02:00.351   CNC 9   INF   Streaming data to LCD
2020-03-31 12:02:00.351   CNC 9   INF   Data streamed
2020-03-31 12:02:10.525   CNC 9   INF   Workplace color: orange, order: , downtime: No reason downtime, user: 
2020-03-31 12:02:10.525   CNC 9   INF   Streaming data to LCD
2020-03-31 12:02:10.526   CNC 9   INF   Data streamed
2020-03-31 12:02:20.717   CNC 9   INF   Workplace color: orange, order: , downtime: No reason downtime, user: 
2020-03-31 12:02:20.717   CNC 9   INF   Streaming data to LCD
2020-03-31 12:02:20.717   CNC 9   INF   Data streamed
2020-03-31 12:02:30.890   CNC 9   INF   Workplace color: orange, order: , downtime: No reason downtime, user: 
2020-03-31 12:02:30.890   CNC 9   INF   Streaming data to LCD
2020-03-31 12:02:30.890   CNC 9   INF   Data streamed
2020-03-31 12:02:41.073   CNC 9   INF   Workplace color: orange, order: , downtime: No reason downtime, user: 
2020-03-31 12:02:41.073   CNC 9   INF   Streaming data to LCD
2020-03-31 12:02:41.073   CNC 9   INF   Data streamed
2020-03-31 12:02:51.375   CNC 9   INF   Workplace color: orange, order: , downtime: No reason downtime, user: 
2020-03-31 12:02:51.375   CNC 9   INF   Streaming data to LCD
2020-03-31 12:02:51.375   CNC 9   INF   Data streamed
2020-03-31 12:03:02.104   CNC 9   INF   Workplace color: orange, order: , downtime: No reason downtime, user: 
2020-03-31 12:03:02.104   CNC 9   INF   Streaming data to LCD
2020-03-31 12:03:02.104   CNC 9   INF   Data streamed
2020-03-31 12:03:12.614   CNC 9   INF   Workplace color: orange, order: , downtime: No reason downtime, user: 
2020-03-31 12:03:12.614   CNC 9   INF   Streaming data to LCD
2020-03-31 12:03:12.614   CNC 9   INF   Data streamed
2020-03-31 12:03:22.797   CNC 9   INF   Workplace color: orange, order: , downtime: No reason downtime, user: 
2020-03-31 12:03:22.797   CNC 9   INF   Streaming data to LCD
2020-03-31 12:03:22.797   CNC 9   INF   Data streamed
2020-03-31 12:03:32.991   CNC 9   INF   Workplace color: orange, order: , downtime: No reason downtime, user: 
2020-03-31 12:03:32.991   CNC 9   INF   Streaming data to LCD
2020-03-31 12:03:32.991   CNC 9   INF   Data streamed
2020-03-31 12:03:43.176   CNC 9   INF   Workplace color: orange, order: , downtime: No reason downtime, user: 
2020-03-31 12:03:43.176   CNC 9   INF   Streaming data to LCD
2020-03-31 12:03:43.176   CNC 9   INF   Data streamed
2020-03-31 12:03:53.414   CNC 9   INF   Workplace color: orange, order: , downtime: No reason downtime, user: 
2020-03-31 12:03:53.414   CNC 9   INF   Streaming data to LCD
2020-03-31 12:03:53.414   CNC 9   INF   Data streamed
2020-03-31 12:04:03.584   CNC 9   INF   Workplace color: orange, order: , downtime: No reason downtime, user: 
2020-03-31 12:04:03.584   CNC 9   INF   Streaming data to LCD
2020-03-31 12:04:03.584   CNC 9   INF   Data streamed
2020-03-31 12:04:13.763   CNC 9   INF   Workplace color: orange, order: , downtime: No reason downtime, user: 
2020-03-31 12:04:13.763   CNC 9   INF   Streaming data to LCD
2020-03-31 12:04:13.763   CNC 9   INF   Data streamed
2020-03-31 12:04:23.945   CNC 9   INF   Workplace color: orange, order: , downtime: No reason downtime, user: 
2020-03-31 12:04:23.945   CNC 9   INF   Streaming data to LCD
2020-03-31 12:04:23.945   CNC 9   INF   Data streamed
2020-03-31 12:04:34.109   CNC 9   INF   Workplace color: orange, order: , downtime: No reason downtime, user: 
2020-03-31 12:04:34.109   CNC 9   INF   Streaming data to LCD
2020-03-31 12:04:34.110   CNC 9   INF   Data streamed
2020-03-31 12:04:44.283   CNC 9   INF   Workplace color: orange, order: , downtime: No reason downtime, user: 
2020-03-31 12:04:44.283   CNC 9   INF   Streaming data to LCD
2020-03-31 12:04:44.283   CNC 9   INF   Data streamed
2020-03-31 12:04:54.446   CNC 9   INF   Workplace color: orange, order: , downtime: No reason downtime, user: 
2020-03-31 12:04:54.446   CNC 9   INF   Streaming data to LCD
2020-03-31 12:04:54.446   CNC 9   INF   Data streamed
2020-03-31 12:05:04.619   CNC 9   INF   Workplace color: orange, order: , downtime: No reason downtime, user: 
2020-03-31 12:05:04.619   CNC 9   INF   Streaming data to LCD
2020-03-31 12:05:04.620   CNC 9   INF   Data streamed
2020-03-31 12:05:14.788   CNC 9   INF   Workplace color: orange, order: , downtime: No reason downtime, user: 
2020-03-31 12:05:14.788   CNC 9   INF   Streaming data to LCD
2020-03-31 12:05:14.788   CNC 9   INF   Data streamed
2020-03-31 12:05:24.967   CNC 9   INF   Workplace color: orange, order: , downtime: No reason downtime, user: 
2020-03-31 12:05:24.967   CNC 9   INF   Streaming data to LCD
2020-03-31 12:05:24.967   CNC 9   INF   Data streamed
2020-03-31 12:05:35.121   CNC 9   INF   Workplace color: red, order: , downtime: No reason downtime, user: 
2020-03-31 12:05:35.122   CNC 9   INF   Streaming data to LCD
2020-03-31 12:05:35.122   CNC 9   INF   Data streamed
2020-03-31 12:05:45.305   CNC 9   INF   Workplace color: red, order: , downtime: , user: 
2020-03-31 12:05:45.305   CNC 9   INF   Streaming data to LCD
2020-03-31 12:05:45.305   CNC 9   INF   Data streamed
2020-03-31 12:05:55.493   CNC 9   INF   Workplace color: red, order: , downtime: , user: 
2020-03-31 12:05:55.493   CNC 9   INF   Streaming data to LCD
2020-03-31 12:05:55.493   CNC 9   INF   Data streamed
2020-03-31 12:06:05.675   CNC 9   INF   Workplace color: red, order: , downtime: , user: 
2020-03-31 12:06:05.675   CNC 9   INF   Streaming data to LCD
2020-03-31 12:06:05.675   CNC 9   INF   Data streamed
2020-03-31 12:06:15.861   CNC 9   INF   Workplace color: red, order: , downtime: , user: 
2020-03-31 12:06:15.861   CNC 9   INF   Streaming data to LCD
2020-03-31 12:06:15.862   CNC 9   INF   Data streamed
2020-03-31 12:06:26.046   CNC 9   INF   Workplace color: red, order: , downtime: , user: 
2020-03-31 12:06:26.046   CNC 9   INF   Streaming data to LCD
2020-03-31 12:06:26.047   CNC 9   INF   Data streamed
2020-03-31 12:06:36.218   CNC 9   INF   Workplace color: red, order: , downtime: , user: 
2020-03-31 12:06:36.218   CNC 9   INF   Streaming data to LCD
2020-03-31 12:06:36.219   CNC 9   INF   Data streamed
2020-03-31 12:06:46.400   CNC 9   INF   Workplace color: red, order: , downtime: , user: 
2020-03-31 12:06:46.400   CNC 9   INF   Streaming data to LCD
2020-03-31 12:06:46.400   CNC 9   INF   Data streamed
2020-03-31 12:06:54.419   CNC 9   INF   Workplace color: red, order: , downtime: , user: 
2020-03-31 12:06:54.419   CNC 9   INF   Streaming data to LCD
2020-03-31 12:06:54.419   CNC 9   INF   Data streamed
2020-03-31 12:07:04.820   CNC 9   INF   Workplace color: red, order: , downtime: , user: 
2020-03-31 12:07:04.820   CNC 9   INF   Streaming data to LCD
2020-03-31 12:07:04.820   CNC 9   INF   Data streamed
2020-03-31 12:07:15.130   CNC 9   INF   Workplace color: red, order: , downtime: , user: 
2020-03-31 12:07:15.130   CNC 9   INF   Streaming data to LCD
2020-03-31 12:07:15.130   CNC 9   INF   Data streamed
2020-03-31 12:07:25.351   CNC 9   INF   Workplace color: red, order: , downtime: , user: 
2020-03-31 12:07:25.351   CNC 9   INF   Streaming data to LCD
2020-03-31 12:07:25.351   CNC 9   INF   Data streamed
2020-03-31 12:07:35.657   CNC 9   INF   Workplace color: red, order: , downtime: , user: 
2020-03-31 12:07:35.657   CNC 9   INF   Streaming data to LCD
2020-03-31 12:07:35.658   CNC 9   INF   Data streamed
2020-03-31 12:07:46.112   CNC 9   INF   Workplace color: red, order: , downtime: , user: 
2020-03-31 12:07:46.112   CNC 9   INF   Streaming data to LCD
2020-03-31 12:07:46.112   CNC 9   INF   Data streamed
2020-03-31 12:07:56.484   CNC 9   INF   Workplace color: red, order: , downtime: , user: 
2020-03-31 12:07:56.484   CNC 9   INF   Streaming data to LCD
2020-03-31 12:07:56.485   CNC 9   INF   Data streamed
2020-03-31 12:08:06.873   CNC 9   INF   Workplace color: red, order: , downtime: , user: 
2020-03-31 12:08:06.873   CNC 9   INF   Streaming data to LCD
2020-03-31 12:08:06.874   CNC 9   INF   Data streamed
2020-03-31 12:08:17.263   CNC 9   INF   Workplace color: red, order: , downtime: , user: 
2020-03-31 12:08:17.263   CNC 9   INF   Streaming data to LCD
2020-03-31 12:08:17.263   CNC 9   INF   Data streamed
2020-03-31 12:08:27.472   CNC 9   INF   Workplace color: red, order: , downtime: , user: 
2020-03-31 12:08:27.472   CNC 9   INF   Streaming data to LCD
2020-03-31 12:08:27.472   CNC 9   INF   Data streamed
