2020-03-31 11:49:30.503   CNC 5   INF   Workplace color: orange, order: , downtime: No reason downtime, user: 
2020-03-31 11:49:30.503   CNC 5   INF   Streaming data to LCD
2020-03-31 11:49:30.503   CNC 5   INF   Data streamed
2020-03-31 11:49:40.804   CNC 5   INF   Workplace color: orange, order: , downtime: No reason downtime, user: 
2020-03-31 11:49:40.804   CNC 5   INF   Streaming data to LCD
2020-03-31 11:49:40.804   CNC 5   INF   Data streamed
2020-03-31 11:49:51.062   CNC 5   INF   Workplace color: orange, order: , downtime: No reason downtime, user: 
2020-03-31 11:49:51.063   CNC 5   INF   Streaming data to LCD
2020-03-31 11:49:51.063   CNC 5   INF   Data streamed
2020-03-31 11:50:00.857   CNC 5   INF   Workplace color: orange, order: , downtime: No reason downtime, user: 
2020-03-31 11:50:00.857   CNC 5   INF   Streaming data to LCD
2020-03-31 11:50:00.857   CNC 5   INF   Data streamed
2020-03-31 11:50:46.754   CNC 5   INF   Workplace color: green, order: Internal, downtime: , user:  
2020-03-31 11:50:46.755   CNC 5   INF   Streaming data to LCD
2020-03-31 11:50:46.755   CNC 5   INF   Data streamed
2020-03-31 11:50:57.021   CNC 5   INF   Workplace color: green, order: Internal, downtime: , user:  
2020-03-31 11:50:57.021   CNC 5   INF   Streaming data to LCD
2020-03-31 11:50:57.021   CNC 5   INF   Data streamed
2020-03-31 11:51:07.249   CNC 5   INF   Workplace color: green, order: Internal, downtime: , user:  
2020-03-31 11:51:07.249   CNC 5   INF   Streaming data to LCD
2020-03-31 11:51:07.249   CNC 5   INF   Data streamed
2020-03-31 11:51:17.638   CNC 5   INF   Workplace color: green, order: Internal, downtime: , user:  
2020-03-31 11:51:17.638   CNC 5   INF   Streaming data to LCD
2020-03-31 11:51:17.638   CNC 5   INF   Data streamed
2020-03-31 11:51:27.966   CNC 5   INF   Workplace color: green, order: Internal, downtime: , user:  
2020-03-31 11:51:27.966   CNC 5   INF   Streaming data to LCD
2020-03-31 11:51:27.966   CNC 5   INF   Data streamed
2020-03-31 11:51:38.153   CNC 5   INF   Workplace color: green, order: Internal, downtime: , user:  
2020-03-31 11:51:38.154   CNC 5   INF   Streaming data to LCD
2020-03-31 11:51:38.154   CNC 5   INF   Data streamed
2020-03-31 11:51:49.305   CNC 5   INF   Workplace color: green, order: Internal, downtime: , user:  
2020-03-31 11:51:49.305   CNC 5   INF   Streaming data to LCD
2020-03-31 11:51:49.305   CNC 5   INF   Data streamed
2020-03-31 11:51:59.699   CNC 5   INF   Workplace color: green, order: Internal, downtime: , user:  
2020-03-31 11:51:59.699   CNC 5   INF   Streaming data to LCD
2020-03-31 11:51:59.699   CNC 5   INF   Data streamed
2020-03-31 11:52:10.003   CNC 5   INF   Workplace color: green, order: Internal, downtime: , user:  
2020-03-31 11:52:10.003   CNC 5   INF   Streaming data to LCD
2020-03-31 11:52:10.003   CNC 5   INF   Data streamed
2020-03-31 11:52:20.340   CNC 5   INF   Workplace color: green, order: Internal, downtime: , user:  
2020-03-31 11:52:20.340   CNC 5   INF   Streaming data to LCD
2020-03-31 11:52:20.340   CNC 5   INF   Data streamed
2020-03-31 11:52:30.589   CNC 5   INF   Workplace color: green, order: Internal, downtime: , user:  
2020-03-31 11:52:30.589   CNC 5   INF   Streaming data to LCD
2020-03-31 11:52:30.589   CNC 5   INF   Data streamed
2020-03-31 11:52:40.865   CNC 5   INF   Workplace color: green, order: Internal, downtime: , user:  
2020-03-31 11:52:40.865   CNC 5   INF   Streaming data to LCD
2020-03-31 11:52:40.865   CNC 5   INF   Data streamed
2020-03-31 11:52:51.071   CNC 5   INF   Workplace color: green, order: Internal, downtime: , user:  
2020-03-31 11:52:51.071   CNC 5   INF   Streaming data to LCD
2020-03-31 11:52:51.071   CNC 5   INF   Data streamed
2020-03-31 11:53:01.267   CNC 5   INF   Workplace color: green, order: Internal, downtime: , user:  
2020-03-31 11:53:01.267   CNC 5   INF   Streaming data to LCD
2020-03-31 11:53:01.267   CNC 5   INF   Data streamed
2020-03-31 11:53:11.476   CNC 5   INF   Workplace color: green, order: Internal, downtime: , user:  
2020-03-31 11:53:11.476   CNC 5   INF   Streaming data to LCD
2020-03-31 11:53:11.476   CNC 5   INF   Data streamed
2020-03-31 11:53:21.689   CNC 5   INF   Workplace color: green, order: Internal, downtime: , user:  
2020-03-31 11:53:21.689   CNC 5   INF   Streaming data to LCD
2020-03-31 11:53:21.689   CNC 5   INF   Data streamed
2020-03-31 11:53:31.892   CNC 5   INF   Workplace color: green, order: Internal, downtime: , user:  
2020-03-31 11:53:31.892   CNC 5   INF   Streaming data to LCD
2020-03-31 11:53:31.892   CNC 5   INF   Data streamed
2020-03-31 11:53:42.095   CNC 5   INF   Workplace color: green, order: Internal, downtime: , user:  
2020-03-31 11:53:42.095   CNC 5   INF   Streaming data to LCD
2020-03-31 11:53:42.095   CNC 5   INF   Data streamed
2020-03-31 11:53:52.380   CNC 5   INF   Workplace color: green, order: Internal, downtime: , user:  
2020-03-31 11:53:52.380   CNC 5   INF   Streaming data to LCD
2020-03-31 11:53:52.380   CNC 5   INF   Data streamed
2020-03-31 11:54:02.707   CNC 5   INF   Workplace color: green, order: Internal, downtime: , user:  
2020-03-31 11:54:02.707   CNC 5   INF   Streaming data to LCD
2020-03-31 11:54:02.707   CNC 5   INF   Data streamed
2020-03-31 11:54:13.077   CNC 5   INF   Workplace color: green, order: Internal, downtime: , user:  
2020-03-31 11:54:13.077   CNC 5   INF   Streaming data to LCD
2020-03-31 11:54:13.077   CNC 5   INF   Data streamed
2020-03-31 11:54:23.441   CNC 5   INF   Workplace color: green, order: Internal, downtime: , user:  
2020-03-31 11:54:23.441   CNC 5   INF   Streaming data to LCD
2020-03-31 11:54:23.441   CNC 5   INF   Data streamed
2020-03-31 11:54:33.866   CNC 5   INF   Workplace color: green, order: Internal, downtime: , user:  
2020-03-31 11:54:33.866   CNC 5   INF   Streaming data to LCD
2020-03-31 11:54:33.867   CNC 5   INF   Data streamed
2020-03-31 11:54:44.344   CNC 5   INF   Workplace color: green, order: Internal, downtime: , user:  
2020-03-31 11:54:44.345   CNC 5   INF   Streaming data to LCD
2020-03-31 11:54:44.345   CNC 5   INF   Data streamed
2020-03-31 11:54:52.222   CNC 5   INF   Workplace color: green, order: Internal, downtime: , user:  
2020-03-31 11:54:52.222   CNC 5   INF   Streaming data to LCD
2020-03-31 11:54:52.222   CNC 5   INF   Data streamed
2020-03-31 11:55:03.620   CNC 5   INF   Workplace color: green, order: Internal, downtime: , user:  
2020-03-31 11:55:03.621   CNC 5   INF   Streaming data to LCD
2020-03-31 11:55:03.621   CNC 5   INF   Data streamed
2020-03-31 11:55:13.984   CNC 5   INF   Workplace color: green, order: Internal, downtime: , user:  
2020-03-31 11:55:13.984   CNC 5   INF   Streaming data to LCD
2020-03-31 11:55:13.984   CNC 5   INF   Data streamed
2020-03-31 11:55:24.383   CNC 5   INF   Workplace color: green, order: Internal, downtime: , user:  
2020-03-31 11:55:24.383   CNC 5   INF   Streaming data to LCD
2020-03-31 11:55:24.383   CNC 5   INF   Data streamed
2020-03-31 11:55:34.655   CNC 5   INF   Workplace color: green, order: Internal, downtime: , user:  
2020-03-31 11:55:34.655   CNC 5   INF   Streaming data to LCD
2020-03-31 11:55:34.655   CNC 5   INF   Data streamed
2020-03-31 11:55:45.101   CNC 5   INF   Workplace color: green, order: Internal, downtime: , user:  
2020-03-31 11:55:45.102   CNC 5   INF   Streaming data to LCD
2020-03-31 11:55:45.102   CNC 5   INF   Data streamed
2020-03-31 11:55:55.105   CNC 5   INF   Workplace color: green, order: Internal, downtime: , user:  
2020-03-31 11:55:55.105   CNC 5   INF   Streaming data to LCD
2020-03-31 11:55:55.105   CNC 5   INF   Data streamed
2020-03-31 11:56:05.536   CNC 5   INF   Workplace color: green, order: Internal, downtime: , user:  
2020-03-31 11:56:05.536   CNC 5   INF   Streaming data to LCD
2020-03-31 11:56:05.536   CNC 5   INF   Data streamed
2020-03-31 11:56:15.947   CNC 5   INF   Workplace color: green, order: Internal, downtime: , user:  
2020-03-31 11:56:15.947   CNC 5   INF   Streaming data to LCD
2020-03-31 11:56:15.947   CNC 5   INF   Data streamed
2020-03-31 11:56:26.492   CNC 5   INF   Workplace color: green, order: Internal, downtime: , user:  
2020-03-31 11:56:26.492   CNC 5   INF   Streaming data to LCD
2020-03-31 11:56:26.492   CNC 5   INF   Data streamed
2020-03-31 11:56:32.346   CNC 5   INF   Workplace color: green, order: Internal, downtime: , user:  
2020-03-31 11:56:32.346   CNC 5   INF   Streaming data to LCD
2020-03-31 11:56:32.347   CNC 5   INF   Data streamed
2020-03-31 11:56:42.639   CNC 5   INF   Workplace color: green, order: Internal, downtime: , user:  
2020-03-31 11:56:42.639   CNC 5   INF   Streaming data to LCD
2020-03-31 11:56:42.639   CNC 5   INF   Data streamed
2020-03-31 11:56:53.260   CNC 5   INF   Workplace color: green, order: Internal, downtime: , user:  
2020-03-31 11:56:53.261   CNC 5   INF   Streaming data to LCD
2020-03-31 11:56:53.261   CNC 5   INF   Data streamed
2020-03-31 11:57:03.800   CNC 5   INF   Workplace color: green, order: Internal, downtime: , user:  
2020-03-31 11:57:03.801   CNC 5   INF   Streaming data to LCD
2020-03-31 11:57:03.802   CNC 5   INF   Data streamed
2020-03-31 11:57:14.191   CNC 5   INF   Workplace color: green, order: Internal, downtime: , user:  
2020-03-31 11:57:14.191   CNC 5   INF   Streaming data to LCD
2020-03-31 11:57:14.191   CNC 5   INF   Data streamed
2020-03-31 11:57:24.378   CNC 5   INF   Workplace color: green, order: Internal, downtime: , user:  
2020-03-31 11:57:24.379   CNC 5   INF   Streaming data to LCD
2020-03-31 11:57:24.379   CNC 5   INF   Data streamed
2020-03-31 11:57:34.550   CNC 5   INF   Workplace color: green, order: Internal, downtime: , user:  
2020-03-31 11:57:34.550   CNC 5   INF   Streaming data to LCD
2020-03-31 11:57:34.551   CNC 5   INF   Data streamed
2020-03-31 11:57:44.804   CNC 5   INF   Workplace color: green, order: Internal, downtime: , user:  
2020-03-31 11:57:44.804   CNC 5   INF   Streaming data to LCD
2020-03-31 11:57:44.805   CNC 5   INF   Data streamed
2020-03-31 11:57:55.392   CNC 5   INF   Workplace color: green, order: Internal, downtime: , user:  
2020-03-31 11:57:55.392   CNC 5   INF   Streaming data to LCD
2020-03-31 11:57:55.392   CNC 5   INF   Data streamed
2020-03-31 11:58:06.090   CNC 5   INF   Workplace color: green, order: Internal, downtime: , user:  
2020-03-31 11:58:06.090   CNC 5   INF   Streaming data to LCD
2020-03-31 11:58:06.090   CNC 5   INF   Data streamed
2020-03-31 11:58:16.526   CNC 5   INF   Workplace color: green, order: Internal, downtime: , user:  
2020-03-31 11:58:16.551   CNC 5   INF   Streaming data to LCD
2020-03-31 11:58:16.552   CNC 5   INF   Data streamed
2020-03-31 11:58:26.920   CNC 5   INF   Workplace color: green, order: Internal, downtime: , user:  
2020-03-31 11:58:26.920   CNC 5   INF   Streaming data to LCD
2020-03-31 11:58:26.920   CNC 5   INF   Data streamed
2020-03-31 11:58:37.102   CNC 5   INF   Workplace color: green, order: Internal, downtime: , user:  
2020-03-31 11:58:37.102   CNC 5   INF   Streaming data to LCD
2020-03-31 11:58:37.102   CNC 5   INF   Data streamed
2020-03-31 11:58:47.266   CNC 5   INF   Workplace color: green, order: Internal, downtime: , user:  
2020-03-31 11:58:47.266   CNC 5   INF   Streaming data to LCD
2020-03-31 11:58:47.266   CNC 5   INF   Data streamed
2020-03-31 11:58:57.457   CNC 5   INF   Workplace color: green, order: Internal, downtime: , user:  
2020-03-31 11:58:57.457   CNC 5   INF   Streaming data to LCD
2020-03-31 11:58:57.458   CNC 5   INF   Data streamed
2020-03-31 11:59:07.655   CNC 5   INF   Workplace color: green, order: Internal, downtime: , user:  
2020-03-31 11:59:07.655   CNC 5   INF   Streaming data to LCD
2020-03-31 11:59:07.655   CNC 5   INF   Data streamed
2020-03-31 11:59:17.830   CNC 5   INF   Workplace color: green, order: Internal, downtime: , user:  
2020-03-31 11:59:17.831   CNC 5   INF   Streaming data to LCD
2020-03-31 11:59:17.831   CNC 5   INF   Data streamed
2020-03-31 11:59:28.000   CNC 5   INF   Workplace color: green, order: Internal, downtime: , user:  
2020-03-31 11:59:28.000   CNC 5   INF   Streaming data to LCD
2020-03-31 11:59:28.001   CNC 5   INF   Data streamed
2020-03-31 11:59:38.192   CNC 5   INF   Workplace color: green, order: Internal, downtime: , user:  
2020-03-31 11:59:38.192   CNC 5   INF   Streaming data to LCD
2020-03-31 11:59:38.192   CNC 5   INF   Data streamed
2020-03-31 11:59:48.434   CNC 5   INF   Workplace color: green, order: Internal, downtime: , user:  
2020-03-31 11:59:48.434   CNC 5   INF   Streaming data to LCD
2020-03-31 11:59:48.434   CNC 5   INF   Data streamed
2020-03-31 11:59:58.622   CNC 5   INF   Workplace color: green, order: Internal, downtime: , user:  
2020-03-31 11:59:58.623   CNC 5   INF   Streaming data to LCD
2020-03-31 11:59:58.623   CNC 5   INF   Data streamed
2020-03-31 12:00:08.820   CNC 5   INF   Workplace color: green, order: Internal, downtime: , user:  
2020-03-31 12:00:08.820   CNC 5   INF   Streaming data to LCD
2020-03-31 12:00:08.820   CNC 5   INF   Data streamed
2020-03-31 12:00:18.998   CNC 5   INF   Workplace color: green, order: Internal, downtime: , user:  
2020-03-31 12:00:18.999   CNC 5   INF   Streaming data to LCD
2020-03-31 12:00:18.999   CNC 5   INF   Data streamed
2020-03-31 12:00:29.198   CNC 5   INF   Workplace color: green, order: Internal, downtime: , user:  
2020-03-31 12:00:29.199   CNC 5   INF   Streaming data to LCD
2020-03-31 12:00:29.199   CNC 5   INF   Data streamed
2020-03-31 12:00:49.386   CNC 5   INF   Workplace color: green, order: Internal, downtime: , user:  
2020-03-31 12:00:49.386   CNC 5   INF   Streaming data to LCD
2020-03-31 12:00:49.386   CNC 5   INF   Data streamed
2020-03-31 12:01:19.611   CNC 5   INF   Workplace color: green, order: Internal, downtime: , user:  
2020-03-31 12:01:19.611   CNC 5   INF   Streaming data to LCD
2020-03-31 12:01:19.611   CNC 5   INF   Data streamed
2020-03-31 12:01:29.830   CNC 5   INF   Workplace color: green, order: Internal, downtime: , user:  
2020-03-31 12:01:29.830   CNC 5   INF   Streaming data to LCD
2020-03-31 12:01:29.830   CNC 5   INF   Data streamed
2020-03-31 12:01:40.006   CNC 5   INF   Workplace color: green, order: Internal, downtime: , user:  
2020-03-31 12:01:40.006   CNC 5   INF   Streaming data to LCD
2020-03-31 12:01:40.006   CNC 5   INF   Data streamed
2020-03-31 12:01:50.177   CNC 5   INF   Workplace color: green, order: Internal, downtime: , user:  
2020-03-31 12:01:50.177   CNC 5   INF   Streaming data to LCD
2020-03-31 12:01:50.177   CNC 5   INF   Data streamed
2020-03-31 12:02:00.345   CNC 5   INF   Workplace color: green, order: Internal, downtime: , user:  
2020-03-31 12:02:00.345   CNC 5   INF   Streaming data to LCD
2020-03-31 12:02:00.345   CNC 5   INF   Data streamed
2020-03-31 12:02:10.519   CNC 5   INF   Workplace color: green, order: Internal, downtime: , user:  
2020-03-31 12:02:10.520   CNC 5   INF   Streaming data to LCD
2020-03-31 12:02:10.520   CNC 5   INF   Data streamed
2020-03-31 12:02:20.711   CNC 5   INF   Workplace color: green, order: Internal, downtime: , user:  
2020-03-31 12:02:20.711   CNC 5   INF   Streaming data to LCD
2020-03-31 12:02:20.711   CNC 5   INF   Data streamed
2020-03-31 12:02:30.885   CNC 5   INF   Workplace color: green, order: Internal, downtime: , user:  
2020-03-31 12:02:30.885   CNC 5   INF   Streaming data to LCD
2020-03-31 12:02:30.885   CNC 5   INF   Data streamed
2020-03-31 12:02:41.065   CNC 5   INF   Workplace color: green, order: Internal, downtime: , user:  
2020-03-31 12:02:41.065   CNC 5   INF   Streaming data to LCD
2020-03-31 12:02:41.065   CNC 5   INF   Data streamed
2020-03-31 12:02:51.355   CNC 5   INF   Workplace color: green, order: Internal, downtime: , user:  
2020-03-31 12:02:51.355   CNC 5   INF   Streaming data to LCD
2020-03-31 12:02:51.355   CNC 5   INF   Data streamed
2020-03-31 12:03:02.095   CNC 5   INF   Workplace color: green, order: Internal, downtime: , user:  
2020-03-31 12:03:02.095   CNC 5   INF   Streaming data to LCD
2020-03-31 12:03:02.095   CNC 5   INF   Data streamed
2020-03-31 12:03:12.602   CNC 5   INF   Workplace color: green, order: Internal, downtime: , user:  
2020-03-31 12:03:12.602   CNC 5   INF   Streaming data to LCD
2020-03-31 12:03:12.603   CNC 5   INF   Data streamed
2020-03-31 12:03:22.790   CNC 5   INF   Workplace color: green, order: Internal, downtime: , user:  
2020-03-31 12:03:22.790   CNC 5   INF   Streaming data to LCD
2020-03-31 12:03:22.790   CNC 5   INF   Data streamed
2020-03-31 12:03:32.984   CNC 5   INF   Workplace color: green, order: Internal, downtime: , user:  
2020-03-31 12:03:32.984   CNC 5   INF   Streaming data to LCD
2020-03-31 12:03:32.984   CNC 5   INF   Data streamed
2020-03-31 12:03:43.169   CNC 5   INF   Workplace color: green, order: Internal, downtime: , user:  
2020-03-31 12:03:43.169   CNC 5   INF   Streaming data to LCD
2020-03-31 12:03:43.169   CNC 5   INF   Data streamed
2020-03-31 12:03:53.408   CNC 5   INF   Workplace color: green, order: Internal, downtime: , user:  
2020-03-31 12:03:53.408   CNC 5   INF   Streaming data to LCD
2020-03-31 12:03:53.408   CNC 5   INF   Data streamed
2020-03-31 12:04:03.578   CNC 5   INF   Workplace color: green, order: Internal, downtime: , user:  
2020-03-31 12:04:03.578   CNC 5   INF   Streaming data to LCD
2020-03-31 12:04:03.578   CNC 5   INF   Data streamed
2020-03-31 12:04:13.757   CNC 5   INF   Workplace color: green, order: Internal, downtime: , user:  
2020-03-31 12:04:13.757   CNC 5   INF   Streaming data to LCD
2020-03-31 12:04:13.757   CNC 5   INF   Data streamed
2020-03-31 12:04:23.938   CNC 5   INF   Workplace color: green, order: Internal, downtime: , user:  
2020-03-31 12:04:23.938   CNC 5   INF   Streaming data to LCD
2020-03-31 12:04:23.938   CNC 5   INF   Data streamed
2020-03-31 12:04:34.104   CNC 5   INF   Workplace color: green, order: Internal, downtime: , user:  
2020-03-31 12:04:34.104   CNC 5   INF   Streaming data to LCD
2020-03-31 12:04:34.104   CNC 5   INF   Data streamed
2020-03-31 12:04:44.278   CNC 5   INF   Workplace color: green, order: Internal, downtime: , user:  
2020-03-31 12:04:44.278   CNC 5   INF   Streaming data to LCD
2020-03-31 12:04:44.278   CNC 5   INF   Data streamed
2020-03-31 12:04:54.440   CNC 5   INF   Workplace color: green, order: Internal, downtime: , user:  
2020-03-31 12:04:54.440   CNC 5   INF   Streaming data to LCD
2020-03-31 12:04:54.440   CNC 5   INF   Data streamed
2020-03-31 12:05:04.613   CNC 5   INF   Workplace color: green, order: Internal, downtime: , user:  
2020-03-31 12:05:04.613   CNC 5   INF   Streaming data to LCD
2020-03-31 12:05:04.614   CNC 5   INF   Data streamed
2020-03-31 12:05:14.783   CNC 5   INF   Workplace color: green, order: Internal, downtime: , user:  
2020-03-31 12:05:14.783   CNC 5   INF   Streaming data to LCD
2020-03-31 12:05:14.783   CNC 5   INF   Data streamed
2020-03-31 12:05:24.961   CNC 5   INF   Workplace color: green, order: Internal, downtime: , user:  
2020-03-31 12:05:24.961   CNC 5   INF   Streaming data to LCD
2020-03-31 12:05:24.961   CNC 5   INF   Data streamed
2020-03-31 12:05:35.163   CNC 5   INF   Workplace color: green, order: Internal, downtime: , user:  
2020-03-31 12:05:35.163   CNC 5   INF   Streaming data to LCD
2020-03-31 12:05:35.163   CNC 5   INF   Data streamed
2020-03-31 12:05:45.345   CNC 5   INF   Workplace color: green, order: Internal, downtime: , user:  
2020-03-31 12:05:45.345   CNC 5   INF   Streaming data to LCD
2020-03-31 12:05:45.345   CNC 5   INF   Data streamed
2020-03-31 12:05:55.502   CNC 5   INF   Workplace color: red, order: Internal, downtime: , user:  
2020-03-31 12:05:55.502   CNC 5   INF   Streaming data to LCD
2020-03-31 12:05:55.503   CNC 5   INF   Data streamed
2020-03-31 12:06:05.681   CNC 5   INF   Workplace color: red, order: , downtime: , user: 
2020-03-31 12:06:05.681   CNC 5   INF   Streaming data to LCD
2020-03-31 12:06:05.681   CNC 5   INF   Data streamed
2020-03-31 12:06:15.868   CNC 5   INF   Workplace color: red, order: , downtime: , user: 
2020-03-31 12:06:15.868   CNC 5   INF   Streaming data to LCD
2020-03-31 12:06:15.868   CNC 5   INF   Data streamed
2020-03-31 12:06:26.052   CNC 5   INF   Workplace color: red, order: , downtime: , user: 
2020-03-31 12:06:26.052   CNC 5   INF   Streaming data to LCD
2020-03-31 12:06:26.052   CNC 5   INF   Data streamed
2020-03-31 12:06:36.225   CNC 5   INF   Workplace color: red, order: , downtime: , user: 
2020-03-31 12:06:36.225   CNC 5   INF   Streaming data to LCD
2020-03-31 12:06:36.225   CNC 5   INF   Data streamed
2020-03-31 12:06:46.407   CNC 5   INF   Workplace color: red, order: , downtime: , user: 
2020-03-31 12:06:46.408   CNC 5   INF   Streaming data to LCD
2020-03-31 12:06:46.408   CNC 5   INF   Data streamed
2020-03-31 12:06:54.435   CNC 5   INF   Workplace color: red, order: , downtime: , user: 
2020-03-31 12:06:54.435   CNC 5   INF   Streaming data to LCD
2020-03-31 12:06:54.435   CNC 5   INF   Data streamed
2020-03-31 12:07:04.835   CNC 5   INF   Workplace color: red, order: , downtime: , user: 
2020-03-31 12:07:04.835   CNC 5   INF   Streaming data to LCD
2020-03-31 12:07:04.835   CNC 5   INF   Data streamed
2020-03-31 12:07:15.136   CNC 5   INF   Workplace color: red, order: , downtime: , user: 
2020-03-31 12:07:15.136   CNC 5   INF   Streaming data to LCD
2020-03-31 12:07:15.136   CNC 5   INF   Data streamed
2020-03-31 12:07:25.368   CNC 5   INF   Workplace color: red, order: , downtime: , user: 
2020-03-31 12:07:25.368   CNC 5   INF   Streaming data to LCD
2020-03-31 12:07:25.368   CNC 5   INF   Data streamed
2020-03-31 12:07:35.680   CNC 5   INF   Workplace color: red, order: , downtime: , user: 
2020-03-31 12:07:35.680   CNC 5   INF   Streaming data to LCD
2020-03-31 12:07:35.680   CNC 5   INF   Data streamed
2020-03-31 12:07:46.134   CNC 5   INF   Workplace color: red, order: , downtime: , user: 
2020-03-31 12:07:46.134   CNC 5   INF   Streaming data to LCD
2020-03-31 12:07:46.135   CNC 5   INF   Data streamed
2020-03-31 12:07:56.498   CNC 5   INF   Workplace color: red, order: , downtime: , user: 
2020-03-31 12:07:56.498   CNC 5   INF   Streaming data to LCD
2020-03-31 12:07:56.498   CNC 5   INF   Data streamed
2020-03-31 12:08:06.892   CNC 5   INF   Workplace color: red, order: , downtime: , user: 
2020-03-31 12:08:06.893   CNC 5   INF   Streaming data to LCD
2020-03-31 12:08:06.893   CNC 5   INF   Data streamed
2020-03-31 12:08:17.270   CNC 5   INF   Workplace color: red, order: , downtime: , user: 
2020-03-31 12:08:17.270   CNC 5   INF   Streaming data to LCD
2020-03-31 12:08:17.270   CNC 5   INF   Data streamed
2020-03-31 12:08:27.479   CNC 5   INF   Workplace color: red, order: , downtime: , user: 
2020-03-31 12:08:27.479   CNC 5   INF   Streaming data to LCD
2020-03-31 12:08:27.479   CNC 5   INF   Data streamed
