2020-03-05 12:46:07.364   CNC 4   INF   Workplace color: yellow
2020-03-05 12:46:07.365   CNC 4   INF   Streaming data to LCD
2020-03-05 12:46:07.365   CNC 4   INF   Data streamed
2020-03-05 13:01:44.685   CNC 4   INF   Workplace color: yellow
2020-03-05 13:01:44.686   CNC 4   INF   Streaming data to LCD
2020-03-05 13:01:44.686   CNC 4   INF   Data streamed
2020-03-05 13:01:54.849   CNC 4   INF   Workplace color: yellow
2020-03-05 13:01:54.849   CNC 4   INF   Streaming data to LCD
2020-03-05 13:01:54.849   CNC 4   INF   Data streamed
2020-03-05 13:02:04.996   CNC 4   INF   Workplace color: yellow
2020-03-05 13:02:04.996   CNC 4   INF   Streaming data to LCD
2020-03-05 13:02:04.997   CNC 4   INF   Data streamed
2020-03-05 13:02:15.129   CNC 4   INF   Workplace color: yellow
2020-03-05 13:02:15.129   CNC 4   INF   Streaming data to LCD
2020-03-05 13:02:15.129   CNC 4   INF   Data streamed
2020-03-05 13:02:25.269   CNC 4   INF   Workplace color: yellow
2020-03-05 13:02:25.269   CNC 4   INF   Streaming data to LCD
2020-03-05 13:02:25.269   CNC 4   INF   Data streamed
2020-03-05 13:02:35.430   CNC 4   INF   Workplace color: yellow
2020-03-05 13:02:35.430   CNC 4   INF   Streaming data to LCD
2020-03-05 13:02:35.430   CNC 4   INF   Data streamed
2020-03-05 13:02:45.589   CNC 4   INF   Workplace color: yellow
2020-03-05 13:02:45.589   CNC 4   INF   Streaming data to LCD
2020-03-05 13:02:45.589   CNC 4   INF   Data streamed
2020-03-05 13:02:55.714   CNC 4   INF   Workplace color: yellow
2020-03-05 13:02:55.714   CNC 4   INF   Streaming data to LCD
2020-03-05 13:02:55.714   CNC 4   INF   Data streamed
2020-03-05 13:03:05.857   CNC 4   INF   Workplace color: yellow
2020-03-05 13:03:05.857   CNC 4   INF   Streaming data to LCD
2020-03-05 13:03:05.857   CNC 4   INF   Data streamed
2020-03-05 13:03:15.994   CNC 4   INF   Workplace color: yellow
2020-03-05 13:03:15.994   CNC 4   INF   Streaming data to LCD
2020-03-05 13:03:15.994   CNC 4   INF   Data streamed
2020-03-05 13:03:26.135   CNC 4   INF   Workplace color: yellow
2020-03-05 13:03:26.135   CNC 4   INF   Streaming data to LCD
2020-03-05 13:03:26.135   CNC 4   INF   Data streamed
2020-03-05 13:03:36.264   CNC 4   INF   Workplace color: yellow
2020-03-05 13:03:36.264   CNC 4   INF   Streaming data to LCD
2020-03-05 13:03:36.264   CNC 4   INF   Data streamed
2020-03-05 13:03:46.394   CNC 4   INF   Workplace color: yellow
2020-03-05 13:03:46.395   CNC 4   INF   Streaming data to LCD
2020-03-05 13:03:46.395   CNC 4   INF   Data streamed
2020-03-05 13:03:56.528   CNC 4   INF   Workplace color: yellow
2020-03-05 13:03:56.528   CNC 4   INF   Streaming data to LCD
2020-03-05 13:03:56.528   CNC 4   INF   Data streamed
2020-03-05 13:04:07.507   CNC 4   INF   Workplace color: yellow
2020-03-05 13:04:07.507   CNC 4   INF   Streaming data to LCD
2020-03-05 13:04:07.507   CNC 4   INF   Data streamed
2020-03-05 13:04:12.593   CNC 4   INF   Workplace color: orange
2020-03-05 13:04:12.593   CNC 4   INF   Streaming data to LCD
2020-03-05 13:04:12.593   CNC 4   INF   Data streamed
2020-03-05 13:04:22.727   CNC 4   INF   Workplace color: orange
2020-03-05 13:04:22.727   CNC 4   INF   Streaming data to LCD
2020-03-05 13:04:22.727   CNC 4   INF   Data streamed
2020-03-05 13:04:33.097   CNC 4   INF   Workplace color: orange
2020-03-05 13:04:33.098   CNC 4   INF   Streaming data to LCD
2020-03-05 13:04:33.098   CNC 4   INF   Data streamed
2020-03-05 13:04:43.242   CNC 4   INF   Workplace color: orange
2020-03-05 13:04:43.242   CNC 4   INF   Streaming data to LCD
2020-03-05 13:04:43.242   CNC 4   INF   Data streamed
2020-03-05 13:04:53.660   CNC 4   INF   Workplace color: orange
2020-03-05 13:04:53.661   CNC 4   INF   Streaming data to LCD
2020-03-05 13:04:53.661   CNC 4   INF   Data streamed
2020-03-05 13:08:21.126   CNC 4   INF   Workplace color: red
2020-03-05 13:08:21.126   CNC 4   INF   Streaming data to LCD
2020-03-05 13:08:21.126   CNC 4   INF   Data streamed
2020-03-05 13:08:31.472   CNC 4   INF   Workplace color: red
2020-03-05 13:08:31.473   CNC 4   INF   Streaming data to LCD
2020-03-05 13:08:31.473   CNC 4   INF   Data streamed
2020-03-05 13:08:41.710   CNC 4   INF   Workplace color: red
2020-03-05 13:08:41.710   CNC 4   INF   Streaming data to LCD
2020-03-05 13:08:41.710   CNC 4   INF   Data streamed
2020-03-05 13:09:06.117   CNC 4   INF   Workplace color: red
2020-03-05 13:09:06.117   CNC 4   INF   Streaming data to LCD
2020-03-05 13:09:06.117   CNC 4   INF   Data streamed
2020-03-05 13:09:16.462   CNC 4   INF   Workplace color: red
2020-03-05 13:09:16.462   CNC 4   INF   Streaming data to LCD
2020-03-05 13:09:16.462   CNC 4   INF   Data streamed
2020-03-05 13:09:27.104   CNC 4   INF   Workplace color: red
2020-03-05 13:09:27.104   CNC 4   INF   Streaming data to LCD
2020-03-05 13:09:27.104   CNC 4   INF   Data streamed
2020-03-05 13:09:37.566   CNC 4   INF   Workplace color: red
2020-03-05 13:09:37.566   CNC 4   INF   Streaming data to LCD
2020-03-05 13:09:37.566   CNC 4   INF   Data streamed
2020-03-05 13:09:47.793   CNC 4   INF   Workplace color: red
2020-03-05 13:09:47.793   CNC 4   INF   Streaming data to LCD
2020-03-05 13:09:47.793   CNC 4   INF   Data streamed
2020-03-05 13:09:59.210   CNC 4   INF   Workplace color: red
2020-03-05 13:09:59.210   CNC 4   INF   Streaming data to LCD
2020-03-05 13:09:59.210   CNC 4   INF   Data streamed
2020-03-05 13:10:30.178   CNC 4   INF   Workplace color: red
2020-03-05 13:10:30.178   CNC 4   INF   Streaming data to LCD
2020-03-05 13:10:30.178   CNC 4   INF   Data streamed
2020-03-05 13:10:55.959   CNC 4   INF   Workplace color: red
2020-03-05 13:10:55.959   CNC 4   INF   Streaming data to LCD
2020-03-05 13:10:55.959   CNC 4   INF   Data streamed
2020-03-05 13:11:19.516   CNC 4   INF   Workplace color: red
2020-03-05 13:11:19.516   CNC 4   INF   Streaming data to LCD
2020-03-05 13:11:19.516   CNC 4   INF   Data streamed
2020-03-05 13:22:39.509   CNC 4   INF   Workplace color: red
2020-03-05 13:22:39.509   CNC 4   INF   Streaming data to LCD
2020-03-05 13:22:39.509   CNC 4   INF   Data streamed
2020-03-05 13:22:49.758   CNC 4   INF   Workplace color: red
2020-03-05 13:22:49.758   CNC 4   INF   Streaming data to LCD
2020-03-05 13:22:49.758   CNC 4   INF   Data streamed
2020-03-05 13:22:59.918   CNC 4   INF   Workplace color: red
2020-03-05 13:22:59.918   CNC 4   INF   Streaming data to LCD
2020-03-05 13:22:59.919   CNC 4   INF   Data streamed
2020-03-05 13:23:10.187   CNC 4   INF   Workplace color: red
2020-03-05 13:23:10.187   CNC 4   INF   Streaming data to LCD
2020-03-05 13:23:10.187   CNC 4   INF   Data streamed
2020-03-05 13:23:20.472   CNC 4   INF   Workplace color: red
2020-03-05 13:23:20.473   CNC 4   INF   Streaming data to LCD
2020-03-05 13:23:20.473   CNC 4   INF   Data streamed
2020-03-05 13:23:30.664   CNC 4   INF   Workplace color: red
2020-03-05 13:23:30.665   CNC 4   INF   Streaming data to LCD
2020-03-05 13:23:30.665   CNC 4   INF   Data streamed
2020-03-05 13:23:41.083   CNC 4   INF   Workplace color: red
2020-03-05 13:23:41.083   CNC 4   INF   Streaming data to LCD
2020-03-05 13:23:41.083   CNC 4   INF   Data streamed
2020-03-05 13:23:51.432   CNC 4   INF   Workplace color: red
2020-03-05 13:23:51.432   CNC 4   INF   Streaming data to LCD
2020-03-05 13:23:51.433   CNC 4   INF   Data streamed
2020-03-05 13:24:01.743   CNC 4   INF   Workplace color: red
2020-03-05 13:24:01.743   CNC 4   INF   Streaming data to LCD
2020-03-05 13:24:01.743   CNC 4   INF   Data streamed
2020-03-05 13:24:12.074   CNC 4   INF   Workplace color: red
2020-03-05 13:24:12.074   CNC 4   INF   Streaming data to LCD
2020-03-05 13:24:12.074   CNC 4   INF   Data streamed
2020-03-05 13:24:22.389   CNC 4   INF   Workplace color: red
2020-03-05 13:24:22.389   CNC 4   INF   Streaming data to LCD
2020-03-05 13:24:22.389   CNC 4   INF   Data streamed
2020-03-05 13:24:32.678   CNC 4   INF   Workplace color: red
2020-03-05 13:24:32.678   CNC 4   INF   Streaming data to LCD
2020-03-05 13:24:32.679   CNC 4   INF   Data streamed
2020-03-05 13:24:42.873   CNC 4   INF   Workplace color: red
2020-03-05 13:24:42.873   CNC 4   INF   Streaming data to LCD
2020-03-05 13:24:42.873   CNC 4   INF   Data streamed
2020-03-05 13:24:53.292   CNC 4   INF   Workplace color: red
2020-03-05 13:24:53.292   CNC 4   INF   Streaming data to LCD
2020-03-05 13:24:53.293   CNC 4   INF   Data streamed
2020-03-05 13:25:04.269   CNC 4   INF   Workplace color: red
2020-03-05 13:25:04.269   CNC 4   INF   Streaming data to LCD
2020-03-05 13:25:04.269   CNC 4   INF   Data streamed
2020-03-05 13:25:14.683   CNC 4   INF   Workplace color: red
2020-03-05 13:25:14.684   CNC 4   INF   Streaming data to LCD
2020-03-05 13:25:14.684   CNC 4   INF   Data streamed
2020-03-05 13:25:25.113   CNC 4   INF   Workplace color: red
2020-03-05 13:25:25.113   CNC 4   INF   Streaming data to LCD
2020-03-05 13:25:25.114   CNC 4   INF   Data streamed
2020-03-05 13:25:35.272   CNC 4   INF   Workplace color: red
2020-03-05 13:25:35.272   CNC 4   INF   Streaming data to LCD
2020-03-05 13:25:35.272   CNC 4   INF   Data streamed
2020-03-05 13:25:45.533   CNC 4   INF   Workplace color: red
2020-03-05 13:25:45.533   CNC 4   INF   Streaming data to LCD
2020-03-05 13:25:45.534   CNC 4   INF   Data streamed
2020-03-05 13:25:55.906   CNC 4   INF   Workplace color: red
2020-03-05 13:25:55.906   CNC 4   INF   Streaming data to LCD
2020-03-05 13:25:55.906   CNC 4   INF   Data streamed
2020-03-05 13:26:06.288   CNC 4   INF   Workplace color: red
2020-03-05 13:26:06.288   CNC 4   INF   Streaming data to LCD
2020-03-05 13:26:06.288   CNC 4   INF   Data streamed
2020-03-05 13:26:16.620   CNC 4   INF   Workplace color: red
2020-03-05 13:26:16.620   CNC 4   INF   Streaming data to LCD
2020-03-05 13:26:16.620   CNC 4   INF   Data streamed
2020-03-05 13:26:26.934   CNC 4   INF   Workplace color: red
2020-03-05 13:26:26.934   CNC 4   INF   Streaming data to LCD
2020-03-05 13:26:26.934   CNC 4   INF   Data streamed
2020-03-05 13:26:37.271   CNC 4   INF   Workplace color: red
2020-03-05 13:26:37.271   CNC 4   INF   Streaming data to LCD
2020-03-05 13:26:37.271   CNC 4   INF   Data streamed
2020-03-05 13:26:43.192   CNC 4   INF   Workplace color: red
2020-03-05 13:26:43.192   CNC 4   INF   Streaming data to LCD
2020-03-05 13:26:43.192   CNC 4   INF   Data streamed
2020-03-05 13:26:53.811   CNC 4   INF   Workplace color: red
2020-03-05 13:26:53.811   CNC 4   INF   Streaming data to LCD
2020-03-05 13:26:53.811   CNC 4   INF   Data streamed
2020-03-05 13:27:04.023   CNC 4   INF   Workplace color: red
2020-03-05 13:27:04.024   CNC 4   INF   Streaming data to LCD
2020-03-05 13:27:04.024   CNC 4   INF   Data streamed
2020-03-05 13:27:14.220   CNC 4   INF   Workplace color: red
2020-03-05 13:27:14.220   CNC 4   INF   Streaming data to LCD
2020-03-05 13:27:14.221   CNC 4   INF   Data streamed
2020-03-05 13:27:24.574   CNC 4   INF   Workplace color: red
2020-03-05 13:27:24.574   CNC 4   INF   Streaming data to LCD
2020-03-05 13:27:24.575   CNC 4   INF   Data streamed
2020-03-05 13:27:35.266   CNC 4   INF   Workplace color: red
2020-03-05 13:27:35.267   CNC 4   INF   Streaming data to LCD
2020-03-05 13:27:35.267   CNC 4   INF   Data streamed
2020-03-05 13:27:45.923   CNC 4   INF   Workplace color: red
2020-03-05 13:27:45.923   CNC 4   INF   Streaming data to LCD
2020-03-05 13:27:45.923   CNC 4   INF   Data streamed
2020-03-05 13:27:55.868   CNC 4   INF   Workplace color: red
2020-03-05 13:27:55.868   CNC 4   INF   Streaming data to LCD
2020-03-05 13:27:55.868   CNC 4   INF   Data streamed
2020-03-05 13:28:06.229   CNC 4   INF   Workplace color: red
2020-03-05 13:28:06.229   CNC 4   INF   Streaming data to LCD
2020-03-05 13:28:06.229   CNC 4   INF   Data streamed
2020-03-05 13:28:16.552   CNC 4   INF   Workplace color: red
2020-03-05 13:28:16.552   CNC 4   INF   Streaming data to LCD
2020-03-05 13:28:16.552   CNC 4   INF   Data streamed
2020-03-05 13:28:26.736   CNC 4   INF   Workplace color: red
2020-03-05 13:28:26.736   CNC 4   INF   Streaming data to LCD
2020-03-05 13:28:26.736   CNC 4   INF   Data streamed
2020-03-05 13:28:36.945   CNC 4   INF   Workplace color: red
2020-03-05 13:28:36.945   CNC 4   INF   Streaming data to LCD
2020-03-05 13:28:36.945   CNC 4   INF   Data streamed
2020-03-05 13:28:47.264   CNC 4   INF   Workplace color: red
2020-03-05 13:28:47.264   CNC 4   INF   Streaming data to LCD
2020-03-05 13:28:47.264   CNC 4   INF   Data streamed
2020-03-05 13:28:57.628   CNC 4   INF   Workplace color: red
2020-03-05 13:28:57.628   CNC 4   INF   Streaming data to LCD
2020-03-05 13:28:57.628   CNC 4   INF   Data streamed
2020-03-05 13:29:31.555   CNC 4   INF   Workplace color: red
2020-03-05 13:29:31.555   CNC 4   INF   Streaming data to LCD
2020-03-05 13:29:31.555   CNC 4   INF   Data streamed
2020-03-05 13:29:41.724   CNC 4   INF   Workplace color: red
2020-03-05 13:29:41.724   CNC 4   INF   Streaming data to LCD
2020-03-05 13:29:41.724   CNC 4   INF   Data streamed
2020-03-05 13:29:51.902   CNC 4   INF   Workplace color: red
2020-03-05 13:29:51.902   CNC 4   INF   Streaming data to LCD
2020-03-05 13:29:51.903   CNC 4   INF   Data streamed
2020-03-05 13:30:02.216   CNC 4   INF   Workplace color: red
2020-03-05 13:30:02.216   CNC 4   INF   Streaming data to LCD
2020-03-05 13:30:02.217   CNC 4   INF   Data streamed
2020-03-05 13:30:12.399   CNC 4   INF   Workplace color: red
2020-03-05 13:30:12.399   CNC 4   INF   Streaming data to LCD
2020-03-05 13:30:12.399   CNC 4   INF   Data streamed
2020-03-05 13:30:22.690   CNC 4   INF   Workplace color: red
2020-03-05 13:30:22.690   CNC 4   INF   Streaming data to LCD
2020-03-05 13:30:22.690   CNC 4   INF   Data streamed
2020-03-05 13:30:32.987   CNC 4   INF   Workplace color: red
2020-03-05 13:30:32.987   CNC 4   INF   Streaming data to LCD
2020-03-05 13:30:32.987   CNC 4   INF   Data streamed
2020-03-05 13:30:43.160   CNC 4   INF   Workplace color: red
2020-03-05 13:30:43.160   CNC 4   INF   Streaming data to LCD
2020-03-05 13:30:43.160   CNC 4   INF   Data streamed
2020-03-05 13:30:53.359   CNC 4   INF   Workplace color: red
2020-03-05 13:30:53.359   CNC 4   INF   Streaming data to LCD
2020-03-05 13:30:53.359   CNC 4   INF   Data streamed
2020-03-05 13:31:03.864   CNC 4   INF   Workplace color: red
2020-03-05 13:31:03.864   CNC 4   INF   Streaming data to LCD
2020-03-05 13:31:03.864   CNC 4   INF   Data streamed
2020-03-05 13:31:14.207   CNC 4   INF   Workplace color: red
2020-03-05 13:31:14.207   CNC 4   INF   Streaming data to LCD
2020-03-05 13:31:14.207   CNC 4   INF   Data streamed
2020-03-05 13:31:24.382   CNC 4   INF   Workplace color: red
2020-03-05 13:31:24.382   CNC 4   INF   Streaming data to LCD
2020-03-05 13:31:24.382   CNC 4   INF   Data streamed
2020-03-05 13:31:34.874   CNC 4   INF   Workplace color: red
2020-03-05 13:31:34.874   CNC 4   INF   Streaming data to LCD
2020-03-05 13:31:34.874   CNC 4   INF   Data streamed
2020-03-05 13:31:45.178   CNC 4   INF   Workplace color: red
2020-03-05 13:31:45.178   CNC 4   INF   Streaming data to LCD
2020-03-05 13:31:45.178   CNC 4   INF   Data streamed
2020-03-05 13:31:55.441   CNC 4   INF   Workplace color: red
2020-03-05 13:31:55.442   CNC 4   INF   Streaming data to LCD
2020-03-05 13:31:55.442   CNC 4   INF   Data streamed
2020-03-05 13:32:05.644   CNC 4   INF   Workplace color: red
2020-03-05 13:32:05.644   CNC 4   INF   Streaming data to LCD
2020-03-05 13:32:05.644   CNC 4   INF   Data streamed
2020-03-05 13:32:15.820   CNC 4   INF   Workplace color: red
2020-03-05 13:32:15.820   CNC 4   INF   Streaming data to LCD
2020-03-05 13:32:15.820   CNC 4   INF   Data streamed
2020-03-05 13:32:26.024   CNC 4   INF   Workplace color: red
2020-03-05 13:32:26.024   CNC 4   INF   Streaming data to LCD
2020-03-05 13:32:26.024   CNC 4   INF   Data streamed
2020-03-05 13:32:36.222   CNC 4   INF   Workplace color: red
2020-03-05 13:32:36.223   CNC 4   INF   Streaming data to LCD
2020-03-05 13:32:36.223   CNC 4   INF   Data streamed
2020-03-05 13:32:46.507   CNC 4   INF   Workplace color: red
2020-03-05 13:32:46.507   CNC 4   INF   Streaming data to LCD
2020-03-05 13:32:46.507   CNC 4   INF   Data streamed
2020-03-05 13:32:56.993   CNC 4   INF   Workplace color: red
2020-03-05 13:32:56.993   CNC 4   INF   Streaming data to LCD
2020-03-05 13:32:56.993   CNC 4   INF   Data streamed
2020-03-05 13:33:07.291   CNC 4   INF   Workplace color: red
2020-03-05 13:33:07.291   CNC 4   INF   Streaming data to LCD
2020-03-05 13:33:07.291   CNC 4   INF   Data streamed
2020-03-05 13:33:17.575   CNC 4   INF   Workplace color: red
2020-03-05 13:33:17.576   CNC 4   INF   Streaming data to LCD
2020-03-05 13:33:17.576   CNC 4   INF   Data streamed
2020-03-05 13:33:27.986   CNC 4   INF   Workplace color: red
2020-03-05 13:33:27.986   CNC 4   INF   Streaming data to LCD
2020-03-05 13:33:27.986   CNC 4   INF   Data streamed
2020-03-05 13:33:38.433   CNC 4   INF   Workplace color: red
2020-03-05 13:33:38.434   CNC 4   INF   Streaming data to LCD
2020-03-05 13:33:38.434   CNC 4   INF   Data streamed
2020-03-05 13:33:41.967   CNC 4   INF   Workplace color: red
2020-03-05 13:33:41.967   CNC 4   INF   Streaming data to LCD
2020-03-05 13:33:41.967   CNC 4   INF   Data streamed
2020-03-05 13:33:52.334   CNC 4   INF   Workplace color: red
2020-03-05 13:33:52.334   CNC 4   INF   Streaming data to LCD
2020-03-05 13:33:52.334   CNC 4   INF   Data streamed
2020-03-05 13:34:02.645   CNC 4   INF   Workplace color: red
2020-03-05 13:34:02.645   CNC 4   INF   Streaming data to LCD
2020-03-05 13:34:02.645   CNC 4   INF   Data streamed
2020-03-05 13:34:13.111   CNC 4   INF   Workplace color: red
2020-03-05 13:34:13.111   CNC 4   INF   Streaming data to LCD
2020-03-05 13:34:13.111   CNC 4   INF   Data streamed
2020-03-05 13:34:23.506   CNC 4   INF   Workplace color: red
2020-03-05 13:34:23.507   CNC 4   INF   Streaming data to LCD
2020-03-05 13:34:23.507   CNC 4   INF   Data streamed
2020-03-05 13:34:34.354   CNC 4   INF   Workplace color: red
2020-03-05 13:34:34.354   CNC 4   INF   Streaming data to LCD
2020-03-05 13:34:34.354   CNC 4   INF   Data streamed
2020-03-05 13:34:44.744   CNC 4   INF   Workplace color: red
2020-03-05 13:34:44.744   CNC 4   INF   Streaming data to LCD
2020-03-05 13:34:44.744   CNC 4   INF   Data streamed
2020-03-05 13:34:55.383   CNC 4   INF   Workplace color: red
2020-03-05 13:34:55.383   CNC 4   INF   Streaming data to LCD
2020-03-05 13:34:55.384   CNC 4   INF   Data streamed
2020-03-05 13:35:05.662   CNC 4   INF   Workplace color: red
2020-03-05 13:35:05.662   CNC 4   INF   Streaming data to LCD
2020-03-05 13:35:05.662   CNC 4   INF   Data streamed
2020-03-05 13:35:16.000   CNC 4   INF   Workplace color: red
2020-03-05 13:35:16.000   CNC 4   INF   Streaming data to LCD
2020-03-05 13:35:16.000   CNC 4   INF   Data streamed
2020-03-05 13:35:26.312   CNC 4   INF   Workplace color: red
2020-03-05 13:35:26.312   CNC 4   INF   Streaming data to LCD
2020-03-05 13:35:26.312   CNC 4   INF   Data streamed
2020-03-05 13:35:37.062   CNC 4   INF   Workplace color: red
2020-03-05 13:35:37.062   CNC 4   INF   Streaming data to LCD
2020-03-05 13:35:37.062   CNC 4   INF   Data streamed
2020-03-05 13:35:47.390   CNC 4   INF   Workplace color: red
2020-03-05 13:35:47.391   CNC 4   INF   Streaming data to LCD
2020-03-05 13:35:47.391   CNC 4   INF   Data streamed
2020-03-05 13:35:57.604   CNC 4   INF   Workplace color: red
2020-03-05 13:35:57.604   CNC 4   INF   Streaming data to LCD
2020-03-05 13:35:57.604   CNC 4   INF   Data streamed
2020-03-05 13:36:07.911   CNC 4   INF   Workplace color: red
2020-03-05 13:36:07.911   CNC 4   INF   Streaming data to LCD
2020-03-05 13:36:07.912   CNC 4   INF   Data streamed
2020-03-05 13:36:18.235   CNC 4   INF   Workplace color: red
2020-03-05 13:36:18.236   CNC 4   INF   Streaming data to LCD
2020-03-05 13:36:18.236   CNC 4   INF   Data streamed
2020-03-05 13:36:28.532   CNC 4   INF   Workplace color: red
2020-03-05 13:36:28.532   CNC 4   INF   Streaming data to LCD
2020-03-05 13:36:28.532   CNC 4   INF   Data streamed
2020-03-05 13:36:38.829   CNC 4   INF   Workplace color: red
2020-03-05 13:36:38.829   CNC 4   INF   Streaming data to LCD
2020-03-05 13:36:38.829   CNC 4   INF   Data streamed
2020-03-05 13:36:49.197   CNC 4   INF   Workplace color: red
2020-03-05 13:36:49.197   CNC 4   INF   Streaming data to LCD
2020-03-05 13:36:49.197   CNC 4   INF   Data streamed
2020-03-05 13:36:59.473   CNC 4   INF   Workplace color: red
2020-03-05 13:36:59.473   CNC 4   INF   Streaming data to LCD
2020-03-05 13:36:59.474   CNC 4   INF   Data streamed
2020-03-05 13:37:09.737   CNC 4   INF   Workplace color: red
2020-03-05 13:37:09.737   CNC 4   INF   Streaming data to LCD
2020-03-05 13:37:09.737   CNC 4   INF   Data streamed
2020-03-05 13:37:20.014   CNC 4   INF   Workplace color: red
2020-03-05 13:37:20.014   CNC 4   INF   Streaming data to LCD
2020-03-05 13:37:20.014   CNC 4   INF   Data streamed
2020-03-05 13:37:30.388   CNC 4   INF   Workplace color: red
2020-03-05 13:37:30.388   CNC 4   INF   Streaming data to LCD
2020-03-05 13:37:30.388   CNC 4   INF   Data streamed
2020-03-05 13:37:40.680   CNC 4   INF   Workplace color: red
2020-03-05 13:37:40.681   CNC 4   INF   Streaming data to LCD
2020-03-05 13:37:40.681   CNC 4   INF   Data streamed
2020-03-05 13:37:50.973   CNC 4   INF   Workplace color: red
2020-03-05 13:37:50.973   CNC 4   INF   Streaming data to LCD
2020-03-05 13:37:50.973   CNC 4   INF   Data streamed
2020-03-05 13:38:01.310   CNC 4   INF   Workplace color: red
2020-03-05 13:38:01.310   CNC 4   INF   Streaming data to LCD
2020-03-05 13:38:01.310   CNC 4   INF   Data streamed
2020-03-05 13:38:11.635   CNC 4   INF   Workplace color: red
2020-03-05 13:38:11.636   CNC 4   INF   Streaming data to LCD
2020-03-05 13:38:11.636   CNC 4   INF   Data streamed
2020-03-05 13:38:21.921   CNC 4   INF   Workplace color: red
2020-03-05 13:38:21.921   CNC 4   INF   Streaming data to LCD
2020-03-05 13:38:21.921   CNC 4   INF   Data streamed
2020-03-05 13:38:32.237   CNC 4   INF   Workplace color: red
2020-03-05 13:38:32.238   CNC 4   INF   Streaming data to LCD
2020-03-05 13:38:32.238   CNC 4   INF   Data streamed
2020-03-05 13:38:42.545   CNC 4   INF   Workplace color: red
2020-03-05 13:38:42.545   CNC 4   INF   Streaming data to LCD
2020-03-05 13:38:42.545   CNC 4   INF   Data streamed
2020-03-05 13:38:52.869   CNC 4   INF   Workplace color: red
2020-03-05 13:38:52.869   CNC 4   INF   Streaming data to LCD
2020-03-05 13:38:52.869   CNC 4   INF   Data streamed
2020-03-05 13:39:03.195   CNC 4   INF   Workplace color: red
2020-03-05 13:39:03.195   CNC 4   INF   Streaming data to LCD
2020-03-05 13:39:03.195   CNC 4   INF   Data streamed
2020-03-05 13:39:13.656   CNC 4   INF   Workplace color: red
2020-03-05 13:39:13.656   CNC 4   INF   Streaming data to LCD
2020-03-05 13:39:13.656   CNC 4   INF   Data streamed
2020-03-05 13:39:24.155   CNC 4   INF   Workplace color: red
2020-03-05 13:39:24.155   CNC 4   INF   Streaming data to LCD
2020-03-05 13:39:24.155   CNC 4   INF   Data streamed
2020-03-05 13:39:34.481   CNC 4   INF   Workplace color: red
2020-03-05 13:39:34.481   CNC 4   INF   Streaming data to LCD
2020-03-05 13:39:34.481   CNC 4   INF   Data streamed
2020-03-05 13:39:44.804   CNC 4   INF   Workplace color: red
2020-03-05 13:39:44.804   CNC 4   INF   Streaming data to LCD
2020-03-05 13:39:44.805   CNC 4   INF   Data streamed
2020-03-05 13:39:55.138   CNC 4   INF   Workplace color: red
2020-03-05 13:39:55.138   CNC 4   INF   Streaming data to LCD
2020-03-05 13:39:55.138   CNC 4   INF   Data streamed
2020-03-05 13:40:05.399   CNC 4   INF   Workplace color: red
2020-03-05 13:40:05.399   CNC 4   INF   Streaming data to LCD
2020-03-05 13:40:05.399   CNC 4   INF   Data streamed
2020-03-05 13:40:15.691   CNC 4   INF   Workplace color: red
2020-03-05 13:40:15.691   CNC 4   INF   Streaming data to LCD
2020-03-05 13:40:15.691   CNC 4   INF   Data streamed
2020-03-05 13:40:25.997   CNC 4   INF   Workplace color: red
2020-03-05 13:40:25.997   CNC 4   INF   Streaming data to LCD
2020-03-05 13:40:25.997   CNC 4   INF   Data streamed
2020-03-05 13:40:36.311   CNC 4   INF   Workplace color: red
2020-03-05 13:40:36.311   CNC 4   INF   Streaming data to LCD
2020-03-05 13:40:36.311   CNC 4   INF   Data streamed
2020-03-05 13:40:46.619   CNC 4   INF   Workplace color: red
2020-03-05 13:40:46.619   CNC 4   INF   Streaming data to LCD
2020-03-05 13:40:46.619   CNC 4   INF   Data streamed
2020-03-05 13:40:56.899   CNC 4   INF   Workplace color: red
2020-03-05 13:40:56.899   CNC 4   INF   Streaming data to LCD
2020-03-05 13:40:56.899   CNC 4   INF   Data streamed
2020-03-05 13:41:07.199   CNC 4   INF   Workplace color: red
2020-03-05 13:41:07.199   CNC 4   INF   Streaming data to LCD
2020-03-05 13:41:07.200   CNC 4   INF   Data streamed
2020-03-05 13:41:17.425   CNC 4   INF   Workplace color: red
2020-03-05 13:41:17.425   CNC 4   INF   Streaming data to LCD
2020-03-05 13:41:17.426   CNC 4   INF   Data streamed
2020-03-05 13:41:27.789   CNC 4   INF   Workplace color: red
2020-03-05 13:41:27.789   CNC 4   INF   Streaming data to LCD
2020-03-05 13:41:27.790   CNC 4   INF   Data streamed
2020-03-05 13:44:08.285   CNC 4   INF   Workplace color: green
2020-03-05 13:44:08.285   CNC 4   INF   Streaming data to LCD
2020-03-05 13:44:08.286   CNC 4   INF   Data streamed
2020-03-05 13:44:18.551   CNC 4   INF   Workplace color: green
2020-03-05 13:44:18.551   CNC 4   INF   Streaming data to LCD
2020-03-05 13:44:18.551   CNC 4   INF   Data streamed
2020-03-05 13:44:28.967   CNC 4   INF   Workplace color: green
2020-03-05 13:44:28.968   CNC 4   INF   Streaming data to LCD
2020-03-05 13:44:28.968   CNC 4   INF   Data streamed
2020-03-05 13:44:39.238   CNC 4   INF   Workplace color: green
2020-03-05 13:44:39.239   CNC 4   INF   Streaming data to LCD
2020-03-05 13:44:39.239   CNC 4   INF   Data streamed
2020-03-05 13:44:49.510   CNC 4   INF   Workplace color: green
2020-03-05 13:44:49.510   CNC 4   INF   Streaming data to LCD
2020-03-05 13:44:49.511   CNC 4   INF   Data streamed
2020-03-05 13:44:59.844   CNC 4   INF   Workplace color: green
2020-03-05 13:44:59.844   CNC 4   INF   Streaming data to LCD
2020-03-05 13:44:59.844   CNC 4   INF   Data streamed
2020-03-05 13:45:10.192   CNC 4   INF   Workplace color: green
2020-03-05 13:45:10.193   CNC 4   INF   Streaming data to LCD
2020-03-05 13:45:10.193   CNC 4   INF   Data streamed
2020-03-05 13:45:20.503   CNC 4   INF   Workplace color: green
2020-03-05 13:45:20.504   CNC 4   INF   Streaming data to LCD
2020-03-05 13:45:20.504   CNC 4   INF   Data streamed
2020-03-05 13:45:30.802   CNC 4   INF   Workplace color: green
2020-03-05 13:45:30.803   CNC 4   INF   Streaming data to LCD
2020-03-05 13:45:30.803   CNC 4   INF   Data streamed
2020-03-05 13:45:41.108   CNC 4   INF   Workplace color: green
2020-03-05 13:45:41.108   CNC 4   INF   Streaming data to LCD
2020-03-05 13:45:41.108   CNC 4   INF   Data streamed
2020-03-05 13:45:51.378   CNC 4   INF   Workplace color: green
2020-03-05 13:45:51.378   CNC 4   INF   Streaming data to LCD
2020-03-05 13:45:51.378   CNC 4   INF   Data streamed
2020-03-05 13:46:01.590   CNC 4   INF   Workplace color: green
2020-03-05 13:46:01.590   CNC 4   INF   Streaming data to LCD
2020-03-05 13:46:01.590   CNC 4   INF   Data streamed
2020-03-05 13:46:12.148   CNC 4   INF   Workplace color: green
2020-03-05 13:46:12.149   CNC 4   INF   Streaming data to LCD
2020-03-05 13:46:12.149   CNC 4   INF   Data streamed
2020-03-05 13:46:22.494   CNC 4   INF   Workplace color: green
2020-03-05 13:46:22.494   CNC 4   INF   Streaming data to LCD
2020-03-05 13:46:22.494   CNC 4   INF   Data streamed
2020-03-05 13:46:32.971   CNC 4   INF   Workplace color: green
2020-03-05 13:46:32.971   CNC 4   INF   Streaming data to LCD
2020-03-05 13:46:32.971   CNC 4   INF   Data streamed
2020-03-05 13:46:43.234   CNC 4   INF   Workplace color: green
2020-03-05 13:46:43.234   CNC 4   INF   Streaming data to LCD
2020-03-05 13:46:43.234   CNC 4   INF   Data streamed
2020-03-05 13:46:53.548   CNC 4   INF   Workplace color: green
2020-03-05 13:46:53.549   CNC 4   INF   Streaming data to LCD
2020-03-05 13:46:53.549   CNC 4   INF   Data streamed
2020-03-05 13:47:03.809   CNC 4   INF   Workplace color: green
2020-03-05 13:47:03.810   CNC 4   INF   Streaming data to LCD
2020-03-05 13:47:03.810   CNC 4   INF   Data streamed
2020-03-05 13:47:14.007   CNC 4   INF   Workplace color: green
2020-03-05 13:47:14.007   CNC 4   INF   Streaming data to LCD
2020-03-05 13:47:14.007   CNC 4   INF   Data streamed
2020-03-05 13:47:24.217   CNC 4   INF   Workplace color: green
2020-03-05 13:47:24.217   CNC 4   INF   Streaming data to LCD
2020-03-05 13:47:24.217   CNC 4   INF   Data streamed
2020-03-05 13:47:34.443   CNC 4   INF   Workplace color: green
2020-03-05 13:47:34.443   CNC 4   INF   Streaming data to LCD
2020-03-05 13:47:34.443   CNC 4   INF   Data streamed
2020-03-05 13:47:44.673   CNC 4   INF   Workplace color: green
2020-03-05 13:47:44.673   CNC 4   INF   Streaming data to LCD
2020-03-05 13:47:44.673   CNC 4   INF   Data streamed
2020-03-05 13:47:55.053   CNC 4   INF   Workplace color: green
2020-03-05 13:47:55.053   CNC 4   INF   Streaming data to LCD
2020-03-05 13:47:55.053   CNC 4   INF   Data streamed
2020-03-05 13:48:05.319   CNC 4   INF   Workplace color: green
2020-03-05 13:48:05.319   CNC 4   INF   Streaming data to LCD
2020-03-05 13:48:05.319   CNC 4   INF   Data streamed
2020-03-05 13:48:15.646   CNC 4   INF   Workplace color: green
2020-03-05 13:48:15.647   CNC 4   INF   Streaming data to LCD
2020-03-05 13:48:15.647   CNC 4   INF   Data streamed
2020-03-05 13:48:26.025   CNC 4   INF   Workplace color: green
2020-03-05 13:48:26.025   CNC 4   INF   Streaming data to LCD
2020-03-05 13:48:26.025   CNC 4   INF   Data streamed
2020-03-05 13:48:36.577   CNC 4   INF   Workplace color: green
2020-03-05 13:48:36.577   CNC 4   INF   Streaming data to LCD
2020-03-05 13:48:36.577   CNC 4   INF   Data streamed
2020-03-05 13:48:43.977   CNC 4   INF   Workplace color: green
2020-03-05 13:48:43.977   CNC 4   INF   Streaming data to LCD
2020-03-05 13:48:43.977   CNC 4   INF   Data streamed
2020-03-05 13:48:52.737   CNC 4   INF   Workplace color: green
2020-03-05 13:48:52.737   CNC 4   INF   Streaming data to LCD
2020-03-05 13:48:52.737   CNC 4   INF   Data streamed
2020-03-05 13:49:02.979   CNC 4   INF   Workplace color: green
2020-03-05 13:49:02.979   CNC 4   INF   Streaming data to LCD
2020-03-05 13:49:02.979   CNC 4   INF   Data streamed
2020-03-05 13:49:13.185   CNC 4   INF   Workplace color: green
2020-03-05 13:49:13.185   CNC 4   INF   Streaming data to LCD
2020-03-05 13:49:13.185   CNC 4   INF   Data streamed
2020-03-05 13:49:23.481   CNC 4   INF   Workplace color: green
2020-03-05 13:49:23.481   CNC 4   INF   Streaming data to LCD
2020-03-05 13:49:23.481   CNC 4   INF   Data streamed
2020-03-05 13:49:33.894   CNC 4   INF   Workplace color: green
2020-03-05 13:49:33.894   CNC 4   INF   Streaming data to LCD
2020-03-05 13:49:33.894   CNC 4   INF   Data streamed
2020-03-05 13:49:44.415   CNC 4   INF   Workplace color: green
2020-03-05 13:49:44.415   CNC 4   INF   Streaming data to LCD
2020-03-05 13:49:44.416   CNC 4   INF   Data streamed
2020-03-05 13:49:55.101   CNC 4   INF   Workplace color: green
2020-03-05 13:49:55.101   CNC 4   INF   Streaming data to LCD
2020-03-05 13:49:55.101   CNC 4   INF   Data streamed
2020-03-05 13:50:05.558   CNC 4   INF   Workplace color: green
2020-03-05 13:50:05.558   CNC 4   INF   Streaming data to LCD
2020-03-05 13:50:05.558   CNC 4   INF   Data streamed
2020-03-05 13:50:17.708   CNC 4   INF   Workplace color: green, order: Internal, downtime: , user:  
2020-03-05 13:50:17.708   CNC 4   INF   Streaming data to LCD
2020-03-05 13:50:17.708   CNC 4   INF   Data streamed
2020-03-05 13:50:28.006   CNC 4   INF   Workplace color: green, order: Internal, downtime: , user:  
2020-03-05 13:50:28.006   CNC 4   INF   Streaming data to LCD
2020-03-05 13:50:28.006   CNC 4   INF   Data streamed
2020-03-05 13:50:38.286   CNC 4   INF   Workplace color: green, order: Internal, downtime: , user:  
2020-03-05 13:50:38.286   CNC 4   INF   Streaming data to LCD
2020-03-05 13:50:38.286   CNC 4   INF   Data streamed
2020-03-05 13:50:48.676   CNC 4   INF   Workplace color: green, order: Internal, downtime: , user:  
2020-03-05 13:50:48.676   CNC 4   INF   Streaming data to LCD
2020-03-05 13:50:48.676   CNC 4   INF   Data streamed
2020-03-05 13:50:59.116   CNC 4   INF   Workplace color: green, order: Internal, downtime: , user:  
2020-03-05 13:50:59.116   CNC 4   INF   Streaming data to LCD
2020-03-05 13:50:59.116   CNC 4   INF   Data streamed
2020-03-05 13:51:09.477   CNC 4   INF   Workplace color: green, order: Internal, downtime: , user:  
2020-03-05 13:51:09.477   CNC 4   INF   Streaming data to LCD
2020-03-05 13:51:09.477   CNC 4   INF   Data streamed
2020-03-05 13:51:19.826   CNC 4   INF   Workplace color: green, order: Internal, downtime: , user:  
2020-03-05 13:51:19.826   CNC 4   INF   Streaming data to LCD
2020-03-05 13:51:19.826   CNC 4   INF   Data streamed
2020-03-05 13:51:30.190   CNC 4   INF   Workplace color: green, order: Internal, downtime: , user:  
2020-03-05 13:51:30.190   CNC 4   INF   Streaming data to LCD
2020-03-05 13:51:30.191   CNC 4   INF   Data streamed
2020-03-05 13:51:40.713   CNC 4   INF   Workplace color: green, order: Internal, downtime: , user:  
2020-03-05 13:51:40.713   CNC 4   INF   Streaming data to LCD
2020-03-05 13:51:40.715   CNC 4   INF   Data streamed
2020-03-05 13:51:51.191   CNC 4   INF   Workplace color: green, order: Internal, downtime: , user:  
2020-03-05 13:51:51.191   CNC 4   INF   Streaming data to LCD
2020-03-05 13:51:51.191   CNC 4   INF   Data streamed
2020-03-05 13:52:01.668   CNC 4   INF   Workplace color: green, order: Internal, downtime: , user:  
2020-03-05 13:52:01.668   CNC 4   INF   Streaming data to LCD
2020-03-05 13:52:01.668   CNC 4   INF   Data streamed
2020-03-05 13:52:12.054   CNC 4   INF   Workplace color: green, order: Internal, downtime: , user:  
2020-03-05 13:52:12.054   CNC 4   INF   Streaming data to LCD
2020-03-05 13:52:12.054   CNC 4   INF   Data streamed
2020-03-05 13:52:22.438   CNC 4   INF   Workplace color: green, order: Internal, downtime: , user:  
2020-03-05 13:52:22.438   CNC 4   INF   Streaming data to LCD
2020-03-05 13:52:22.439   CNC 4   INF   Data streamed
2020-03-05 14:14:09.403   CNC 4   INF   Workplace color: orange, order: Internal, downtime: , user:  
2020-03-05 14:14:09.403   CNC 4   INF   Streaming data to LCD
2020-03-05 14:14:09.403   CNC 4   INF   Data streamed
2020-03-05 14:14:19.603   CNC 4   INF   Workplace color: orange, order: Internal, downtime: , user:  
2020-03-05 14:14:19.603   CNC 4   INF   Streaming data to LCD
2020-03-05 14:14:19.603   CNC 4   INF   Data streamed
2020-03-05 14:19:37.941   CNC 4   INF   Workplace color: orange, order: Internal, downtime: , user:  
2020-03-05 14:19:37.942   CNC 4   INF   Streaming data to LCD
2020-03-05 14:19:37.942   CNC 4   INF   Data streamed
2020-03-05 14:20:01.770   CNC 4   INF   Workplace color: orange, order: Internal, downtime: , user:  
2020-03-05 14:20:01.771   CNC 4   INF   Streaming data to LCD
2020-03-05 14:20:01.771   CNC 4   INF   Data streamed
2020-03-05 14:20:12.065   CNC 4   INF   Workplace color: orange, order: Internal, downtime: , user:  
2020-03-05 14:20:12.065   CNC 4   INF   Streaming data to LCD
2020-03-05 14:20:12.065   CNC 4   INF   Data streamed
2020-03-05 14:20:22.332   CNC 4   INF   Workplace color: orange, order: Internal, downtime: , user:  
2020-03-05 14:20:22.332   CNC 4   INF   Streaming data to LCD
2020-03-05 14:20:22.333   CNC 4   INF   Data streamed
2020-03-05 14:24:06.630   CNC 4   INF   Workplace color: orange, order: Internal, downtime: , user:  
2020-03-05 14:24:06.631   CNC 4   INF   Streaming data to LCD
2020-03-05 14:24:06.631   CNC 4   INF   Data streamed
2020-03-05 14:24:31.627   CNC 4   INF   Workplace color: orange, order: Internal, downtime: , user:  
2020-03-05 14:24:31.628   CNC 4   INF   Streaming data to LCD
2020-03-05 14:24:31.628   CNC 4   INF   Data streamed
2020-03-05 14:24:41.956   CNC 4   INF   Workplace color: orange, order: Internal, downtime: , user:  
2020-03-05 14:24:41.956   CNC 4   INF   Streaming data to LCD
2020-03-05 14:24:41.956   CNC 4   INF   Data streamed
2020-03-05 14:24:52.178   CNC 4   INF   Workplace color: orange, order: Internal, downtime: , user:  
2020-03-05 14:24:52.178   CNC 4   INF   Streaming data to LCD
2020-03-05 14:24:52.178   CNC 4   INF   Data streamed
2020-03-05 14:25:02.478   CNC 4   INF   Workplace color: orange, order: Internal, downtime: , user:  
2020-03-05 14:25:02.478   CNC 4   INF   Streaming data to LCD
2020-03-05 14:25:02.478   CNC 4   INF   Data streamed
2020-03-05 14:25:12.815   CNC 4   INF   Workplace color: orange, order: Internal, downtime: , user:  
2020-03-05 14:25:12.815   CNC 4   INF   Streaming data to LCD
2020-03-05 14:25:12.816   CNC 4   INF   Data streamed
2020-03-05 14:25:23.122   CNC 4   INF   Workplace color: orange, order: Internal, downtime: , user:  
2020-03-05 14:25:23.122   CNC 4   INF   Streaming data to LCD
2020-03-05 14:25:23.122   CNC 4   INF   Data streamed
2020-03-05 14:25:33.481   CNC 4   INF   Workplace color: orange, order: Internal, downtime: , user:  
2020-03-05 14:25:33.482   CNC 4   INF   Streaming data to LCD
2020-03-05 14:25:33.482   CNC 4   INF   Data streamed
2020-03-05 14:25:43.940   CNC 4   INF   Workplace color: orange, order: Internal, downtime: , user:  
2020-03-05 14:25:43.940   CNC 4   INF   Streaming data to LCD
2020-03-05 14:25:43.940   CNC 4   INF   Data streamed
2020-03-05 14:25:54.155   CNC 4   INF   Workplace color: orange, order: Internal, downtime: , user:  
2020-03-05 14:25:54.155   CNC 4   INF   Streaming data to LCD
2020-03-05 14:25:54.155   CNC 4   INF   Data streamed
2020-03-05 14:26:04.361   CNC 4   INF   Workplace color: orange, order: Internal, downtime: , user:  
2020-03-05 14:26:04.362   CNC 4   INF   Streaming data to LCD
2020-03-05 14:26:04.362   CNC 4   INF   Data streamed
2020-03-05 14:26:14.564   CNC 4   INF   Workplace color: orange, order: Internal, downtime: , user:  
2020-03-05 14:26:14.565   CNC 4   INF   Streaming data to LCD
2020-03-05 14:26:14.565   CNC 4   INF   Data streamed
2020-03-05 14:26:24.732   CNC 4   INF   Workplace color: orange, order: Internal, downtime: , user:  
2020-03-05 14:26:24.732   CNC 4   INF   Streaming data to LCD
2020-03-05 14:26:24.733   CNC 4   INF   Data streamed
