2020-03-05 12:46:06.887   CNC 3   INF   Workplace color: yellow
2020-03-05 12:46:06.888   CNC 3   INF   Streaming data to LCD
2020-03-05 12:46:06.889   CNC 3   INF   Data streamed
2020-03-05 13:01:44.520   CNC 3   INF   Workplace color: red
2020-03-05 13:01:44.520   CNC 3   INF   Streaming data to LCD
2020-03-05 13:01:44.520   CNC 3   INF   Data streamed
2020-03-05 13:01:54.725   CNC 3   INF   Workplace color: red
2020-03-05 13:01:54.726   CNC 3   INF   Streaming data to LCD
2020-03-05 13:01:54.726   CNC 3   INF   Data streamed
2020-03-05 13:02:04.877   CNC 3   INF   Workplace color: red
2020-03-05 13:02:04.877   CNC 3   INF   Streaming data to LCD
2020-03-05 13:02:04.877   CNC 3   INF   Data streamed
2020-03-05 13:02:15.025   CNC 3   INF   Workplace color: red
2020-03-05 13:02:15.025   CNC 3   INF   Streaming data to LCD
2020-03-05 13:02:15.025   CNC 3   INF   Data streamed
2020-03-05 13:02:25.158   CNC 3   INF   Workplace color: red
2020-03-05 13:02:25.158   CNC 3   INF   Streaming data to LCD
2020-03-05 13:02:25.158   CNC 3   INF   Data streamed
2020-03-05 13:02:35.300   CNC 3   INF   Workplace color: red
2020-03-05 13:02:35.300   CNC 3   INF   Streaming data to LCD
2020-03-05 13:02:35.300   CNC 3   INF   Data streamed
2020-03-05 13:02:45.464   CNC 3   INF   Workplace color: red
2020-03-05 13:02:45.464   CNC 3   INF   Streaming data to LCD
2020-03-05 13:02:45.464   CNC 3   INF   Data streamed
2020-03-05 13:02:55.618   CNC 3   INF   Workplace color: red
2020-03-05 13:02:55.618   CNC 3   INF   Streaming data to LCD
2020-03-05 13:02:55.618   CNC 3   INF   Data streamed
2020-03-05 13:03:05.745   CNC 3   INF   Workplace color: red
2020-03-05 13:03:05.745   CNC 3   INF   Streaming data to LCD
2020-03-05 13:03:05.745   CNC 3   INF   Data streamed
2020-03-05 13:03:15.889   CNC 3   INF   Workplace color: red
2020-03-05 13:03:15.890   CNC 3   INF   Streaming data to LCD
2020-03-05 13:03:15.890   CNC 3   INF   Data streamed
2020-03-05 13:03:26.025   CNC 3   INF   Workplace color: red
2020-03-05 13:03:26.025   CNC 3   INF   Streaming data to LCD
2020-03-05 13:03:26.025   CNC 3   INF   Data streamed
2020-03-05 13:03:36.163   CNC 3   INF   Workplace color: red
2020-03-05 13:03:36.163   CNC 3   INF   Streaming data to LCD
2020-03-05 13:03:36.163   CNC 3   INF   Data streamed
2020-03-05 13:03:46.288   CNC 3   INF   Workplace color: red
2020-03-05 13:03:46.288   CNC 3   INF   Streaming data to LCD
2020-03-05 13:03:46.288   CNC 3   INF   Data streamed
2020-03-05 13:03:56.420   CNC 3   INF   Workplace color: red
2020-03-05 13:03:56.420   CNC 3   INF   Streaming data to LCD
2020-03-05 13:03:56.420   CNC 3   INF   Data streamed
2020-03-05 13:04:06.559   CNC 3   INF   Workplace color: red
2020-03-05 13:04:06.559   CNC 3   INF   Streaming data to LCD
2020-03-05 13:04:06.559   CNC 3   INF   Data streamed
2020-03-05 13:04:12.412   CNC 3   INF   Workplace color: red
2020-03-05 13:04:12.412   CNC 3   INF   Streaming data to LCD
2020-03-05 13:04:12.412   CNC 3   INF   Data streamed
2020-03-05 13:04:22.624   CNC 3   INF   Workplace color: red
2020-03-05 13:04:22.624   CNC 3   INF   Streaming data to LCD
2020-03-05 13:04:22.624   CNC 3   INF   Data streamed
2020-03-05 13:04:32.753   CNC 3   INF   Workplace color: red
2020-03-05 13:04:32.753   CNC 3   INF   Streaming data to LCD
2020-03-05 13:04:32.753   CNC 3   INF   Data streamed
2020-03-05 13:04:43.133   CNC 3   INF   Workplace color: red
2020-03-05 13:04:43.133   CNC 3   INF   Streaming data to LCD
2020-03-05 13:04:43.133   CNC 3   INF   Data streamed
2020-03-05 13:04:53.268   CNC 3   INF   Workplace color: red
2020-03-05 13:04:53.268   CNC 3   INF   Streaming data to LCD
2020-03-05 13:04:53.268   CNC 3   INF   Data streamed
2020-03-05 13:08:21.086   CNC 3   INF   Workplace color: red
2020-03-05 13:08:21.086   CNC 3   INF   Streaming data to LCD
2020-03-05 13:08:21.086   CNC 3   INF   Data streamed
2020-03-05 13:08:31.430   CNC 3   INF   Workplace color: red
2020-03-05 13:08:31.430   CNC 3   INF   Streaming data to LCD
2020-03-05 13:08:31.430   CNC 3   INF   Data streamed
2020-03-05 13:08:41.679   CNC 3   INF   Workplace color: red
2020-03-05 13:08:41.679   CNC 3   INF   Streaming data to LCD
2020-03-05 13:08:41.679   CNC 3   INF   Data streamed
2020-03-05 13:09:06.076   CNC 3   INF   Workplace color: red
2020-03-05 13:09:06.077   CNC 3   INF   Streaming data to LCD
2020-03-05 13:09:06.077   CNC 3   INF   Data streamed
2020-03-05 13:09:16.411   CNC 3   INF   Workplace color: red
2020-03-05 13:09:16.412   CNC 3   INF   Streaming data to LCD
2020-03-05 13:09:16.412   CNC 3   INF   Data streamed
2020-03-05 13:09:26.958   CNC 3   INF   Workplace color: red
2020-03-05 13:09:26.958   CNC 3   INF   Streaming data to LCD
2020-03-05 13:09:26.958   CNC 3   INF   Data streamed
2020-03-05 13:09:37.539   CNC 3   INF   Workplace color: red
2020-03-05 13:09:37.539   CNC 3   INF   Streaming data to LCD
2020-03-05 13:09:37.539   CNC 3   INF   Data streamed
2020-03-05 13:09:47.761   CNC 3   INF   Workplace color: red
2020-03-05 13:09:47.761   CNC 3   INF   Streaming data to LCD
2020-03-05 13:09:47.761   CNC 3   INF   Data streamed
2020-03-05 13:09:59.177   CNC 3   INF   Workplace color: red
2020-03-05 13:09:59.177   CNC 3   INF   Streaming data to LCD
2020-03-05 13:09:59.177   CNC 3   INF   Data streamed
2020-03-05 13:10:30.150   CNC 3   INF   Workplace color: red
2020-03-05 13:10:30.150   CNC 3   INF   Streaming data to LCD
2020-03-05 13:10:30.150   CNC 3   INF   Data streamed
2020-03-05 13:10:55.930   CNC 3   INF   Workplace color: red
2020-03-05 13:10:55.930   CNC 3   INF   Streaming data to LCD
2020-03-05 13:10:55.930   CNC 3   INF   Data streamed
2020-03-05 13:11:19.484   CNC 3   INF   Workplace color: red
2020-03-05 13:11:19.484   CNC 3   INF   Streaming data to LCD
2020-03-05 13:11:19.484   CNC 3   INF   Data streamed
2020-03-05 13:22:39.473   CNC 3   INF   Workplace color: red
2020-03-05 13:22:39.474   CNC 3   INF   Streaming data to LCD
2020-03-05 13:22:39.474   CNC 3   INF   Data streamed
2020-03-05 13:22:49.733   CNC 3   INF   Workplace color: red
2020-03-05 13:22:49.733   CNC 3   INF   Streaming data to LCD
2020-03-05 13:22:49.734   CNC 3   INF   Data streamed
2020-03-05 13:22:59.886   CNC 3   INF   Workplace color: red
2020-03-05 13:22:59.886   CNC 3   INF   Streaming data to LCD
2020-03-05 13:22:59.886   CNC 3   INF   Data streamed
2020-03-05 13:23:10.148   CNC 3   INF   Workplace color: red
2020-03-05 13:23:10.148   CNC 3   INF   Streaming data to LCD
2020-03-05 13:23:10.148   CNC 3   INF   Data streamed
2020-03-05 13:23:20.446   CNC 3   INF   Workplace color: red
2020-03-05 13:23:20.447   CNC 3   INF   Streaming data to LCD
2020-03-05 13:23:20.447   CNC 3   INF   Data streamed
2020-03-05 13:23:30.621   CNC 3   INF   Workplace color: red
2020-03-05 13:23:30.621   CNC 3   INF   Streaming data to LCD
2020-03-05 13:23:30.621   CNC 3   INF   Data streamed
2020-03-05 13:23:41.050   CNC 3   INF   Workplace color: red
2020-03-05 13:23:41.050   CNC 3   INF   Streaming data to LCD
2020-03-05 13:23:41.050   CNC 3   INF   Data streamed
2020-03-05 13:23:51.404   CNC 3   INF   Workplace color: red
2020-03-05 13:23:51.404   CNC 3   INF   Streaming data to LCD
2020-03-05 13:23:51.404   CNC 3   INF   Data streamed
2020-03-05 13:24:01.698   CNC 3   INF   Workplace color: red
2020-03-05 13:24:01.698   CNC 3   INF   Streaming data to LCD
2020-03-05 13:24:01.698   CNC 3   INF   Data streamed
2020-03-05 13:24:12.026   CNC 3   INF   Workplace color: red
2020-03-05 13:24:12.026   CNC 3   INF   Streaming data to LCD
2020-03-05 13:24:12.026   CNC 3   INF   Data streamed
2020-03-05 13:24:22.358   CNC 3   INF   Workplace color: red
2020-03-05 13:24:22.358   CNC 3   INF   Streaming data to LCD
2020-03-05 13:24:22.358   CNC 3   INF   Data streamed
2020-03-05 13:24:32.646   CNC 3   INF   Workplace color: red
2020-03-05 13:24:32.646   CNC 3   INF   Streaming data to LCD
2020-03-05 13:24:32.646   CNC 3   INF   Data streamed
2020-03-05 13:24:42.839   CNC 3   INF   Workplace color: red
2020-03-05 13:24:42.839   CNC 3   INF   Streaming data to LCD
2020-03-05 13:24:42.839   CNC 3   INF   Data streamed
2020-03-05 13:24:53.219   CNC 3   INF   Workplace color: red
2020-03-05 13:24:53.220   CNC 3   INF   Streaming data to LCD
2020-03-05 13:24:53.220   CNC 3   INF   Data streamed
2020-03-05 13:25:04.218   CNC 3   INF   Workplace color: red
2020-03-05 13:25:04.218   CNC 3   INF   Streaming data to LCD
2020-03-05 13:25:04.218   CNC 3   INF   Data streamed
2020-03-05 13:25:14.642   CNC 3   INF   Workplace color: red
2020-03-05 13:25:14.642   CNC 3   INF   Streaming data to LCD
2020-03-05 13:25:14.642   CNC 3   INF   Data streamed
2020-03-05 13:25:25.090   CNC 3   INF   Workplace color: red
2020-03-05 13:25:25.090   CNC 3   INF   Streaming data to LCD
2020-03-05 13:25:25.090   CNC 3   INF   Data streamed
2020-03-05 13:25:35.247   CNC 3   INF   Workplace color: red
2020-03-05 13:25:35.247   CNC 3   INF   Streaming data to LCD
2020-03-05 13:25:35.247   CNC 3   INF   Data streamed
2020-03-05 13:25:45.473   CNC 3   INF   Workplace color: red
2020-03-05 13:25:45.473   CNC 3   INF   Streaming data to LCD
2020-03-05 13:25:45.473   CNC 3   INF   Data streamed
2020-03-05 13:25:55.865   CNC 3   INF   Workplace color: red
2020-03-05 13:25:55.865   CNC 3   INF   Streaming data to LCD
2020-03-05 13:25:55.866   CNC 3   INF   Data streamed
2020-03-05 13:26:06.247   CNC 3   INF   Workplace color: red
2020-03-05 13:26:06.247   CNC 3   INF   Streaming data to LCD
2020-03-05 13:26:06.247   CNC 3   INF   Data streamed
2020-03-05 13:26:16.591   CNC 3   INF   Workplace color: red
2020-03-05 13:26:16.591   CNC 3   INF   Streaming data to LCD
2020-03-05 13:26:16.591   CNC 3   INF   Data streamed
2020-03-05 13:26:26.895   CNC 3   INF   Workplace color: red
2020-03-05 13:26:26.895   CNC 3   INF   Streaming data to LCD
2020-03-05 13:26:26.895   CNC 3   INF   Data streamed
2020-03-05 13:26:37.224   CNC 3   INF   Workplace color: red
2020-03-05 13:26:37.224   CNC 3   INF   Streaming data to LCD
2020-03-05 13:26:37.224   CNC 3   INF   Data streamed
2020-03-05 13:26:43.158   CNC 3   INF   Workplace color: red
2020-03-05 13:26:43.159   CNC 3   INF   Streaming data to LCD
2020-03-05 13:26:43.159   CNC 3   INF   Data streamed
2020-03-05 13:26:53.775   CNC 3   INF   Workplace color: red
2020-03-05 13:26:53.775   CNC 3   INF   Streaming data to LCD
2020-03-05 13:26:53.775   CNC 3   INF   Data streamed
2020-03-05 13:27:03.979   CNC 3   INF   Workplace color: red
2020-03-05 13:27:03.979   CNC 3   INF   Streaming data to LCD
2020-03-05 13:27:03.979   CNC 3   INF   Data streamed
2020-03-05 13:27:14.189   CNC 3   INF   Workplace color: red
2020-03-05 13:27:14.189   CNC 3   INF   Streaming data to LCD
2020-03-05 13:27:14.189   CNC 3   INF   Data streamed
2020-03-05 13:27:24.495   CNC 3   INF   Workplace color: red
2020-03-05 13:27:24.495   CNC 3   INF   Streaming data to LCD
2020-03-05 13:27:24.495   CNC 3   INF   Data streamed
2020-03-05 13:27:35.068   CNC 3   INF   Workplace color: red
2020-03-05 13:27:35.068   CNC 3   INF   Streaming data to LCD
2020-03-05 13:27:35.069   CNC 3   INF   Data streamed
2020-03-05 13:27:45.842   CNC 3   INF   Workplace color: red
2020-03-05 13:27:45.842   CNC 3   INF   Streaming data to LCD
2020-03-05 13:27:45.842   CNC 3   INF   Data streamed
2020-03-05 13:27:55.839   CNC 3   INF   Workplace color: red
2020-03-05 13:27:55.839   CNC 3   INF   Streaming data to LCD
2020-03-05 13:27:55.839   CNC 3   INF   Data streamed
2020-03-05 13:28:06.187   CNC 3   INF   Workplace color: red
2020-03-05 13:28:06.187   CNC 3   INF   Streaming data to LCD
2020-03-05 13:28:06.187   CNC 3   INF   Data streamed
2020-03-05 13:28:16.525   CNC 3   INF   Workplace color: red
2020-03-05 13:28:16.525   CNC 3   INF   Streaming data to LCD
2020-03-05 13:28:16.525   CNC 3   INF   Data streamed
2020-03-05 13:28:26.703   CNC 3   INF   Workplace color: red
2020-03-05 13:28:26.703   CNC 3   INF   Streaming data to LCD
2020-03-05 13:28:26.703   CNC 3   INF   Data streamed
2020-03-05 13:28:36.914   CNC 3   INF   Workplace color: red
2020-03-05 13:28:36.914   CNC 3   INF   Streaming data to LCD
2020-03-05 13:28:36.914   CNC 3   INF   Data streamed
2020-03-05 13:28:47.213   CNC 3   INF   Workplace color: red
2020-03-05 13:28:47.214   CNC 3   INF   Streaming data to LCD
2020-03-05 13:28:47.214   CNC 3   INF   Data streamed
2020-03-05 13:28:57.591   CNC 3   INF   Workplace color: red
2020-03-05 13:28:57.591   CNC 3   INF   Streaming data to LCD
2020-03-05 13:28:57.591   CNC 3   INF   Data streamed
2020-03-05 13:29:31.525   CNC 3   INF   Workplace color: red
2020-03-05 13:29:31.526   CNC 3   INF   Streaming data to LCD
2020-03-05 13:29:31.526   CNC 3   INF   Data streamed
2020-03-05 13:29:41.698   CNC 3   INF   Workplace color: red
2020-03-05 13:29:41.698   CNC 3   INF   Streaming data to LCD
2020-03-05 13:29:41.698   CNC 3   INF   Data streamed
2020-03-05 13:29:51.864   CNC 3   INF   Workplace color: red
2020-03-05 13:29:51.864   CNC 3   INF   Streaming data to LCD
2020-03-05 13:29:51.864   CNC 3   INF   Data streamed
2020-03-05 13:30:02.187   CNC 3   INF   Workplace color: red
2020-03-05 13:30:02.187   CNC 3   INF   Streaming data to LCD
2020-03-05 13:30:02.187   CNC 3   INF   Data streamed
2020-03-05 13:30:12.376   CNC 3   INF   Workplace color: red
2020-03-05 13:30:12.376   CNC 3   INF   Streaming data to LCD
2020-03-05 13:30:12.376   CNC 3   INF   Data streamed
2020-03-05 13:30:22.662   CNC 3   INF   Workplace color: red
2020-03-05 13:30:22.663   CNC 3   INF   Streaming data to LCD
2020-03-05 13:30:22.663   CNC 3   INF   Data streamed
2020-03-05 13:30:32.969   CNC 3   INF   Workplace color: red
2020-03-05 13:30:32.969   CNC 3   INF   Streaming data to LCD
2020-03-05 13:30:32.969   CNC 3   INF   Data streamed
2020-03-05 13:30:43.135   CNC 3   INF   Workplace color: red
2020-03-05 13:30:43.135   CNC 3   INF   Streaming data to LCD
2020-03-05 13:30:43.135   CNC 3   INF   Data streamed
2020-03-05 13:30:53.339   CNC 3   INF   Workplace color: red
2020-03-05 13:30:53.339   CNC 3   INF   Streaming data to LCD
2020-03-05 13:30:53.339   CNC 3   INF   Data streamed
2020-03-05 13:31:03.837   CNC 3   INF   Workplace color: red
2020-03-05 13:31:03.837   CNC 3   INF   Streaming data to LCD
2020-03-05 13:31:03.837   CNC 3   INF   Data streamed
2020-03-05 13:31:14.190   CNC 3   INF   Workplace color: red
2020-03-05 13:31:14.190   CNC 3   INF   Streaming data to LCD
2020-03-05 13:31:14.190   CNC 3   INF   Data streamed
2020-03-05 13:31:24.354   CNC 3   INF   Workplace color: red
2020-03-05 13:31:24.354   CNC 3   INF   Streaming data to LCD
2020-03-05 13:31:24.355   CNC 3   INF   Data streamed
2020-03-05 13:31:34.851   CNC 3   INF   Workplace color: red
2020-03-05 13:31:34.851   CNC 3   INF   Streaming data to LCD
2020-03-05 13:31:34.852   CNC 3   INF   Data streamed
2020-03-05 13:31:45.154   CNC 3   INF   Workplace color: red
2020-03-05 13:31:45.155   CNC 3   INF   Streaming data to LCD
2020-03-05 13:31:45.155   CNC 3   INF   Data streamed
2020-03-05 13:31:55.418   CNC 3   INF   Workplace color: red
2020-03-05 13:31:55.419   CNC 3   INF   Streaming data to LCD
2020-03-05 13:31:55.419   CNC 3   INF   Data streamed
2020-03-05 13:32:05.626   CNC 3   INF   Workplace color: red
2020-03-05 13:32:05.626   CNC 3   INF   Streaming data to LCD
2020-03-05 13:32:05.626   CNC 3   INF   Data streamed
2020-03-05 13:32:15.802   CNC 3   INF   Workplace color: red
2020-03-05 13:32:15.802   CNC 3   INF   Streaming data to LCD
2020-03-05 13:32:15.802   CNC 3   INF   Data streamed
2020-03-05 13:32:26.003   CNC 3   INF   Workplace color: red
2020-03-05 13:32:26.003   CNC 3   INF   Streaming data to LCD
2020-03-05 13:32:26.003   CNC 3   INF   Data streamed
2020-03-05 13:32:36.201   CNC 3   INF   Workplace color: red
2020-03-05 13:32:36.201   CNC 3   INF   Streaming data to LCD
2020-03-05 13:32:36.201   CNC 3   INF   Data streamed
2020-03-05 13:32:46.414   CNC 3   INF   Workplace color: red
2020-03-05 13:32:46.414   CNC 3   INF   Streaming data to LCD
2020-03-05 13:32:46.415   CNC 3   INF   Data streamed
2020-03-05 13:32:56.966   CNC 3   INF   Workplace color: red
2020-03-05 13:32:56.967   CNC 3   INF   Streaming data to LCD
2020-03-05 13:32:56.967   CNC 3   INF   Data streamed
2020-03-05 13:33:07.270   CNC 3   INF   Workplace color: red
2020-03-05 13:33:07.271   CNC 3   INF   Streaming data to LCD
2020-03-05 13:33:07.271   CNC 3   INF   Data streamed
2020-03-05 13:33:17.530   CNC 3   INF   Workplace color: red
2020-03-05 13:33:17.530   CNC 3   INF   Streaming data to LCD
2020-03-05 13:33:17.530   CNC 3   INF   Data streamed
2020-03-05 13:33:27.946   CNC 3   INF   Workplace color: red
2020-03-05 13:33:27.946   CNC 3   INF   Streaming data to LCD
2020-03-05 13:33:27.946   CNC 3   INF   Data streamed
2020-03-05 13:33:38.376   CNC 3   INF   Workplace color: red
2020-03-05 13:33:38.376   CNC 3   INF   Streaming data to LCD
2020-03-05 13:33:38.376   CNC 3   INF   Data streamed
2020-03-05 13:33:41.944   CNC 3   INF   Workplace color: red
2020-03-05 13:33:41.945   CNC 3   INF   Streaming data to LCD
2020-03-05 13:33:41.945   CNC 3   INF   Data streamed
2020-03-05 13:33:52.305   CNC 3   INF   Workplace color: red
2020-03-05 13:33:52.305   CNC 3   INF   Streaming data to LCD
2020-03-05 13:33:52.305   CNC 3   INF   Data streamed
2020-03-05 13:34:02.607   CNC 3   INF   Workplace color: red
2020-03-05 13:34:02.607   CNC 3   INF   Streaming data to LCD
2020-03-05 13:34:02.607   CNC 3   INF   Data streamed
2020-03-05 13:34:13.084   CNC 3   INF   Workplace color: red
2020-03-05 13:34:13.084   CNC 3   INF   Streaming data to LCD
2020-03-05 13:34:13.084   CNC 3   INF   Data streamed
2020-03-05 13:34:23.376   CNC 3   INF   Workplace color: red
2020-03-05 13:34:23.377   CNC 3   INF   Streaming data to LCD
2020-03-05 13:34:23.377   CNC 3   INF   Data streamed
2020-03-05 13:34:34.666   CNC 3   INF   Workplace color: green
2020-03-05 13:34:34.666   CNC 3   INF   Streaming data to LCD
2020-03-05 13:34:34.667   CNC 3   INF   Data streamed
2020-03-05 13:34:45.269   CNC 3   INF   Workplace color: green
2020-03-05 13:34:45.269   CNC 3   INF   Streaming data to LCD
2020-03-05 13:34:45.270   CNC 3   INF   Data streamed
2020-03-05 13:34:55.596   CNC 3   INF   Workplace color: green
2020-03-05 13:34:55.597   CNC 3   INF   Streaming data to LCD
2020-03-05 13:34:55.597   CNC 3   INF   Data streamed
2020-03-05 13:35:05.919   CNC 3   INF   Workplace color: green
2020-03-05 13:35:05.919   CNC 3   INF   Streaming data to LCD
2020-03-05 13:35:05.920   CNC 3   INF   Data streamed
2020-03-05 13:35:16.227   CNC 3   INF   Workplace color: green
2020-03-05 13:35:16.227   CNC 3   INF   Streaming data to LCD
2020-03-05 13:35:16.227   CNC 3   INF   Data streamed
2020-03-05 13:35:26.953   CNC 3   INF   Workplace color: green
2020-03-05 13:35:26.953   CNC 3   INF   Streaming data to LCD
2020-03-05 13:35:26.954   CNC 3   INF   Data streamed
2020-03-05 13:35:37.326   CNC 3   INF   Workplace color: green
2020-03-05 13:35:37.326   CNC 3   INF   Streaming data to LCD
2020-03-05 13:35:37.326   CNC 3   INF   Data streamed
2020-03-05 13:35:47.543   CNC 3   INF   Workplace color: green
2020-03-05 13:35:47.543   CNC 3   INF   Streaming data to LCD
2020-03-05 13:35:47.543   CNC 3   INF   Data streamed
2020-03-05 13:35:57.814   CNC 3   INF   Workplace color: green
2020-03-05 13:35:57.814   CNC 3   INF   Streaming data to LCD
2020-03-05 13:35:57.815   CNC 3   INF   Data streamed
2020-03-05 13:36:08.156   CNC 3   INF   Workplace color: green
2020-03-05 13:36:08.156   CNC 3   INF   Streaming data to LCD
2020-03-05 13:36:08.156   CNC 3   INF   Data streamed
2020-03-05 13:36:18.454   CNC 3   INF   Workplace color: green
2020-03-05 13:36:18.454   CNC 3   INF   Streaming data to LCD
2020-03-05 13:36:18.454   CNC 3   INF   Data streamed
2020-03-05 13:36:28.740   CNC 3   INF   Workplace color: green
2020-03-05 13:36:28.740   CNC 3   INF   Streaming data to LCD
2020-03-05 13:36:28.741   CNC 3   INF   Data streamed
2020-03-05 13:36:39.122   CNC 3   INF   Workplace color: green
2020-03-05 13:36:39.122   CNC 3   INF   Streaming data to LCD
2020-03-05 13:36:39.122   CNC 3   INF   Data streamed
2020-03-05 13:36:49.399   CNC 3   INF   Workplace color: green
2020-03-05 13:36:49.399   CNC 3   INF   Streaming data to LCD
2020-03-05 13:36:49.399   CNC 3   INF   Data streamed
2020-03-05 13:36:59.663   CNC 3   INF   Workplace color: green
2020-03-05 13:36:59.664   CNC 3   INF   Streaming data to LCD
2020-03-05 13:36:59.664   CNC 3   INF   Data streamed
2020-03-05 13:37:09.931   CNC 3   INF   Workplace color: green
2020-03-05 13:37:09.931   CNC 3   INF   Streaming data to LCD
2020-03-05 13:37:09.931   CNC 3   INF   Data streamed
2020-03-05 13:37:20.290   CNC 3   INF   Workplace color: green
2020-03-05 13:37:20.290   CNC 3   INF   Streaming data to LCD
2020-03-05 13:37:20.290   CNC 3   INF   Data streamed
2020-03-05 13:37:30.614   CNC 3   INF   Workplace color: green
2020-03-05 13:37:30.614   CNC 3   INF   Streaming data to LCD
2020-03-05 13:37:30.614   CNC 3   INF   Data streamed
2020-03-05 13:37:40.893   CNC 3   INF   Workplace color: green
2020-03-05 13:37:40.894   CNC 3   INF   Streaming data to LCD
2020-03-05 13:37:40.894   CNC 3   INF   Data streamed
2020-03-05 13:37:51.221   CNC 3   INF   Workplace color: green
2020-03-05 13:37:51.221   CNC 3   INF   Streaming data to LCD
2020-03-05 13:37:51.221   CNC 3   INF   Data streamed
2020-03-05 13:38:01.558   CNC 3   INF   Workplace color: green
2020-03-05 13:38:01.558   CNC 3   INF   Streaming data to LCD
2020-03-05 13:38:01.559   CNC 3   INF   Data streamed
2020-03-05 13:38:11.845   CNC 3   INF   Workplace color: green
2020-03-05 13:38:11.845   CNC 3   INF   Streaming data to LCD
2020-03-05 13:38:11.845   CNC 3   INF   Data streamed
2020-03-05 13:38:22.158   CNC 3   INF   Workplace color: green
2020-03-05 13:38:22.158   CNC 3   INF   Streaming data to LCD
2020-03-05 13:38:22.158   CNC 3   INF   Data streamed
2020-03-05 13:38:32.456   CNC 3   INF   Workplace color: green
2020-03-05 13:38:32.456   CNC 3   INF   Streaming data to LCD
2020-03-05 13:38:32.457   CNC 3   INF   Data streamed
2020-03-05 13:38:42.773   CNC 3   INF   Workplace color: green
2020-03-05 13:38:42.774   CNC 3   INF   Streaming data to LCD
2020-03-05 13:38:42.774   CNC 3   INF   Data streamed
2020-03-05 13:38:53.100   CNC 3   INF   Workplace color: green
2020-03-05 13:38:53.100   CNC 3   INF   Streaming data to LCD
2020-03-05 13:38:53.100   CNC 3   INF   Data streamed
2020-03-05 13:39:03.429   CNC 3   INF   Workplace color: green
2020-03-05 13:39:03.429   CNC 3   INF   Streaming data to LCD
2020-03-05 13:39:03.429   CNC 3   INF   Data streamed
2020-03-05 13:39:14.086   CNC 3   INF   Workplace color: green
2020-03-05 13:39:14.086   CNC 3   INF   Streaming data to LCD
2020-03-05 13:39:14.086   CNC 3   INF   Data streamed
2020-03-05 13:39:24.382   CNC 3   INF   Workplace color: green
2020-03-05 13:39:24.382   CNC 3   INF   Streaming data to LCD
2020-03-05 13:39:24.382   CNC 3   INF   Data streamed
2020-03-05 13:39:34.716   CNC 3   INF   Workplace color: green
2020-03-05 13:39:34.716   CNC 3   INF   Streaming data to LCD
2020-03-05 13:39:34.716   CNC 3   INF   Data streamed
2020-03-05 13:39:45.067   CNC 3   INF   Workplace color: green
2020-03-05 13:39:45.067   CNC 3   INF   Streaming data to LCD
2020-03-05 13:39:45.067   CNC 3   INF   Data streamed
2020-03-05 13:39:55.323   CNC 3   INF   Workplace color: green
2020-03-05 13:39:55.323   CNC 3   INF   Streaming data to LCD
2020-03-05 13:39:55.323   CNC 3   INF   Data streamed
2020-03-05 13:40:05.613   CNC 3   INF   Workplace color: green
2020-03-05 13:40:05.613   CNC 3   INF   Streaming data to LCD
2020-03-05 13:40:05.613   CNC 3   INF   Data streamed
2020-03-05 13:40:15.913   CNC 3   INF   Workplace color: green
2020-03-05 13:40:15.913   CNC 3   INF   Streaming data to LCD
2020-03-05 13:40:15.913   CNC 3   INF   Data streamed
2020-03-05 13:40:26.228   CNC 3   INF   Workplace color: green
2020-03-05 13:40:26.228   CNC 3   INF   Streaming data to LCD
2020-03-05 13:40:26.228   CNC 3   INF   Data streamed
2020-03-05 13:40:36.534   CNC 3   INF   Workplace color: green
2020-03-05 13:40:36.534   CNC 3   INF   Streaming data to LCD
2020-03-05 13:40:36.534   CNC 3   INF   Data streamed
2020-03-05 13:40:46.822   CNC 3   INF   Workplace color: green
2020-03-05 13:40:46.822   CNC 3   INF   Streaming data to LCD
2020-03-05 13:40:46.822   CNC 3   INF   Data streamed
2020-03-05 13:40:57.125   CNC 3   INF   Workplace color: green
2020-03-05 13:40:57.125   CNC 3   INF   Streaming data to LCD
2020-03-05 13:40:57.125   CNC 3   INF   Data streamed
2020-03-05 13:41:07.365   CNC 3   INF   Workplace color: green
2020-03-05 13:41:07.365   CNC 3   INF   Streaming data to LCD
2020-03-05 13:41:07.365   CNC 3   INF   Data streamed
2020-03-05 13:41:17.710   CNC 3   INF   Workplace color: green
2020-03-05 13:41:17.710   CNC 3   INF   Streaming data to LCD
2020-03-05 13:41:17.711   CNC 3   INF   Data streamed
2020-03-05 13:41:27.961   CNC 3   INF   Workplace color: green
2020-03-05 13:41:27.961   CNC 3   INF   Streaming data to LCD
2020-03-05 13:41:27.961   CNC 3   INF   Data streamed
2020-03-05 13:44:08.259   CNC 3   INF   Workplace color: green
2020-03-05 13:44:08.259   CNC 3   INF   Streaming data to LCD
2020-03-05 13:44:08.259   CNC 3   INF   Data streamed
2020-03-05 13:44:18.512   CNC 3   INF   Workplace color: green
2020-03-05 13:44:18.512   CNC 3   INF   Streaming data to LCD
2020-03-05 13:44:18.512   CNC 3   INF   Data streamed
2020-03-05 13:44:28.922   CNC 3   INF   Workplace color: green
2020-03-05 13:44:28.922   CNC 3   INF   Streaming data to LCD
2020-03-05 13:44:28.922   CNC 3   INF   Data streamed
2020-03-05 13:44:39.206   CNC 3   INF   Workplace color: green
2020-03-05 13:44:39.206   CNC 3   INF   Streaming data to LCD
2020-03-05 13:44:39.206   CNC 3   INF   Data streamed
2020-03-05 13:44:49.479   CNC 3   INF   Workplace color: green
2020-03-05 13:44:49.479   CNC 3   INF   Streaming data to LCD
2020-03-05 13:44:49.480   CNC 3   INF   Data streamed
2020-03-05 13:44:59.813   CNC 3   INF   Workplace color: green
2020-03-05 13:44:59.813   CNC 3   INF   Streaming data to LCD
2020-03-05 13:44:59.813   CNC 3   INF   Data streamed
2020-03-05 13:45:10.142   CNC 3   INF   Workplace color: green
2020-03-05 13:45:10.142   CNC 3   INF   Streaming data to LCD
2020-03-05 13:45:10.142   CNC 3   INF   Data streamed
2020-03-05 13:45:20.480   CNC 3   INF   Workplace color: green
2020-03-05 13:45:20.480   CNC 3   INF   Streaming data to LCD
2020-03-05 13:45:20.480   CNC 3   INF   Data streamed
2020-03-05 13:45:30.766   CNC 3   INF   Workplace color: green
2020-03-05 13:45:30.766   CNC 3   INF   Streaming data to LCD
2020-03-05 13:45:30.766   CNC 3   INF   Data streamed
2020-03-05 13:45:41.076   CNC 3   INF   Workplace color: green
2020-03-05 13:45:41.076   CNC 3   INF   Streaming data to LCD
2020-03-05 13:45:41.076   CNC 3   INF   Data streamed
2020-03-05 13:45:51.348   CNC 3   INF   Workplace color: green
2020-03-05 13:45:51.348   CNC 3   INF   Streaming data to LCD
2020-03-05 13:45:51.348   CNC 3   INF   Data streamed
2020-03-05 13:46:01.564   CNC 3   INF   Workplace color: green
2020-03-05 13:46:01.564   CNC 3   INF   Streaming data to LCD
2020-03-05 13:46:01.564   CNC 3   INF   Data streamed
2020-03-05 13:46:12.071   CNC 3   INF   Workplace color: green
2020-03-05 13:46:12.071   CNC 3   INF   Streaming data to LCD
2020-03-05 13:46:12.072   CNC 3   INF   Data streamed
2020-03-05 13:46:22.444   CNC 3   INF   Workplace color: green
2020-03-05 13:46:22.444   CNC 3   INF   Streaming data to LCD
2020-03-05 13:46:22.444   CNC 3   INF   Data streamed
2020-03-05 13:46:32.734   CNC 3   INF   Workplace color: red
2020-03-05 13:46:32.735   CNC 3   INF   Streaming data to LCD
2020-03-05 13:46:32.735   CNC 3   INF   Data streamed
2020-03-05 13:46:43.116   CNC 3   INF   Workplace color: red
2020-03-05 13:46:43.117   CNC 3   INF   Streaming data to LCD
2020-03-05 13:46:43.117   CNC 3   INF   Data streamed
2020-03-05 13:46:53.367   CNC 3   INF   Workplace color: red
2020-03-05 13:46:53.367   CNC 3   INF   Streaming data to LCD
2020-03-05 13:46:53.367   CNC 3   INF   Data streamed
2020-03-05 13:47:03.683   CNC 3   INF   Workplace color: red
2020-03-05 13:47:03.683   CNC 3   INF   Streaming data to LCD
2020-03-05 13:47:03.684   CNC 3   INF   Data streamed
2020-03-05 13:47:13.896   CNC 3   INF   Workplace color: red
2020-03-05 13:47:13.897   CNC 3   INF   Streaming data to LCD
2020-03-05 13:47:13.897   CNC 3   INF   Data streamed
2020-03-05 13:47:24.097   CNC 3   INF   Workplace color: red
2020-03-05 13:47:24.097   CNC 3   INF   Streaming data to LCD
2020-03-05 13:47:24.097   CNC 3   INF   Data streamed
2020-03-05 13:47:34.328   CNC 3   INF   Workplace color: red
2020-03-05 13:47:34.328   CNC 3   INF   Streaming data to LCD
2020-03-05 13:47:34.328   CNC 3   INF   Data streamed
2020-03-05 13:47:44.525   CNC 3   INF   Workplace color: red
2020-03-05 13:47:44.525   CNC 3   INF   Streaming data to LCD
2020-03-05 13:47:44.525   CNC 3   INF   Data streamed
2020-03-05 13:47:54.798   CNC 3   INF   Workplace color: red
2020-03-05 13:47:54.798   CNC 3   INF   Streaming data to LCD
2020-03-05 13:47:54.799   CNC 3   INF   Data streamed
2020-03-05 13:48:05.161   CNC 3   INF   Workplace color: red
2020-03-05 13:48:05.162   CNC 3   INF   Streaming data to LCD
2020-03-05 13:48:05.162   CNC 3   INF   Data streamed
2020-03-05 13:48:15.428   CNC 3   INF   Workplace color: red
2020-03-05 13:48:15.428   CNC 3   INF   Streaming data to LCD
2020-03-05 13:48:15.428   CNC 3   INF   Data streamed
2020-03-05 13:48:25.755   CNC 3   INF   Workplace color: red
2020-03-05 13:48:25.755   CNC 3   INF   Streaming data to LCD
2020-03-05 13:48:25.755   CNC 3   INF   Data streamed
2020-03-05 13:48:36.217   CNC 3   INF   Workplace color: red
2020-03-05 13:48:36.217   CNC 3   INF   Streaming data to LCD
2020-03-05 13:48:36.217   CNC 3   INF   Data streamed
2020-03-05 13:48:43.751   CNC 3   INF   Workplace color: red
2020-03-05 13:48:43.751   CNC 3   INF   Streaming data to LCD
2020-03-05 13:48:43.751   CNC 3   INF   Data streamed
2020-03-05 13:48:52.502   CNC 3   INF   Workplace color: red
2020-03-05 13:48:52.502   CNC 3   INF   Streaming data to LCD
2020-03-05 13:48:52.502   CNC 3   INF   Data streamed
2020-03-05 13:49:02.840   CNC 3   INF   Workplace color: red
2020-03-05 13:49:02.840   CNC 3   INF   Streaming data to LCD
2020-03-05 13:49:02.840   CNC 3   INF   Data streamed
2020-03-05 13:49:13.064   CNC 3   INF   Workplace color: red
2020-03-05 13:49:13.064   CNC 3   INF   Streaming data to LCD
2020-03-05 13:49:13.064   CNC 3   INF   Data streamed
2020-03-05 13:49:23.270   CNC 3   INF   Workplace color: red
2020-03-05 13:49:23.270   CNC 3   INF   Streaming data to LCD
2020-03-05 13:49:23.270   CNC 3   INF   Data streamed
2020-03-05 13:49:33.595   CNC 3   INF   Workplace color: red
2020-03-05 13:49:33.595   CNC 3   INF   Streaming data to LCD
2020-03-05 13:49:33.595   CNC 3   INF   Data streamed
2020-03-05 13:49:44.056   CNC 3   INF   Workplace color: red
2020-03-05 13:49:44.056   CNC 3   INF   Streaming data to LCD
2020-03-05 13:49:44.056   CNC 3   INF   Data streamed
2020-03-05 13:49:54.644   CNC 3   INF   Workplace color: red
2020-03-05 13:49:54.645   CNC 3   INF   Streaming data to LCD
2020-03-05 13:49:54.645   CNC 3   INF   Data streamed
2020-03-05 13:50:05.261   CNC 3   INF   Workplace color: red
2020-03-05 13:50:05.261   CNC 3   INF   Streaming data to LCD
2020-03-05 13:50:05.261   CNC 3   INF   Data streamed
2020-03-05 13:50:17.493   CNC 3   INF   Workplace color: red, order: , downtime: , user: 
2020-03-05 13:50:17.494   CNC 3   INF   Streaming data to LCD
2020-03-05 13:50:17.494   CNC 3   INF   Data streamed
2020-03-05 13:50:27.821   CNC 3   INF   Workplace color: red, order: , downtime: , user: 
2020-03-05 13:50:27.821   CNC 3   INF   Streaming data to LCD
2020-03-05 13:50:27.821   CNC 3   INF   Data streamed
2020-03-05 13:50:38.102   CNC 3   INF   Workplace color: red, order: , downtime: , user: 
2020-03-05 13:50:38.102   CNC 3   INF   Streaming data to LCD
2020-03-05 13:50:38.102   CNC 3   INF   Data streamed
2020-03-05 13:50:48.402   CNC 3   INF   Workplace color: red, order: , downtime: , user: 
2020-03-05 13:50:48.403   CNC 3   INF   Streaming data to LCD
2020-03-05 13:50:48.403   CNC 3   INF   Data streamed
2020-03-05 13:50:58.813   CNC 3   INF   Workplace color: red, order: , downtime: , user: 
2020-03-05 13:50:58.814   CNC 3   INF   Streaming data to LCD
2020-03-05 13:50:58.814   CNC 3   INF   Data streamed
2020-03-05 13:51:09.237   CNC 3   INF   Workplace color: red, order: , downtime: , user: 
2020-03-05 13:51:09.237   CNC 3   INF   Streaming data to LCD
2020-03-05 13:51:09.237   CNC 3   INF   Data streamed
2020-03-05 13:51:19.596   CNC 3   INF   Workplace color: red, order: , downtime: , user: 
2020-03-05 13:51:19.596   CNC 3   INF   Streaming data to LCD
2020-03-05 13:51:19.596   CNC 3   INF   Data streamed
2020-03-05 13:51:29.930   CNC 3   INF   Workplace color: red, order: , downtime: , user: 
2020-03-05 13:51:29.930   CNC 3   INF   Streaming data to LCD
2020-03-05 13:51:29.931   CNC 3   INF   Data streamed
2020-03-05 13:51:40.359   CNC 3   INF   Workplace color: red, order: , downtime: , user: 
2020-03-05 13:51:40.359   CNC 3   INF   Streaming data to LCD
2020-03-05 13:51:40.360   CNC 3   INF   Data streamed
2020-03-05 13:51:50.933   CNC 3   INF   Workplace color: red, order: , downtime: , user: 
2020-03-05 13:51:50.933   CNC 3   INF   Streaming data to LCD
2020-03-05 13:51:50.934   CNC 3   INF   Data streamed
2020-03-05 13:52:01.350   CNC 3   INF   Workplace color: red, order: , downtime: , user: 
2020-03-05 13:52:01.350   CNC 3   INF   Streaming data to LCD
2020-03-05 13:52:01.350   CNC 3   INF   Data streamed
2020-03-05 13:52:11.810   CNC 3   INF   Workplace color: red, order: , downtime: , user: 
2020-03-05 13:52:11.810   CNC 3   INF   Streaming data to LCD
2020-03-05 13:52:11.810   CNC 3   INF   Data streamed
2020-03-05 13:52:22.174   CNC 3   INF   Workplace color: red, order: , downtime: , user: 
2020-03-05 13:52:22.175   CNC 3   INF   Streaming data to LCD
2020-03-05 13:52:22.175   CNC 3   INF   Data streamed
2020-03-05 14:14:09.249   CNC 3   INF   Workplace color: green, order: Internal, downtime: , user:  
2020-03-05 14:14:09.249   CNC 3   INF   Streaming data to LCD
2020-03-05 14:14:09.250   CNC 3   INF   Data streamed
2020-03-05 14:14:19.510   CNC 3   INF   Workplace color: green, order: Internal, downtime: , user:  
2020-03-05 14:14:19.510   CNC 3   INF   Streaming data to LCD
2020-03-05 14:14:19.510   CNC 3   INF   Data streamed
2020-03-05 14:19:37.840   CNC 3   INF   Workplace color: green, order: Internal, downtime: , user:  
2020-03-05 14:19:37.840   CNC 3   INF   Streaming data to LCD
2020-03-05 14:19:37.840   CNC 3   INF   Data streamed
2020-03-05 14:20:01.665   CNC 3   INF   Workplace color: green, order: Internal, downtime: , user:  
2020-03-05 14:20:01.665   CNC 3   INF   Streaming data to LCD
2020-03-05 14:20:01.665   CNC 3   INF   Data streamed
2020-03-05 14:20:11.974   CNC 3   INF   Workplace color: green, order: Internal, downtime: , user:  
2020-03-05 14:20:11.974   CNC 3   INF   Streaming data to LCD
2020-03-05 14:20:11.975   CNC 3   INF   Data streamed
2020-03-05 14:20:22.239   CNC 3   INF   Workplace color: green, order: Internal, downtime: , user:  
2020-03-05 14:20:22.239   CNC 3   INF   Streaming data to LCD
2020-03-05 14:20:22.239   CNC 3   INF   Data streamed
