2020-03-31 11:49:30.431   CNC 11   INF   Workplace color: red, order: , downtime: , user: 
2020-03-31 11:49:30.431   CNC 11   INF   Streaming data to LCD
2020-03-31 11:49:30.432   CNC 11   INF   Data streamed
2020-03-31 11:49:40.693   CNC 11   INF   Workplace color: red, order: , downtime: , user: 
2020-03-31 11:49:40.694   CNC 11   INF   Streaming data to LCD
2020-03-31 11:49:40.694   CNC 11   INF   Data streamed
2020-03-31 11:49:50.971   CNC 11   INF   Workplace color: red, order: , downtime: , user: 
2020-03-31 11:49:50.971   CNC 11   INF   Streaming data to LCD
2020-03-31 11:49:50.971   CNC 11   INF   Data streamed
2020-03-31 11:50:00.763   CNC 11   INF   Workplace color: red, order: , downtime: , user: 
2020-03-31 11:50:00.764   CNC 11   INF   Streaming data to LCD
2020-03-31 11:50:00.764   CNC 11   INF   Data streamed
2020-03-31 11:50:46.640   CNC 11   INF   Workplace color: red, order: , downtime: , user: 
2020-03-31 11:50:46.640   CNC 11   INF   Streaming data to LCD
2020-03-31 11:50:46.640   CNC 11   INF   Data streamed
2020-03-31 11:50:56.958   CNC 11   INF   Workplace color: red, order: , downtime: , user: 
2020-03-31 11:50:56.958   CNC 11   INF   Streaming data to LCD
2020-03-31 11:50:56.959   CNC 11   INF   Data streamed
2020-03-31 11:51:07.170   CNC 11   INF   Workplace color: red, order: , downtime: , user: 
2020-03-31 11:51:07.170   CNC 11   INF   Streaming data to LCD
2020-03-31 11:51:07.170   CNC 11   INF   Data streamed
2020-03-31 11:51:17.482   CNC 11   INF   Workplace color: red, order: , downtime: , user: 
2020-03-31 11:51:17.482   CNC 11   INF   Streaming data to LCD
2020-03-31 11:51:17.482   CNC 11   INF   Data streamed
2020-03-31 11:51:27.906   CNC 11   INF   Workplace color: red, order: , downtime: , user: 
2020-03-31 11:51:27.906   CNC 11   INF   Streaming data to LCD
2020-03-31 11:51:27.907   CNC 11   INF   Data streamed
2020-03-31 11:51:38.098   CNC 11   INF   Workplace color: red, order: , downtime: , user: 
2020-03-31 11:51:38.098   CNC 11   INF   Streaming data to LCD
2020-03-31 11:51:38.098   CNC 11   INF   Data streamed
2020-03-31 11:51:49.032   CNC 11   INF   Workplace color: red, order: , downtime: , user: 
2020-03-31 11:51:49.032   CNC 11   INF   Streaming data to LCD
2020-03-31 11:51:49.032   CNC 11   INF   Data streamed
2020-03-31 11:51:59.573   CNC 11   INF   Workplace color: red, order: , downtime: , user: 
2020-03-31 11:51:59.573   CNC 11   INF   Streaming data to LCD
2020-03-31 11:51:59.573   CNC 11   INF   Data streamed
2020-03-31 11:52:09.906   CNC 11   INF   Workplace color: red, order: , downtime: , user: 
2020-03-31 11:52:09.906   CNC 11   INF   Streaming data to LCD
2020-03-31 11:52:09.907   CNC 11   INF   Data streamed
2020-03-31 11:52:20.243   CNC 11   INF   Workplace color: red, order: , downtime: , user: 
2020-03-31 11:52:20.243   CNC 11   INF   Streaming data to LCD
2020-03-31 11:52:20.243   CNC 11   INF   Data streamed
2020-03-31 11:52:30.519   CNC 11   INF   Workplace color: red, order: , downtime: , user: 
2020-03-31 11:52:30.519   CNC 11   INF   Streaming data to LCD
2020-03-31 11:52:30.519   CNC 11   INF   Data streamed
2020-03-31 11:52:40.793   CNC 11   INF   Workplace color: red, order: , downtime: , user: 
2020-03-31 11:52:40.793   CNC 11   INF   Streaming data to LCD
2020-03-31 11:52:40.793   CNC 11   INF   Data streamed
2020-03-31 11:52:51.016   CNC 11   INF   Workplace color: red, order: , downtime: , user: 
2020-03-31 11:52:51.016   CNC 11   INF   Streaming data to LCD
2020-03-31 11:52:51.016   CNC 11   INF   Data streamed
2020-03-31 11:53:01.208   CNC 11   INF   Workplace color: red, order: , downtime: , user: 
2020-03-31 11:53:01.208   CNC 11   INF   Streaming data to LCD
2020-03-31 11:53:01.209   CNC 11   INF   Data streamed
2020-03-31 11:53:11.411   CNC 11   INF   Workplace color: red, order: , downtime: , user: 
2020-03-31 11:53:11.411   CNC 11   INF   Streaming data to LCD
2020-03-31 11:53:11.411   CNC 11   INF   Data streamed
2020-03-31 11:53:21.630   CNC 11   INF   Workplace color: red, order: , downtime: , user: 
2020-03-31 11:53:21.630   CNC 11   INF   Streaming data to LCD
2020-03-31 11:53:21.630   CNC 11   INF   Data streamed
2020-03-31 11:53:31.830   CNC 11   INF   Workplace color: red, order: , downtime: , user: 
2020-03-31 11:53:31.830   CNC 11   INF   Streaming data to LCD
2020-03-31 11:53:31.830   CNC 11   INF   Data streamed
2020-03-31 11:53:42.032   CNC 11   INF   Workplace color: red, order: , downtime: , user: 
2020-03-31 11:53:42.033   CNC 11   INF   Streaming data to LCD
2020-03-31 11:53:42.033   CNC 11   INF   Data streamed
2020-03-31 11:53:52.272   CNC 11   INF   Workplace color: red, order: , downtime: , user: 
2020-03-31 11:53:52.272   CNC 11   INF   Streaming data to LCD
2020-03-31 11:53:52.272   CNC 11   INF   Data streamed
2020-03-31 11:54:02.595   CNC 11   INF   Workplace color: red, order: , downtime: , user: 
2020-03-31 11:54:02.595   CNC 11   INF   Streaming data to LCD
2020-03-31 11:54:02.595   CNC 11   INF   Data streamed
2020-03-31 11:54:12.953   CNC 11   INF   Workplace color: red, order: , downtime: , user: 
2020-03-31 11:54:12.954   CNC 11   INF   Streaming data to LCD
2020-03-31 11:54:12.954   CNC 11   INF   Data streamed
2020-03-31 11:54:23.344   CNC 11   INF   Workplace color: red, order: , downtime: , user: 
2020-03-31 11:54:23.345   CNC 11   INF   Streaming data to LCD
2020-03-31 11:54:23.345   CNC 11   INF   Data streamed
2020-03-31 11:54:33.775   CNC 11   INF   Workplace color: red, order: , downtime: , user: 
2020-03-31 11:54:33.775   CNC 11   INF   Streaming data to LCD
2020-03-31 11:54:33.775   CNC 11   INF   Data streamed
2020-03-31 11:54:44.111   CNC 11   INF   Workplace color: red, order: , downtime: , user: 
2020-03-31 11:54:44.111   CNC 11   INF   Streaming data to LCD
2020-03-31 11:54:44.111   CNC 11   INF   Data streamed
2020-03-31 11:54:52.171   CNC 11   INF   Workplace color: red, order: , downtime: , user: 
2020-03-31 11:54:52.171   CNC 11   INF   Streaming data to LCD
2020-03-31 11:54:52.171   CNC 11   INF   Data streamed
2020-03-31 11:55:03.522   CNC 11   INF   Workplace color: red, order: , downtime: , user: 
2020-03-31 11:55:03.522   CNC 11   INF   Streaming data to LCD
2020-03-31 11:55:03.522   CNC 11   INF   Data streamed
2020-03-31 11:55:13.887   CNC 11   INF   Workplace color: red, order: , downtime: , user: 
2020-03-31 11:55:13.887   CNC 11   INF   Streaming data to LCD
2020-03-31 11:55:13.887   CNC 11   INF   Data streamed
2020-03-31 11:55:24.226   CNC 11   INF   Workplace color: red, order: , downtime: , user: 
2020-03-31 11:55:24.226   CNC 11   INF   Streaming data to LCD
2020-03-31 11:55:24.226   CNC 11   INF   Data streamed
2020-03-31 11:55:34.762   CNC 11   INF   Workplace color: orange, order: , downtime: , user: 
2020-03-31 11:55:34.762   CNC 11   INF   Streaming data to LCD
2020-03-31 11:55:34.762   CNC 11   INF   Data streamed
2020-03-31 11:55:45.384   CNC 11   INF   Workplace color: orange, order: , downtime: , user: 
2020-03-31 11:55:45.384   CNC 11   INF   Streaming data to LCD
2020-03-31 11:55:45.385   CNC 11   INF   Data streamed
2020-03-31 11:55:55.200   CNC 11   INF   Workplace color: orange, order: , downtime: , user: 
2020-03-31 11:55:55.200   CNC 11   INF   Streaming data to LCD
2020-03-31 11:55:55.200   CNC 11   INF   Data streamed
2020-03-31 11:56:05.711   CNC 11   INF   Workplace color: orange, order: , downtime: , user: 
2020-03-31 11:56:05.711   CNC 11   INF   Streaming data to LCD
2020-03-31 11:56:05.711   CNC 11   INF   Data streamed
2020-03-31 11:56:16.100   CNC 11   INF   Workplace color: orange, order: , downtime: , user: 
2020-03-31 11:56:16.100   CNC 11   INF   Streaming data to LCD
2020-03-31 11:56:16.101   CNC 11   INF   Data streamed
2020-03-31 11:56:26.610   CNC 11   INF   Workplace color: orange, order: , downtime: , user: 
2020-03-31 11:56:26.611   CNC 11   INF   Streaming data to LCD
2020-03-31 11:56:26.611   CNC 11   INF   Data streamed
2020-03-31 11:56:32.437   CNC 11   INF   Workplace color: orange, order: , downtime: , user: 
2020-03-31 11:56:32.438   CNC 11   INF   Streaming data to LCD
2020-03-31 11:56:32.438   CNC 11   INF   Data streamed
2020-03-31 11:56:42.776   CNC 11   INF   Workplace color: orange, order: , downtime: , user: 
2020-03-31 11:56:42.776   CNC 11   INF   Streaming data to LCD
2020-03-31 11:56:42.776   CNC 11   INF   Data streamed
2020-03-31 11:56:53.518   CNC 11   INF   Workplace color: orange, order: , downtime: , user: 
2020-03-31 11:56:53.518   CNC 11   INF   Streaming data to LCD
2020-03-31 11:56:53.518   CNC 11   INF   Data streamed
2020-03-31 11:57:04.023   CNC 11   INF   Workplace color: orange, order: , downtime: , user: 
2020-03-31 11:57:04.023   CNC 11   INF   Streaming data to LCD
2020-03-31 11:57:04.023   CNC 11   INF   Data streamed
2020-03-31 11:57:14.256   CNC 11   INF   Workplace color: orange, order: , downtime: , user: 
2020-03-31 11:57:14.256   CNC 11   INF   Streaming data to LCD
2020-03-31 11:57:14.256   CNC 11   INF   Data streamed
2020-03-31 11:57:24.431   CNC 11   INF   Workplace color: orange, order: , downtime: , user: 
2020-03-31 11:57:24.431   CNC 11   INF   Streaming data to LCD
2020-03-31 11:57:24.431   CNC 11   INF   Data streamed
2020-03-31 11:57:34.604   CNC 11   INF   Workplace color: orange, order: , downtime: , user: 
2020-03-31 11:57:34.604   CNC 11   INF   Streaming data to LCD
2020-03-31 11:57:34.604   CNC 11   INF   Data streamed
2020-03-31 11:57:44.926   CNC 11   INF   Workplace color: orange, order: , downtime: , user: 
2020-03-31 11:57:44.926   CNC 11   INF   Streaming data to LCD
2020-03-31 11:57:44.926   CNC 11   INF   Data streamed
2020-03-31 11:57:55.667   CNC 11   INF   Workplace color: orange, order: , downtime: , user: 
2020-03-31 11:57:55.667   CNC 11   INF   Streaming data to LCD
2020-03-31 11:57:55.667   CNC 11   INF   Data streamed
2020-03-31 11:58:06.206   CNC 11   INF   Workplace color: orange, order: , downtime: , user: 
2020-03-31 11:58:06.207   CNC 11   INF   Streaming data to LCD
2020-03-31 11:58:06.207   CNC 11   INF   Data streamed
2020-03-31 11:58:16.783   CNC 11   INF   Workplace color: orange, order: , downtime: , user: 
2020-03-31 11:58:16.783   CNC 11   INF   Streaming data to LCD
2020-03-31 11:58:16.783   CNC 11   INF   Data streamed
2020-03-31 11:58:26.973   CNC 11   INF   Workplace color: orange, order: , downtime: , user: 
2020-03-31 11:58:26.973   CNC 11   INF   Streaming data to LCD
2020-03-31 11:58:26.973   CNC 11   INF   Data streamed
2020-03-31 11:58:37.158   CNC 11   INF   Workplace color: orange, order: , downtime: , user: 
2020-03-31 11:58:37.158   CNC 11   INF   Streaming data to LCD
2020-03-31 11:58:37.158   CNC 11   INF   Data streamed
2020-03-31 11:58:47.322   CNC 11   INF   Workplace color: orange, order: , downtime: , user: 
2020-03-31 11:58:47.322   CNC 11   INF   Streaming data to LCD
2020-03-31 11:58:47.322   CNC 11   INF   Data streamed
2020-03-31 11:58:57.524   CNC 11   INF   Workplace color: orange, order: , downtime: , user: 
2020-03-31 11:58:57.525   CNC 11   INF   Streaming data to LCD
2020-03-31 11:58:57.525   CNC 11   INF   Data streamed
2020-03-31 11:59:07.711   CNC 11   INF   Workplace color: orange, order: , downtime: , user: 
2020-03-31 11:59:07.711   CNC 11   INF   Streaming data to LCD
2020-03-31 11:59:07.711   CNC 11   INF   Data streamed
2020-03-31 11:59:17.885   CNC 11   INF   Workplace color: orange, order: , downtime: , user: 
2020-03-31 11:59:17.885   CNC 11   INF   Streaming data to LCD
2020-03-31 11:59:17.885   CNC 11   INF   Data streamed
2020-03-31 11:59:28.057   CNC 11   INF   Workplace color: orange, order: , downtime: , user: 
2020-03-31 11:59:28.057   CNC 11   INF   Streaming data to LCD
2020-03-31 11:59:28.058   CNC 11   INF   Data streamed
2020-03-31 11:59:38.289   CNC 11   INF   Workplace color: orange, order: , downtime: , user: 
2020-03-31 11:59:38.289   CNC 11   INF   Streaming data to LCD
2020-03-31 11:59:38.289   CNC 11   INF   Data streamed
2020-03-31 11:59:48.483   CNC 11   INF   Workplace color: orange, order: , downtime: , user: 
2020-03-31 11:59:48.483   CNC 11   INF   Streaming data to LCD
2020-03-31 11:59:48.483   CNC 11   INF   Data streamed
2020-03-31 11:59:58.695   CNC 11   INF   Workplace color: orange, order: , downtime: , user: 
2020-03-31 11:59:58.695   CNC 11   INF   Streaming data to LCD
2020-03-31 11:59:58.695   CNC 11   INF   Data streamed
2020-03-31 12:00:08.876   CNC 11   INF   Workplace color: orange, order: , downtime: , user: 
2020-03-31 12:00:08.876   CNC 11   INF   Streaming data to LCD
2020-03-31 12:00:08.876   CNC 11   INF   Data streamed
2020-03-31 12:00:19.059   CNC 11   INF   Workplace color: orange, order: , downtime: , user: 
2020-03-31 12:00:19.060   CNC 11   INF   Streaming data to LCD
2020-03-31 12:00:19.060   CNC 11   INF   Data streamed
2020-03-31 12:00:29.258   CNC 11   INF   Workplace color: orange, order: , downtime: , user: 
2020-03-31 12:00:29.258   CNC 11   INF   Streaming data to LCD
2020-03-31 12:00:29.258   CNC 11   INF   Data streamed
2020-03-31 12:00:49.467   CNC 11   INF   Workplace color: green, order: , downtime: , user: 
2020-03-31 12:00:49.467   CNC 11   INF   Streaming data to LCD
2020-03-31 12:00:49.467   CNC 11   INF   Data streamed
2020-03-31 12:01:19.685   CNC 11   INF   Workplace color: green, order: , downtime: , user: 
2020-03-31 12:01:19.685   CNC 11   INF   Streaming data to LCD
2020-03-31 12:01:19.685   CNC 11   INF   Data streamed
2020-03-31 12:01:29.885   CNC 11   INF   Workplace color: green, order: , downtime: , user: 
2020-03-31 12:01:29.886   CNC 11   INF   Streaming data to LCD
2020-03-31 12:01:29.886   CNC 11   INF   Data streamed
2020-03-31 12:01:40.050   CNC 11   INF   Workplace color: green, order: , downtime: , user: 
2020-03-31 12:01:40.050   CNC 11   INF   Streaming data to LCD
2020-03-31 12:01:40.050   CNC 11   INF   Data streamed
2020-03-31 12:01:50.225   CNC 11   INF   Workplace color: green, order: , downtime: , user: 
2020-03-31 12:01:50.225   CNC 11   INF   Streaming data to LCD
2020-03-31 12:01:50.225   CNC 11   INF   Data streamed
2020-03-31 12:02:00.392   CNC 11   INF   Workplace color: green, order: , downtime: , user: 
2020-03-31 12:02:00.392   CNC 11   INF   Streaming data to LCD
2020-03-31 12:02:00.392   CNC 11   INF   Data streamed
2020-03-31 12:02:10.570   CNC 11   INF   Workplace color: green, order: , downtime: , user: 
2020-03-31 12:02:10.570   CNC 11   INF   Streaming data to LCD
2020-03-31 12:02:10.570   CNC 11   INF   Data streamed
2020-03-31 12:02:20.762   CNC 11   INF   Workplace color: green, order: , downtime: , user: 
2020-03-31 12:02:20.762   CNC 11   INF   Streaming data to LCD
2020-03-31 12:02:20.762   CNC 11   INF   Data streamed
2020-03-31 12:02:30.931   CNC 11   INF   Workplace color: green, order: , downtime: , user: 
2020-03-31 12:02:30.931   CNC 11   INF   Streaming data to LCD
2020-03-31 12:02:30.931   CNC 11   INF   Data streamed
2020-03-31 12:02:41.122   CNC 11   INF   Workplace color: green, order: , downtime: , user: 
2020-03-31 12:02:41.122   CNC 11   INF   Streaming data to LCD
2020-03-31 12:02:41.122   CNC 11   INF   Data streamed
2020-03-31 12:02:51.560   CNC 11   INF   Workplace color: green, order: , downtime: , user: 
2020-03-31 12:02:51.560   CNC 11   INF   Streaming data to LCD
2020-03-31 12:02:51.560   CNC 11   INF   Data streamed
2020-03-31 12:03:02.302   CNC 11   INF   Workplace color: green, order: , downtime: , user: 
2020-03-31 12:03:02.302   CNC 11   INF   Streaming data to LCD
2020-03-31 12:03:02.302   CNC 11   INF   Data streamed
2020-03-31 12:03:12.659   CNC 11   INF   Workplace color: green, order: , downtime: , user: 
2020-03-31 12:03:12.659   CNC 11   INF   Streaming data to LCD
2020-03-31 12:03:12.659   CNC 11   INF   Data streamed
2020-03-31 12:03:22.843   CNC 11   INF   Workplace color: green, order: , downtime: , user: 
2020-03-31 12:03:22.843   CNC 11   INF   Streaming data to LCD
2020-03-31 12:03:22.843   CNC 11   INF   Data streamed
2020-03-31 12:03:33.036   CNC 11   INF   Workplace color: green, order: , downtime: , user: 
2020-03-31 12:03:33.036   CNC 11   INF   Streaming data to LCD
2020-03-31 12:03:33.036   CNC 11   INF   Data streamed
2020-03-31 12:03:43.225   CNC 11   INF   Workplace color: green, order: , downtime: , user: 
2020-03-31 12:03:43.225   CNC 11   INF   Streaming data to LCD
2020-03-31 12:03:43.225   CNC 11   INF   Data streamed
2020-03-31 12:03:53.455   CNC 11   INF   Workplace color: green, order: , downtime: , user: 
2020-03-31 12:03:53.456   CNC 11   INF   Streaming data to LCD
2020-03-31 12:03:53.456   CNC 11   INF   Data streamed
2020-03-31 12:04:03.630   CNC 11   INF   Workplace color: green, order: , downtime: , user: 
2020-03-31 12:04:03.630   CNC 11   INF   Streaming data to LCD
2020-03-31 12:04:03.631   CNC 11   INF   Data streamed
2020-03-31 12:04:13.807   CNC 11   INF   Workplace color: green, order: , downtime: , user: 
2020-03-31 12:04:13.807   CNC 11   INF   Streaming data to LCD
2020-03-31 12:04:13.807   CNC 11   INF   Data streamed
2020-03-31 12:04:23.988   CNC 11   INF   Workplace color: green, order: , downtime: , user: 
2020-03-31 12:04:23.988   CNC 11   INF   Streaming data to LCD
2020-03-31 12:04:23.989   CNC 11   INF   Data streamed
2020-03-31 12:04:34.147   CNC 11   INF   Workplace color: green, order: , downtime: , user: 
2020-03-31 12:04:34.147   CNC 11   INF   Streaming data to LCD
2020-03-31 12:04:34.147   CNC 11   INF   Data streamed
2020-03-31 12:04:44.321   CNC 11   INF   Workplace color: green, order: , downtime: , user: 
2020-03-31 12:04:44.322   CNC 11   INF   Streaming data to LCD
2020-03-31 12:04:44.322   CNC 11   INF   Data streamed
2020-03-31 12:04:54.487   CNC 11   INF   Workplace color: green, order: , downtime: , user: 
2020-03-31 12:04:54.487   CNC 11   INF   Streaming data to LCD
2020-03-31 12:04:54.487   CNC 11   INF   Data streamed
2020-03-31 12:05:04.661   CNC 11   INF   Workplace color: green, order: , downtime: , user: 
2020-03-31 12:05:04.662   CNC 11   INF   Streaming data to LCD
2020-03-31 12:05:04.662   CNC 11   INF   Data streamed
2020-03-31 12:05:14.826   CNC 11   INF   Workplace color: green, order: , downtime: , user: 
2020-03-31 12:05:14.826   CNC 11   INF   Streaming data to LCD
2020-03-31 12:05:14.826   CNC 11   INF   Data streamed
2020-03-31 12:05:25.012   CNC 11   INF   Workplace color: green, order: , downtime: , user: 
2020-03-31 12:05:25.012   CNC 11   INF   Streaming data to LCD
2020-03-31 12:05:25.012   CNC 11   INF   Data streamed
2020-03-31 12:05:35.196   CNC 11   INF   Workplace color: green, order: , downtime: , user: 
2020-03-31 12:05:35.196   CNC 11   INF   Streaming data to LCD
2020-03-31 12:05:35.196   CNC 11   INF   Data streamed
2020-03-31 12:05:45.379   CNC 11   INF   Workplace color: green, order: , downtime: , user: 
2020-03-31 12:05:45.379   CNC 11   INF   Streaming data to LCD
2020-03-31 12:05:45.379   CNC 11   INF   Data streamed
2020-03-31 12:05:55.569   CNC 11   INF   Workplace color: green, order: , downtime: , user: 
2020-03-31 12:05:55.569   CNC 11   INF   Streaming data to LCD
2020-03-31 12:05:55.569   CNC 11   INF   Data streamed
2020-03-31 12:06:05.740   CNC 11   INF   Workplace color: green, order: , downtime: , user: 
2020-03-31 12:06:05.740   CNC 11   INF   Streaming data to LCD
2020-03-31 12:06:05.740   CNC 11   INF   Data streamed
2020-03-31 12:06:15.931   CNC 11   INF   Workplace color: green, order: , downtime: , user: 
2020-03-31 12:06:15.931   CNC 11   INF   Streaming data to LCD
2020-03-31 12:06:15.931   CNC 11   INF   Data streamed
2020-03-31 12:06:26.111   CNC 11   INF   Workplace color: green, order: , downtime: , user: 
2020-03-31 12:06:26.111   CNC 11   INF   Streaming data to LCD
2020-03-31 12:06:26.111   CNC 11   INF   Data streamed
2020-03-31 12:06:36.291   CNC 11   INF   Workplace color: green, order: , downtime: , user: 
2020-03-31 12:06:36.291   CNC 11   INF   Streaming data to LCD
2020-03-31 12:06:36.291   CNC 11   INF   Data streamed
2020-03-31 12:06:46.479   CNC 11   INF   Workplace color: green, order: , downtime: , user: 
2020-03-31 12:06:46.479   CNC 11   INF   Streaming data to LCD
2020-03-31 12:06:46.479   CNC 11   INF   Data streamed
2020-03-31 12:06:54.590   CNC 11   INF   Workplace color: green, order: , downtime: , user: 
2020-03-31 12:06:54.590   CNC 11   INF   Streaming data to LCD
2020-03-31 12:06:54.590   CNC 11   INF   Data streamed
2020-03-31 12:07:04.972   CNC 11   INF   Workplace color: green, order: , downtime: , user: 
2020-03-31 12:07:04.972   CNC 11   INF   Streaming data to LCD
2020-03-31 12:07:04.972   CNC 11   INF   Data streamed
2020-03-31 12:07:15.200   CNC 11   INF   Workplace color: green, order: , downtime: , user: 
2020-03-31 12:07:15.200   CNC 11   INF   Streaming data to LCD
2020-03-31 12:07:15.200   CNC 11   INF   Data streamed
2020-03-31 12:07:25.483   CNC 11   INF   Workplace color: green, order: , downtime: , user: 
2020-03-31 12:07:25.484   CNC 11   INF   Streaming data to LCD
2020-03-31 12:07:25.484   CNC 11   INF   Data streamed
2020-03-31 12:07:35.824   CNC 11   INF   Workplace color: green, order: , downtime: , user: 
2020-03-31 12:07:35.824   CNC 11   INF   Streaming data to LCD
2020-03-31 12:07:35.824   CNC 11   INF   Data streamed
2020-03-31 12:07:46.295   CNC 11   INF   Workplace color: green, order: , downtime: , user: 
2020-03-31 12:07:46.295   CNC 11   INF   Streaming data to LCD
2020-03-31 12:07:46.295   CNC 11   INF   Data streamed
2020-03-31 12:07:56.642   CNC 11   INF   Workplace color: green, order: , downtime: , user: 
2020-03-31 12:07:56.643   CNC 11   INF   Streaming data to LCD
2020-03-31 12:07:56.643   CNC 11   INF   Data streamed
2020-03-31 12:08:07.031   CNC 11   INF   Workplace color: green, order: , downtime: , user: 
2020-03-31 12:08:07.031   CNC 11   INF   Streaming data to LCD
2020-03-31 12:08:07.031   CNC 11   INF   Data streamed
2020-03-31 12:08:17.338   CNC 11   INF   Workplace color: green, order: , downtime: , user: 
2020-03-31 12:08:17.338   CNC 11   INF   Streaming data to LCD
2020-03-31 12:08:17.339   CNC 11   INF   Data streamed
2020-03-31 12:08:27.546   CNC 11   INF   Workplace color: green, order: , downtime: , user: 
2020-03-31 12:08:27.546   CNC 11   INF   Streaming data to LCD
2020-03-31 12:08:27.546   CNC 11   INF   Data streamed
