2020-03-05 12:46:07.377   CNC 17   INF   Workplace color: yellow
2020-03-05 12:46:07.377   CNC 17   INF   Streaming data to LCD
2020-03-05 12:46:07.377   CNC 17   INF   Data streamed
2020-03-05 13:01:44.691   CNC 17   INF   Workplace color: yellow
2020-03-05 13:01:44.692   CNC 17   INF   Streaming data to LCD
2020-03-05 13:01:44.692   CNC 17   INF   Data streamed
2020-03-05 13:01:54.853   CNC 17   INF   Workplace color: yellow
2020-03-05 13:01:54.854   CNC 17   INF   Streaming data to LCD
2020-03-05 13:01:54.854   CNC 17   INF   Data streamed
2020-03-05 13:02:05.001   CNC 17   INF   Workplace color: yellow
2020-03-05 13:02:05.002   CNC 17   INF   Streaming data to LCD
2020-03-05 13:02:05.002   CNC 17   INF   Data streamed
2020-03-05 13:02:15.133   CNC 17   INF   Workplace color: yellow
2020-03-05 13:02:15.133   CNC 17   INF   Streaming data to LCD
2020-03-05 13:02:15.133   CNC 17   INF   Data streamed
2020-03-05 13:02:25.274   CNC 17   INF   Workplace color: yellow
2020-03-05 13:02:25.274   CNC 17   INF   Streaming data to LCD
2020-03-05 13:02:25.275   CNC 17   INF   Data streamed
2020-03-05 13:02:35.436   CNC 17   INF   Workplace color: yellow
2020-03-05 13:02:35.436   CNC 17   INF   Streaming data to LCD
2020-03-05 13:02:35.436   CNC 17   INF   Data streamed
2020-03-05 13:02:45.594   CNC 17   INF   Workplace color: yellow
2020-03-05 13:02:45.594   CNC 17   INF   Streaming data to LCD
2020-03-05 13:02:45.594   CNC 17   INF   Data streamed
2020-03-05 13:02:55.718   CNC 17   INF   Workplace color: yellow
2020-03-05 13:02:55.718   CNC 17   INF   Streaming data to LCD
2020-03-05 13:02:55.718   CNC 17   INF   Data streamed
2020-03-05 13:03:05.862   CNC 17   INF   Workplace color: yellow
2020-03-05 13:03:05.862   CNC 17   INF   Streaming data to LCD
2020-03-05 13:03:05.862   CNC 17   INF   Data streamed
2020-03-05 13:03:15.998   CNC 17   INF   Workplace color: yellow
2020-03-05 13:03:15.999   CNC 17   INF   Streaming data to LCD
2020-03-05 13:03:15.999   CNC 17   INF   Data streamed
2020-03-05 13:03:26.140   CNC 17   INF   Workplace color: yellow
2020-03-05 13:03:26.140   CNC 17   INF   Streaming data to LCD
2020-03-05 13:03:26.140   CNC 17   INF   Data streamed
2020-03-05 13:03:36.168   CNC 17   INF   Workplace color: green
2020-03-05 13:03:36.168   CNC 17   INF   Streaming data to LCD
2020-03-05 13:03:36.168   CNC 17   INF   Data streamed
2020-03-05 13:03:46.293   CNC 17   INF   Workplace color: green
2020-03-05 13:03:46.293   CNC 17   INF   Streaming data to LCD
2020-03-05 13:03:46.293   CNC 17   INF   Data streamed
2020-03-05 13:03:56.426   CNC 17   INF   Workplace color: green
2020-03-05 13:03:56.426   CNC 17   INF   Streaming data to LCD
2020-03-05 13:03:56.426   CNC 17   INF   Data streamed
2020-03-05 13:04:06.565   CNC 17   INF   Workplace color: green
2020-03-05 13:04:06.566   CNC 17   INF   Streaming data to LCD
2020-03-05 13:04:06.566   CNC 17   INF   Data streamed
2020-03-05 13:04:12.418   CNC 17   INF   Workplace color: green
2020-03-05 13:04:12.418   CNC 17   INF   Streaming data to LCD
2020-03-05 13:04:12.418   CNC 17   INF   Data streamed
2020-03-05 13:04:22.629   CNC 17   INF   Workplace color: green
2020-03-05 13:04:22.629   CNC 17   INF   Streaming data to LCD
2020-03-05 13:04:22.629   CNC 17   INF   Data streamed
2020-03-05 13:04:32.765   CNC 17   INF   Workplace color: green
2020-03-05 13:04:32.765   CNC 17   INF   Streaming data to LCD
2020-03-05 13:04:32.765   CNC 17   INF   Data streamed
2020-03-05 13:04:43.138   CNC 17   INF   Workplace color: green
2020-03-05 13:04:43.138   CNC 17   INF   Streaming data to LCD
2020-03-05 13:04:43.139   CNC 17   INF   Data streamed
2020-03-05 13:04:53.275   CNC 17   INF   Workplace color: green
2020-03-05 13:04:53.275   CNC 17   INF   Streaming data to LCD
2020-03-05 13:04:53.275   CNC 17   INF   Data streamed
2020-03-05 13:08:21.092   CNC 17   INF   Workplace color: green
2020-03-05 13:08:21.092   CNC 17   INF   Streaming data to LCD
2020-03-05 13:08:21.092   CNC 17   INF   Data streamed
2020-03-05 13:08:31.438   CNC 17   INF   Workplace color: green
2020-03-05 13:08:31.439   CNC 17   INF   Streaming data to LCD
2020-03-05 13:08:31.439   CNC 17   INF   Data streamed
2020-03-05 13:08:41.688   CNC 17   INF   Workplace color: green
2020-03-05 13:08:41.688   CNC 17   INF   Streaming data to LCD
2020-03-05 13:08:41.688   CNC 17   INF   Data streamed
2020-03-05 13:09:06.088   CNC 17   INF   Workplace color: green
2020-03-05 13:09:06.088   CNC 17   INF   Streaming data to LCD
2020-03-05 13:09:06.088   CNC 17   INF   Data streamed
2020-03-05 13:09:16.423   CNC 17   INF   Workplace color: green
2020-03-05 13:09:16.423   CNC 17   INF   Streaming data to LCD
2020-03-05 13:09:16.423   CNC 17   INF   Data streamed
2020-03-05 13:09:27.006   CNC 17   INF   Workplace color: green
2020-03-05 13:09:27.006   CNC 17   INF   Streaming data to LCD
2020-03-05 13:09:27.006   CNC 17   INF   Data streamed
2020-03-05 13:09:37.546   CNC 17   INF   Workplace color: green
2020-03-05 13:09:37.546   CNC 17   INF   Streaming data to LCD
2020-03-05 13:09:37.546   CNC 17   INF   Data streamed
2020-03-05 13:09:47.771   CNC 17   INF   Workplace color: green
2020-03-05 13:09:47.771   CNC 17   INF   Streaming data to LCD
2020-03-05 13:09:47.771   CNC 17   INF   Data streamed
2020-03-05 13:09:59.185   CNC 17   INF   Workplace color: green
2020-03-05 13:09:59.185   CNC 17   INF   Streaming data to LCD
2020-03-05 13:09:59.185   CNC 17   INF   Data streamed
2020-03-05 13:10:30.158   CNC 17   INF   Workplace color: green
2020-03-05 13:10:30.158   CNC 17   INF   Streaming data to LCD
2020-03-05 13:10:30.159   CNC 17   INF   Data streamed
2020-03-05 13:10:55.937   CNC 17   INF   Workplace color: green
2020-03-05 13:10:55.937   CNC 17   INF   Streaming data to LCD
2020-03-05 13:10:55.937   CNC 17   INF   Data streamed
2020-03-05 13:11:19.490   CNC 17   INF   Workplace color: green
2020-03-05 13:11:19.490   CNC 17   INF   Streaming data to LCD
2020-03-05 13:11:19.491   CNC 17   INF   Data streamed
2020-03-05 13:22:39.484   CNC 17   INF   Workplace color: green
2020-03-05 13:22:39.484   CNC 17   INF   Streaming data to LCD
2020-03-05 13:22:39.484   CNC 17   INF   Data streamed
2020-03-05 13:22:49.741   CNC 17   INF   Workplace color: green
2020-03-05 13:22:49.741   CNC 17   INF   Streaming data to LCD
2020-03-05 13:22:49.741   CNC 17   INF   Data streamed
2020-03-05 13:22:59.894   CNC 17   INF   Workplace color: green
2020-03-05 13:22:59.894   CNC 17   INF   Streaming data to LCD
2020-03-05 13:22:59.894   CNC 17   INF   Data streamed
2020-03-05 13:23:10.161   CNC 17   INF   Workplace color: green
2020-03-05 13:23:10.161   CNC 17   INF   Streaming data to LCD
2020-03-05 13:23:10.162   CNC 17   INF   Data streamed
2020-03-05 13:23:20.454   CNC 17   INF   Workplace color: green
2020-03-05 13:23:20.454   CNC 17   INF   Streaming data to LCD
2020-03-05 13:23:20.454   CNC 17   INF   Data streamed
2020-03-05 13:23:30.630   CNC 17   INF   Workplace color: green
2020-03-05 13:23:30.630   CNC 17   INF   Streaming data to LCD
2020-03-05 13:23:30.630   CNC 17   INF   Data streamed
2020-03-05 13:23:41.056   CNC 17   INF   Workplace color: green
2020-03-05 13:23:41.056   CNC 17   INF   Streaming data to LCD
2020-03-05 13:23:41.057   CNC 17   INF   Data streamed
2020-03-05 13:23:51.411   CNC 17   INF   Workplace color: green
2020-03-05 13:23:51.411   CNC 17   INF   Streaming data to LCD
2020-03-05 13:23:51.411   CNC 17   INF   Data streamed
2020-03-05 13:24:01.711   CNC 17   INF   Workplace color: green
2020-03-05 13:24:01.711   CNC 17   INF   Streaming data to LCD
2020-03-05 13:24:01.711   CNC 17   INF   Data streamed
2020-03-05 13:24:12.034   CNC 17   INF   Workplace color: green
2020-03-05 13:24:12.034   CNC 17   INF   Streaming data to LCD
2020-03-05 13:24:12.034   CNC 17   INF   Data streamed
2020-03-05 13:24:22.367   CNC 17   INF   Workplace color: green
2020-03-05 13:24:22.367   CNC 17   INF   Streaming data to LCD
2020-03-05 13:24:22.367   CNC 17   INF   Data streamed
2020-03-05 13:24:32.653   CNC 17   INF   Workplace color: green
2020-03-05 13:24:32.654   CNC 17   INF   Streaming data to LCD
2020-03-05 13:24:32.654   CNC 17   INF   Data streamed
2020-03-05 13:24:42.850   CNC 17   INF   Workplace color: green
2020-03-05 13:24:42.850   CNC 17   INF   Streaming data to LCD
2020-03-05 13:24:42.850   CNC 17   INF   Data streamed
2020-03-05 13:24:53.240   CNC 17   INF   Workplace color: green
2020-03-05 13:24:53.240   CNC 17   INF   Streaming data to LCD
2020-03-05 13:24:53.240   CNC 17   INF   Data streamed
2020-03-05 13:25:04.233   CNC 17   INF   Workplace color: green
2020-03-05 13:25:04.233   CNC 17   INF   Streaming data to LCD
2020-03-05 13:25:04.233   CNC 17   INF   Data streamed
2020-03-05 13:25:14.654   CNC 17   INF   Workplace color: green
2020-03-05 13:25:14.655   CNC 17   INF   Streaming data to LCD
2020-03-05 13:25:14.655   CNC 17   INF   Data streamed
2020-03-05 13:25:25.096   CNC 17   INF   Workplace color: green
2020-03-05 13:25:25.096   CNC 17   INF   Streaming data to LCD
2020-03-05 13:25:25.096   CNC 17   INF   Data streamed
2020-03-05 13:25:35.253   CNC 17   INF   Workplace color: green
2020-03-05 13:25:35.253   CNC 17   INF   Streaming data to LCD
2020-03-05 13:25:35.253   CNC 17   INF   Data streamed
2020-03-05 13:25:45.484   CNC 17   INF   Workplace color: green
2020-03-05 13:25:45.484   CNC 17   INF   Streaming data to LCD
2020-03-05 13:25:45.484   CNC 17   INF   Data streamed
2020-03-05 13:25:55.877   CNC 17   INF   Workplace color: green
2020-03-05 13:25:55.877   CNC 17   INF   Streaming data to LCD
2020-03-05 13:25:55.877   CNC 17   INF   Data streamed
2020-03-05 13:26:06.258   CNC 17   INF   Workplace color: green
2020-03-05 13:26:06.258   CNC 17   INF   Streaming data to LCD
2020-03-05 13:26:06.258   CNC 17   INF   Data streamed
2020-03-05 13:26:16.598   CNC 17   INF   Workplace color: green
2020-03-05 13:26:16.599   CNC 17   INF   Streaming data to LCD
2020-03-05 13:26:16.599   CNC 17   INF   Data streamed
2020-03-05 13:26:26.903   CNC 17   INF   Workplace color: green
2020-03-05 13:26:26.903   CNC 17   INF   Streaming data to LCD
2020-03-05 13:26:26.903   CNC 17   INF   Data streamed
2020-03-05 13:26:37.236   CNC 17   INF   Workplace color: green
2020-03-05 13:26:37.236   CNC 17   INF   Streaming data to LCD
2020-03-05 13:26:37.236   CNC 17   INF   Data streamed
2020-03-05 13:26:43.169   CNC 17   INF   Workplace color: green
2020-03-05 13:26:43.169   CNC 17   INF   Streaming data to LCD
2020-03-05 13:26:43.169   CNC 17   INF   Data streamed
2020-03-05 13:26:53.785   CNC 17   INF   Workplace color: green
2020-03-05 13:26:53.785   CNC 17   INF   Streaming data to LCD
2020-03-05 13:26:53.785   CNC 17   INF   Data streamed
2020-03-05 13:27:03.991   CNC 17   INF   Workplace color: green
2020-03-05 13:27:03.992   CNC 17   INF   Streaming data to LCD
2020-03-05 13:27:03.992   CNC 17   INF   Data streamed
2020-03-05 13:27:14.195   CNC 17   INF   Workplace color: green
2020-03-05 13:27:14.196   CNC 17   INF   Streaming data to LCD
2020-03-05 13:27:14.196   CNC 17   INF   Data streamed
2020-03-05 13:27:24.516   CNC 17   INF   Workplace color: green
2020-03-05 13:27:24.516   CNC 17   INF   Streaming data to LCD
2020-03-05 13:27:24.516   CNC 17   INF   Data streamed
2020-03-05 13:27:35.129   CNC 17   INF   Workplace color: green
2020-03-05 13:27:35.130   CNC 17   INF   Streaming data to LCD
2020-03-05 13:27:35.130   CNC 17   INF   Data streamed
2020-03-05 13:27:45.869   CNC 17   INF   Workplace color: green
2020-03-05 13:27:45.869   CNC 17   INF   Streaming data to LCD
2020-03-05 13:27:45.869   CNC 17   INF   Data streamed
2020-03-05 13:27:55.846   CNC 17   INF   Workplace color: green
2020-03-05 13:27:55.846   CNC 17   INF   Streaming data to LCD
2020-03-05 13:27:55.846   CNC 17   INF   Data streamed
2020-03-05 13:28:06.197   CNC 17   INF   Workplace color: green
2020-03-05 13:28:06.197   CNC 17   INF   Streaming data to LCD
2020-03-05 13:28:06.197   CNC 17   INF   Data streamed
2020-03-05 13:28:16.533   CNC 17   INF   Workplace color: green
2020-03-05 13:28:16.533   CNC 17   INF   Streaming data to LCD
2020-03-05 13:28:16.533   CNC 17   INF   Data streamed
2020-03-05 13:28:26.712   CNC 17   INF   Workplace color: green
2020-03-05 13:28:26.712   CNC 17   INF   Streaming data to LCD
2020-03-05 13:28:26.712   CNC 17   INF   Data streamed
2020-03-05 13:28:36.921   CNC 17   INF   Workplace color: green
2020-03-05 13:28:36.921   CNC 17   INF   Streaming data to LCD
2020-03-05 13:28:36.922   CNC 17   INF   Data streamed
2020-03-05 13:28:47.228   CNC 17   INF   Workplace color: green
2020-03-05 13:28:47.228   CNC 17   INF   Streaming data to LCD
2020-03-05 13:28:47.228   CNC 17   INF   Data streamed
2020-03-05 13:28:57.599   CNC 17   INF   Workplace color: green
2020-03-05 13:28:57.599   CNC 17   INF   Streaming data to LCD
2020-03-05 13:28:57.600   CNC 17   INF   Data streamed
2020-03-05 13:29:31.533   CNC 17   INF   Workplace color: green
2020-03-05 13:29:31.533   CNC 17   INF   Streaming data to LCD
2020-03-05 13:29:31.533   CNC 17   INF   Data streamed
2020-03-05 13:29:41.705   CNC 17   INF   Workplace color: green
2020-03-05 13:29:41.705   CNC 17   INF   Streaming data to LCD
2020-03-05 13:29:41.705   CNC 17   INF   Data streamed
2020-03-05 13:29:51.874   CNC 17   INF   Workplace color: green
2020-03-05 13:29:51.875   CNC 17   INF   Streaming data to LCD
2020-03-05 13:29:51.875   CNC 17   INF   Data streamed
2020-03-05 13:30:02.196   CNC 17   INF   Workplace color: green
2020-03-05 13:30:02.196   CNC 17   INF   Streaming data to LCD
2020-03-05 13:30:02.196   CNC 17   INF   Data streamed
2020-03-05 13:30:12.558   CNC 17   INF   Workplace color: red
2020-03-05 13:30:12.559   CNC 17   INF   Streaming data to LCD
2020-03-05 13:30:12.559   CNC 17   INF   Data streamed
2020-03-05 13:30:22.847   CNC 17   INF   Workplace color: red
2020-03-05 13:30:22.847   CNC 17   INF   Streaming data to LCD
2020-03-05 13:30:22.847   CNC 17   INF   Data streamed
2020-03-05 13:30:33.073   CNC 17   INF   Workplace color: red
2020-03-05 13:30:33.073   CNC 17   INF   Streaming data to LCD
2020-03-05 13:30:33.073   CNC 17   INF   Data streamed
2020-03-05 13:30:43.267   CNC 17   INF   Workplace color: red
2020-03-05 13:30:43.267   CNC 17   INF   Streaming data to LCD
2020-03-05 13:30:43.267   CNC 17   INF   Data streamed
2020-03-05 13:30:53.656   CNC 17   INF   Workplace color: red
2020-03-05 13:30:53.656   CNC 17   INF   Streaming data to LCD
2020-03-05 13:30:53.656   CNC 17   INF   Data streamed
2020-03-05 13:31:04.057   CNC 17   INF   Workplace color: red
2020-03-05 13:31:04.057   CNC 17   INF   Streaming data to LCD
2020-03-05 13:31:04.057   CNC 17   INF   Data streamed
2020-03-05 13:31:14.289   CNC 17   INF   Workplace color: red
2020-03-05 13:31:14.289   CNC 17   INF   Streaming data to LCD
2020-03-05 13:31:14.289   CNC 17   INF   Data streamed
2020-03-05 13:31:24.646   CNC 17   INF   Workplace color: red
2020-03-05 13:31:24.647   CNC 17   INF   Streaming data to LCD
2020-03-05 13:31:24.647   CNC 17   INF   Data streamed
2020-03-05 13:31:35.037   CNC 17   INF   Workplace color: red
2020-03-05 13:31:35.037   CNC 17   INF   Streaming data to LCD
2020-03-05 13:31:35.037   CNC 17   INF   Data streamed
2020-03-05 13:31:45.314   CNC 17   INF   Workplace color: red
2020-03-05 13:31:45.315   CNC 17   INF   Streaming data to LCD
2020-03-05 13:31:45.315   CNC 17   INF   Data streamed
2020-03-05 13:31:55.554   CNC 17   INF   Workplace color: red
2020-03-05 13:31:55.554   CNC 17   INF   Streaming data to LCD
2020-03-05 13:31:55.554   CNC 17   INF   Data streamed
2020-03-05 13:32:05.734   CNC 17   INF   Workplace color: red
2020-03-05 13:32:05.734   CNC 17   INF   Streaming data to LCD
2020-03-05 13:32:05.734   CNC 17   INF   Data streamed
2020-03-05 13:32:15.927   CNC 17   INF   Workplace color: red
2020-03-05 13:32:15.927   CNC 17   INF   Streaming data to LCD
2020-03-05 13:32:15.927   CNC 17   INF   Data streamed
2020-03-05 13:32:26.129   CNC 17   INF   Workplace color: red
2020-03-05 13:32:26.129   CNC 17   INF   Streaming data to LCD
2020-03-05 13:32:26.129   CNC 17   INF   Data streamed
2020-03-05 13:32:36.331   CNC 17   INF   Workplace color: red
2020-03-05 13:32:36.331   CNC 17   INF   Streaming data to LCD
2020-03-05 13:32:36.331   CNC 17   INF   Data streamed
2020-03-05 13:32:46.784   CNC 17   INF   Workplace color: red
2020-03-05 13:32:46.785   CNC 17   INF   Streaming data to LCD
2020-03-05 13:32:46.785   CNC 17   INF   Data streamed
2020-03-05 13:32:57.138   CNC 17   INF   Workplace color: red
2020-03-05 13:32:57.138   CNC 17   INF   Streaming data to LCD
2020-03-05 13:32:57.138   CNC 17   INF   Data streamed
2020-03-05 13:33:07.449   CNC 17   INF   Workplace color: orange
2020-03-05 13:33:07.449   CNC 17   INF   Streaming data to LCD
2020-03-05 13:33:07.449   CNC 17   INF   Data streamed
2020-03-05 13:33:17.852   CNC 17   INF   Workplace color: orange
2020-03-05 13:33:17.852   CNC 17   INF   Streaming data to LCD
2020-03-05 13:33:17.852   CNC 17   INF   Data streamed
2020-03-05 13:33:28.241   CNC 17   INF   Workplace color: orange
2020-03-05 13:33:28.241   CNC 17   INF   Streaming data to LCD
2020-03-05 13:33:28.242   CNC 17   INF   Data streamed
2020-03-05 13:33:38.728   CNC 17   INF   Workplace color: orange
2020-03-05 13:33:38.728   CNC 17   INF   Streaming data to LCD
2020-03-05 13:33:38.728   CNC 17   INF   Data streamed
2020-03-05 13:33:42.196   CNC 17   INF   Workplace color: orange
2020-03-05 13:33:42.196   CNC 17   INF   Streaming data to LCD
2020-03-05 13:33:42.196   CNC 17   INF   Data streamed
2020-03-05 13:33:52.521   CNC 17   INF   Workplace color: orange
2020-03-05 13:33:52.521   CNC 17   INF   Streaming data to LCD
2020-03-05 13:33:52.522   CNC 17   INF   Data streamed
2020-03-05 13:34:02.957   CNC 17   INF   Workplace color: orange
2020-03-05 13:34:02.958   CNC 17   INF   Streaming data to LCD
2020-03-05 13:34:02.958   CNC 17   INF   Data streamed
2020-03-05 13:34:13.280   CNC 17   INF   Workplace color: orange
2020-03-05 13:34:13.281   CNC 17   INF   Streaming data to LCD
2020-03-05 13:34:13.281   CNC 17   INF   Data streamed
2020-03-05 13:34:24.214   CNC 17   INF   Workplace color: orange
2020-03-05 13:34:24.214   CNC 17   INF   Streaming data to LCD
2020-03-05 13:34:24.215   CNC 17   INF   Data streamed
2020-03-05 13:34:34.616   CNC 17   INF   Workplace color: orange
2020-03-05 13:34:34.617   CNC 17   INF   Streaming data to LCD
2020-03-05 13:34:34.617   CNC 17   INF   Data streamed
2020-03-05 13:34:45.164   CNC 17   INF   Workplace color: orange
2020-03-05 13:34:45.165   CNC 17   INF   Streaming data to LCD
2020-03-05 13:34:45.165   CNC 17   INF   Data streamed
2020-03-05 13:34:55.553   CNC 17   INF   Workplace color: orange
2020-03-05 13:34:55.553   CNC 17   INF   Streaming data to LCD
2020-03-05 13:34:55.553   CNC 17   INF   Data streamed
2020-03-05 13:35:05.854   CNC 17   INF   Workplace color: orange
2020-03-05 13:35:05.855   CNC 17   INF   Streaming data to LCD
2020-03-05 13:35:05.855   CNC 17   INF   Data streamed
2020-03-05 13:35:16.173   CNC 17   INF   Workplace color: orange
2020-03-05 13:35:16.173   CNC 17   INF   Streaming data to LCD
2020-03-05 13:35:16.173   CNC 17   INF   Data streamed
2020-03-05 13:35:26.895   CNC 17   INF   Workplace color: orange
2020-03-05 13:35:26.895   CNC 17   INF   Streaming data to LCD
2020-03-05 13:35:26.895   CNC 17   INF   Data streamed
2020-03-05 13:35:37.280   CNC 17   INF   Workplace color: orange
2020-03-05 13:35:37.280   CNC 17   INF   Streaming data to LCD
2020-03-05 13:35:37.280   CNC 17   INF   Data streamed
2020-03-05 13:35:47.512   CNC 17   INF   Workplace color: orange
2020-03-05 13:35:47.512   CNC 17   INF   Streaming data to LCD
2020-03-05 13:35:47.512   CNC 17   INF   Data streamed
2020-03-05 13:35:57.766   CNC 17   INF   Workplace color: orange
2020-03-05 13:35:57.766   CNC 17   INF   Streaming data to LCD
2020-03-05 13:35:57.766   CNC 17   INF   Data streamed
2020-03-05 13:36:08.116   CNC 17   INF   Workplace color: orange
2020-03-05 13:36:08.117   CNC 17   INF   Streaming data to LCD
2020-03-05 13:36:08.117   CNC 17   INF   Data streamed
2020-03-05 13:36:18.408   CNC 17   INF   Workplace color: orange
2020-03-05 13:36:18.408   CNC 17   INF   Streaming data to LCD
2020-03-05 13:36:18.408   CNC 17   INF   Data streamed
2020-03-05 13:36:28.695   CNC 17   INF   Workplace color: orange
2020-03-05 13:36:28.695   CNC 17   INF   Streaming data to LCD
2020-03-05 13:36:28.695   CNC 17   INF   Data streamed
2020-03-05 13:36:38.997   CNC 17   INF   Workplace color: orange
2020-03-05 13:36:38.997   CNC 17   INF   Streaming data to LCD
2020-03-05 13:36:38.998   CNC 17   INF   Data streamed
2020-03-05 13:36:49.354   CNC 17   INF   Workplace color: orange
2020-03-05 13:36:49.354   CNC 17   INF   Streaming data to LCD
2020-03-05 13:36:49.354   CNC 17   INF   Data streamed
2020-03-05 13:36:59.623   CNC 17   INF   Workplace color: orange
2020-03-05 13:36:59.623   CNC 17   INF   Streaming data to LCD
2020-03-05 13:36:59.623   CNC 17   INF   Data streamed
2020-03-05 13:37:09.883   CNC 17   INF   Workplace color: orange
2020-03-05 13:37:09.883   CNC 17   INF   Streaming data to LCD
2020-03-05 13:37:09.883   CNC 17   INF   Data streamed
2020-03-05 13:37:20.228   CNC 17   INF   Workplace color: orange
2020-03-05 13:37:20.228   CNC 17   INF   Streaming data to LCD
2020-03-05 13:37:20.228   CNC 17   INF   Data streamed
2020-03-05 13:37:30.561   CNC 17   INF   Workplace color: orange
2020-03-05 13:37:30.561   CNC 17   INF   Streaming data to LCD
2020-03-05 13:37:30.561   CNC 17   INF   Data streamed
2020-03-05 13:37:40.828   CNC 17   INF   Workplace color: orange
2020-03-05 13:37:40.828   CNC 17   INF   Streaming data to LCD
2020-03-05 13:37:40.828   CNC 17   INF   Data streamed
2020-03-05 13:37:51.167   CNC 17   INF   Workplace color: orange
2020-03-05 13:37:51.167   CNC 17   INF   Streaming data to LCD
2020-03-05 13:37:51.167   CNC 17   INF   Data streamed
2020-03-05 13:38:01.499   CNC 17   INF   Workplace color: orange
2020-03-05 13:38:01.500   CNC 17   INF   Streaming data to LCD
2020-03-05 13:38:01.500   CNC 17   INF   Data streamed
2020-03-05 13:38:11.801   CNC 17   INF   Workplace color: orange
2020-03-05 13:38:11.801   CNC 17   INF   Streaming data to LCD
2020-03-05 13:38:11.801   CNC 17   INF   Data streamed
2020-03-05 13:38:22.099   CNC 17   INF   Workplace color: orange
2020-03-05 13:38:22.099   CNC 17   INF   Streaming data to LCD
2020-03-05 13:38:22.099   CNC 17   INF   Data streamed
2020-03-05 13:38:32.405   CNC 17   INF   Workplace color: orange
2020-03-05 13:38:32.405   CNC 17   INF   Streaming data to LCD
2020-03-05 13:38:32.406   CNC 17   INF   Data streamed
2020-03-05 13:38:42.726   CNC 17   INF   Workplace color: orange
2020-03-05 13:38:42.726   CNC 17   INF   Streaming data to LCD
2020-03-05 13:38:42.726   CNC 17   INF   Data streamed
2020-03-05 13:38:53.044   CNC 17   INF   Workplace color: orange
2020-03-05 13:38:53.044   CNC 17   INF   Streaming data to LCD
2020-03-05 13:38:53.044   CNC 17   INF   Data streamed
2020-03-05 13:39:03.375   CNC 17   INF   Workplace color: orange
2020-03-05 13:39:03.375   CNC 17   INF   Streaming data to LCD
2020-03-05 13:39:03.375   CNC 17   INF   Data streamed
2020-03-05 13:39:14.040   CNC 17   INF   Workplace color: orange
2020-03-05 13:39:14.040   CNC 17   INF   Streaming data to LCD
2020-03-05 13:39:14.040   CNC 17   INF   Data streamed
2020-03-05 13:39:24.323   CNC 17   INF   Workplace color: orange
2020-03-05 13:39:24.323   CNC 17   INF   Streaming data to LCD
2020-03-05 13:39:24.323   CNC 17   INF   Data streamed
2020-03-05 13:39:34.664   CNC 17   INF   Workplace color: orange
2020-03-05 13:39:34.665   CNC 17   INF   Streaming data to LCD
2020-03-05 13:39:34.665   CNC 17   INF   Data streamed
2020-03-05 13:39:45.012   CNC 17   INF   Workplace color: orange
2020-03-05 13:39:45.012   CNC 17   INF   Streaming data to LCD
2020-03-05 13:39:45.012   CNC 17   INF   Data streamed
2020-03-05 13:39:55.278   CNC 17   INF   Workplace color: orange
2020-03-05 13:39:55.278   CNC 17   INF   Streaming data to LCD
2020-03-05 13:39:55.278   CNC 17   INF   Data streamed
2020-03-05 13:40:05.567   CNC 17   INF   Workplace color: orange
2020-03-05 13:40:05.568   CNC 17   INF   Streaming data to LCD
2020-03-05 13:40:05.568   CNC 17   INF   Data streamed
2020-03-05 13:40:15.862   CNC 17   INF   Workplace color: orange
2020-03-05 13:40:15.862   CNC 17   INF   Streaming data to LCD
2020-03-05 13:40:15.862   CNC 17   INF   Data streamed
2020-03-05 13:40:26.180   CNC 17   INF   Workplace color: orange
2020-03-05 13:40:26.181   CNC 17   INF   Streaming data to LCD
2020-03-05 13:40:26.181   CNC 17   INF   Data streamed
2020-03-05 13:40:36.480   CNC 17   INF   Workplace color: orange
2020-03-05 13:40:36.481   CNC 17   INF   Streaming data to LCD
2020-03-05 13:40:36.481   CNC 17   INF   Data streamed
2020-03-05 13:40:46.774   CNC 17   INF   Workplace color: orange
2020-03-05 13:40:46.774   CNC 17   INF   Streaming data to LCD
2020-03-05 13:40:46.774   CNC 17   INF   Data streamed
2020-03-05 13:40:57.075   CNC 17   INF   Workplace color: orange
2020-03-05 13:40:57.075   CNC 17   INF   Streaming data to LCD
2020-03-05 13:40:57.075   CNC 17   INF   Data streamed
2020-03-05 13:41:07.336   CNC 17   INF   Workplace color: orange
2020-03-05 13:41:07.336   CNC 17   INF   Streaming data to LCD
2020-03-05 13:41:07.336   CNC 17   INF   Data streamed
2020-03-05 13:41:17.649   CNC 17   INF   Workplace color: orange
2020-03-05 13:41:17.649   CNC 17   INF   Streaming data to LCD
2020-03-05 13:41:17.649   CNC 17   INF   Data streamed
2020-03-05 13:41:27.925   CNC 17   INF   Workplace color: orange
2020-03-05 13:41:27.925   CNC 17   INF   Streaming data to LCD
2020-03-05 13:41:27.925   CNC 17   INF   Data streamed
2020-03-05 13:44:08.295   CNC 17   INF   Workplace color: green
2020-03-05 13:44:08.296   CNC 17   INF   Streaming data to LCD
2020-03-05 13:44:08.296   CNC 17   INF   Data streamed
2020-03-05 13:44:18.561   CNC 17   INF   Workplace color: green
2020-03-05 13:44:18.562   CNC 17   INF   Streaming data to LCD
2020-03-05 13:44:18.562   CNC 17   INF   Data streamed
2020-03-05 13:44:28.975   CNC 17   INF   Workplace color: green
2020-03-05 13:44:28.976   CNC 17   INF   Streaming data to LCD
2020-03-05 13:44:28.976   CNC 17   INF   Data streamed
2020-03-05 13:44:39.248   CNC 17   INF   Workplace color: green
2020-03-05 13:44:39.248   CNC 17   INF   Streaming data to LCD
2020-03-05 13:44:39.248   CNC 17   INF   Data streamed
2020-03-05 13:44:49.518   CNC 17   INF   Workplace color: green
2020-03-05 13:44:49.518   CNC 17   INF   Streaming data to LCD
2020-03-05 13:44:49.519   CNC 17   INF   Data streamed
2020-03-05 13:44:59.855   CNC 17   INF   Workplace color: green
2020-03-05 13:44:59.855   CNC 17   INF   Streaming data to LCD
2020-03-05 13:44:59.855   CNC 17   INF   Data streamed
2020-03-05 13:45:10.209   CNC 17   INF   Workplace color: green
2020-03-05 13:45:10.209   CNC 17   INF   Streaming data to LCD
2020-03-05 13:45:10.209   CNC 17   INF   Data streamed
2020-03-05 13:45:20.512   CNC 17   INF   Workplace color: green
2020-03-05 13:45:20.512   CNC 17   INF   Streaming data to LCD
2020-03-05 13:45:20.512   CNC 17   INF   Data streamed
2020-03-05 13:45:30.811   CNC 17   INF   Workplace color: green
2020-03-05 13:45:30.811   CNC 17   INF   Streaming data to LCD
2020-03-05 13:45:30.811   CNC 17   INF   Data streamed
2020-03-05 13:45:41.119   CNC 17   INF   Workplace color: green
2020-03-05 13:45:41.119   CNC 17   INF   Streaming data to LCD
2020-03-05 13:45:41.119   CNC 17   INF   Data streamed
2020-03-05 13:45:51.387   CNC 17   INF   Workplace color: green
2020-03-05 13:45:51.387   CNC 17   INF   Streaming data to LCD
2020-03-05 13:45:51.387   CNC 17   INF   Data streamed
2020-03-05 13:46:01.596   CNC 17   INF   Workplace color: green
2020-03-05 13:46:01.596   CNC 17   INF   Streaming data to LCD
2020-03-05 13:46:01.596   CNC 17   INF   Data streamed
2020-03-05 13:46:12.163   CNC 17   INF   Workplace color: green
2020-03-05 13:46:12.163   CNC 17   INF   Streaming data to LCD
2020-03-05 13:46:12.163   CNC 17   INF   Data streamed
2020-03-05 13:46:22.507   CNC 17   INF   Workplace color: green
2020-03-05 13:46:22.507   CNC 17   INF   Streaming data to LCD
2020-03-05 13:46:22.508   CNC 17   INF   Data streamed
2020-03-05 13:46:32.983   CNC 17   INF   Workplace color: green
2020-03-05 13:46:32.983   CNC 17   INF   Streaming data to LCD
2020-03-05 13:46:32.984   CNC 17   INF   Data streamed
2020-03-05 13:46:43.248   CNC 17   INF   Workplace color: green
2020-03-05 13:46:43.248   CNC 17   INF   Streaming data to LCD
2020-03-05 13:46:43.248   CNC 17   INF   Data streamed
2020-03-05 13:46:53.562   CNC 17   INF   Workplace color: green
2020-03-05 13:46:53.562   CNC 17   INF   Streaming data to LCD
2020-03-05 13:46:53.562   CNC 17   INF   Data streamed
2020-03-05 13:47:03.816   CNC 17   INF   Workplace color: green
2020-03-05 13:47:03.816   CNC 17   INF   Streaming data to LCD
2020-03-05 13:47:03.816   CNC 17   INF   Data streamed
2020-03-05 13:47:14.014   CNC 17   INF   Workplace color: green
2020-03-05 13:47:14.014   CNC 17   INF   Streaming data to LCD
2020-03-05 13:47:14.014   CNC 17   INF   Data streamed
2020-03-05 13:47:24.229   CNC 17   INF   Workplace color: green
2020-03-05 13:47:24.229   CNC 17   INF   Streaming data to LCD
2020-03-05 13:47:24.229   CNC 17   INF   Data streamed
2020-03-05 13:47:34.450   CNC 17   INF   Workplace color: green
2020-03-05 13:47:34.450   CNC 17   INF   Streaming data to LCD
2020-03-05 13:47:34.450   CNC 17   INF   Data streamed
2020-03-05 13:47:44.681   CNC 17   INF   Workplace color: green
2020-03-05 13:47:44.681   CNC 17   INF   Streaming data to LCD
2020-03-05 13:47:44.682   CNC 17   INF   Data streamed
2020-03-05 13:47:55.066   CNC 17   INF   Workplace color: green
2020-03-05 13:47:55.066   CNC 17   INF   Streaming data to LCD
2020-03-05 13:47:55.066   CNC 17   INF   Data streamed
2020-03-05 13:48:05.330   CNC 17   INF   Workplace color: green
2020-03-05 13:48:05.330   CNC 17   INF   Streaming data to LCD
2020-03-05 13:48:05.330   CNC 17   INF   Data streamed
2020-03-05 13:48:15.655   CNC 17   INF   Workplace color: green
2020-03-05 13:48:15.655   CNC 17   INF   Streaming data to LCD
2020-03-05 13:48:15.655   CNC 17   INF   Data streamed
2020-03-05 13:48:26.047   CNC 17   INF   Workplace color: green
2020-03-05 13:48:26.047   CNC 17   INF   Streaming data to LCD
2020-03-05 13:48:26.047   CNC 17   INF   Data streamed
2020-03-05 13:48:36.586   CNC 17   INF   Workplace color: green
2020-03-05 13:48:36.586   CNC 17   INF   Streaming data to LCD
2020-03-05 13:48:36.586   CNC 17   INF   Data streamed
2020-03-05 13:48:43.992   CNC 17   INF   Workplace color: green
2020-03-05 13:48:43.992   CNC 17   INF   Streaming data to LCD
2020-03-05 13:48:43.992   CNC 17   INF   Data streamed
2020-03-05 13:48:52.752   CNC 17   INF   Workplace color: green
2020-03-05 13:48:52.752   CNC 17   INF   Streaming data to LCD
2020-03-05 13:48:52.752   CNC 17   INF   Data streamed
2020-03-05 13:49:02.987   CNC 17   INF   Workplace color: green
2020-03-05 13:49:02.987   CNC 17   INF   Streaming data to LCD
2020-03-05 13:49:02.987   CNC 17   INF   Data streamed
2020-03-05 13:49:13.192   CNC 17   INF   Workplace color: green
2020-03-05 13:49:13.192   CNC 17   INF   Streaming data to LCD
2020-03-05 13:49:13.192   CNC 17   INF   Data streamed
2020-03-05 13:49:23.489   CNC 17   INF   Workplace color: green
2020-03-05 13:49:23.490   CNC 17   INF   Streaming data to LCD
2020-03-05 13:49:23.490   CNC 17   INF   Data streamed
2020-03-05 13:49:33.906   CNC 17   INF   Workplace color: green
2020-03-05 13:49:33.906   CNC 17   INF   Streaming data to LCD
2020-03-05 13:49:33.906   CNC 17   INF   Data streamed
2020-03-05 13:49:44.426   CNC 17   INF   Workplace color: green
2020-03-05 13:49:44.426   CNC 17   INF   Streaming data to LCD
2020-03-05 13:49:44.426   CNC 17   INF   Data streamed
2020-03-05 13:49:55.117   CNC 17   INF   Workplace color: green
2020-03-05 13:49:55.117   CNC 17   INF   Streaming data to LCD
2020-03-05 13:49:55.117   CNC 17   INF   Data streamed
2020-03-05 13:50:05.579   CNC 17   INF   Workplace color: green
2020-03-05 13:50:05.580   CNC 17   INF   Streaming data to LCD
2020-03-05 13:50:05.580   CNC 17   INF   Data streamed
2020-03-05 13:50:17.725   CNC 17   INF   Workplace color: green, order: , downtime: , user: 
2020-03-05 13:50:17.725   CNC 17   INF   Streaming data to LCD
2020-03-05 13:50:17.725   CNC 17   INF   Data streamed
2020-03-05 13:50:28.022   CNC 17   INF   Workplace color: green, order: , downtime: , user: 
2020-03-05 13:50:28.022   CNC 17   INF   Streaming data to LCD
2020-03-05 13:50:28.022   CNC 17   INF   Data streamed
2020-03-05 13:50:38.296   CNC 17   INF   Workplace color: green, order: , downtime: , user: 
2020-03-05 13:50:38.297   CNC 17   INF   Streaming data to LCD
2020-03-05 13:50:38.297   CNC 17   INF   Data streamed
2020-03-05 13:50:48.693   CNC 17   INF   Workplace color: green, order: , downtime: , user: 
2020-03-05 13:50:48.693   CNC 17   INF   Streaming data to LCD
2020-03-05 13:50:48.693   CNC 17   INF   Data streamed
2020-03-05 13:50:59.129   CNC 17   INF   Workplace color: green, order: , downtime: , user: 
2020-03-05 13:50:59.129   CNC 17   INF   Streaming data to LCD
2020-03-05 13:50:59.130   CNC 17   INF   Data streamed
2020-03-05 13:51:09.495   CNC 17   INF   Workplace color: green, order: , downtime: , user: 
2020-03-05 13:51:09.495   CNC 17   INF   Streaming data to LCD
2020-03-05 13:51:09.495   CNC 17   INF   Data streamed
2020-03-05 13:51:19.834   CNC 17   INF   Workplace color: green, order: , downtime: , user: 
2020-03-05 13:51:19.835   CNC 17   INF   Streaming data to LCD
2020-03-05 13:51:19.835   CNC 17   INF   Data streamed
2020-03-05 13:51:30.225   CNC 17   INF   Workplace color: green, order: , downtime: , user: 
2020-03-05 13:51:30.225   CNC 17   INF   Streaming data to LCD
2020-03-05 13:51:30.225   CNC 17   INF   Data streamed
2020-03-05 13:51:40.726   CNC 17   INF   Workplace color: green, order: , downtime: , user: 
2020-03-05 13:51:40.726   CNC 17   INF   Streaming data to LCD
2020-03-05 13:51:40.726   CNC 17   INF   Data streamed
2020-03-05 13:51:51.208   CNC 17   INF   Workplace color: green, order: , downtime: , user: 
2020-03-05 13:51:51.208   CNC 17   INF   Streaming data to LCD
2020-03-05 13:51:51.208   CNC 17   INF   Data streamed
2020-03-05 13:52:01.686   CNC 17   INF   Workplace color: green, order: , downtime: , user: 
2020-03-05 13:52:01.686   CNC 17   INF   Streaming data to LCD
2020-03-05 13:52:01.686   CNC 17   INF   Data streamed
2020-03-05 13:52:12.065   CNC 17   INF   Workplace color: green, order: , downtime: , user: 
2020-03-05 13:52:12.065   CNC 17   INF   Streaming data to LCD
2020-03-05 13:52:12.065   CNC 17   INF   Data streamed
2020-03-05 13:52:22.469   CNC 17   INF   Workplace color: green, order: , downtime: , user: 
2020-03-05 13:52:22.469   CNC 17   INF   Streaming data to LCD
2020-03-05 13:52:22.470   CNC 17   INF   Data streamed
