2020-03-05 12:46:06.926   CNC 7   INF   Workplace color: green
2020-03-05 12:46:06.926   CNC 7   INF   Streaming data to LCD
2020-03-05 12:46:06.926   CNC 7   INF   Data streamed
2020-03-05 13:01:44.585   CNC 7   INF   Workplace color: green
2020-03-05 13:01:44.586   CNC 7   INF   Streaming data to LCD
2020-03-05 13:01:44.586   CNC 7   INF   Data streamed
2020-03-05 13:01:54.791   CNC 7   INF   Workplace color: green
2020-03-05 13:01:54.791   CNC 7   INF   Streaming data to LCD
2020-03-05 13:01:54.791   CNC 7   INF   Data streamed
2020-03-05 13:02:04.936   CNC 7   INF   Workplace color: green
2020-03-05 13:02:04.936   CNC 7   INF   Streaming data to LCD
2020-03-05 13:02:04.936   CNC 7   INF   Data streamed
2020-03-05 13:02:15.080   CNC 7   INF   Workplace color: green
2020-03-05 13:02:15.080   CNC 7   INF   Streaming data to LCD
2020-03-05 13:02:15.080   CNC 7   INF   Data streamed
2020-03-05 13:02:25.212   CNC 7   INF   Workplace color: green
2020-03-05 13:02:25.212   CNC 7   INF   Streaming data to LCD
2020-03-05 13:02:25.212   CNC 7   INF   Data streamed
2020-03-05 13:02:35.366   CNC 7   INF   Workplace color: green
2020-03-05 13:02:35.366   CNC 7   INF   Streaming data to LCD
2020-03-05 13:02:35.366   CNC 7   INF   Data streamed
2020-03-05 13:02:45.527   CNC 7   INF   Workplace color: green
2020-03-05 13:02:45.527   CNC 7   INF   Streaming data to LCD
2020-03-05 13:02:45.527   CNC 7   INF   Data streamed
2020-03-05 13:02:55.664   CNC 7   INF   Workplace color: green
2020-03-05 13:02:55.664   CNC 7   INF   Streaming data to LCD
2020-03-05 13:02:55.664   CNC 7   INF   Data streamed
2020-03-05 13:03:05.802   CNC 7   INF   Workplace color: green
2020-03-05 13:03:05.802   CNC 7   INF   Streaming data to LCD
2020-03-05 13:03:05.802   CNC 7   INF   Data streamed
2020-03-05 13:03:15.941   CNC 7   INF   Workplace color: green
2020-03-05 13:03:15.941   CNC 7   INF   Streaming data to LCD
2020-03-05 13:03:15.942   CNC 7   INF   Data streamed
2020-03-05 13:03:26.080   CNC 7   INF   Workplace color: green
2020-03-05 13:03:26.080   CNC 7   INF   Streaming data to LCD
2020-03-05 13:03:26.080   CNC 7   INF   Data streamed
2020-03-05 13:03:36.215   CNC 7   INF   Workplace color: green
2020-03-05 13:03:36.215   CNC 7   INF   Streaming data to LCD
2020-03-05 13:03:36.215   CNC 7   INF   Data streamed
2020-03-05 13:03:46.343   CNC 7   INF   Workplace color: green
2020-03-05 13:03:46.343   CNC 7   INF   Streaming data to LCD
2020-03-05 13:03:46.344   CNC 7   INF   Data streamed
2020-03-05 13:03:56.480   CNC 7   INF   Workplace color: green
2020-03-05 13:03:56.480   CNC 7   INF   Streaming data to LCD
2020-03-05 13:03:56.481   CNC 7   INF   Data streamed
2020-03-05 13:04:06.755   CNC 7   INF   Workplace color: green
2020-03-05 13:04:06.755   CNC 7   INF   Streaming data to LCD
2020-03-05 13:04:06.755   CNC 7   INF   Data streamed
2020-03-05 13:04:12.491   CNC 7   INF   Workplace color: green
2020-03-05 13:04:12.491   CNC 7   INF   Streaming data to LCD
2020-03-05 13:04:12.491   CNC 7   INF   Data streamed
2020-03-05 13:04:22.681   CNC 7   INF   Workplace color: green
2020-03-05 13:04:22.681   CNC 7   INF   Streaming data to LCD
2020-03-05 13:04:22.681   CNC 7   INF   Data streamed
2020-03-05 13:04:32.918   CNC 7   INF   Workplace color: green
2020-03-05 13:04:32.918   CNC 7   INF   Streaming data to LCD
2020-03-05 13:04:32.918   CNC 7   INF   Data streamed
2020-03-05 13:04:43.194   CNC 7   INF   Workplace color: green
2020-03-05 13:04:43.194   CNC 7   INF   Streaming data to LCD
2020-03-05 13:04:43.194   CNC 7   INF   Data streamed
2020-03-05 13:04:53.358   CNC 7   INF   Workplace color: green
2020-03-05 13:04:53.358   CNC 7   INF   Streaming data to LCD
2020-03-05 13:04:53.358   CNC 7   INF   Data streamed
2020-03-05 13:08:21.245   CNC 7   INF   Workplace color: green
2020-03-05 13:08:21.245   CNC 7   INF   Streaming data to LCD
2020-03-05 13:08:21.245   CNC 7   INF   Data streamed
2020-03-05 13:08:31.590   CNC 7   INF   Workplace color: green
2020-03-05 13:08:31.590   CNC 7   INF   Streaming data to LCD
2020-03-05 13:08:31.590   CNC 7   INF   Data streamed
2020-03-05 13:08:41.790   CNC 7   INF   Workplace color: green
2020-03-05 13:08:41.790   CNC 7   INF   Streaming data to LCD
2020-03-05 13:08:41.790   CNC 7   INF   Data streamed
2020-03-05 13:09:06.239   CNC 7   INF   Workplace color: green
2020-03-05 13:09:06.239   CNC 7   INF   Streaming data to LCD
2020-03-05 13:09:06.239   CNC 7   INF   Data streamed
2020-03-05 13:09:16.622   CNC 7   INF   Workplace color: green
2020-03-05 13:09:16.622   CNC 7   INF   Streaming data to LCD
2020-03-05 13:09:16.623   CNC 7   INF   Data streamed
2020-03-05 13:09:27.388   CNC 7   INF   Workplace color: green
2020-03-05 13:09:27.388   CNC 7   INF   Streaming data to LCD
2020-03-05 13:09:27.388   CNC 7   INF   Data streamed
2020-03-05 13:09:37.655   CNC 7   INF   Workplace color: green
2020-03-05 13:09:37.655   CNC 7   INF   Streaming data to LCD
2020-03-05 13:09:37.655   CNC 7   INF   Data streamed
2020-03-05 13:09:47.894   CNC 7   INF   Workplace color: green
2020-03-05 13:09:47.895   CNC 7   INF   Streaming data to LCD
2020-03-05 13:09:47.895   CNC 7   INF   Data streamed
2020-03-05 13:09:59.332   CNC 7   INF   Workplace color: green
2020-03-05 13:09:59.332   CNC 7   INF   Streaming data to LCD
2020-03-05 13:09:59.332   CNC 7   INF   Data streamed
2020-03-05 13:10:30.312   CNC 7   INF   Workplace color: green
2020-03-05 13:10:30.312   CNC 7   INF   Streaming data to LCD
2020-03-05 13:10:30.312   CNC 7   INF   Data streamed
2020-03-05 13:10:56.114   CNC 7   INF   Workplace color: green
2020-03-05 13:10:56.115   CNC 7   INF   Streaming data to LCD
2020-03-05 13:10:56.115   CNC 7   INF   Data streamed
2020-03-05 13:11:19.639   CNC 7   INF   Workplace color: green
2020-03-05 13:11:19.640   CNC 7   INF   Streaming data to LCD
2020-03-05 13:11:19.640   CNC 7   INF   Data streamed
2020-03-05 13:22:39.583   CNC 7   INF   Workplace color: red
2020-03-05 13:22:39.584   CNC 7   INF   Streaming data to LCD
2020-03-05 13:22:39.584   CNC 7   INF   Data streamed
2020-03-05 13:22:49.813   CNC 7   INF   Workplace color: red
2020-03-05 13:22:49.813   CNC 7   INF   Streaming data to LCD
2020-03-05 13:22:49.813   CNC 7   INF   Data streamed
2020-03-05 13:23:00.008   CNC 7   INF   Workplace color: red
2020-03-05 13:23:00.008   CNC 7   INF   Streaming data to LCD
2020-03-05 13:23:00.008   CNC 7   INF   Data streamed
2020-03-05 13:23:10.290   CNC 7   INF   Workplace color: red
2020-03-05 13:23:10.290   CNC 7   INF   Streaming data to LCD
2020-03-05 13:23:10.291   CNC 7   INF   Data streamed
2020-03-05 13:23:20.523   CNC 7   INF   Workplace color: red
2020-03-05 13:23:20.523   CNC 7   INF   Streaming data to LCD
2020-03-05 13:23:20.523   CNC 7   INF   Data streamed
2020-03-05 13:23:30.790   CNC 7   INF   Workplace color: red
2020-03-05 13:23:30.790   CNC 7   INF   Streaming data to LCD
2020-03-05 13:23:30.790   CNC 7   INF   Data streamed
2020-03-05 13:23:41.189   CNC 7   INF   Workplace color: red
2020-03-05 13:23:41.189   CNC 7   INF   Streaming data to LCD
2020-03-05 13:23:41.189   CNC 7   INF   Data streamed
2020-03-05 13:23:51.591   CNC 7   INF   Workplace color: green
2020-03-05 13:23:51.592   CNC 7   INF   Streaming data to LCD
2020-03-05 13:23:51.592   CNC 7   INF   Data streamed
2020-03-05 13:24:01.909   CNC 7   INF   Workplace color: green
2020-03-05 13:24:01.910   CNC 7   INF   Streaming data to LCD
2020-03-05 13:24:01.910   CNC 7   INF   Data streamed
2020-03-05 13:24:12.247   CNC 7   INF   Workplace color: green
2020-03-05 13:24:12.247   CNC 7   INF   Streaming data to LCD
2020-03-05 13:24:12.247   CNC 7   INF   Data streamed
2020-03-05 13:24:22.532   CNC 7   INF   Workplace color: green
2020-03-05 13:24:22.532   CNC 7   INF   Streaming data to LCD
2020-03-05 13:24:22.532   CNC 7   INF   Data streamed
2020-03-05 13:24:32.774   CNC 7   INF   Workplace color: green
2020-03-05 13:24:32.774   CNC 7   INF   Streaming data to LCD
2020-03-05 13:24:32.774   CNC 7   INF   Data streamed
2020-03-05 13:24:43.060   CNC 7   INF   Workplace color: green
2020-03-05 13:24:43.060   CNC 7   INF   Streaming data to LCD
2020-03-05 13:24:43.060   CNC 7   INF   Data streamed
2020-03-05 13:24:54.028   CNC 7   INF   Workplace color: green
2020-03-05 13:24:54.028   CNC 7   INF   Streaming data to LCD
2020-03-05 13:24:54.028   CNC 7   INF   Data streamed
2020-03-05 13:25:04.488   CNC 7   INF   Workplace color: green
2020-03-05 13:25:04.489   CNC 7   INF   Streaming data to LCD
2020-03-05 13:25:04.489   CNC 7   INF   Data streamed
2020-03-05 13:25:14.888   CNC 7   INF   Workplace color: green
2020-03-05 13:25:14.889   CNC 7   INF   Streaming data to LCD
2020-03-05 13:25:14.889   CNC 7   INF   Data streamed
2020-03-05 13:25:25.180   CNC 7   INF   Workplace color: green
2020-03-05 13:25:25.180   CNC 7   INF   Streaming data to LCD
2020-03-05 13:25:25.180   CNC 7   INF   Data streamed
2020-03-05 13:25:35.386   CNC 7   INF   Workplace color: green
2020-03-05 13:25:35.386   CNC 7   INF   Streaming data to LCD
2020-03-05 13:25:35.386   CNC 7   INF   Data streamed
2020-03-05 13:25:45.707   CNC 7   INF   Workplace color: green
2020-03-05 13:25:45.707   CNC 7   INF   Streaming data to LCD
2020-03-05 13:25:45.707   CNC 7   INF   Data streamed
2020-03-05 13:25:56.062   CNC 7   INF   Workplace color: green
2020-03-05 13:25:56.062   CNC 7   INF   Streaming data to LCD
2020-03-05 13:25:56.062   CNC 7   INF   Data streamed
2020-03-05 13:26:06.432   CNC 7   INF   Workplace color: green
2020-03-05 13:26:06.433   CNC 7   INF   Streaming data to LCD
2020-03-05 13:26:06.433   CNC 7   INF   Data streamed
2020-03-05 13:26:16.745   CNC 7   INF   Workplace color: green
2020-03-05 13:26:16.745   CNC 7   INF   Streaming data to LCD
2020-03-05 13:26:16.745   CNC 7   INF   Data streamed
2020-03-05 13:26:27.067   CNC 7   INF   Workplace color: green
2020-03-05 13:26:27.068   CNC 7   INF   Streaming data to LCD
2020-03-05 13:26:27.068   CNC 7   INF   Data streamed
2020-03-05 13:26:37.429   CNC 7   INF   Workplace color: green
2020-03-05 13:26:37.429   CNC 7   INF   Streaming data to LCD
2020-03-05 13:26:37.429   CNC 7   INF   Data streamed
2020-03-05 13:26:43.319   CNC 7   INF   Workplace color: green
2020-03-05 13:26:43.319   CNC 7   INF   Streaming data to LCD
2020-03-05 13:26:43.320   CNC 7   INF   Data streamed
2020-03-05 13:26:53.895   CNC 7   INF   Workplace color: green
2020-03-05 13:26:53.895   CNC 7   INF   Streaming data to LCD
2020-03-05 13:26:53.895   CNC 7   INF   Data streamed
2020-03-05 13:27:04.105   CNC 7   INF   Workplace color: green
2020-03-05 13:27:04.106   CNC 7   INF   Streaming data to LCD
2020-03-05 13:27:04.106   CNC 7   INF   Data streamed
2020-03-05 13:27:14.365   CNC 7   INF   Workplace color: green
2020-03-05 13:27:14.365   CNC 7   INF   Streaming data to LCD
2020-03-05 13:27:14.366   CNC 7   INF   Data streamed
2020-03-05 13:27:24.714   CNC 7   INF   Workplace color: green
2020-03-05 13:27:24.714   CNC 7   INF   Streaming data to LCD
2020-03-05 13:27:24.714   CNC 7   INF   Data streamed
2020-03-05 13:27:35.556   CNC 7   INF   Workplace color: green
2020-03-05 13:27:35.556   CNC 7   INF   Streaming data to LCD
2020-03-05 13:27:35.557   CNC 7   INF   Data streamed
2020-03-05 13:27:46.119   CNC 7   INF   Workplace color: green
2020-03-05 13:27:46.119   CNC 7   INF   Streaming data to LCD
2020-03-05 13:27:46.120   CNC 7   INF   Data streamed
2020-03-05 13:27:56.022   CNC 7   INF   Workplace color: green
2020-03-05 13:27:56.022   CNC 7   INF   Streaming data to LCD
2020-03-05 13:27:56.022   CNC 7   INF   Data streamed
2020-03-05 13:28:06.352   CNC 7   INF   Workplace color: green
2020-03-05 13:28:06.352   CNC 7   INF   Streaming data to LCD
2020-03-05 13:28:06.352   CNC 7   INF   Data streamed
2020-03-05 13:28:16.620   CNC 7   INF   Workplace color: green
2020-03-05 13:28:16.620   CNC 7   INF   Streaming data to LCD
2020-03-05 13:28:16.620   CNC 7   INF   Data streamed
2020-03-05 13:28:26.821   CNC 7   INF   Workplace color: green
2020-03-05 13:28:26.821   CNC 7   INF   Streaming data to LCD
2020-03-05 13:28:26.821   CNC 7   INF   Data streamed
2020-03-05 13:28:37.058   CNC 7   INF   Workplace color: green
2020-03-05 13:28:37.058   CNC 7   INF   Streaming data to LCD
2020-03-05 13:28:37.058   CNC 7   INF   Data streamed
2020-03-05 13:28:47.403   CNC 7   INF   Workplace color: green
2020-03-05 13:28:47.403   CNC 7   INF   Streaming data to LCD
2020-03-05 13:28:47.403   CNC 7   INF   Data streamed
2020-03-05 13:28:57.730   CNC 7   INF   Workplace color: green
2020-03-05 13:28:57.730   CNC 7   INF   Streaming data to LCD
2020-03-05 13:28:57.730   CNC 7   INF   Data streamed
2020-03-05 13:29:31.622   CNC 7   INF   Workplace color: green
2020-03-05 13:29:31.623   CNC 7   INF   Streaming data to LCD
2020-03-05 13:29:31.623   CNC 7   INF   Data streamed
2020-03-05 13:29:41.786   CNC 7   INF   Workplace color: green
2020-03-05 13:29:41.786   CNC 7   INF   Streaming data to LCD
2020-03-05 13:29:41.786   CNC 7   INF   Data streamed
2020-03-05 13:29:52.031   CNC 7   INF   Workplace color: green
2020-03-05 13:29:52.031   CNC 7   INF   Streaming data to LCD
2020-03-05 13:29:52.031   CNC 7   INF   Data streamed
2020-03-05 13:30:02.289   CNC 7   INF   Workplace color: green
2020-03-05 13:30:02.289   CNC 7   INF   Streaming data to LCD
2020-03-05 13:30:02.290   CNC 7   INF   Data streamed
2020-03-05 13:30:12.500   CNC 7   INF   Workplace color: green
2020-03-05 13:30:12.500   CNC 7   INF   Streaming data to LCD
2020-03-05 13:30:12.501   CNC 7   INF   Data streamed
2020-03-05 13:30:22.783   CNC 7   INF   Workplace color: green
2020-03-05 13:30:22.783   CNC 7   INF   Streaming data to LCD
2020-03-05 13:30:22.783   CNC 7   INF   Data streamed
2020-03-05 13:30:33.042   CNC 7   INF   Workplace color: green
2020-03-05 13:30:33.042   CNC 7   INF   Streaming data to LCD
2020-03-05 13:30:33.042   CNC 7   INF   Data streamed
2020-03-05 13:30:43.232   CNC 7   INF   Workplace color: green
2020-03-05 13:30:43.232   CNC 7   INF   Streaming data to LCD
2020-03-05 13:30:43.232   CNC 7   INF   Data streamed
2020-03-05 13:30:53.531   CNC 7   INF   Workplace color: green
2020-03-05 13:30:53.531   CNC 7   INF   Streaming data to LCD
2020-03-05 13:30:53.531   CNC 7   INF   Data streamed
2020-03-05 13:31:03.979   CNC 7   INF   Workplace color: green
2020-03-05 13:31:03.979   CNC 7   INF   Streaming data to LCD
2020-03-05 13:31:03.979   CNC 7   INF   Data streamed
2020-03-05 13:31:14.257   CNC 7   INF   Workplace color: green
2020-03-05 13:31:14.257   CNC 7   INF   Streaming data to LCD
2020-03-05 13:31:14.257   CNC 7   INF   Data streamed
2020-03-05 13:31:24.521   CNC 7   INF   Workplace color: green
2020-03-05 13:31:24.522   CNC 7   INF   Streaming data to LCD
2020-03-05 13:31:24.522   CNC 7   INF   Data streamed
2020-03-05 13:31:34.954   CNC 7   INF   Workplace color: green
2020-03-05 13:31:34.954   CNC 7   INF   Streaming data to LCD
2020-03-05 13:31:34.954   CNC 7   INF   Data streamed
2020-03-05 13:31:45.259   CNC 7   INF   Workplace color: green
2020-03-05 13:31:45.259   CNC 7   INF   Streaming data to LCD
2020-03-05 13:31:45.259   CNC 7   INF   Data streamed
2020-03-05 13:31:55.513   CNC 7   INF   Workplace color: green
2020-03-05 13:31:55.513   CNC 7   INF   Streaming data to LCD
2020-03-05 13:31:55.513   CNC 7   INF   Data streamed
2020-03-05 13:32:05.699   CNC 7   INF   Workplace color: green
2020-03-05 13:32:05.699   CNC 7   INF   Streaming data to LCD
2020-03-05 13:32:05.699   CNC 7   INF   Data streamed
2020-03-05 13:32:15.884   CNC 7   INF   Workplace color: green
2020-03-05 13:32:15.884   CNC 7   INF   Streaming data to LCD
2020-03-05 13:32:15.885   CNC 7   INF   Data streamed
2020-03-05 13:32:26.088   CNC 7   INF   Workplace color: green
2020-03-05 13:32:26.088   CNC 7   INF   Streaming data to LCD
2020-03-05 13:32:26.089   CNC 7   INF   Data streamed
2020-03-05 13:32:36.288   CNC 7   INF   Workplace color: green
2020-03-05 13:32:36.288   CNC 7   INF   Streaming data to LCD
2020-03-05 13:32:36.288   CNC 7   INF   Data streamed
2020-03-05 13:32:46.692   CNC 7   INF   Workplace color: green
2020-03-05 13:32:46.693   CNC 7   INF   Streaming data to LCD
2020-03-05 13:32:46.693   CNC 7   INF   Data streamed
2020-03-05 13:32:57.086   CNC 7   INF   Workplace color: green
2020-03-05 13:32:57.086   CNC 7   INF   Streaming data to LCD
2020-03-05 13:32:57.086   CNC 7   INF   Data streamed
2020-03-05 13:33:07.361   CNC 7   INF   Workplace color: green
2020-03-05 13:33:07.361   CNC 7   INF   Streaming data to LCD
2020-03-05 13:33:07.361   CNC 7   INF   Data streamed
2020-03-05 13:33:17.710   CNC 7   INF   Workplace color: green
2020-03-05 13:33:17.710   CNC 7   INF   Streaming data to LCD
2020-03-05 13:33:17.711   CNC 7   INF   Data streamed
2020-03-05 13:33:28.132   CNC 7   INF   Workplace color: green
2020-03-05 13:33:28.132   CNC 7   INF   Streaming data to LCD
2020-03-05 13:33:28.132   CNC 7   INF   Data streamed
2020-03-05 13:33:38.609   CNC 7   INF   Workplace color: green
2020-03-05 13:33:38.609   CNC 7   INF   Streaming data to LCD
2020-03-05 13:33:38.610   CNC 7   INF   Data streamed
2020-03-05 13:33:42.075   CNC 7   INF   Workplace color: green
2020-03-05 13:33:42.075   CNC 7   INF   Streaming data to LCD
2020-03-05 13:33:42.075   CNC 7   INF   Data streamed
2020-03-05 13:33:52.424   CNC 7   INF   Workplace color: green
2020-03-05 13:33:52.424   CNC 7   INF   Streaming data to LCD
2020-03-05 13:33:52.424   CNC 7   INF   Data streamed
2020-03-05 13:34:02.781   CNC 7   INF   Workplace color: green
2020-03-05 13:34:02.781   CNC 7   INF   Streaming data to LCD
2020-03-05 13:34:02.781   CNC 7   INF   Data streamed
2020-03-05 13:34:13.193   CNC 7   INF   Workplace color: green
2020-03-05 13:34:13.193   CNC 7   INF   Streaming data to LCD
2020-03-05 13:34:13.193   CNC 7   INF   Data streamed
2020-03-05 13:34:23.918   CNC 7   INF   Workplace color: green
2020-03-05 13:34:23.918   CNC 7   INF   Streaming data to LCD
2020-03-05 13:34:23.918   CNC 7   INF   Data streamed
2020-03-05 13:34:34.516   CNC 7   INF   Workplace color: green
2020-03-05 13:34:34.516   CNC 7   INF   Streaming data to LCD
2020-03-05 13:34:34.516   CNC 7   INF   Data streamed
2020-03-05 13:34:44.968   CNC 7   INF   Workplace color: green
2020-03-05 13:34:44.974   CNC 7   INF   Streaming data to LCD
2020-03-05 13:34:44.974   CNC 7   INF   Data streamed
2020-03-05 13:34:55.475   CNC 7   INF   Workplace color: green
2020-03-05 13:34:55.475   CNC 7   INF   Streaming data to LCD
2020-03-05 13:34:55.475   CNC 7   INF   Data streamed
2020-03-05 13:35:05.760   CNC 7   INF   Workplace color: green
2020-03-05 13:35:05.760   CNC 7   INF   Streaming data to LCD
2020-03-05 13:35:05.760   CNC 7   INF   Data streamed
2020-03-05 13:35:16.085   CNC 7   INF   Workplace color: green
2020-03-05 13:35:16.085   CNC 7   INF   Streaming data to LCD
2020-03-05 13:35:16.085   CNC 7   INF   Data streamed
2020-03-05 13:35:26.817   CNC 7   INF   Workplace color: green
2020-03-05 13:35:26.817   CNC 7   INF   Streaming data to LCD
2020-03-05 13:35:26.818   CNC 7   INF   Data streamed
2020-03-05 13:35:37.180   CNC 7   INF   Workplace color: green
2020-03-05 13:35:37.180   CNC 7   INF   Streaming data to LCD
2020-03-05 13:35:37.180   CNC 7   INF   Data streamed
2020-03-05 13:35:47.468   CNC 7   INF   Workplace color: green
2020-03-05 13:35:47.468   CNC 7   INF   Streaming data to LCD
2020-03-05 13:35:47.468   CNC 7   INF   Data streamed
2020-03-05 13:35:57.687   CNC 7   INF   Workplace color: green
2020-03-05 13:35:57.687   CNC 7   INF   Streaming data to LCD
2020-03-05 13:35:57.687   CNC 7   INF   Data streamed
2020-03-05 13:36:08.025   CNC 7   INF   Workplace color: green
2020-03-05 13:36:08.025   CNC 7   INF   Streaming data to LCD
2020-03-05 13:36:08.026   CNC 7   INF   Data streamed
2020-03-05 13:36:18.322   CNC 7   INF   Workplace color: green
2020-03-05 13:36:18.322   CNC 7   INF   Streaming data to LCD
2020-03-05 13:36:18.322   CNC 7   INF   Data streamed
2020-03-05 13:36:28.615   CNC 7   INF   Workplace color: green
2020-03-05 13:36:28.615   CNC 7   INF   Streaming data to LCD
2020-03-05 13:36:28.616   CNC 7   INF   Data streamed
2020-03-05 13:36:38.916   CNC 7   INF   Workplace color: green
2020-03-05 13:36:38.916   CNC 7   INF   Streaming data to LCD
2020-03-05 13:36:38.916   CNC 7   INF   Data streamed
2020-03-05 13:36:49.277   CNC 7   INF   Workplace color: green
2020-03-05 13:36:49.277   CNC 7   INF   Streaming data to LCD
2020-03-05 13:36:49.277   CNC 7   INF   Data streamed
2020-03-05 13:36:59.554   CNC 7   INF   Workplace color: green
2020-03-05 13:36:59.554   CNC 7   INF   Streaming data to LCD
2020-03-05 13:36:59.554   CNC 7   INF   Data streamed
2020-03-05 13:37:09.809   CNC 7   INF   Workplace color: green
2020-03-05 13:37:09.809   CNC 7   INF   Streaming data to LCD
2020-03-05 13:37:09.810   CNC 7   INF   Data streamed
2020-03-05 13:37:20.123   CNC 7   INF   Workplace color: green
2020-03-05 13:37:20.123   CNC 7   INF   Streaming data to LCD
2020-03-05 13:37:20.123   CNC 7   INF   Data streamed
2020-03-05 13:37:30.481   CNC 7   INF   Workplace color: green
2020-03-05 13:37:30.481   CNC 7   INF   Streaming data to LCD
2020-03-05 13:37:30.481   CNC 7   INF   Data streamed
2020-03-05 13:37:40.755   CNC 7   INF   Workplace color: green
2020-03-05 13:37:40.755   CNC 7   INF   Streaming data to LCD
2020-03-05 13:37:40.756   CNC 7   INF   Data streamed
2020-03-05 13:37:51.073   CNC 7   INF   Workplace color: green
2020-03-05 13:37:51.073   CNC 7   INF   Streaming data to LCD
2020-03-05 13:37:51.073   CNC 7   INF   Data streamed
2020-03-05 13:38:01.405   CNC 7   INF   Workplace color: green
2020-03-05 13:38:01.405   CNC 7   INF   Streaming data to LCD
2020-03-05 13:38:01.405   CNC 7   INF   Data streamed
2020-03-05 13:38:11.725   CNC 7   INF   Workplace color: green
2020-03-05 13:38:11.725   CNC 7   INF   Streaming data to LCD
2020-03-05 13:38:11.725   CNC 7   INF   Data streamed
2020-03-05 13:38:22.011   CNC 7   INF   Workplace color: green
2020-03-05 13:38:22.011   CNC 7   INF   Streaming data to LCD
2020-03-05 13:38:22.011   CNC 7   INF   Data streamed
2020-03-05 13:38:32.326   CNC 7   INF   Workplace color: green
2020-03-05 13:38:32.326   CNC 7   INF   Streaming data to LCD
2020-03-05 13:38:32.326   CNC 7   INF   Data streamed
2020-03-05 13:38:42.638   CNC 7   INF   Workplace color: green
2020-03-05 13:38:42.638   CNC 7   INF   Streaming data to LCD
2020-03-05 13:38:42.638   CNC 7   INF   Data streamed
2020-03-05 13:38:52.958   CNC 7   INF   Workplace color: green
2020-03-05 13:38:52.958   CNC 7   INF   Streaming data to LCD
2020-03-05 13:38:52.958   CNC 7   INF   Data streamed
2020-03-05 13:39:03.288   CNC 7   INF   Workplace color: green
2020-03-05 13:39:03.289   CNC 7   INF   Streaming data to LCD
2020-03-05 13:39:03.289   CNC 7   INF   Data streamed
2020-03-05 13:39:13.848   CNC 7   INF   Workplace color: green
2020-03-05 13:39:13.849   CNC 7   INF   Streaming data to LCD
2020-03-05 13:39:13.849   CNC 7   INF   Data streamed
2020-03-05 13:39:24.243   CNC 7   INF   Workplace color: green
2020-03-05 13:39:24.243   CNC 7   INF   Streaming data to LCD
2020-03-05 13:39:24.243   CNC 7   INF   Data streamed
2020-03-05 13:39:34.582   CNC 7   INF   Workplace color: green
2020-03-05 13:39:34.583   CNC 7   INF   Streaming data to LCD
2020-03-05 13:39:34.583   CNC 7   INF   Data streamed
2020-03-05 13:39:44.909   CNC 7   INF   Workplace color: green
2020-03-05 13:39:44.909   CNC 7   INF   Streaming data to LCD
2020-03-05 13:39:44.910   CNC 7   INF   Data streamed
2020-03-05 13:39:55.209   CNC 7   INF   Workplace color: green
2020-03-05 13:39:55.209   CNC 7   INF   Streaming data to LCD
2020-03-05 13:39:55.209   CNC 7   INF   Data streamed
2020-03-05 13:40:05.485   CNC 7   INF   Workplace color: green
2020-03-05 13:40:05.486   CNC 7   INF   Streaming data to LCD
2020-03-05 13:40:05.486   CNC 7   INF   Data streamed
2020-03-05 13:40:15.779   CNC 7   INF   Workplace color: green
2020-03-05 13:40:15.779   CNC 7   INF   Streaming data to LCD
2020-03-05 13:40:15.779   CNC 7   INF   Data streamed
2020-03-05 13:40:26.088   CNC 7   INF   Workplace color: green
2020-03-05 13:40:26.089   CNC 7   INF   Streaming data to LCD
2020-03-05 13:40:26.089   CNC 7   INF   Data streamed
2020-03-05 13:40:36.403   CNC 7   INF   Workplace color: green
2020-03-05 13:40:36.403   CNC 7   INF   Streaming data to LCD
2020-03-05 13:40:36.403   CNC 7   INF   Data streamed
2020-03-05 13:40:46.700   CNC 7   INF   Workplace color: green
2020-03-05 13:40:46.700   CNC 7   INF   Streaming data to LCD
2020-03-05 13:40:46.700   CNC 7   INF   Data streamed
2020-03-05 13:40:56.989   CNC 7   INF   Workplace color: green
2020-03-05 13:40:56.989   CNC 7   INF   Streaming data to LCD
2020-03-05 13:40:56.989   CNC 7   INF   Data streamed
2020-03-05 13:41:07.279   CNC 7   INF   Workplace color: green
2020-03-05 13:41:07.279   CNC 7   INF   Streaming data to LCD
2020-03-05 13:41:07.279   CNC 7   INF   Data streamed
2020-03-05 13:41:17.547   CNC 7   INF   Workplace color: green
2020-03-05 13:41:17.547   CNC 7   INF   Streaming data to LCD
2020-03-05 13:41:17.548   CNC 7   INF   Data streamed
2020-03-05 13:41:27.857   CNC 7   INF   Workplace color: green
2020-03-05 13:41:27.857   CNC 7   INF   Streaming data to LCD
2020-03-05 13:41:27.857   CNC 7   INF   Data streamed
2020-03-05 13:44:08.214   CNC 7   INF   Workplace color: green
2020-03-05 13:44:08.214   CNC 7   INF   Streaming data to LCD
2020-03-05 13:44:08.214   CNC 7   INF   Data streamed
2020-03-05 13:44:18.463   CNC 7   INF   Workplace color: green
2020-03-05 13:44:18.464   CNC 7   INF   Streaming data to LCD
2020-03-05 13:44:18.464   CNC 7   INF   Data streamed
2020-03-05 13:44:28.860   CNC 7   INF   Workplace color: green
2020-03-05 13:44:28.860   CNC 7   INF   Streaming data to LCD
2020-03-05 13:44:28.860   CNC 7   INF   Data streamed
2020-03-05 13:44:39.153   CNC 7   INF   Workplace color: green
2020-03-05 13:44:39.153   CNC 7   INF   Streaming data to LCD
2020-03-05 13:44:39.153   CNC 7   INF   Data streamed
2020-03-05 13:44:49.426   CNC 7   INF   Workplace color: green
2020-03-05 13:44:49.426   CNC 7   INF   Streaming data to LCD
2020-03-05 13:44:49.427   CNC 7   INF   Data streamed
2020-03-05 13:44:59.746   CNC 7   INF   Workplace color: green
2020-03-05 13:44:59.746   CNC 7   INF   Streaming data to LCD
2020-03-05 13:44:59.746   CNC 7   INF   Data streamed
2020-03-05 13:45:10.058   CNC 7   INF   Workplace color: green
2020-03-05 13:45:10.058   CNC 7   INF   Streaming data to LCD
2020-03-05 13:45:10.058   CNC 7   INF   Data streamed
2020-03-05 13:45:20.439   CNC 7   INF   Workplace color: green
2020-03-05 13:45:20.439   CNC 7   INF   Streaming data to LCD
2020-03-05 13:45:20.439   CNC 7   INF   Data streamed
2020-03-05 13:45:30.706   CNC 7   INF   Workplace color: green
2020-03-05 13:45:30.706   CNC 7   INF   Streaming data to LCD
2020-03-05 13:45:30.706   CNC 7   INF   Data streamed
2020-03-05 13:45:41.019   CNC 7   INF   Workplace color: green
2020-03-05 13:45:41.019   CNC 7   INF   Streaming data to LCD
2020-03-05 13:45:41.019   CNC 7   INF   Data streamed
2020-03-05 13:45:51.304   CNC 7   INF   Workplace color: green
2020-03-05 13:45:51.305   CNC 7   INF   Streaming data to LCD
2020-03-05 13:45:51.305   CNC 7   INF   Data streamed
2020-03-05 13:46:01.522   CNC 7   INF   Workplace color: green
2020-03-05 13:46:01.523   CNC 7   INF   Streaming data to LCD
2020-03-05 13:46:01.523   CNC 7   INF   Data streamed
2020-03-05 13:46:11.944   CNC 7   INF   Workplace color: green
2020-03-05 13:46:11.944   CNC 7   INF   Streaming data to LCD
2020-03-05 13:46:11.944   CNC 7   INF   Data streamed
2020-03-05 13:46:22.367   CNC 7   INF   Workplace color: green
2020-03-05 13:46:22.367   CNC 7   INF   Streaming data to LCD
2020-03-05 13:46:22.367   CNC 7   INF   Data streamed
2020-03-05 13:46:32.857   CNC 7   INF   Workplace color: green
2020-03-05 13:46:32.858   CNC 7   INF   Streaming data to LCD
2020-03-05 13:46:32.858   CNC 7   INF   Data streamed
2020-03-05 13:46:43.202   CNC 7   INF   Workplace color: green
2020-03-05 13:46:43.202   CNC 7   INF   Streaming data to LCD
2020-03-05 13:46:43.202   CNC 7   INF   Data streamed
2020-03-05 13:46:53.492   CNC 7   INF   Workplace color: green
2020-03-05 13:46:53.492   CNC 7   INF   Streaming data to LCD
2020-03-05 13:46:53.492   CNC 7   INF   Data streamed
2020-03-05 13:47:03.777   CNC 7   INF   Workplace color: green
2020-03-05 13:47:03.777   CNC 7   INF   Streaming data to LCD
2020-03-05 13:47:03.778   CNC 7   INF   Data streamed
2020-03-05 13:47:13.977   CNC 7   INF   Workplace color: green
2020-03-05 13:47:13.977   CNC 7   INF   Streaming data to LCD
2020-03-05 13:47:13.977   CNC 7   INF   Data streamed
2020-03-05 13:47:24.175   CNC 7   INF   Workplace color: green
2020-03-05 13:47:24.175   CNC 7   INF   Streaming data to LCD
2020-03-05 13:47:24.175   CNC 7   INF   Data streamed
2020-03-05 13:47:34.415   CNC 7   INF   Workplace color: green
2020-03-05 13:47:34.415   CNC 7   INF   Streaming data to LCD
2020-03-05 13:47:34.415   CNC 7   INF   Data streamed
2020-03-05 13:47:44.630   CNC 7   INF   Workplace color: green
2020-03-05 13:47:44.630   CNC 7   INF   Streaming data to LCD
2020-03-05 13:47:44.630   CNC 7   INF   Data streamed
2020-03-05 13:47:54.980   CNC 7   INF   Workplace color: green
2020-03-05 13:47:54.980   CNC 7   INF   Streaming data to LCD
2020-03-05 13:47:54.980   CNC 7   INF   Data streamed
2020-03-05 13:48:05.278   CNC 7   INF   Workplace color: green
2020-03-05 13:48:05.278   CNC 7   INF   Streaming data to LCD
2020-03-05 13:48:05.278   CNC 7   INF   Data streamed
2020-03-05 13:48:15.600   CNC 7   INF   Workplace color: green
2020-03-05 13:48:15.600   CNC 7   INF   Streaming data to LCD
2020-03-05 13:48:15.600   CNC 7   INF   Data streamed
2020-03-05 13:48:25.925   CNC 7   INF   Workplace color: green
2020-03-05 13:48:25.925   CNC 7   INF   Streaming data to LCD
2020-03-05 13:48:25.925   CNC 7   INF   Data streamed
2020-03-05 13:48:36.503   CNC 7   INF   Workplace color: green
2020-03-05 13:48:36.504   CNC 7   INF   Streaming data to LCD
2020-03-05 13:48:36.504   CNC 7   INF   Data streamed
2020-03-05 13:48:43.907   CNC 7   INF   Workplace color: green
2020-03-05 13:48:43.908   CNC 7   INF   Streaming data to LCD
2020-03-05 13:48:43.908   CNC 7   INF   Data streamed
2020-03-05 13:48:52.672   CNC 7   INF   Workplace color: green
2020-03-05 13:48:52.672   CNC 7   INF   Streaming data to LCD
2020-03-05 13:48:52.672   CNC 7   INF   Data streamed
2020-03-05 13:49:02.946   CNC 7   INF   Workplace color: green
2020-03-05 13:49:02.946   CNC 7   INF   Streaming data to LCD
2020-03-05 13:49:02.946   CNC 7   INF   Data streamed
2020-03-05 13:49:13.155   CNC 7   INF   Workplace color: green
2020-03-05 13:49:13.155   CNC 7   INF   Streaming data to LCD
2020-03-05 13:49:13.155   CNC 7   INF   Data streamed
2020-03-05 13:49:23.420   CNC 7   INF   Workplace color: green
2020-03-05 13:49:23.420   CNC 7   INF   Streaming data to LCD
2020-03-05 13:49:23.421   CNC 7   INF   Data streamed
2020-03-05 13:49:33.809   CNC 7   INF   Workplace color: green
2020-03-05 13:49:33.810   CNC 7   INF   Streaming data to LCD
2020-03-05 13:49:33.810   CNC 7   INF   Data streamed
2020-03-05 13:49:44.310   CNC 7   INF   Workplace color: green
2020-03-05 13:49:44.311   CNC 7   INF   Streaming data to LCD
2020-03-05 13:49:44.311   CNC 7   INF   Data streamed
2020-03-05 13:49:54.983   CNC 7   INF   Workplace color: green
2020-03-05 13:49:54.984   CNC 7   INF   Streaming data to LCD
2020-03-05 13:49:54.985   CNC 7   INF   Data streamed
2020-03-05 13:50:05.488   CNC 7   INF   Workplace color: green
2020-03-05 13:50:05.488   CNC 7   INF   Streaming data to LCD
2020-03-05 13:50:05.488   CNC 7   INF   Data streamed
2020-03-05 13:50:17.640   CNC 7   INF   Workplace color: green, order: Internal, downtime: , user:  
2020-03-05 13:50:17.641   CNC 7   INF   Streaming data to LCD
2020-03-05 13:50:17.641   CNC 7   INF   Data streamed
2020-03-05 13:50:27.948   CNC 7   INF   Workplace color: green, order: Internal, downtime: , user:  
2020-03-05 13:50:27.948   CNC 7   INF   Streaming data to LCD
2020-03-05 13:50:27.948   CNC 7   INF   Data streamed
2020-03-05 13:50:38.228   CNC 7   INF   Workplace color: green, order: Internal, downtime: , user:  
2020-03-05 13:50:38.228   CNC 7   INF   Streaming data to LCD
2020-03-05 13:50:38.228   CNC 7   INF   Data streamed
2020-03-05 13:50:48.591   CNC 7   INF   Workplace color: green, order: Internal, downtime: , user:  
2020-03-05 13:50:48.592   CNC 7   INF   Streaming data to LCD
2020-03-05 13:50:48.592   CNC 7   INF   Data streamed
2020-03-05 13:50:59.014   CNC 7   INF   Workplace color: green, order: Internal, downtime: , user:  
2020-03-05 13:50:59.014   CNC 7   INF   Streaming data to LCD
2020-03-05 13:50:59.014   CNC 7   INF   Data streamed
2020-03-05 13:51:09.401   CNC 7   INF   Workplace color: green, order: Internal, downtime: , user:  
2020-03-05 13:51:09.402   CNC 7   INF   Streaming data to LCD
2020-03-05 13:51:09.402   CNC 7   INF   Data streamed
2020-03-05 13:51:19.749   CNC 7   INF   Workplace color: green, order: Internal, downtime: , user:  
2020-03-05 13:51:19.749   CNC 7   INF   Streaming data to LCD
2020-03-05 13:51:19.750   CNC 7   INF   Data streamed
2020-03-05 13:51:30.098   CNC 7   INF   Workplace color: green, order: Internal, downtime: , user:  
2020-03-05 13:51:30.098   CNC 7   INF   Streaming data to LCD
2020-03-05 13:51:30.099   CNC 7   INF   Data streamed
2020-03-05 13:51:40.576   CNC 7   INF   Workplace color: green, order: Internal, downtime: , user:  
2020-03-05 13:51:40.576   CNC 7   INF   Streaming data to LCD
2020-03-05 13:51:40.576   CNC 7   INF   Data streamed
2020-03-05 13:51:51.124   CNC 7   INF   Workplace color: red, order: , downtime: , user: 
2020-03-05 13:51:51.124   CNC 7   INF   Streaming data to LCD
2020-03-05 13:51:51.125   CNC 7   INF   Data streamed
2020-03-05 13:52:01.578   CNC 7   INF   Workplace color: red, order: , downtime: , user: 
2020-03-05 13:52:01.578   CNC 7   INF   Streaming data to LCD
2020-03-05 13:52:01.578   CNC 7   INF   Data streamed
2020-03-05 13:52:11.976   CNC 7   INF   Workplace color: red, order: , downtime: , user: 
2020-03-05 13:52:11.977   CNC 7   INF   Streaming data to LCD
2020-03-05 13:52:11.977   CNC 7   INF   Data streamed
2020-03-05 13:52:22.325   CNC 7   INF   Workplace color: red, order: , downtime: , user: 
2020-03-05 13:52:22.325   CNC 7   INF   Streaming data to LCD
2020-03-05 13:52:22.325   CNC 7   INF   Data streamed
2020-03-05 14:14:09.263   CNC 7   INF   Workplace color: green, order: Internal, downtime: , user:  
2020-03-05 14:14:09.263   CNC 7   INF   Streaming data to LCD
2020-03-05 14:14:09.263   CNC 7   INF   Data streamed
2020-03-05 14:14:19.521   CNC 7   INF   Workplace color: green, order: Internal, downtime: , user:  
2020-03-05 14:14:19.521   CNC 7   INF   Streaming data to LCD
2020-03-05 14:14:19.521   CNC 7   INF   Data streamed
2020-03-05 14:19:38.046   CNC 7   INF   Workplace color: red, order: , downtime: , user: 
2020-03-05 14:19:38.046   CNC 7   INF   Streaming data to LCD
2020-03-05 14:19:38.046   CNC 7   INF   Data streamed
2020-03-05 14:20:01.897   CNC 7   INF   Workplace color: red, order: , downtime: , user: 
2020-03-05 14:20:01.897   CNC 7   INF   Streaming data to LCD
2020-03-05 14:20:01.897   CNC 7   INF   Data streamed
2020-03-05 14:20:12.160   CNC 7   INF   Workplace color: red, order: , downtime: , user: 
2020-03-05 14:20:12.160   CNC 7   INF   Streaming data to LCD
2020-03-05 14:20:12.160   CNC 7   INF   Data streamed
2020-03-05 14:20:22.392   CNC 7   INF   Workplace color: red, order: , downtime: , user: 
2020-03-05 14:20:22.392   CNC 7   INF   Streaming data to LCD
2020-03-05 14:20:22.392   CNC 7   INF   Data streamed
2020-03-05 14:24:06.872   CNC 7   INF   Workplace color: red, order: , downtime: , user: 
2020-03-05 14:24:06.872   CNC 7   INF   Streaming data to LCD
2020-03-05 14:24:06.872   CNC 7   INF   Data streamed
2020-03-05 14:24:31.770   CNC 7   INF   Workplace color: red, order: , downtime: , user: 
2020-03-05 14:24:31.770   CNC 7   INF   Streaming data to LCD
2020-03-05 14:24:31.770   CNC 7   INF   Data streamed
2020-03-05 14:24:42.017   CNC 7   INF   Workplace color: red, order: , downtime: , user: 
2020-03-05 14:24:42.017   CNC 7   INF   Streaming data to LCD
2020-03-05 14:24:42.018   CNC 7   INF   Data streamed
2020-03-05 14:24:52.251   CNC 7   INF   Workplace color: red, order: , downtime: , user: 
2020-03-05 14:24:52.251   CNC 7   INF   Streaming data to LCD
2020-03-05 14:24:52.251   CNC 7   INF   Data streamed
2020-03-05 14:25:02.617   CNC 7   INF   Workplace color: red, order: , downtime: , user: 
2020-03-05 14:25:02.617   CNC 7   INF   Streaming data to LCD
2020-03-05 14:25:02.617   CNC 7   INF   Data streamed
2020-03-05 14:25:12.900   CNC 7   INF   Workplace color: red, order: , downtime: , user: 
2020-03-05 14:25:12.900   CNC 7   INF   Streaming data to LCD
2020-03-05 14:25:12.900   CNC 7   INF   Data streamed
2020-03-05 14:25:23.224   CNC 7   INF   Workplace color: red, order: , downtime: , user: 
2020-03-05 14:25:23.224   CNC 7   INF   Streaming data to LCD
2020-03-05 14:25:23.224   CNC 7   INF   Data streamed
2020-03-05 14:25:33.735   CNC 7   INF   Workplace color: red, order: , downtime: , user: 
2020-03-05 14:25:33.735   CNC 7   INF   Streaming data to LCD
2020-03-05 14:25:33.735   CNC 7   INF   Data streamed
2020-03-05 14:25:44.013   CNC 7   INF   Workplace color: red, order: , downtime: , user: 
2020-03-05 14:25:44.013   CNC 7   INF   Streaming data to LCD
2020-03-05 14:25:44.013   CNC 7   INF   Data streamed
2020-03-05 14:25:54.214   CNC 7   INF   Workplace color: red, order: , downtime: , user: 
2020-03-05 14:25:54.214   CNC 7   INF   Streaming data to LCD
2020-03-05 14:25:54.214   CNC 7   INF   Data streamed
2020-03-05 14:26:04.429   CNC 7   INF   Workplace color: red, order: , downtime: , user: 
2020-03-05 14:26:04.429   CNC 7   INF   Streaming data to LCD
2020-03-05 14:26:04.429   CNC 7   INF   Data streamed
2020-03-05 14:26:14.616   CNC 7   INF   Workplace color: red, order: , downtime: , user: 
2020-03-05 14:26:14.617   CNC 7   INF   Streaming data to LCD
2020-03-05 14:26:14.617   CNC 7   INF   Data streamed
2020-03-05 14:26:24.783   CNC 7   INF   Workplace color: red, order: , downtime: , user: 
2020-03-05 14:26:24.783   CNC 7   INF   Streaming data to LCD
2020-03-05 14:26:24.783   CNC 7   INF   Data streamed
