2020-03-31 11:49:30.483   CNC 4   INF   Workplace color: green, order: Internal, downtime: , user:  
2020-03-31 11:49:30.483   CNC 4   INF   Streaming data to LCD
2020-03-31 11:49:30.483   CNC 4   INF   Data streamed
2020-03-31 11:49:40.787   CNC 4   INF   Workplace color: green, order: Internal, downtime: , user:  
2020-03-31 11:49:40.788   CNC 4   INF   Streaming data to LCD
2020-03-31 11:49:40.788   CNC 4   INF   Data streamed
2020-03-31 11:49:51.037   CNC 4   INF   Workplace color: green, order: Internal, downtime: , user:  
2020-03-31 11:49:51.038   CNC 4   INF   Streaming data to LCD
2020-03-31 11:49:51.038   CNC 4   INF   Data streamed
2020-03-31 11:50:00.831   CNC 4   INF   Workplace color: green, order: Internal, downtime: , user:  
2020-03-31 11:50:00.831   CNC 4   INF   Streaming data to LCD
2020-03-31 11:50:00.831   CNC 4   INF   Data streamed
2020-03-31 11:50:46.815   CNC 4   INF   Workplace color: green, order: Internal, downtime: , user:  
2020-03-31 11:50:46.816   CNC 4   INF   Streaming data to LCD
2020-03-31 11:50:46.816   CNC 4   INF   Data streamed
2020-03-31 11:50:57.055   CNC 4   INF   Workplace color: green, order: Internal, downtime: , user:  
2020-03-31 11:50:57.055   CNC 4   INF   Streaming data to LCD
2020-03-31 11:50:57.055   CNC 4   INF   Data streamed
2020-03-31 11:51:07.298   CNC 4   INF   Workplace color: green, order: Internal, downtime: , user:  
2020-03-31 11:51:07.299   CNC 4   INF   Streaming data to LCD
2020-03-31 11:51:07.299   CNC 4   INF   Data streamed
2020-03-31 11:51:17.744   CNC 4   INF   Workplace color: green, order: Internal, downtime: , user:  
2020-03-31 11:51:17.744   CNC 4   INF   Streaming data to LCD
2020-03-31 11:51:17.744   CNC 4   INF   Data streamed
2020-03-31 11:51:27.997   CNC 4   INF   Workplace color: green, order: Internal, downtime: , user:  
2020-03-31 11:51:27.997   CNC 4   INF   Streaming data to LCD
2020-03-31 11:51:27.997   CNC 4   INF   Data streamed
2020-03-31 11:51:38.188   CNC 4   INF   Workplace color: green, order: Internal, downtime: , user:  
2020-03-31 11:51:38.188   CNC 4   INF   Streaming data to LCD
2020-03-31 11:51:38.188   CNC 4   INF   Data streamed
2020-03-31 11:51:49.371   CNC 4   INF   Workplace color: green, order: Internal, downtime: , user:  
2020-03-31 11:51:49.371   CNC 4   INF   Streaming data to LCD
2020-03-31 11:51:49.371   CNC 4   INF   Data streamed
2020-03-31 11:51:59.759   CNC 4   INF   Workplace color: green, order: Internal, downtime: , user:  
2020-03-31 11:51:59.759   CNC 4   INF   Streaming data to LCD
2020-03-31 11:51:59.759   CNC 4   INF   Data streamed
2020-03-31 11:52:10.071   CNC 4   INF   Workplace color: green, order: Internal, downtime: , user:  
2020-03-31 11:52:10.071   CNC 4   INF   Streaming data to LCD
2020-03-31 11:52:10.072   CNC 4   INF   Data streamed
2020-03-31 11:52:20.391   CNC 4   INF   Workplace color: green, order: Internal, downtime: , user:  
2020-03-31 11:52:20.391   CNC 4   INF   Streaming data to LCD
2020-03-31 11:52:20.391   CNC 4   INF   Data streamed
2020-03-31 11:52:30.638   CNC 4   INF   Workplace color: green, order: Internal, downtime: , user:  
2020-03-31 11:52:30.639   CNC 4   INF   Streaming data to LCD
2020-03-31 11:52:30.639   CNC 4   INF   Data streamed
2020-03-31 11:52:40.903   CNC 4   INF   Workplace color: green, order: Internal, downtime: , user:  
2020-03-31 11:52:40.903   CNC 4   INF   Streaming data to LCD
2020-03-31 11:52:40.903   CNC 4   INF   Data streamed
2020-03-31 11:52:51.102   CNC 4   INF   Workplace color: green, order: Internal, downtime: , user:  
2020-03-31 11:52:51.102   CNC 4   INF   Streaming data to LCD
2020-03-31 11:52:51.102   CNC 4   INF   Data streamed
2020-03-31 11:53:01.298   CNC 4   INF   Workplace color: green, order: Internal, downtime: , user:  
2020-03-31 11:53:01.298   CNC 4   INF   Streaming data to LCD
2020-03-31 11:53:01.298   CNC 4   INF   Data streamed
2020-03-31 11:53:11.515   CNC 4   INF   Workplace color: green, order: Internal, downtime: , user:  
2020-03-31 11:53:11.515   CNC 4   INF   Streaming data to LCD
2020-03-31 11:53:11.515   CNC 4   INF   Data streamed
2020-03-31 11:53:21.719   CNC 4   INF   Workplace color: green, order: Internal, downtime: , user:  
2020-03-31 11:53:21.719   CNC 4   INF   Streaming data to LCD
2020-03-31 11:53:21.719   CNC 4   INF   Data streamed
2020-03-31 11:53:31.923   CNC 4   INF   Workplace color: green, order: Internal, downtime: , user:  
2020-03-31 11:53:31.923   CNC 4   INF   Streaming data to LCD
2020-03-31 11:53:31.923   CNC 4   INF   Data streamed
2020-03-31 11:53:42.132   CNC 4   INF   Workplace color: green, order: Internal, downtime: , user:  
2020-03-31 11:53:42.132   CNC 4   INF   Streaming data to LCD
2020-03-31 11:53:42.132   CNC 4   INF   Data streamed
2020-03-31 11:53:52.440   CNC 4   INF   Workplace color: green, order: Internal, downtime: , user:  
2020-03-31 11:53:52.440   CNC 4   INF   Streaming data to LCD
2020-03-31 11:53:52.440   CNC 4   INF   Data streamed
2020-03-31 11:54:02.770   CNC 4   INF   Workplace color: green, order: Internal, downtime: , user:  
2020-03-31 11:54:02.770   CNC 4   INF   Streaming data to LCD
2020-03-31 11:54:02.770   CNC 4   INF   Data streamed
2020-03-31 11:54:13.172   CNC 4   INF   Workplace color: green, order: Internal, downtime: , user:  
2020-03-31 11:54:13.172   CNC 4   INF   Streaming data to LCD
2020-03-31 11:54:13.172   CNC 4   INF   Data streamed
2020-03-31 11:54:23.604   CNC 4   INF   Workplace color: green, order: Internal, downtime: , user:  
2020-03-31 11:54:23.604   CNC 4   INF   Streaming data to LCD
2020-03-31 11:54:23.605   CNC 4   INF   Data streamed
2020-03-31 11:54:33.945   CNC 4   INF   Workplace color: green, order: Internal, downtime: , user:  
2020-03-31 11:54:33.946   CNC 4   INF   Streaming data to LCD
2020-03-31 11:54:33.946   CNC 4   INF   Data streamed
2020-03-31 11:54:44.541   CNC 4   INF   Workplace color: green, order: Internal, downtime: , user:  
2020-03-31 11:54:44.541   CNC 4   INF   Streaming data to LCD
2020-03-31 11:54:44.542   CNC 4   INF   Data streamed
2020-03-31 11:54:52.266   CNC 4   INF   Workplace color: green, order: Internal, downtime: , user:  
2020-03-31 11:54:52.266   CNC 4   INF   Streaming data to LCD
2020-03-31 11:54:52.266   CNC 4   INF   Data streamed
2020-03-31 11:55:03.705   CNC 4   INF   Workplace color: green, order: Internal, downtime: , user:  
2020-03-31 11:55:03.706   CNC 4   INF   Streaming data to LCD
2020-03-31 11:55:03.706   CNC 4   INF   Data streamed
2020-03-31 11:55:14.088   CNC 4   INF   Workplace color: green, order: Internal, downtime: , user:  
2020-03-31 11:55:14.088   CNC 4   INF   Streaming data to LCD
2020-03-31 11:55:14.088   CNC 4   INF   Data streamed
2020-03-31 11:55:24.475   CNC 4   INF   Workplace color: green, order: Internal, downtime: , user:  
2020-03-31 11:55:24.476   CNC 4   INF   Streaming data to LCD
2020-03-31 11:55:24.476   CNC 4   INF   Data streamed
2020-03-31 11:55:34.736   CNC 4   INF   Workplace color: green, order: Internal, downtime: , user:  
2020-03-31 11:55:34.736   CNC 4   INF   Streaming data to LCD
2020-03-31 11:55:34.736   CNC 4   INF   Data streamed
2020-03-31 11:55:45.346   CNC 4   INF   Workplace color: green, order: Internal, downtime: , user:  
2020-03-31 11:55:45.346   CNC 4   INF   Streaming data to LCD
2020-03-31 11:55:45.346   CNC 4   INF   Data streamed
2020-03-31 11:55:55.165   CNC 4   INF   Workplace color: green, order: Internal, downtime: , user:  
2020-03-31 11:55:55.165   CNC 4   INF   Streaming data to LCD
2020-03-31 11:55:55.165   CNC 4   INF   Data streamed
2020-03-31 11:56:05.677   CNC 4   INF   Workplace color: green, order: Internal, downtime: , user:  
2020-03-31 11:56:05.677   CNC 4   INF   Streaming data to LCD
2020-03-31 11:56:05.678   CNC 4   INF   Data streamed
2020-03-31 11:56:16.061   CNC 4   INF   Workplace color: green, order: Internal, downtime: , user:  
2020-03-31 11:56:16.061   CNC 4   INF   Streaming data to LCD
2020-03-31 11:56:16.061   CNC 4   INF   Data streamed
2020-03-31 11:56:26.585   CNC 4   INF   Workplace color: green, order: Internal, downtime: , user:  
2020-03-31 11:56:26.585   CNC 4   INF   Streaming data to LCD
2020-03-31 11:56:26.585   CNC 4   INF   Data streamed
2020-03-31 11:56:32.415   CNC 4   INF   Workplace color: green, order: Internal, downtime: , user:  
2020-03-31 11:56:32.415   CNC 4   INF   Streaming data to LCD
2020-03-31 11:56:32.415   CNC 4   INF   Data streamed
2020-03-31 11:56:42.749   CNC 4   INF   Workplace color: green, order: Internal, downtime: , user:  
2020-03-31 11:56:42.750   CNC 4   INF   Streaming data to LCD
2020-03-31 11:56:42.750   CNC 4   INF   Data streamed
2020-03-31 11:56:53.489   CNC 4   INF   Workplace color: green, order: Internal, downtime: , user:  
2020-03-31 11:56:53.489   CNC 4   INF   Streaming data to LCD
2020-03-31 11:56:53.489   CNC 4   INF   Data streamed
2020-03-31 11:57:04.003   CNC 4   INF   Workplace color: green, order: Internal, downtime: , user:  
2020-03-31 11:57:04.004   CNC 4   INF   Streaming data to LCD
2020-03-31 11:57:04.004   CNC 4   INF   Data streamed
2020-03-31 11:57:14.242   CNC 4   INF   Workplace color: green, order: Internal, downtime: , user:  
2020-03-31 11:57:14.242   CNC 4   INF   Streaming data to LCD
2020-03-31 11:57:14.242   CNC 4   INF   Data streamed
2020-03-31 11:57:24.420   CNC 4   INF   Workplace color: green, order: Internal, downtime: , user:  
2020-03-31 11:57:24.420   CNC 4   INF   Streaming data to LCD
2020-03-31 11:57:24.420   CNC 4   INF   Data streamed
2020-03-31 11:57:34.592   CNC 4   INF   Workplace color: green, order: Internal, downtime: , user:  
2020-03-31 11:57:34.592   CNC 4   INF   Streaming data to LCD
2020-03-31 11:57:34.592   CNC 4   INF   Data streamed
2020-03-31 11:57:44.899   CNC 4   INF   Workplace color: green, order: Internal, downtime: , user:  
2020-03-31 11:57:44.899   CNC 4   INF   Streaming data to LCD
2020-03-31 11:57:44.899   CNC 4   INF   Data streamed
2020-03-31 11:57:55.633   CNC 4   INF   Workplace color: green, order: Internal, downtime: , user:  
2020-03-31 11:57:55.633   CNC 4   INF   Streaming data to LCD
2020-03-31 11:57:55.633   CNC 4   INF   Data streamed
2020-03-31 11:58:06.179   CNC 4   INF   Workplace color: green, order: Internal, downtime: , user:  
2020-03-31 11:58:06.179   CNC 4   INF   Streaming data to LCD
2020-03-31 11:58:06.179   CNC 4   INF   Data streamed
2020-03-31 11:58:16.747   CNC 4   INF   Workplace color: green, order: Internal, downtime: , user:  
2020-03-31 11:58:16.747   CNC 4   INF   Streaming data to LCD
2020-03-31 11:58:16.747   CNC 4   INF   Data streamed
2020-03-31 11:58:26.961   CNC 4   INF   Workplace color: green, order: Internal, downtime: , user:  
2020-03-31 11:58:26.961   CNC 4   INF   Streaming data to LCD
2020-03-31 11:58:26.962   CNC 4   INF   Data streamed
2020-03-31 11:58:37.146   CNC 4   INF   Workplace color: green, order: Internal, downtime: , user:  
2020-03-31 11:58:37.146   CNC 4   INF   Streaming data to LCD
2020-03-31 11:58:37.146   CNC 4   INF   Data streamed
2020-03-31 11:58:47.310   CNC 4   INF   Workplace color: green, order: Internal, downtime: , user:  
2020-03-31 11:58:47.310   CNC 4   INF   Streaming data to LCD
2020-03-31 11:58:47.310   CNC 4   INF   Data streamed
2020-03-31 11:58:57.509   CNC 4   INF   Workplace color: green, order: Internal, downtime: , user:  
2020-03-31 11:58:57.509   CNC 4   INF   Streaming data to LCD
2020-03-31 11:58:57.509   CNC 4   INF   Data streamed
2020-03-31 11:59:07.699   CNC 4   INF   Workplace color: green, order: Internal, downtime: , user:  
2020-03-31 11:59:07.699   CNC 4   INF   Streaming data to LCD
2020-03-31 11:59:07.699   CNC 4   INF   Data streamed
2020-03-31 11:59:17.873   CNC 4   INF   Workplace color: green, order: Internal, downtime: , user:  
2020-03-31 11:59:17.873   CNC 4   INF   Streaming data to LCD
2020-03-31 11:59:17.873   CNC 4   INF   Data streamed
2020-03-31 11:59:28.044   CNC 4   INF   Workplace color: green, order: Internal, downtime: , user:  
2020-03-31 11:59:28.044   CNC 4   INF   Streaming data to LCD
2020-03-31 11:59:28.044   CNC 4   INF   Data streamed
2020-03-31 11:59:38.254   CNC 4   INF   Workplace color: green, order: Internal, downtime: , user:  
2020-03-31 11:59:38.255   CNC 4   INF   Streaming data to LCD
2020-03-31 11:59:38.255   CNC 4   INF   Data streamed
2020-03-31 11:59:48.472   CNC 4   INF   Workplace color: green, order: Internal, downtime: , user:  
2020-03-31 11:59:48.472   CNC 4   INF   Streaming data to LCD
2020-03-31 11:59:48.472   CNC 4   INF   Data streamed
2020-03-31 11:59:58.682   CNC 4   INF   Workplace color: green, order: Internal, downtime: , user:  
2020-03-31 11:59:58.682   CNC 4   INF   Streaming data to LCD
2020-03-31 11:59:58.682   CNC 4   INF   Data streamed
2020-03-31 12:00:08.863   CNC 4   INF   Workplace color: green, order: Internal, downtime: , user:  
2020-03-31 12:00:08.863   CNC 4   INF   Streaming data to LCD
2020-03-31 12:00:08.863   CNC 4   INF   Data streamed
2020-03-31 12:00:19.043   CNC 4   INF   Workplace color: green, order: Internal, downtime: , user:  
2020-03-31 12:00:19.043   CNC 4   INF   Streaming data to LCD
2020-03-31 12:00:19.043   CNC 4   INF   Data streamed
2020-03-31 12:00:29.245   CNC 4   INF   Workplace color: green, order: Internal, downtime: , user:  
2020-03-31 12:00:29.245   CNC 4   INF   Streaming data to LCD
2020-03-31 12:00:29.245   CNC 4   INF   Data streamed
2020-03-31 12:00:49.443   CNC 4   INF   Workplace color: green, order: Internal, downtime: , user:  
2020-03-31 12:00:49.443   CNC 4   INF   Streaming data to LCD
2020-03-31 12:00:49.444   CNC 4   INF   Data streamed
2020-03-31 12:01:19.661   CNC 4   INF   Workplace color: green, order: Internal, downtime: , user:  
2020-03-31 12:01:19.661   CNC 4   INF   Streaming data to LCD
2020-03-31 12:01:19.662   CNC 4   INF   Data streamed
2020-03-31 12:01:29.872   CNC 4   INF   Workplace color: green, order: Internal, downtime: , user:  
2020-03-31 12:01:29.873   CNC 4   INF   Streaming data to LCD
2020-03-31 12:01:29.873   CNC 4   INF   Data streamed
2020-03-31 12:01:40.039   CNC 4   INF   Workplace color: green, order: Internal, downtime: , user:  
2020-03-31 12:01:40.039   CNC 4   INF   Streaming data to LCD
2020-03-31 12:01:40.039   CNC 4   INF   Data streamed
2020-03-31 12:01:50.214   CNC 4   INF   Workplace color: green, order: Internal, downtime: , user:  
2020-03-31 12:01:50.214   CNC 4   INF   Streaming data to LCD
2020-03-31 12:01:50.214   CNC 4   INF   Data streamed
2020-03-31 12:02:00.380   CNC 4   INF   Workplace color: green, order: Internal, downtime: , user:  
2020-03-31 12:02:00.380   CNC 4   INF   Streaming data to LCD
2020-03-31 12:02:00.380   CNC 4   INF   Data streamed
2020-03-31 12:02:10.557   CNC 4   INF   Workplace color: green, order: Internal, downtime: , user:  
2020-03-31 12:02:10.557   CNC 4   INF   Streaming data to LCD
2020-03-31 12:02:10.557   CNC 4   INF   Data streamed
2020-03-31 12:02:20.749   CNC 4   INF   Workplace color: green, order: Internal, downtime: , user:  
2020-03-31 12:02:20.749   CNC 4   INF   Streaming data to LCD
2020-03-31 12:02:20.749   CNC 4   INF   Data streamed
2020-03-31 12:02:30.919   CNC 4   INF   Workplace color: green, order: Internal, downtime: , user:  
2020-03-31 12:02:30.919   CNC 4   INF   Streaming data to LCD
2020-03-31 12:02:30.919   CNC 4   INF   Data streamed
2020-03-31 12:02:41.108   CNC 4   INF   Workplace color: green, order: Internal, downtime: , user:  
2020-03-31 12:02:41.108   CNC 4   INF   Streaming data to LCD
2020-03-31 12:02:41.109   CNC 4   INF   Data streamed
2020-03-31 12:02:51.445   CNC 4   INF   Workplace color: green, order: Internal, downtime: , user:  
2020-03-31 12:02:51.445   CNC 4   INF   Streaming data to LCD
2020-03-31 12:02:51.445   CNC 4   INF   Data streamed
2020-03-31 12:03:02.233   CNC 4   INF   Workplace color: green, order: Internal, downtime: , user:  
2020-03-31 12:03:02.233   CNC 4   INF   Streaming data to LCD
2020-03-31 12:03:02.234   CNC 4   INF   Data streamed
2020-03-31 12:03:12.648   CNC 4   INF   Workplace color: green, order: Internal, downtime: , user:  
2020-03-31 12:03:12.648   CNC 4   INF   Streaming data to LCD
2020-03-31 12:03:12.648   CNC 4   INF   Data streamed
2020-03-31 12:03:22.830   CNC 4   INF   Workplace color: green, order: Internal, downtime: , user:  
2020-03-31 12:03:22.830   CNC 4   INF   Streaming data to LCD
2020-03-31 12:03:22.830   CNC 4   INF   Data streamed
2020-03-31 12:03:33.023   CNC 4   INF   Workplace color: green, order: Internal, downtime: , user:  
2020-03-31 12:03:33.023   CNC 4   INF   Streaming data to LCD
2020-03-31 12:03:33.023   CNC 4   INF   Data streamed
2020-03-31 12:03:43.212   CNC 4   INF   Workplace color: green, order: Internal, downtime: , user:  
2020-03-31 12:03:43.212   CNC 4   INF   Streaming data to LCD
2020-03-31 12:03:43.212   CNC 4   INF   Data streamed
2020-03-31 12:03:53.444   CNC 4   INF   Workplace color: green, order: Internal, downtime: , user:  
2020-03-31 12:03:53.444   CNC 4   INF   Streaming data to LCD
2020-03-31 12:03:53.444   CNC 4   INF   Data streamed
2020-03-31 12:04:03.617   CNC 4   INF   Workplace color: green, order: Internal, downtime: , user:  
2020-03-31 12:04:03.617   CNC 4   INF   Streaming data to LCD
2020-03-31 12:04:03.617   CNC 4   INF   Data streamed
2020-03-31 12:04:13.795   CNC 4   INF   Workplace color: green, order: Internal, downtime: , user:  
2020-03-31 12:04:13.795   CNC 4   INF   Streaming data to LCD
2020-03-31 12:04:13.795   CNC 4   INF   Data streamed
2020-03-31 12:04:23.976   CNC 4   INF   Workplace color: green, order: Internal, downtime: , user:  
2020-03-31 12:04:23.976   CNC 4   INF   Streaming data to LCD
2020-03-31 12:04:23.976   CNC 4   INF   Data streamed
2020-03-31 12:04:34.136   CNC 4   INF   Workplace color: green, order: Internal, downtime: , user:  
2020-03-31 12:04:34.136   CNC 4   INF   Streaming data to LCD
2020-03-31 12:04:34.136   CNC 4   INF   Data streamed
2020-03-31 12:04:44.311   CNC 4   INF   Workplace color: green, order: Internal, downtime: , user:  
2020-03-31 12:04:44.311   CNC 4   INF   Streaming data to LCD
2020-03-31 12:04:44.311   CNC 4   INF   Data streamed
2020-03-31 12:04:54.475   CNC 4   INF   Workplace color: green, order: Internal, downtime: , user:  
2020-03-31 12:04:54.475   CNC 4   INF   Streaming data to LCD
2020-03-31 12:04:54.476   CNC 4   INF   Data streamed
2020-03-31 12:05:04.650   CNC 4   INF   Workplace color: green, order: Internal, downtime: , user:  
2020-03-31 12:05:04.650   CNC 4   INF   Streaming data to LCD
2020-03-31 12:05:04.650   CNC 4   INF   Data streamed
2020-03-31 12:05:14.815   CNC 4   INF   Workplace color: green, order: Internal, downtime: , user:  
2020-03-31 12:05:14.815   CNC 4   INF   Streaming data to LCD
2020-03-31 12:05:14.815   CNC 4   INF   Data streamed
2020-03-31 12:05:24.998   CNC 4   INF   Workplace color: green, order: Internal, downtime: , user:  
2020-03-31 12:05:24.998   CNC 4   INF   Streaming data to LCD
2020-03-31 12:05:24.998   CNC 4   INF   Data streamed
2020-03-31 12:05:35.184   CNC 4   INF   Workplace color: green, order: Internal, downtime: , user:  
2020-03-31 12:05:35.184   CNC 4   INF   Streaming data to LCD
2020-03-31 12:05:35.184   CNC 4   INF   Data streamed
2020-03-31 12:05:45.366   CNC 4   INF   Workplace color: green, order: Internal, downtime: , user:  
2020-03-31 12:05:45.366   CNC 4   INF   Streaming data to LCD
2020-03-31 12:05:45.366   CNC 4   INF   Data streamed
2020-03-31 12:05:55.512   CNC 4   INF   Workplace color: orange, order: Internal, downtime: , user:  
2020-03-31 12:05:55.512   CNC 4   INF   Streaming data to LCD
2020-03-31 12:05:55.512   CNC 4   INF   Data streamed
2020-03-31 12:06:05.690   CNC 4   INF   Workplace color: orange, order: Internal, downtime: No reason downtime, user:  
2020-03-31 12:06:05.690   CNC 4   INF   Streaming data to LCD
2020-03-31 12:06:05.690   CNC 4   INF   Data streamed
2020-03-31 12:06:15.879   CNC 4   INF   Workplace color: orange, order: Internal, downtime: No reason downtime, user:  
2020-03-31 12:06:15.879   CNC 4   INF   Streaming data to LCD
2020-03-31 12:06:15.879   CNC 4   INF   Data streamed
2020-03-31 12:06:26.062   CNC 4   INF   Workplace color: orange, order: Internal, downtime: No reason downtime, user:  
2020-03-31 12:06:26.062   CNC 4   INF   Streaming data to LCD
2020-03-31 12:06:26.062   CNC 4   INF   Data streamed
2020-03-31 12:06:36.235   CNC 4   INF   Workplace color: orange, order: Internal, downtime: No reason downtime, user:  
2020-03-31 12:06:36.235   CNC 4   INF   Streaming data to LCD
2020-03-31 12:06:36.235   CNC 4   INF   Data streamed
2020-03-31 12:06:46.419   CNC 4   INF   Workplace color: orange, order: Internal, downtime: No reason downtime, user:  
2020-03-31 12:06:46.419   CNC 4   INF   Streaming data to LCD
2020-03-31 12:06:46.419   CNC 4   INF   Data streamed
2020-03-31 12:06:54.463   CNC 4   INF   Workplace color: orange, order: Internal, downtime: No reason downtime, user:  
2020-03-31 12:06:54.463   CNC 4   INF   Streaming data to LCD
2020-03-31 12:06:54.463   CNC 4   INF   Data streamed
2020-03-31 12:07:04.859   CNC 4   INF   Workplace color: orange, order: Internal, downtime: No reason downtime, user:  
2020-03-31 12:07:04.859   CNC 4   INF   Streaming data to LCD
2020-03-31 12:07:04.859   CNC 4   INF   Data streamed
2020-03-31 12:07:15.146   CNC 4   INF   Workplace color: orange, order: Internal, downtime: No reason downtime, user:  
2020-03-31 12:07:15.146   CNC 4   INF   Streaming data to LCD
2020-03-31 12:07:15.146   CNC 4   INF   Data streamed
2020-03-31 12:07:25.391   CNC 4   INF   Workplace color: orange, order: Internal, downtime: No reason downtime, user:  
2020-03-31 12:07:25.391   CNC 4   INF   Streaming data to LCD
2020-03-31 12:07:25.391   CNC 4   INF   Data streamed
2020-03-31 12:07:35.711   CNC 4   INF   Workplace color: orange, order: Internal, downtime: No reason downtime, user:  
2020-03-31 12:07:35.712   CNC 4   INF   Streaming data to LCD
2020-03-31 12:07:35.712   CNC 4   INF   Data streamed
2020-03-31 12:07:46.155   CNC 4   INF   Workplace color: orange, order: Internal, downtime: No reason downtime, user:  
2020-03-31 12:07:46.155   CNC 4   INF   Streaming data to LCD
2020-03-31 12:07:46.155   CNC 4   INF   Data streamed
2020-03-31 12:07:56.521   CNC 4   INF   Workplace color: orange, order: Internal, downtime: No reason downtime, user:  
2020-03-31 12:07:56.521   CNC 4   INF   Streaming data to LCD
2020-03-31 12:07:56.521   CNC 4   INF   Data streamed
2020-03-31 12:08:06.915   CNC 4   INF   Workplace color: orange, order: Internal, downtime: No reason downtime, user:  
2020-03-31 12:08:06.915   CNC 4   INF   Streaming data to LCD
2020-03-31 12:08:06.915   CNC 4   INF   Data streamed
2020-03-31 12:08:17.282   CNC 4   INF   Workplace color: orange, order: Internal, downtime: No reason downtime, user:  
2020-03-31 12:08:17.282   CNC 4   INF   Streaming data to LCD
2020-03-31 12:08:17.282   CNC 4   INF   Data streamed
2020-03-31 12:08:27.490   CNC 4   INF   Workplace color: orange, order: Internal, downtime: No reason downtime, user:  
2020-03-31 12:08:27.491   CNC 4   INF   Streaming data to LCD
2020-03-31 12:08:27.491   CNC 4   INF   Data streamed
