2020-03-05 12:46:06.757   CNC 10   INF   Workplace color: green
2020-03-05 12:46:06.757   CNC 10   INF   Streaming data to LCD
2020-03-05 12:46:06.757   CNC 10   INF   Data streamed
2020-03-05 13:01:44.560   CNC 10   INF   Workplace color: green
2020-03-05 13:01:44.560   CNC 10   INF   Streaming data to LCD
2020-03-05 13:01:44.560   CNC 10   INF   Data streamed
2020-03-05 13:01:54.769   CNC 10   INF   Workplace color: green
2020-03-05 13:01:54.769   CNC 10   INF   Streaming data to LCD
2020-03-05 13:01:54.769   CNC 10   INF   Data streamed
2020-03-05 13:02:04.915   CNC 10   INF   Workplace color: green
2020-03-05 13:02:04.915   CNC 10   INF   Streaming data to LCD
2020-03-05 13:02:04.915   CNC 10   INF   Data streamed
2020-03-05 13:02:15.060   CNC 10   INF   Workplace color: green
2020-03-05 13:02:15.060   CNC 10   INF   Streaming data to LCD
2020-03-05 13:02:15.060   CNC 10   INF   Data streamed
2020-03-05 13:02:25.194   CNC 10   INF   Workplace color: green
2020-03-05 13:02:25.194   CNC 10   INF   Streaming data to LCD
2020-03-05 13:02:25.194   CNC 10   INF   Data streamed
2020-03-05 13:02:35.342   CNC 10   INF   Workplace color: green
2020-03-05 13:02:35.342   CNC 10   INF   Streaming data to LCD
2020-03-05 13:02:35.342   CNC 10   INF   Data streamed
2020-03-05 13:02:45.503   CNC 10   INF   Workplace color: green
2020-03-05 13:02:45.503   CNC 10   INF   Streaming data to LCD
2020-03-05 13:02:45.503   CNC 10   INF   Data streamed
2020-03-05 13:02:55.647   CNC 10   INF   Workplace color: green
2020-03-05 13:02:55.647   CNC 10   INF   Streaming data to LCD
2020-03-05 13:02:55.647   CNC 10   INF   Data streamed
2020-03-05 13:03:05.783   CNC 10   INF   Workplace color: green
2020-03-05 13:03:05.783   CNC 10   INF   Streaming data to LCD
2020-03-05 13:03:05.783   CNC 10   INF   Data streamed
2020-03-05 13:03:15.924   CNC 10   INF   Workplace color: green
2020-03-05 13:03:15.924   CNC 10   INF   Streaming data to LCD
2020-03-05 13:03:15.924   CNC 10   INF   Data streamed
2020-03-05 13:03:26.061   CNC 10   INF   Workplace color: green
2020-03-05 13:03:26.061   CNC 10   INF   Streaming data to LCD
2020-03-05 13:03:26.061   CNC 10   INF   Data streamed
2020-03-05 13:03:36.197   CNC 10   INF   Workplace color: green
2020-03-05 13:03:36.197   CNC 10   INF   Streaming data to LCD
2020-03-05 13:03:36.198   CNC 10   INF   Data streamed
2020-03-05 13:03:46.326   CNC 10   INF   Workplace color: green
2020-03-05 13:03:46.326   CNC 10   INF   Streaming data to LCD
2020-03-05 13:03:46.326   CNC 10   INF   Data streamed
2020-03-05 13:03:56.464   CNC 10   INF   Workplace color: green
2020-03-05 13:03:56.464   CNC 10   INF   Streaming data to LCD
2020-03-05 13:03:56.464   CNC 10   INF   Data streamed
2020-03-05 13:04:06.671   CNC 10   INF   Workplace color: green
2020-03-05 13:04:06.671   CNC 10   INF   Streaming data to LCD
2020-03-05 13:04:06.671   CNC 10   INF   Data streamed
2020-03-05 13:04:12.464   CNC 10   INF   Workplace color: green
2020-03-05 13:04:12.464   CNC 10   INF   Streaming data to LCD
2020-03-05 13:04:12.464   CNC 10   INF   Data streamed
2020-03-05 13:04:22.666   CNC 10   INF   Workplace color: green
2020-03-05 13:04:22.666   CNC 10   INF   Streaming data to LCD
2020-03-05 13:04:22.666   CNC 10   INF   Data streamed
2020-03-05 13:04:32.869   CNC 10   INF   Workplace color: green
2020-03-05 13:04:32.869   CNC 10   INF   Streaming data to LCD
2020-03-05 13:04:32.869   CNC 10   INF   Data streamed
2020-03-05 13:04:43.178   CNC 10   INF   Workplace color: green
2020-03-05 13:04:43.178   CNC 10   INF   Streaming data to LCD
2020-03-05 13:04:43.178   CNC 10   INF   Data streamed
2020-03-05 13:04:53.338   CNC 10   INF   Workplace color: green
2020-03-05 13:04:53.338   CNC 10   INF   Streaming data to LCD
2020-03-05 13:04:53.338   CNC 10   INF   Data streamed
2020-03-05 13:08:21.211   CNC 10   INF   Workplace color: green
2020-03-05 13:08:21.211   CNC 10   INF   Streaming data to LCD
2020-03-05 13:08:21.211   CNC 10   INF   Data streamed
2020-03-05 13:08:31.544   CNC 10   INF   Workplace color: orange
2020-03-05 13:08:31.544   CNC 10   INF   Streaming data to LCD
2020-03-05 13:08:31.544   CNC 10   INF   Data streamed
2020-03-05 13:08:41.761   CNC 10   INF   Workplace color: orange
2020-03-05 13:08:41.761   CNC 10   INF   Streaming data to LCD
2020-03-05 13:08:41.761   CNC 10   INF   Data streamed
2020-03-05 13:09:06.183   CNC 10   INF   Workplace color: orange
2020-03-05 13:09:06.183   CNC 10   INF   Streaming data to LCD
2020-03-05 13:09:06.183   CNC 10   INF   Data streamed
2020-03-05 13:09:16.566   CNC 10   INF   Workplace color: orange
2020-03-05 13:09:16.566   CNC 10   INF   Streaming data to LCD
2020-03-05 13:09:16.566   CNC 10   INF   Data streamed
2020-03-05 13:09:27.340   CNC 10   INF   Workplace color: orange
2020-03-05 13:09:27.340   CNC 10   INF   Streaming data to LCD
2020-03-05 13:09:27.340   CNC 10   INF   Data streamed
2020-03-05 13:09:37.628   CNC 10   INF   Workplace color: orange
2020-03-05 13:09:37.628   CNC 10   INF   Streaming data to LCD
2020-03-05 13:09:37.628   CNC 10   INF   Data streamed
2020-03-05 13:09:47.861   CNC 10   INF   Workplace color: orange
2020-03-05 13:09:47.862   CNC 10   INF   Streaming data to LCD
2020-03-05 13:09:47.862   CNC 10   INF   Data streamed
2020-03-05 13:09:59.284   CNC 10   INF   Workplace color: orange
2020-03-05 13:09:59.284   CNC 10   INF   Streaming data to LCD
2020-03-05 13:09:59.284   CNC 10   INF   Data streamed
2020-03-05 13:10:30.257   CNC 10   INF   Workplace color: orange
2020-03-05 13:10:30.257   CNC 10   INF   Streaming data to LCD
2020-03-05 13:10:30.257   CNC 10   INF   Data streamed
2020-03-05 13:10:56.062   CNC 10   INF   Workplace color: orange
2020-03-05 13:10:56.062   CNC 10   INF   Streaming data to LCD
2020-03-05 13:10:56.062   CNC 10   INF   Data streamed
2020-03-05 13:11:19.591   CNC 10   INF   Workplace color: orange
2020-03-05 13:11:19.591   CNC 10   INF   Streaming data to LCD
2020-03-05 13:11:19.591   CNC 10   INF   Data streamed
2020-03-05 13:22:39.561   CNC 10   INF   Workplace color: orange
2020-03-05 13:22:39.561   CNC 10   INF   Streaming data to LCD
2020-03-05 13:22:39.562   CNC 10   INF   Data streamed
2020-03-05 13:22:49.801   CNC 10   INF   Workplace color: orange
2020-03-05 13:22:49.801   CNC 10   INF   Streaming data to LCD
2020-03-05 13:22:49.801   CNC 10   INF   Data streamed
2020-03-05 13:22:59.982   CNC 10   INF   Workplace color: orange
2020-03-05 13:22:59.983   CNC 10   INF   Streaming data to LCD
2020-03-05 13:22:59.983   CNC 10   INF   Data streamed
2020-03-05 13:23:10.261   CNC 10   INF   Workplace color: orange
2020-03-05 13:23:10.262   CNC 10   INF   Streaming data to LCD
2020-03-05 13:23:10.262   CNC 10   INF   Data streamed
2020-03-05 13:23:20.516   CNC 10   INF   Workplace color: orange
2020-03-05 13:23:20.516   CNC 10   INF   Streaming data to LCD
2020-03-05 13:23:20.516   CNC 10   INF   Data streamed
2020-03-05 13:23:30.770   CNC 10   INF   Workplace color: orange
2020-03-05 13:23:30.770   CNC 10   INF   Streaming data to LCD
2020-03-05 13:23:30.770   CNC 10   INF   Data streamed
2020-03-05 13:23:41.174   CNC 10   INF   Workplace color: orange
2020-03-05 13:23:41.174   CNC 10   INF   Streaming data to LCD
2020-03-05 13:23:41.174   CNC 10   INF   Data streamed
2020-03-05 13:23:51.508   CNC 10   INF   Workplace color: orange
2020-03-05 13:23:51.508   CNC 10   INF   Streaming data to LCD
2020-03-05 13:23:51.508   CNC 10   INF   Data streamed
2020-03-05 13:24:01.807   CNC 10   INF   Workplace color: orange
2020-03-05 13:24:01.807   CNC 10   INF   Streaming data to LCD
2020-03-05 13:24:01.807   CNC 10   INF   Data streamed
2020-03-05 13:24:12.164   CNC 10   INF   Workplace color: orange
2020-03-05 13:24:12.164   CNC 10   INF   Streaming data to LCD
2020-03-05 13:24:12.165   CNC 10   INF   Data streamed
2020-03-05 13:24:22.456   CNC 10   INF   Workplace color: orange
2020-03-05 13:24:22.456   CNC 10   INF   Streaming data to LCD
2020-03-05 13:24:22.456   CNC 10   INF   Data streamed
2020-03-05 13:24:32.734   CNC 10   INF   Workplace color: orange
2020-03-05 13:24:32.734   CNC 10   INF   Streaming data to LCD
2020-03-05 13:24:32.734   CNC 10   INF   Data streamed
2020-03-05 13:24:42.953   CNC 10   INF   Workplace color: orange
2020-03-05 13:24:42.954   CNC 10   INF   Streaming data to LCD
2020-03-05 13:24:42.954   CNC 10   INF   Data streamed
2020-03-05 13:24:53.815   CNC 10   INF   Workplace color: orange
2020-03-05 13:24:53.815   CNC 10   INF   Streaming data to LCD
2020-03-05 13:24:53.816   CNC 10   INF   Data streamed
2020-03-05 13:25:04.369   CNC 10   INF   Workplace color: orange
2020-03-05 13:25:04.369   CNC 10   INF   Streaming data to LCD
2020-03-05 13:25:04.369   CNC 10   INF   Data streamed
2020-03-05 13:25:14.783   CNC 10   INF   Workplace color: orange
2020-03-05 13:25:14.783   CNC 10   INF   Streaming data to LCD
2020-03-05 13:25:14.783   CNC 10   INF   Data streamed
2020-03-05 13:25:25.148   CNC 10   INF   Workplace color: orange
2020-03-05 13:25:25.148   CNC 10   INF   Streaming data to LCD
2020-03-05 13:25:25.148   CNC 10   INF   Data streamed
2020-03-05 13:25:35.321   CNC 10   INF   Workplace color: orange
2020-03-05 13:25:35.321   CNC 10   INF   Streaming data to LCD
2020-03-05 13:25:35.321   CNC 10   INF   Data streamed
2020-03-05 13:25:45.628   CNC 10   INF   Workplace color: orange
2020-03-05 13:25:45.628   CNC 10   INF   Streaming data to LCD
2020-03-05 13:25:45.628   CNC 10   INF   Data streamed
2020-03-05 13:25:55.976   CNC 10   INF   Workplace color: orange
2020-03-05 13:25:55.976   CNC 10   INF   Streaming data to LCD
2020-03-05 13:25:55.977   CNC 10   INF   Data streamed
2020-03-05 13:26:06.354   CNC 10   INF   Workplace color: orange
2020-03-05 13:26:06.354   CNC 10   INF   Streaming data to LCD
2020-03-05 13:26:06.354   CNC 10   INF   Data streamed
2020-03-05 13:26:16.681   CNC 10   INF   Workplace color: orange
2020-03-05 13:26:16.682   CNC 10   INF   Streaming data to LCD
2020-03-05 13:26:16.682   CNC 10   INF   Data streamed
2020-03-05 13:26:26.995   CNC 10   INF   Workplace color: orange
2020-03-05 13:26:26.995   CNC 10   INF   Streaming data to LCD
2020-03-05 13:26:26.995   CNC 10   INF   Data streamed
2020-03-05 13:26:37.345   CNC 10   INF   Workplace color: orange
2020-03-05 13:26:37.345   CNC 10   INF   Streaming data to LCD
2020-03-05 13:26:37.345   CNC 10   INF   Data streamed
2020-03-05 13:26:43.242   CNC 10   INF   Workplace color: orange
2020-03-05 13:26:43.243   CNC 10   INF   Streaming data to LCD
2020-03-05 13:26:43.243   CNC 10   INF   Data streamed
2020-03-05 13:26:53.855   CNC 10   INF   Workplace color: orange
2020-03-05 13:26:53.855   CNC 10   INF   Streaming data to LCD
2020-03-05 13:26:53.855   CNC 10   INF   Data streamed
2020-03-05 13:27:04.067   CNC 10   INF   Workplace color: orange
2020-03-05 13:27:04.067   CNC 10   INF   Streaming data to LCD
2020-03-05 13:27:04.067   CNC 10   INF   Data streamed
2020-03-05 13:27:14.276   CNC 10   INF   Workplace color: orange
2020-03-05 13:27:14.276   CNC 10   INF   Streaming data to LCD
2020-03-05 13:27:14.276   CNC 10   INF   Data streamed
2020-03-05 13:27:24.628   CNC 10   INF   Workplace color: orange
2020-03-05 13:27:24.629   CNC 10   INF   Streaming data to LCD
2020-03-05 13:27:24.629   CNC 10   INF   Data streamed
2020-03-05 13:27:35.402   CNC 10   INF   Workplace color: orange
2020-03-05 13:27:35.402   CNC 10   INF   Streaming data to LCD
2020-03-05 13:27:35.402   CNC 10   INF   Data streamed
2020-03-05 13:27:46.020   CNC 10   INF   Workplace color: orange
2020-03-05 13:27:46.021   CNC 10   INF   Streaming data to LCD
2020-03-05 13:27:46.021   CNC 10   INF   Data streamed
2020-03-05 13:27:55.936   CNC 10   INF   Workplace color: orange
2020-03-05 13:27:55.936   CNC 10   INF   Streaming data to LCD
2020-03-05 13:27:55.936   CNC 10   INF   Data streamed
2020-03-05 13:28:06.282   CNC 10   INF   Workplace color: orange
2020-03-05 13:28:06.283   CNC 10   INF   Streaming data to LCD
2020-03-05 13:28:06.283   CNC 10   INF   Data streamed
2020-03-05 13:28:16.584   CNC 10   INF   Workplace color: orange
2020-03-05 13:28:16.584   CNC 10   INF   Streaming data to LCD
2020-03-05 13:28:16.584   CNC 10   INF   Data streamed
2020-03-05 13:28:26.775   CNC 10   INF   Workplace color: orange
2020-03-05 13:28:26.775   CNC 10   INF   Streaming data to LCD
2020-03-05 13:28:26.775   CNC 10   INF   Data streamed
2020-03-05 13:28:36.995   CNC 10   INF   Workplace color: orange
2020-03-05 13:28:36.995   CNC 10   INF   Streaming data to LCD
2020-03-05 13:28:36.995   CNC 10   INF   Data streamed
2020-03-05 13:28:47.326   CNC 10   INF   Workplace color: orange
2020-03-05 13:28:47.326   CNC 10   INF   Streaming data to LCD
2020-03-05 13:28:47.326   CNC 10   INF   Data streamed
2020-03-05 13:28:57.669   CNC 10   INF   Workplace color: orange
2020-03-05 13:28:57.669   CNC 10   INF   Streaming data to LCD
2020-03-05 13:28:57.669   CNC 10   INF   Data streamed
2020-03-05 13:29:31.588   CNC 10   INF   Workplace color: orange
2020-03-05 13:29:31.588   CNC 10   INF   Streaming data to LCD
2020-03-05 13:29:31.589   CNC 10   INF   Data streamed
2020-03-05 13:29:41.753   CNC 10   INF   Workplace color: orange
2020-03-05 13:29:41.753   CNC 10   INF   Streaming data to LCD
2020-03-05 13:29:41.753   CNC 10   INF   Data streamed
2020-03-05 13:29:51.958   CNC 10   INF   Workplace color: orange
2020-03-05 13:29:51.958   CNC 10   INF   Streaming data to LCD
2020-03-05 13:29:51.958   CNC 10   INF   Data streamed
2020-03-05 13:30:02.252   CNC 10   INF   Workplace color: orange
2020-03-05 13:30:02.253   CNC 10   INF   Streaming data to LCD
2020-03-05 13:30:02.253   CNC 10   INF   Data streamed
2020-03-05 13:30:12.442   CNC 10   INF   Workplace color: orange
2020-03-05 13:30:12.443   CNC 10   INF   Streaming data to LCD
2020-03-05 13:30:12.443   CNC 10   INF   Data streamed
2020-03-05 13:30:22.722   CNC 10   INF   Workplace color: orange
2020-03-05 13:30:22.722   CNC 10   INF   Streaming data to LCD
2020-03-05 13:30:22.722   CNC 10   INF   Data streamed
2020-03-05 13:30:33.007   CNC 10   INF   Workplace color: orange
2020-03-05 13:30:33.007   CNC 10   INF   Streaming data to LCD
2020-03-05 13:30:33.007   CNC 10   INF   Data streamed
2020-03-05 13:30:43.190   CNC 10   INF   Workplace color: orange
2020-03-05 13:30:43.190   CNC 10   INF   Streaming data to LCD
2020-03-05 13:30:43.190   CNC 10   INF   Data streamed
2020-03-05 13:30:53.392   CNC 10   INF   Workplace color: orange
2020-03-05 13:30:53.392   CNC 10   INF   Streaming data to LCD
2020-03-05 13:30:53.392   CNC 10   INF   Data streamed
2020-03-05 13:31:03.898   CNC 10   INF   Workplace color: orange
2020-03-05 13:31:03.898   CNC 10   INF   Streaming data to LCD
2020-03-05 13:31:03.898   CNC 10   INF   Data streamed
2020-03-05 13:31:14.224   CNC 10   INF   Workplace color: orange
2020-03-05 13:31:14.224   CNC 10   INF   Streaming data to LCD
2020-03-05 13:31:14.224   CNC 10   INF   Data streamed
2020-03-05 13:31:24.418   CNC 10   INF   Workplace color: orange
2020-03-05 13:31:24.418   CNC 10   INF   Streaming data to LCD
2020-03-05 13:31:24.418   CNC 10   INF   Data streamed
2020-03-05 13:31:34.896   CNC 10   INF   Workplace color: orange
2020-03-05 13:31:34.896   CNC 10   INF   Streaming data to LCD
2020-03-05 13:31:34.896   CNC 10   INF   Data streamed
2020-03-05 13:31:45.205   CNC 10   INF   Workplace color: orange
2020-03-05 13:31:45.205   CNC 10   INF   Streaming data to LCD
2020-03-05 13:31:45.205   CNC 10   INF   Data streamed
2020-03-05 13:31:55.465   CNC 10   INF   Workplace color: orange
2020-03-05 13:31:55.465   CNC 10   INF   Streaming data to LCD
2020-03-05 13:31:55.465   CNC 10   INF   Data streamed
2020-03-05 13:32:05.665   CNC 10   INF   Workplace color: orange
2020-03-05 13:32:05.665   CNC 10   INF   Streaming data to LCD
2020-03-05 13:32:05.665   CNC 10   INF   Data streamed
2020-03-05 13:32:15.840   CNC 10   INF   Workplace color: orange
2020-03-05 13:32:15.841   CNC 10   INF   Streaming data to LCD
2020-03-05 13:32:15.841   CNC 10   INF   Data streamed
2020-03-05 13:32:26.045   CNC 10   INF   Workplace color: orange
2020-03-05 13:32:26.045   CNC 10   INF   Streaming data to LCD
2020-03-05 13:32:26.045   CNC 10   INF   Data streamed
2020-03-05 13:32:36.246   CNC 10   INF   Workplace color: orange
2020-03-05 13:32:36.246   CNC 10   INF   Streaming data to LCD
2020-03-05 13:32:36.246   CNC 10   INF   Data streamed
2020-03-05 13:32:46.562   CNC 10   INF   Workplace color: orange
2020-03-05 13:32:46.563   CNC 10   INF   Streaming data to LCD
2020-03-05 13:32:46.563   CNC 10   INF   Data streamed
2020-03-05 13:32:57.025   CNC 10   INF   Workplace color: orange
2020-03-05 13:32:57.026   CNC 10   INF   Streaming data to LCD
2020-03-05 13:32:57.026   CNC 10   INF   Data streamed
2020-03-05 13:33:07.317   CNC 10   INF   Workplace color: orange
2020-03-05 13:33:07.317   CNC 10   INF   Streaming data to LCD
2020-03-05 13:33:07.317   CNC 10   INF   Data streamed
2020-03-05 13:33:17.624   CNC 10   INF   Workplace color: orange
2020-03-05 13:33:17.625   CNC 10   INF   Streaming data to LCD
2020-03-05 13:33:17.625   CNC 10   INF   Data streamed
2020-03-05 13:33:28.033   CNC 10   INF   Workplace color: orange
2020-03-05 13:33:28.033   CNC 10   INF   Streaming data to LCD
2020-03-05 13:33:28.033   CNC 10   INF   Data streamed
2020-03-05 13:33:38.505   CNC 10   INF   Workplace color: orange
2020-03-05 13:33:38.505   CNC 10   INF   Streaming data to LCD
2020-03-05 13:33:38.505   CNC 10   INF   Data streamed
2020-03-05 13:33:41.995   CNC 10   INF   Workplace color: orange
2020-03-05 13:33:41.995   CNC 10   INF   Streaming data to LCD
2020-03-05 13:33:41.996   CNC 10   INF   Data streamed
2020-03-05 13:33:52.367   CNC 10   INF   Workplace color: orange
2020-03-05 13:33:52.367   CNC 10   INF   Streaming data to LCD
2020-03-05 13:33:52.368   CNC 10   INF   Data streamed
2020-03-05 13:34:02.689   CNC 10   INF   Workplace color: orange
2020-03-05 13:34:02.689   CNC 10   INF   Streaming data to LCD
2020-03-05 13:34:02.689   CNC 10   INF   Data streamed
2020-03-05 13:34:13.138   CNC 10   INF   Workplace color: orange
2020-03-05 13:34:13.139   CNC 10   INF   Streaming data to LCD
2020-03-05 13:34:13.139   CNC 10   INF   Data streamed
2020-03-05 13:34:23.623   CNC 10   INF   Workplace color: orange
2020-03-05 13:34:23.623   CNC 10   INF   Streaming data to LCD
2020-03-05 13:34:23.623   CNC 10   INF   Data streamed
2020-03-05 13:34:34.416   CNC 10   INF   Workplace color: orange
2020-03-05 13:34:34.416   CNC 10   INF   Streaming data to LCD
2020-03-05 13:34:34.416   CNC 10   INF   Data streamed
2020-03-05 13:34:44.815   CNC 10   INF   Workplace color: orange
2020-03-05 13:34:44.815   CNC 10   INF   Streaming data to LCD
2020-03-05 13:34:44.816   CNC 10   INF   Data streamed
2020-03-05 13:34:55.416   CNC 10   INF   Workplace color: orange
2020-03-05 13:34:55.416   CNC 10   INF   Streaming data to LCD
2020-03-05 13:34:55.416   CNC 10   INF   Data streamed
2020-03-05 13:35:05.693   CNC 10   INF   Workplace color: orange
2020-03-05 13:35:05.693   CNC 10   INF   Streaming data to LCD
2020-03-05 13:35:05.693   CNC 10   INF   Data streamed
2020-03-05 13:35:16.028   CNC 10   INF   Workplace color: orange
2020-03-05 13:35:16.028   CNC 10   INF   Streaming data to LCD
2020-03-05 13:35:16.028   CNC 10   INF   Data streamed
2020-03-05 13:35:26.354   CNC 10   INF   Workplace color: orange
2020-03-05 13:35:26.354   CNC 10   INF   Streaming data to LCD
2020-03-05 13:35:26.355   CNC 10   INF   Data streamed
2020-03-05 13:35:37.102   CNC 10   INF   Workplace color: orange
2020-03-05 13:35:37.102   CNC 10   INF   Streaming data to LCD
2020-03-05 13:35:37.102   CNC 10   INF   Data streamed
2020-03-05 13:35:47.419   CNC 10   INF   Workplace color: orange
2020-03-05 13:35:47.419   CNC 10   INF   Streaming data to LCD
2020-03-05 13:35:47.419   CNC 10   INF   Data streamed
2020-03-05 13:35:57.633   CNC 10   INF   Workplace color: orange
2020-03-05 13:35:57.634   CNC 10   INF   Streaming data to LCD
2020-03-05 13:35:57.634   CNC 10   INF   Data streamed
2020-03-05 13:36:07.954   CNC 10   INF   Workplace color: orange
2020-03-05 13:36:07.955   CNC 10   INF   Streaming data to LCD
2020-03-05 13:36:07.955   CNC 10   INF   Data streamed
2020-03-05 13:36:18.261   CNC 10   INF   Workplace color: orange
2020-03-05 13:36:18.262   CNC 10   INF   Streaming data to LCD
2020-03-05 13:36:18.262   CNC 10   INF   Data streamed
2020-03-05 13:36:28.560   CNC 10   INF   Workplace color: orange
2020-03-05 13:36:28.561   CNC 10   INF   Streaming data to LCD
2020-03-05 13:36:28.561   CNC 10   INF   Data streamed
2020-03-05 13:36:38.858   CNC 10   INF   Workplace color: orange
2020-03-05 13:36:38.858   CNC 10   INF   Streaming data to LCD
2020-03-05 13:36:38.859   CNC 10   INF   Data streamed
2020-03-05 13:36:49.225   CNC 10   INF   Workplace color: orange
2020-03-05 13:36:49.226   CNC 10   INF   Streaming data to LCD
2020-03-05 13:36:49.226   CNC 10   INF   Data streamed
2020-03-05 13:36:59.501   CNC 10   INF   Workplace color: orange
2020-03-05 13:36:59.501   CNC 10   INF   Streaming data to LCD
2020-03-05 13:36:59.501   CNC 10   INF   Data streamed
2020-03-05 13:37:09.758   CNC 10   INF   Workplace color: orange
2020-03-05 13:37:09.758   CNC 10   INF   Streaming data to LCD
2020-03-05 13:37:09.758   CNC 10   INF   Data streamed
2020-03-05 13:37:20.050   CNC 10   INF   Workplace color: orange
2020-03-05 13:37:20.050   CNC 10   INF   Streaming data to LCD
2020-03-05 13:37:20.050   CNC 10   INF   Data streamed
2020-03-05 13:37:30.419   CNC 10   INF   Workplace color: orange
2020-03-05 13:37:30.419   CNC 10   INF   Streaming data to LCD
2020-03-05 13:37:30.419   CNC 10   INF   Data streamed
2020-03-05 13:37:40.708   CNC 10   INF   Workplace color: orange
2020-03-05 13:37:40.708   CNC 10   INF   Streaming data to LCD
2020-03-05 13:37:40.708   CNC 10   INF   Data streamed
2020-03-05 13:37:51.006   CNC 10   INF   Workplace color: orange
2020-03-05 13:37:51.006   CNC 10   INF   Streaming data to LCD
2020-03-05 13:37:51.006   CNC 10   INF   Data streamed
2020-03-05 13:38:01.339   CNC 10   INF   Workplace color: orange
2020-03-05 13:38:01.339   CNC 10   INF   Streaming data to LCD
2020-03-05 13:38:01.340   CNC 10   INF   Data streamed
2020-03-05 13:38:11.666   CNC 10   INF   Workplace color: orange
2020-03-05 13:38:11.666   CNC 10   INF   Streaming data to LCD
2020-03-05 13:38:11.667   CNC 10   INF   Data streamed
2020-03-05 13:38:21.953   CNC 10   INF   Workplace color: orange
2020-03-05 13:38:21.953   CNC 10   INF   Streaming data to LCD
2020-03-05 13:38:21.953   CNC 10   INF   Data streamed
2020-03-05 13:38:32.267   CNC 10   INF   Workplace color: orange
2020-03-05 13:38:32.267   CNC 10   INF   Streaming data to LCD
2020-03-05 13:38:32.267   CNC 10   INF   Data streamed
2020-03-05 13:38:42.576   CNC 10   INF   Workplace color: orange
2020-03-05 13:38:42.577   CNC 10   INF   Streaming data to LCD
2020-03-05 13:38:42.577   CNC 10   INF   Data streamed
2020-03-05 13:38:52.902   CNC 10   INF   Workplace color: orange
2020-03-05 13:38:52.902   CNC 10   INF   Streaming data to LCD
2020-03-05 13:38:52.902   CNC 10   INF   Data streamed
2020-03-05 13:39:03.227   CNC 10   INF   Workplace color: orange
2020-03-05 13:39:03.227   CNC 10   INF   Streaming data to LCD
2020-03-05 13:39:03.227   CNC 10   INF   Data streamed
2020-03-05 13:39:13.707   CNC 10   INF   Workplace color: orange
2020-03-05 13:39:13.708   CNC 10   INF   Streaming data to LCD
2020-03-05 13:39:13.708   CNC 10   INF   Data streamed
2020-03-05 13:39:24.186   CNC 10   INF   Workplace color: orange
2020-03-05 13:39:24.186   CNC 10   INF   Streaming data to LCD
2020-03-05 13:39:24.186   CNC 10   INF   Data streamed
2020-03-05 13:39:34.512   CNC 10   INF   Workplace color: orange
2020-03-05 13:39:34.512   CNC 10   INF   Streaming data to LCD
2020-03-05 13:39:34.512   CNC 10   INF   Data streamed
2020-03-05 13:39:44.835   CNC 10   INF   Workplace color: orange
2020-03-05 13:39:44.836   CNC 10   INF   Streaming data to LCD
2020-03-05 13:39:44.836   CNC 10   INF   Data streamed
2020-03-05 13:39:55.165   CNC 10   INF   Workplace color: orange
2020-03-05 13:39:55.165   CNC 10   INF   Streaming data to LCD
2020-03-05 13:39:55.165   CNC 10   INF   Data streamed
2020-03-05 13:40:05.430   CNC 10   INF   Workplace color: orange
2020-03-05 13:40:05.430   CNC 10   INF   Streaming data to LCD
2020-03-05 13:40:05.430   CNC 10   INF   Data streamed
2020-03-05 13:40:15.722   CNC 10   INF   Workplace color: orange
2020-03-05 13:40:15.722   CNC 10   INF   Streaming data to LCD
2020-03-05 13:40:15.722   CNC 10   INF   Data streamed
2020-03-05 13:40:26.030   CNC 10   INF   Workplace color: orange
2020-03-05 13:40:26.030   CNC 10   INF   Streaming data to LCD
2020-03-05 13:40:26.031   CNC 10   INF   Data streamed
2020-03-05 13:40:36.342   CNC 10   INF   Workplace color: orange
2020-03-05 13:40:36.342   CNC 10   INF   Streaming data to LCD
2020-03-05 13:40:36.342   CNC 10   INF   Data streamed
2020-03-05 13:40:46.649   CNC 10   INF   Workplace color: orange
2020-03-05 13:40:46.649   CNC 10   INF   Streaming data to LCD
2020-03-05 13:40:46.650   CNC 10   INF   Data streamed
2020-03-05 13:40:56.929   CNC 10   INF   Workplace color: orange
2020-03-05 13:40:56.929   CNC 10   INF   Streaming data to LCD
2020-03-05 13:40:56.930   CNC 10   INF   Data streamed
2020-03-05 13:41:07.227   CNC 10   INF   Workplace color: orange
2020-03-05 13:41:07.227   CNC 10   INF   Streaming data to LCD
2020-03-05 13:41:07.227   CNC 10   INF   Data streamed
2020-03-05 13:41:17.467   CNC 10   INF   Workplace color: orange
2020-03-05 13:41:17.468   CNC 10   INF   Streaming data to LCD
2020-03-05 13:41:17.468   CNC 10   INF   Data streamed
2020-03-05 13:41:27.811   CNC 10   INF   Workplace color: orange
2020-03-05 13:41:27.812   CNC 10   INF   Streaming data to LCD
2020-03-05 13:41:27.812   CNC 10   INF   Data streamed
2020-03-05 13:44:08.168   CNC 10   INF   Workplace color: orange
2020-03-05 13:44:08.168   CNC 10   INF   Streaming data to LCD
2020-03-05 13:44:08.168   CNC 10   INF   Data streamed
2020-03-05 13:44:18.417   CNC 10   INF   Workplace color: orange
2020-03-05 13:44:18.417   CNC 10   INF   Streaming data to LCD
2020-03-05 13:44:18.417   CNC 10   INF   Data streamed
2020-03-05 13:44:28.788   CNC 10   INF   Workplace color: orange
2020-03-05 13:44:28.789   CNC 10   INF   Streaming data to LCD
2020-03-05 13:44:28.789   CNC 10   INF   Data streamed
2020-03-05 13:44:39.113   CNC 10   INF   Workplace color: orange
2020-03-05 13:44:39.113   CNC 10   INF   Streaming data to LCD
2020-03-05 13:44:39.113   CNC 10   INF   Data streamed
2020-03-05 13:44:49.380   CNC 10   INF   Workplace color: orange
2020-03-05 13:44:49.380   CNC 10   INF   Streaming data to LCD
2020-03-05 13:44:49.380   CNC 10   INF   Data streamed
2020-03-05 13:44:59.703   CNC 10   INF   Workplace color: orange
2020-03-05 13:44:59.703   CNC 10   INF   Streaming data to LCD
2020-03-05 13:44:59.704   CNC 10   INF   Data streamed
2020-03-05 13:45:10.007   CNC 10   INF   Workplace color: orange
2020-03-05 13:45:10.008   CNC 10   INF   Streaming data to LCD
2020-03-05 13:45:10.008   CNC 10   INF   Data streamed
2020-03-05 13:45:20.414   CNC 10   INF   Workplace color: orange
2020-03-05 13:45:20.414   CNC 10   INF   Streaming data to LCD
2020-03-05 13:45:20.414   CNC 10   INF   Data streamed
2020-03-05 13:45:30.668   CNC 10   INF   Workplace color: orange
2020-03-05 13:45:30.669   CNC 10   INF   Streaming data to LCD
2020-03-05 13:45:30.669   CNC 10   INF   Data streamed
2020-03-05 13:45:40.986   CNC 10   INF   Workplace color: orange
2020-03-05 13:45:40.986   CNC 10   INF   Streaming data to LCD
2020-03-05 13:45:40.986   CNC 10   INF   Data streamed
2020-03-05 13:45:51.269   CNC 10   INF   Workplace color: orange
2020-03-05 13:45:51.270   CNC 10   INF   Streaming data to LCD
2020-03-05 13:45:51.270   CNC 10   INF   Data streamed
2020-03-05 13:46:01.501   CNC 10   INF   Workplace color: orange
2020-03-05 13:46:01.501   CNC 10   INF   Streaming data to LCD
2020-03-05 13:46:01.501   CNC 10   INF   Data streamed
2020-03-05 13:46:11.866   CNC 10   INF   Workplace color: orange
2020-03-05 13:46:11.866   CNC 10   INF   Streaming data to LCD
2020-03-05 13:46:11.866   CNC 10   INF   Data streamed
2020-03-05 13:46:22.328   CNC 10   INF   Workplace color: orange
2020-03-05 13:46:22.328   CNC 10   INF   Streaming data to LCD
2020-03-05 13:46:22.328   CNC 10   INF   Data streamed
2020-03-05 13:46:32.711   CNC 10   INF   Workplace color: red
2020-03-05 13:46:32.711   CNC 10   INF   Streaming data to LCD
2020-03-05 13:46:32.711   CNC 10   INF   Data streamed
2020-03-05 13:46:43.148   CNC 10   INF   Workplace color: green
2020-03-05 13:46:43.148   CNC 10   INF   Streaming data to LCD
2020-03-05 13:46:43.148   CNC 10   INF   Data streamed
2020-03-05 13:46:53.409   CNC 10   INF   Workplace color: green
2020-03-05 13:46:53.410   CNC 10   INF   Streaming data to LCD
2020-03-05 13:46:53.410   CNC 10   INF   Data streamed
2020-03-05 13:47:03.714   CNC 10   INF   Workplace color: green
2020-03-05 13:47:03.715   CNC 10   INF   Streaming data to LCD
2020-03-05 13:47:03.715   CNC 10   INF   Data streamed
2020-03-05 13:47:13.923   CNC 10   INF   Workplace color: green
2020-03-05 13:47:13.923   CNC 10   INF   Streaming data to LCD
2020-03-05 13:47:13.923   CNC 10   INF   Data streamed
2020-03-05 13:47:24.122   CNC 10   INF   Workplace color: green
2020-03-05 13:47:24.123   CNC 10   INF   Streaming data to LCD
2020-03-05 13:47:24.123   CNC 10   INF   Data streamed
2020-03-05 13:47:34.353   CNC 10   INF   Workplace color: green
2020-03-05 13:47:34.353   CNC 10   INF   Streaming data to LCD
2020-03-05 13:47:34.353   CNC 10   INF   Data streamed
2020-03-05 13:47:44.552   CNC 10   INF   Workplace color: green
2020-03-05 13:47:44.552   CNC 10   INF   Streaming data to LCD
2020-03-05 13:47:44.552   CNC 10   INF   Data streamed
2020-03-05 13:47:54.844   CNC 10   INF   Workplace color: green
2020-03-05 13:47:54.845   CNC 10   INF   Streaming data to LCD
2020-03-05 13:47:54.845   CNC 10   INF   Data streamed
2020-03-05 13:48:05.194   CNC 10   INF   Workplace color: green
2020-03-05 13:48:05.195   CNC 10   INF   Streaming data to LCD
2020-03-05 13:48:05.195   CNC 10   INF   Data streamed
2020-03-05 13:48:15.476   CNC 10   INF   Workplace color: green
2020-03-05 13:48:15.476   CNC 10   INF   Streaming data to LCD
2020-03-05 13:48:15.476   CNC 10   INF   Data streamed
2020-03-05 13:48:25.800   CNC 10   INF   Workplace color: green
2020-03-05 13:48:25.800   CNC 10   INF   Streaming data to LCD
2020-03-05 13:48:25.800   CNC 10   INF   Data streamed
2020-03-05 13:48:36.290   CNC 10   INF   Workplace color: green
2020-03-05 13:48:36.291   CNC 10   INF   Streaming data to LCD
2020-03-05 13:48:36.291   CNC 10   INF   Data streamed
2020-03-05 13:48:43.784   CNC 10   INF   Workplace color: green
2020-03-05 13:48:43.784   CNC 10   INF   Streaming data to LCD
2020-03-05 13:48:43.784   CNC 10   INF   Data streamed
2020-03-05 13:48:52.536   CNC 10   INF   Workplace color: green
2020-03-05 13:48:52.537   CNC 10   INF   Streaming data to LCD
2020-03-05 13:48:52.537   CNC 10   INF   Data streamed
2020-03-05 13:49:02.873   CNC 10   INF   Workplace color: green
2020-03-05 13:49:02.873   CNC 10   INF   Streaming data to LCD
2020-03-05 13:49:02.873   CNC 10   INF   Data streamed
2020-03-05 13:49:13.093   CNC 10   INF   Workplace color: green
2020-03-05 13:49:13.093   CNC 10   INF   Streaming data to LCD
2020-03-05 13:49:13.093   CNC 10   INF   Data streamed
2020-03-05 13:49:23.302   CNC 10   INF   Workplace color: green
2020-03-05 13:49:23.302   CNC 10   INF   Streaming data to LCD
2020-03-05 13:49:23.302   CNC 10   INF   Data streamed
2020-03-05 13:49:33.645   CNC 10   INF   Workplace color: green
2020-03-05 13:49:33.645   CNC 10   INF   Streaming data to LCD
2020-03-05 13:49:33.646   CNC 10   INF   Data streamed
2020-03-05 13:49:44.125   CNC 10   INF   Workplace color: green
2020-03-05 13:49:44.125   CNC 10   INF   Streaming data to LCD
2020-03-05 13:49:44.125   CNC 10   INF   Data streamed
2020-03-05 13:49:54.711   CNC 10   INF   Workplace color: green
2020-03-05 13:49:54.711   CNC 10   INF   Streaming data to LCD
2020-03-05 13:49:54.711   CNC 10   INF   Data streamed
2020-03-05 13:50:05.326   CNC 10   INF   Workplace color: green
2020-03-05 13:50:05.326   CNC 10   INF   Streaming data to LCD
2020-03-05 13:50:05.326   CNC 10   INF   Data streamed
2020-03-05 13:50:17.519   CNC 10   INF   Workplace color: green, order: , downtime: , user: 
2020-03-05 13:50:17.519   CNC 10   INF   Streaming data to LCD
2020-03-05 13:50:17.519   CNC 10   INF   Data streamed
2020-03-05 13:50:27.869   CNC 10   INF   Workplace color: green, order: , downtime: , user: 
2020-03-05 13:50:27.869   CNC 10   INF   Streaming data to LCD
2020-03-05 13:50:27.869   CNC 10   INF   Data streamed
2020-03-05 13:50:38.136   CNC 10   INF   Workplace color: green, order: , downtime: , user: 
2020-03-05 13:50:38.136   CNC 10   INF   Streaming data to LCD
2020-03-05 13:50:38.136   CNC 10   INF   Data streamed
2020-03-05 13:50:48.457   CNC 10   INF   Workplace color: green, order: , downtime: , user: 
2020-03-05 13:50:48.457   CNC 10   INF   Streaming data to LCD
2020-03-05 13:50:48.457   CNC 10   INF   Data streamed
2020-03-05 13:50:58.866   CNC 10   INF   Workplace color: green, order: , downtime: , user: 
2020-03-05 13:50:58.866   CNC 10   INF   Streaming data to LCD
2020-03-05 13:50:58.867   CNC 10   INF   Data streamed
2020-03-05 13:51:09.276   CNC 10   INF   Workplace color: green, order: , downtime: , user: 
2020-03-05 13:51:09.276   CNC 10   INF   Streaming data to LCD
2020-03-05 13:51:09.276   CNC 10   INF   Data streamed
2020-03-05 13:51:19.636   CNC 10   INF   Workplace color: green, order: , downtime: , user: 
2020-03-05 13:51:19.636   CNC 10   INF   Streaming data to LCD
2020-03-05 13:51:19.636   CNC 10   INF   Data streamed
2020-03-05 13:51:29.975   CNC 10   INF   Workplace color: green, order: , downtime: , user: 
2020-03-05 13:51:29.975   CNC 10   INF   Streaming data to LCD
2020-03-05 13:51:29.975   CNC 10   INF   Data streamed
2020-03-05 13:51:40.398   CNC 10   INF   Workplace color: green, order: , downtime: , user: 
2020-03-05 13:51:40.398   CNC 10   INF   Streaming data to LCD
2020-03-05 13:51:40.399   CNC 10   INF   Data streamed
2020-03-05 13:51:51.000   CNC 10   INF   Workplace color: green, order: , downtime: , user: 
2020-03-05 13:51:51.001   CNC 10   INF   Streaming data to LCD
2020-03-05 13:51:51.001   CNC 10   INF   Data streamed
2020-03-05 13:52:01.443   CNC 10   INF   Workplace color: green, order: , downtime: , user: 
2020-03-05 13:52:01.443   CNC 10   INF   Streaming data to LCD
2020-03-05 13:52:01.443   CNC 10   INF   Data streamed
2020-03-05 13:52:11.858   CNC 10   INF   Workplace color: green, order: , downtime: , user: 
2020-03-05 13:52:11.858   CNC 10   INF   Streaming data to LCD
2020-03-05 13:52:11.858   CNC 10   INF   Data streamed
2020-03-05 13:52:22.234   CNC 10   INF   Workplace color: green, order: , downtime: , user: 
2020-03-05 13:52:22.235   CNC 10   INF   Streaming data to LCD
2020-03-05 13:52:22.235   CNC 10   INF   Data streamed
2020-03-05 14:14:09.390   CNC 10   INF   Workplace color: orange, order: , downtime: , user: 
2020-03-05 14:14:09.390   CNC 10   INF   Streaming data to LCD
2020-03-05 14:14:09.390   CNC 10   INF   Data streamed
2020-03-05 14:14:19.593   CNC 10   INF   Workplace color: orange, order: , downtime: , user: 
2020-03-05 14:14:19.593   CNC 10   INF   Streaming data to LCD
2020-03-05 14:14:19.593   CNC 10   INF   Data streamed
2020-03-05 14:19:37.920   CNC 10   INF   Workplace color: orange, order: , downtime: , user: 
2020-03-05 14:19:37.920   CNC 10   INF   Streaming data to LCD
2020-03-05 14:19:37.920   CNC 10   INF   Data streamed
2020-03-05 14:20:01.748   CNC 10   INF   Workplace color: orange, order: , downtime: , user: 
2020-03-05 14:20:01.748   CNC 10   INF   Streaming data to LCD
2020-03-05 14:20:01.749   CNC 10   INF   Data streamed
2020-03-05 14:20:12.043   CNC 10   INF   Workplace color: orange, order: , downtime: , user: 
2020-03-05 14:20:12.043   CNC 10   INF   Streaming data to LCD
2020-03-05 14:20:12.043   CNC 10   INF   Data streamed
2020-03-05 14:20:22.320   CNC 10   INF   Workplace color: orange, order: , downtime: , user: 
2020-03-05 14:20:22.320   CNC 10   INF   Streaming data to LCD
2020-03-05 14:20:22.321   CNC 10   INF   Data streamed
