2020-03-05 12:46:07.209   CNC 6   INF   Workplace color: green
2020-03-05 12:46:07.209   CNC 6   INF   Streaming data to LCD
2020-03-05 12:46:07.209   CNC 6   INF   Data streamed
2020-03-05 13:01:44.633   CNC 6   INF   Workplace color: green
2020-03-05 13:01:44.633   CNC 6   INF   Streaming data to LCD
2020-03-05 13:01:44.633   CNC 6   INF   Data streamed
2020-03-05 13:01:54.822   CNC 6   INF   Workplace color: green
2020-03-05 13:01:54.822   CNC 6   INF   Streaming data to LCD
2020-03-05 13:01:54.822   CNC 6   INF   Data streamed
2020-03-05 13:02:04.969   CNC 6   INF   Workplace color: green
2020-03-05 13:02:04.969   CNC 6   INF   Streaming data to LCD
2020-03-05 13:02:04.969   CNC 6   INF   Data streamed
2020-03-05 13:02:15.106   CNC 6   INF   Workplace color: green
2020-03-05 13:02:15.107   CNC 6   INF   Streaming data to LCD
2020-03-05 13:02:15.107   CNC 6   INF   Data streamed
2020-03-05 13:02:25.243   CNC 6   INF   Workplace color: green
2020-03-05 13:02:25.243   CNC 6   INF   Streaming data to LCD
2020-03-05 13:02:25.243   CNC 6   INF   Data streamed
2020-03-05 13:02:35.399   CNC 6   INF   Workplace color: green
2020-03-05 13:02:35.399   CNC 6   INF   Streaming data to LCD
2020-03-05 13:02:35.399   CNC 6   INF   Data streamed
2020-03-05 13:02:45.560   CNC 6   INF   Workplace color: green
2020-03-05 13:02:45.561   CNC 6   INF   Streaming data to LCD
2020-03-05 13:02:45.561   CNC 6   INF   Data streamed
2020-03-05 13:02:55.692   CNC 6   INF   Workplace color: green
2020-03-05 13:02:55.692   CNC 6   INF   Streaming data to LCD
2020-03-05 13:02:55.692   CNC 6   INF   Data streamed
2020-03-05 13:03:05.832   CNC 6   INF   Workplace color: green
2020-03-05 13:03:05.832   CNC 6   INF   Streaming data to LCD
2020-03-05 13:03:05.832   CNC 6   INF   Data streamed
2020-03-05 13:03:15.969   CNC 6   INF   Workplace color: green
2020-03-05 13:03:15.969   CNC 6   INF   Streaming data to LCD
2020-03-05 13:03:15.969   CNC 6   INF   Data streamed
2020-03-05 13:03:26.110   CNC 6   INF   Workplace color: green
2020-03-05 13:03:26.110   CNC 6   INF   Streaming data to LCD
2020-03-05 13:03:26.110   CNC 6   INF   Data streamed
2020-03-05 13:03:36.242   CNC 6   INF   Workplace color: green
2020-03-05 13:03:36.242   CNC 6   INF   Streaming data to LCD
2020-03-05 13:03:36.242   CNC 6   INF   Data streamed
2020-03-05 13:03:46.371   CNC 6   INF   Workplace color: green
2020-03-05 13:03:46.371   CNC 6   INF   Streaming data to LCD
2020-03-05 13:03:46.372   CNC 6   INF   Data streamed
2020-03-05 13:03:56.506   CNC 6   INF   Workplace color: green
2020-03-05 13:03:56.506   CNC 6   INF   Streaming data to LCD
2020-03-05 13:03:56.506   CNC 6   INF   Data streamed
2020-03-05 13:04:07.140   CNC 6   INF   Workplace color: green
2020-03-05 13:04:07.140   CNC 6   INF   Streaming data to LCD
2020-03-05 13:04:07.140   CNC 6   INF   Data streamed
2020-03-05 13:04:12.542   CNC 6   INF   Workplace color: green
2020-03-05 13:04:12.543   CNC 6   INF   Streaming data to LCD
2020-03-05 13:04:12.543   CNC 6   INF   Data streamed
2020-03-05 13:04:22.705   CNC 6   INF   Workplace color: green
2020-03-05 13:04:22.705   CNC 6   INF   Streaming data to LCD
2020-03-05 13:04:22.706   CNC 6   INF   Data streamed
2020-03-05 13:04:33.017   CNC 6   INF   Workplace color: green
2020-03-05 13:04:33.018   CNC 6   INF   Streaming data to LCD
2020-03-05 13:04:33.018   CNC 6   INF   Data streamed
2020-03-05 13:04:43.219   CNC 6   INF   Workplace color: green
2020-03-05 13:04:43.220   CNC 6   INF   Streaming data to LCD
2020-03-05 13:04:43.220   CNC 6   INF   Data streamed
2020-03-05 13:04:53.445   CNC 6   INF   Workplace color: green
2020-03-05 13:04:53.445   CNC 6   INF   Streaming data to LCD
2020-03-05 13:04:53.445   CNC 6   INF   Data streamed
2020-03-05 13:08:21.307   CNC 6   INF   Workplace color: green
2020-03-05 13:08:21.308   CNC 6   INF   Streaming data to LCD
2020-03-05 13:08:21.308   CNC 6   INF   Data streamed
2020-03-05 13:08:31.621   CNC 6   INF   Workplace color: green
2020-03-05 13:08:31.621   CNC 6   INF   Streaming data to LCD
2020-03-05 13:08:31.622   CNC 6   INF   Data streamed
2020-03-05 13:08:41.829   CNC 6   INF   Workplace color: green
2020-03-05 13:08:41.830   CNC 6   INF   Streaming data to LCD
2020-03-05 13:08:41.830   CNC 6   INF   Data streamed
2020-03-05 13:09:06.308   CNC 6   INF   Workplace color: green
2020-03-05 13:09:06.309   CNC 6   INF   Streaming data to LCD
2020-03-05 13:09:06.309   CNC 6   INF   Data streamed
2020-03-05 13:09:16.680   CNC 6   INF   Workplace color: green
2020-03-05 13:09:16.680   CNC 6   INF   Streaming data to LCD
2020-03-05 13:09:16.680   CNC 6   INF   Data streamed
2020-03-05 13:09:27.440   CNC 6   INF   Workplace color: green
2020-03-05 13:09:27.441   CNC 6   INF   Streaming data to LCD
2020-03-05 13:09:27.441   CNC 6   INF   Data streamed
2020-03-05 13:09:37.698   CNC 6   INF   Workplace color: green
2020-03-05 13:09:37.698   CNC 6   INF   Streaming data to LCD
2020-03-05 13:09:37.698   CNC 6   INF   Data streamed
2020-03-05 13:09:47.944   CNC 6   INF   Workplace color: green
2020-03-05 13:09:47.944   CNC 6   INF   Streaming data to LCD
2020-03-05 13:09:47.944   CNC 6   INF   Data streamed
2020-03-05 13:09:59.396   CNC 6   INF   Workplace color: green
2020-03-05 13:09:59.396   CNC 6   INF   Streaming data to LCD
2020-03-05 13:09:59.396   CNC 6   INF   Data streamed
2020-03-05 13:10:30.389   CNC 6   INF   Workplace color: green
2020-03-05 13:10:30.389   CNC 6   INF   Streaming data to LCD
2020-03-05 13:10:30.389   CNC 6   INF   Data streamed
2020-03-05 13:10:56.189   CNC 6   INF   Workplace color: green
2020-03-05 13:10:56.189   CNC 6   INF   Streaming data to LCD
2020-03-05 13:10:56.190   CNC 6   INF   Data streamed
2020-03-05 13:11:19.705   CNC 6   INF   Workplace color: green
2020-03-05 13:11:19.705   CNC 6   INF   Streaming data to LCD
2020-03-05 13:11:19.706   CNC 6   INF   Data streamed
2020-03-05 13:22:39.675   CNC 6   INF   Workplace color: green
2020-03-05 13:22:39.676   CNC 6   INF   Streaming data to LCD
2020-03-05 13:22:39.676   CNC 6   INF   Data streamed
2020-03-05 13:22:49.854   CNC 6   INF   Workplace color: green
2020-03-05 13:22:49.854   CNC 6   INF   Streaming data to LCD
2020-03-05 13:22:49.854   CNC 6   INF   Data streamed
2020-03-05 13:23:00.089   CNC 6   INF   Workplace color: green
2020-03-05 13:23:00.090   CNC 6   INF   Streaming data to LCD
2020-03-05 13:23:00.090   CNC 6   INF   Data streamed
2020-03-05 13:23:10.379   CNC 6   INF   Workplace color: green
2020-03-05 13:23:10.379   CNC 6   INF   Streaming data to LCD
2020-03-05 13:23:10.379   CNC 6   INF   Data streamed
2020-03-05 13:23:20.588   CNC 6   INF   Workplace color: green
2020-03-05 13:23:20.588   CNC 6   INF   Streaming data to LCD
2020-03-05 13:23:20.588   CNC 6   INF   Data streamed
2020-03-05 13:23:30.978   CNC 6   INF   Workplace color: green
2020-03-05 13:23:30.978   CNC 6   INF   Streaming data to LCD
2020-03-05 13:23:30.978   CNC 6   INF   Data streamed
2020-03-05 13:23:41.354   CNC 6   INF   Workplace color: green
2020-03-05 13:23:41.354   CNC 6   INF   Streaming data to LCD
2020-03-05 13:23:41.354   CNC 6   INF   Data streamed
2020-03-05 13:23:51.654   CNC 6   INF   Workplace color: green
2020-03-05 13:23:51.654   CNC 6   INF   Streaming data to LCD
2020-03-05 13:23:51.654   CNC 6   INF   Data streamed
2020-03-05 13:24:01.973   CNC 6   INF   Workplace color: green
2020-03-05 13:24:01.973   CNC 6   INF   Streaming data to LCD
2020-03-05 13:24:01.973   CNC 6   INF   Data streamed
2020-03-05 13:24:12.313   CNC 6   INF   Workplace color: green
2020-03-05 13:24:12.314   CNC 6   INF   Streaming data to LCD
2020-03-05 13:24:12.314   CNC 6   INF   Data streamed
2020-03-05 13:24:22.591   CNC 6   INF   Workplace color: green
2020-03-05 13:24:22.592   CNC 6   INF   Streaming data to LCD
2020-03-05 13:24:22.592   CNC 6   INF   Data streamed
2020-03-05 13:24:32.802   CNC 6   INF   Workplace color: green
2020-03-05 13:24:32.803   CNC 6   INF   Streaming data to LCD
2020-03-05 13:24:32.803   CNC 6   INF   Data streamed
2020-03-05 13:24:43.147   CNC 6   INF   Workplace color: green
2020-03-05 13:24:43.148   CNC 6   INF   Streaming data to LCD
2020-03-05 13:24:43.148   CNC 6   INF   Data streamed
2020-03-05 13:24:54.164   CNC 6   INF   Workplace color: green
2020-03-05 13:24:54.164   CNC 6   INF   Streaming data to LCD
2020-03-05 13:24:54.165   CNC 6   INF   Data streamed
2020-03-05 13:25:04.572   CNC 6   INF   Workplace color: green
2020-03-05 13:25:04.572   CNC 6   INF   Streaming data to LCD
2020-03-05 13:25:04.572   CNC 6   INF   Data streamed
2020-03-05 13:25:15.037   CNC 6   INF   Workplace color: green
2020-03-05 13:25:15.037   CNC 6   INF   Streaming data to LCD
2020-03-05 13:25:15.040   CNC 6   INF   Data streamed
2020-03-05 13:25:25.218   CNC 6   INF   Workplace color: green
2020-03-05 13:25:25.218   CNC 6   INF   Streaming data to LCD
2020-03-05 13:25:25.218   CNC 6   INF   Data streamed
2020-03-05 13:25:35.436   CNC 6   INF   Workplace color: green
2020-03-05 13:25:35.436   CNC 6   INF   Streaming data to LCD
2020-03-05 13:25:35.437   CNC 6   INF   Data streamed
2020-03-05 13:25:45.816   CNC 6   INF   Workplace color: green
2020-03-05 13:25:45.817   CNC 6   INF   Streaming data to LCD
2020-03-05 13:25:45.817   CNC 6   INF   Data streamed
2020-03-05 13:25:56.180   CNC 6   INF   Workplace color: green
2020-03-05 13:25:56.180   CNC 6   INF   Streaming data to LCD
2020-03-05 13:25:56.181   CNC 6   INF   Data streamed
2020-03-05 13:26:06.544   CNC 6   INF   Workplace color: green
2020-03-05 13:26:06.544   CNC 6   INF   Streaming data to LCD
2020-03-05 13:26:06.544   CNC 6   INF   Data streamed
2020-03-05 13:26:16.845   CNC 6   INF   Workplace color: green
2020-03-05 13:26:16.845   CNC 6   INF   Streaming data to LCD
2020-03-05 13:26:16.845   CNC 6   INF   Data streamed
2020-03-05 13:26:27.167   CNC 6   INF   Workplace color: green
2020-03-05 13:26:27.167   CNC 6   INF   Streaming data to LCD
2020-03-05 13:26:27.167   CNC 6   INF   Data streamed
2020-03-05 13:26:37.540   CNC 6   INF   Workplace color: green
2020-03-05 13:26:37.540   CNC 6   INF   Streaming data to LCD
2020-03-05 13:26:37.540   CNC 6   INF   Data streamed
2020-03-05 13:26:43.591   CNC 6   INF   Workplace color: green
2020-03-05 13:26:43.591   CNC 6   INF   Streaming data to LCD
2020-03-05 13:26:43.591   CNC 6   INF   Data streamed
2020-03-05 13:26:53.943   CNC 6   INF   Workplace color: green
2020-03-05 13:26:53.944   CNC 6   INF   Streaming data to LCD
2020-03-05 13:26:53.944   CNC 6   INF   Data streamed
2020-03-05 13:27:04.152   CNC 6   INF   Workplace color: green
2020-03-05 13:27:04.152   CNC 6   INF   Streaming data to LCD
2020-03-05 13:27:04.152   CNC 6   INF   Data streamed
2020-03-05 13:27:14.449   CNC 6   INF   Workplace color: green
2020-03-05 13:27:14.449   CNC 6   INF   Streaming data to LCD
2020-03-05 13:27:14.450   CNC 6   INF   Data streamed
2020-03-05 13:27:24.843   CNC 6   INF   Workplace color: green
2020-03-05 13:27:24.843   CNC 6   INF   Streaming data to LCD
2020-03-05 13:27:24.843   CNC 6   INF   Data streamed
2020-03-05 13:27:35.761   CNC 6   INF   Workplace color: green
2020-03-05 13:27:35.761   CNC 6   INF   Streaming data to LCD
2020-03-05 13:27:35.762   CNC 6   INF   Data streamed
2020-03-05 13:27:46.230   CNC 6   INF   Workplace color: green
2020-03-05 13:27:46.231   CNC 6   INF   Streaming data to LCD
2020-03-05 13:27:46.231   CNC 6   INF   Data streamed
2020-03-05 13:27:56.134   CNC 6   INF   Workplace color: green
2020-03-05 13:27:56.135   CNC 6   INF   Streaming data to LCD
2020-03-05 13:27:56.135   CNC 6   INF   Data streamed
2020-03-05 13:28:06.474   CNC 6   INF   Workplace color: green
2020-03-05 13:28:06.474   CNC 6   INF   Streaming data to LCD
2020-03-05 13:28:06.474   CNC 6   INF   Data streamed
2020-03-05 13:28:16.668   CNC 6   INF   Workplace color: green
2020-03-05 13:28:16.668   CNC 6   INF   Streaming data to LCD
2020-03-05 13:28:16.669   CNC 6   INF   Data streamed
2020-03-05 13:28:26.878   CNC 6   INF   Workplace color: green
2020-03-05 13:28:26.878   CNC 6   INF   Streaming data to LCD
2020-03-05 13:28:26.878   CNC 6   INF   Data streamed
2020-03-05 13:28:37.160   CNC 6   INF   Workplace color: green
2020-03-05 13:28:37.160   CNC 6   INF   Streaming data to LCD
2020-03-05 13:28:37.160   CNC 6   INF   Data streamed
2020-03-05 13:28:47.535   CNC 6   INF   Workplace color: green
2020-03-05 13:28:47.535   CNC 6   INF   Streaming data to LCD
2020-03-05 13:28:47.536   CNC 6   INF   Data streamed
2020-03-05 13:28:57.837   CNC 6   INF   Workplace color: green
2020-03-05 13:28:57.837   CNC 6   INF   Streaming data to LCD
2020-03-05 13:28:57.837   CNC 6   INF   Data streamed
2020-03-05 13:29:31.669   CNC 6   INF   Workplace color: green
2020-03-05 13:29:31.669   CNC 6   INF   Streaming data to LCD
2020-03-05 13:29:31.669   CNC 6   INF   Data streamed
2020-03-05 13:29:41.834   CNC 6   INF   Workplace color: green
2020-03-05 13:29:41.834   CNC 6   INF   Streaming data to LCD
2020-03-05 13:29:41.834   CNC 6   INF   Data streamed
2020-03-05 13:29:52.135   CNC 6   INF   Workplace color: green
2020-03-05 13:29:52.136   CNC 6   INF   Streaming data to LCD
2020-03-05 13:29:52.136   CNC 6   INF   Data streamed
2020-03-05 13:30:02.342   CNC 6   INF   Workplace color: green
2020-03-05 13:30:02.343   CNC 6   INF   Streaming data to LCD
2020-03-05 13:30:02.343   CNC 6   INF   Data streamed
2020-03-05 13:30:12.611   CNC 6   INF   Workplace color: green
2020-03-05 13:30:12.611   CNC 6   INF   Streaming data to LCD
2020-03-05 13:30:12.611   CNC 6   INF   Data streamed
2020-03-05 13:30:22.921   CNC 6   INF   Workplace color: green
2020-03-05 13:30:22.921   CNC 6   INF   Streaming data to LCD
2020-03-05 13:30:22.921   CNC 6   INF   Data streamed
2020-03-05 13:30:33.100   CNC 6   INF   Workplace color: green
2020-03-05 13:30:33.100   CNC 6   INF   Streaming data to LCD
2020-03-05 13:30:33.100   CNC 6   INF   Data streamed
2020-03-05 13:30:43.300   CNC 6   INF   Workplace color: green
2020-03-05 13:30:43.301   CNC 6   INF   Streaming data to LCD
2020-03-05 13:30:43.301   CNC 6   INF   Data streamed
2020-03-05 13:30:53.718   CNC 6   INF   Workplace color: green
2020-03-05 13:30:53.718   CNC 6   INF   Streaming data to LCD
2020-03-05 13:30:53.719   CNC 6   INF   Data streamed
2020-03-05 13:31:04.143   CNC 6   INF   Workplace color: green
2020-03-05 13:31:04.143   CNC 6   INF   Streaming data to LCD
2020-03-05 13:31:04.144   CNC 6   INF   Data streamed
2020-03-05 13:31:14.318   CNC 6   INF   Workplace color: green
2020-03-05 13:31:14.318   CNC 6   INF   Streaming data to LCD
2020-03-05 13:31:14.318   CNC 6   INF   Data streamed
2020-03-05 13:31:24.782   CNC 6   INF   Workplace color: green
2020-03-05 13:31:24.783   CNC 6   INF   Streaming data to LCD
2020-03-05 13:31:24.783   CNC 6   INF   Data streamed
2020-03-05 13:31:35.105   CNC 6   INF   Workplace color: green
2020-03-05 13:31:35.105   CNC 6   INF   Streaming data to LCD
2020-03-05 13:31:35.106   CNC 6   INF   Data streamed
2020-03-05 13:31:45.380   CNC 6   INF   Workplace color: green
2020-03-05 13:31:45.380   CNC 6   INF   Streaming data to LCD
2020-03-05 13:31:45.380   CNC 6   INF   Data streamed
2020-03-05 13:31:55.594   CNC 6   INF   Workplace color: green
2020-03-05 13:31:55.594   CNC 6   INF   Streaming data to LCD
2020-03-05 13:31:55.594   CNC 6   INF   Data streamed
2020-03-05 13:32:05.768   CNC 6   INF   Workplace color: green
2020-03-05 13:32:05.769   CNC 6   INF   Streaming data to LCD
2020-03-05 13:32:05.769   CNC 6   INF   Data streamed
2020-03-05 13:32:15.964   CNC 6   INF   Workplace color: green
2020-03-05 13:32:15.964   CNC 6   INF   Streaming data to LCD
2020-03-05 13:32:15.964   CNC 6   INF   Data streamed
2020-03-05 13:32:26.166   CNC 6   INF   Workplace color: green
2020-03-05 13:32:26.167   CNC 6   INF   Streaming data to LCD
2020-03-05 13:32:26.167   CNC 6   INF   Data streamed
2020-03-05 13:32:36.366   CNC 6   INF   Workplace color: green
2020-03-05 13:32:36.366   CNC 6   INF   Streaming data to LCD
2020-03-05 13:32:36.366   CNC 6   INF   Data streamed
2020-03-05 13:32:46.909   CNC 6   INF   Workplace color: green
2020-03-05 13:32:46.910   CNC 6   INF   Streaming data to LCD
2020-03-05 13:32:46.911   CNC 6   INF   Data streamed
2020-03-05 13:32:57.226   CNC 6   INF   Workplace color: green
2020-03-05 13:32:57.226   CNC 6   INF   Streaming data to LCD
2020-03-05 13:32:57.226   CNC 6   INF   Data streamed
2020-03-05 13:33:07.478   CNC 6   INF   Workplace color: green
2020-03-05 13:33:07.479   CNC 6   INF   Streaming data to LCD
2020-03-05 13:33:07.479   CNC 6   INF   Data streamed
2020-03-05 13:33:17.916   CNC 6   INF   Workplace color: green
2020-03-05 13:33:17.916   CNC 6   INF   Streaming data to LCD
2020-03-05 13:33:17.916   CNC 6   INF   Data streamed
2020-03-05 13:33:28.307   CNC 6   INF   Workplace color: green
2020-03-05 13:33:28.307   CNC 6   INF   Streaming data to LCD
2020-03-05 13:33:28.308   CNC 6   INF   Data streamed
2020-03-05 13:33:38.788   CNC 6   INF   Workplace color: green
2020-03-05 13:33:38.789   CNC 6   INF   Streaming data to LCD
2020-03-05 13:33:38.789   CNC 6   INF   Data streamed
2020-03-05 13:33:42.275   CNC 6   INF   Workplace color: green
2020-03-05 13:33:42.276   CNC 6   INF   Streaming data to LCD
2020-03-05 13:33:42.276   CNC 6   INF   Data streamed
2020-03-05 13:33:52.578   CNC 6   INF   Workplace color: green
2020-03-05 13:33:52.579   CNC 6   INF   Streaming data to LCD
2020-03-05 13:33:52.579   CNC 6   INF   Data streamed
2020-03-05 13:34:03.061   CNC 6   INF   Workplace color: green
2020-03-05 13:34:03.061   CNC 6   INF   Streaming data to LCD
2020-03-05 13:34:03.062   CNC 6   INF   Data streamed
2020-03-05 13:34:13.333   CNC 6   INF   Workplace color: green
2020-03-05 13:34:13.333   CNC 6   INF   Streaming data to LCD
2020-03-05 13:34:13.333   CNC 6   INF   Data streamed
2020-03-05 13:34:24.299   CNC 6   INF   Workplace color: green
2020-03-05 13:34:24.299   CNC 6   INF   Streaming data to LCD
2020-03-05 13:34:24.299   CNC 6   INF   Data streamed
2020-03-05 13:34:34.708   CNC 6   INF   Workplace color: green
2020-03-05 13:34:34.708   CNC 6   INF   Streaming data to LCD
2020-03-05 13:34:34.708   CNC 6   INF   Data streamed
2020-03-05 13:34:45.338   CNC 6   INF   Workplace color: green
2020-03-05 13:34:45.338   CNC 6   INF   Streaming data to LCD
2020-03-05 13:34:45.338   CNC 6   INF   Data streamed
2020-03-05 13:34:55.626   CNC 6   INF   Workplace color: green
2020-03-05 13:34:55.627   CNC 6   INF   Streaming data to LCD
2020-03-05 13:34:55.627   CNC 6   INF   Data streamed
2020-03-05 13:35:05.969   CNC 6   INF   Workplace color: green
2020-03-05 13:35:05.969   CNC 6   INF   Streaming data to LCD
2020-03-05 13:35:05.969   CNC 6   INF   Data streamed
2020-03-05 13:35:16.265   CNC 6   INF   Workplace color: green
2020-03-05 13:35:16.265   CNC 6   INF   Streaming data to LCD
2020-03-05 13:35:16.266   CNC 6   INF   Data streamed
2020-03-05 13:35:26.989   CNC 6   INF   Workplace color: green
2020-03-05 13:35:26.990   CNC 6   INF   Streaming data to LCD
2020-03-05 13:35:26.990   CNC 6   INF   Data streamed
2020-03-05 13:35:37.358   CNC 6   INF   Workplace color: green
2020-03-05 13:35:37.359   CNC 6   INF   Streaming data to LCD
2020-03-05 13:35:37.359   CNC 6   INF   Data streamed
2020-03-05 13:35:47.563   CNC 6   INF   Workplace color: green
2020-03-05 13:35:47.563   CNC 6   INF   Streaming data to LCD
2020-03-05 13:35:47.563   CNC 6   INF   Data streamed
2020-03-05 13:35:57.855   CNC 6   INF   Workplace color: green
2020-03-05 13:35:57.855   CNC 6   INF   Streaming data to LCD
2020-03-05 13:35:57.855   CNC 6   INF   Data streamed
2020-03-05 13:36:08.195   CNC 6   INF   Workplace color: green
2020-03-05 13:36:08.195   CNC 6   INF   Streaming data to LCD
2020-03-05 13:36:08.195   CNC 6   INF   Data streamed
2020-03-05 13:36:18.495   CNC 6   INF   Workplace color: green
2020-03-05 13:36:18.495   CNC 6   INF   Streaming data to LCD
2020-03-05 13:36:18.496   CNC 6   INF   Data streamed
2020-03-05 13:36:28.783   CNC 6   INF   Workplace color: green
2020-03-05 13:36:28.783   CNC 6   INF   Streaming data to LCD
2020-03-05 13:36:28.783   CNC 6   INF   Data streamed
2020-03-05 13:36:39.159   CNC 6   INF   Workplace color: green
2020-03-05 13:36:39.159   CNC 6   INF   Streaming data to LCD
2020-03-05 13:36:39.159   CNC 6   INF   Data streamed
2020-03-05 13:36:49.436   CNC 6   INF   Workplace color: green
2020-03-05 13:36:49.436   CNC 6   INF   Streaming data to LCD
2020-03-05 13:36:49.436   CNC 6   INF   Data streamed
2020-03-05 13:36:59.697   CNC 6   INF   Workplace color: green
2020-03-05 13:36:59.698   CNC 6   INF   Streaming data to LCD
2020-03-05 13:36:59.698   CNC 6   INF   Data streamed
2020-03-05 13:37:09.962   CNC 6   INF   Workplace color: green
2020-03-05 13:37:09.962   CNC 6   INF   Streaming data to LCD
2020-03-05 13:37:09.962   CNC 6   INF   Data streamed
2020-03-05 13:37:20.343   CNC 6   INF   Workplace color: green
2020-03-05 13:37:20.343   CNC 6   INF   Streaming data to LCD
2020-03-05 13:37:20.343   CNC 6   INF   Data streamed
2020-03-05 13:37:30.654   CNC 6   INF   Workplace color: green
2020-03-05 13:37:30.654   CNC 6   INF   Streaming data to LCD
2020-03-05 13:37:30.654   CNC 6   INF   Data streamed
2020-03-05 13:37:40.925   CNC 6   INF   Workplace color: green
2020-03-05 13:37:40.925   CNC 6   INF   Streaming data to LCD
2020-03-05 13:37:40.925   CNC 6   INF   Data streamed
2020-03-05 13:37:51.264   CNC 6   INF   Workplace color: green
2020-03-05 13:37:51.264   CNC 6   INF   Streaming data to LCD
2020-03-05 13:37:51.264   CNC 6   INF   Data streamed
2020-03-05 13:38:01.599   CNC 6   INF   Workplace color: green
2020-03-05 13:38:01.600   CNC 6   INF   Streaming data to LCD
2020-03-05 13:38:01.600   CNC 6   INF   Data streamed
2020-03-05 13:38:11.876   CNC 6   INF   Workplace color: green
2020-03-05 13:38:11.876   CNC 6   INF   Streaming data to LCD
2020-03-05 13:38:11.876   CNC 6   INF   Data streamed
2020-03-05 13:38:22.197   CNC 6   INF   Workplace color: green
2020-03-05 13:38:22.197   CNC 6   INF   Streaming data to LCD
2020-03-05 13:38:22.197   CNC 6   INF   Data streamed
2020-03-05 13:38:32.498   CNC 6   INF   Workplace color: green
2020-03-05 13:38:32.499   CNC 6   INF   Streaming data to LCD
2020-03-05 13:38:32.499   CNC 6   INF   Data streamed
2020-03-05 13:38:42.822   CNC 6   INF   Workplace color: green
2020-03-05 13:38:42.822   CNC 6   INF   Streaming data to LCD
2020-03-05 13:38:42.822   CNC 6   INF   Data streamed
2020-03-05 13:38:53.144   CNC 6   INF   Workplace color: green
2020-03-05 13:38:53.145   CNC 6   INF   Streaming data to LCD
2020-03-05 13:38:53.145   CNC 6   INF   Data streamed
2020-03-05 13:39:03.501   CNC 6   INF   Workplace color: green
2020-03-05 13:39:03.501   CNC 6   INF   Streaming data to LCD
2020-03-05 13:39:03.501   CNC 6   INF   Data streamed
2020-03-05 13:39:14.117   CNC 6   INF   Workplace color: green
2020-03-05 13:39:14.117   CNC 6   INF   Streaming data to LCD
2020-03-05 13:39:14.117   CNC 6   INF   Data streamed
2020-03-05 13:39:24.444   CNC 6   INF   Workplace color: green
2020-03-05 13:39:24.444   CNC 6   INF   Streaming data to LCD
2020-03-05 13:39:24.444   CNC 6   INF   Data streamed
2020-03-05 13:39:34.758   CNC 6   INF   Workplace color: green
2020-03-05 13:39:34.758   CNC 6   INF   Streaming data to LCD
2020-03-05 13:39:34.759   CNC 6   INF   Data streamed
2020-03-05 13:39:45.104   CNC 6   INF   Workplace color: green
2020-03-05 13:39:45.104   CNC 6   INF   Streaming data to LCD
2020-03-05 13:39:45.104   CNC 6   INF   Data streamed
2020-03-05 13:39:55.356   CNC 6   INF   Workplace color: green
2020-03-05 13:39:55.356   CNC 6   INF   Streaming data to LCD
2020-03-05 13:39:55.356   CNC 6   INF   Data streamed
2020-03-05 13:40:05.650   CNC 6   INF   Workplace color: green
2020-03-05 13:40:05.650   CNC 6   INF   Streaming data to LCD
2020-03-05 13:40:05.650   CNC 6   INF   Data streamed
2020-03-05 13:40:15.949   CNC 6   INF   Workplace color: green
2020-03-05 13:40:15.950   CNC 6   INF   Streaming data to LCD
2020-03-05 13:40:15.950   CNC 6   INF   Data streamed
2020-03-05 13:40:26.270   CNC 6   INF   Workplace color: green
2020-03-05 13:40:26.270   CNC 6   INF   Streaming data to LCD
2020-03-05 13:40:26.270   CNC 6   INF   Data streamed
2020-03-05 13:40:36.573   CNC 6   INF   Workplace color: green
2020-03-05 13:40:36.574   CNC 6   INF   Streaming data to LCD
2020-03-05 13:40:36.574   CNC 6   INF   Data streamed
2020-03-05 13:40:46.855   CNC 6   INF   Workplace color: green
2020-03-05 13:40:46.856   CNC 6   INF   Streaming data to LCD
2020-03-05 13:40:46.856   CNC 6   INF   Data streamed
2020-03-05 13:40:57.161   CNC 6   INF   Workplace color: green
2020-03-05 13:40:57.161   CNC 6   INF   Streaming data to LCD
2020-03-05 13:40:57.161   CNC 6   INF   Data streamed
2020-03-05 13:41:07.387   CNC 6   INF   Workplace color: green
2020-03-05 13:41:07.387   CNC 6   INF   Streaming data to LCD
2020-03-05 13:41:07.387   CNC 6   INF   Data streamed
2020-03-05 13:41:17.754   CNC 6   INF   Workplace color: green
2020-03-05 13:41:17.755   CNC 6   INF   Streaming data to LCD
2020-03-05 13:41:17.755   CNC 6   INF   Data streamed
2020-03-05 13:41:27.984   CNC 6   INF   Workplace color: green
2020-03-05 13:41:27.984   CNC 6   INF   Streaming data to LCD
2020-03-05 13:41:27.984   CNC 6   INF   Data streamed
2020-03-05 13:44:08.327   CNC 6   INF   Workplace color: green
2020-03-05 13:44:08.327   CNC 6   INF   Streaming data to LCD
2020-03-05 13:44:08.327   CNC 6   INF   Data streamed
2020-03-05 13:44:18.616   CNC 6   INF   Workplace color: green
2020-03-05 13:44:18.616   CNC 6   INF   Streaming data to LCD
2020-03-05 13:44:18.616   CNC 6   INF   Data streamed
2020-03-05 13:44:29.018   CNC 6   INF   Workplace color: green
2020-03-05 13:44:29.019   CNC 6   INF   Streaming data to LCD
2020-03-05 13:44:29.019   CNC 6   INF   Data streamed
2020-03-05 13:44:39.290   CNC 6   INF   Workplace color: green
2020-03-05 13:44:39.290   CNC 6   INF   Streaming data to LCD
2020-03-05 13:44:39.290   CNC 6   INF   Data streamed
2020-03-05 13:44:49.559   CNC 6   INF   Workplace color: green
2020-03-05 13:44:49.559   CNC 6   INF   Streaming data to LCD
2020-03-05 13:44:49.559   CNC 6   INF   Data streamed
2020-03-05 13:44:59.897   CNC 6   INF   Workplace color: green
2020-03-05 13:44:59.897   CNC 6   INF   Streaming data to LCD
2020-03-05 13:44:59.898   CNC 6   INF   Data streamed
2020-03-05 13:45:10.302   CNC 6   INF   Workplace color: green
2020-03-05 13:45:10.303   CNC 6   INF   Streaming data to LCD
2020-03-05 13:45:10.303   CNC 6   INF   Data streamed
2020-03-05 13:45:20.552   CNC 6   INF   Workplace color: green
2020-03-05 13:45:20.553   CNC 6   INF   Streaming data to LCD
2020-03-05 13:45:20.553   CNC 6   INF   Data streamed
2020-03-05 13:45:30.879   CNC 6   INF   Workplace color: green
2020-03-05 13:45:30.880   CNC 6   INF   Streaming data to LCD
2020-03-05 13:45:30.880   CNC 6   INF   Data streamed
2020-03-05 13:45:41.159   CNC 6   INF   Workplace color: green
2020-03-05 13:45:41.159   CNC 6   INF   Streaming data to LCD
2020-03-05 13:45:41.159   CNC 6   INF   Data streamed
2020-03-05 13:45:51.427   CNC 6   INF   Workplace color: green
2020-03-05 13:45:51.428   CNC 6   INF   Streaming data to LCD
2020-03-05 13:45:51.428   CNC 6   INF   Data streamed
2020-03-05 13:46:01.648   CNC 6   INF   Workplace color: green
2020-03-05 13:46:01.648   CNC 6   INF   Streaming data to LCD
2020-03-05 13:46:01.648   CNC 6   INF   Data streamed
2020-03-05 13:46:12.214   CNC 6   INF   Workplace color: green
2020-03-05 13:46:12.214   CNC 6   INF   Streaming data to LCD
2020-03-05 13:46:12.214   CNC 6   INF   Data streamed
2020-03-05 13:46:22.591   CNC 6   INF   Workplace color: green
2020-03-05 13:46:22.591   CNC 6   INF   Streaming data to LCD
2020-03-05 13:46:22.591   CNC 6   INF   Data streamed
2020-03-05 13:46:32.779   CNC 6   INF   Workplace color: orange
2020-03-05 13:46:32.780   CNC 6   INF   Streaming data to LCD
2020-03-05 13:46:32.780   CNC 6   INF   Data streamed
2020-03-05 13:46:43.131   CNC 6   INF   Workplace color: orange
2020-03-05 13:46:43.132   CNC 6   INF   Streaming data to LCD
2020-03-05 13:46:43.132   CNC 6   INF   Data streamed
2020-03-05 13:46:53.386   CNC 6   INF   Workplace color: orange
2020-03-05 13:46:53.386   CNC 6   INF   Streaming data to LCD
2020-03-05 13:46:53.386   CNC 6   INF   Data streamed
2020-03-05 13:47:03.699   CNC 6   INF   Workplace color: orange
2020-03-05 13:47:03.699   CNC 6   INF   Streaming data to LCD
2020-03-05 13:47:03.699   CNC 6   INF   Data streamed
2020-03-05 13:47:13.909   CNC 6   INF   Workplace color: orange
2020-03-05 13:47:13.910   CNC 6   INF   Streaming data to LCD
2020-03-05 13:47:13.910   CNC 6   INF   Data streamed
2020-03-05 13:47:24.109   CNC 6   INF   Workplace color: orange
2020-03-05 13:47:24.109   CNC 6   INF   Streaming data to LCD
2020-03-05 13:47:24.109   CNC 6   INF   Data streamed
2020-03-05 13:47:34.339   CNC 6   INF   Workplace color: orange
2020-03-05 13:47:34.340   CNC 6   INF   Streaming data to LCD
2020-03-05 13:47:34.340   CNC 6   INF   Data streamed
2020-03-05 13:47:44.539   CNC 6   INF   Workplace color: orange
2020-03-05 13:47:44.539   CNC 6   INF   Streaming data to LCD
2020-03-05 13:47:44.539   CNC 6   INF   Data streamed
2020-03-05 13:47:54.820   CNC 6   INF   Workplace color: orange
2020-03-05 13:47:54.821   CNC 6   INF   Streaming data to LCD
2020-03-05 13:47:54.821   CNC 6   INF   Data streamed
2020-03-05 13:48:05.175   CNC 6   INF   Workplace color: orange
2020-03-05 13:48:05.175   CNC 6   INF   Streaming data to LCD
2020-03-05 13:48:05.175   CNC 6   INF   Data streamed
2020-03-05 13:48:15.450   CNC 6   INF   Workplace color: orange
2020-03-05 13:48:15.450   CNC 6   INF   Streaming data to LCD
2020-03-05 13:48:15.450   CNC 6   INF   Data streamed
2020-03-05 13:48:25.776   CNC 6   INF   Workplace color: orange
2020-03-05 13:48:25.776   CNC 6   INF   Streaming data to LCD
2020-03-05 13:48:25.776   CNC 6   INF   Data streamed
2020-03-05 13:48:36.249   CNC 6   INF   Workplace color: orange
2020-03-05 13:48:36.249   CNC 6   INF   Streaming data to LCD
2020-03-05 13:48:36.250   CNC 6   INF   Data streamed
2020-03-05 13:48:43.763   CNC 6   INF   Workplace color: orange
2020-03-05 13:48:43.763   CNC 6   INF   Streaming data to LCD
2020-03-05 13:48:43.763   CNC 6   INF   Data streamed
2020-03-05 13:48:52.513   CNC 6   INF   Workplace color: orange
2020-03-05 13:48:52.514   CNC 6   INF   Streaming data to LCD
2020-03-05 13:48:52.514   CNC 6   INF   Data streamed
2020-03-05 13:49:02.853   CNC 6   INF   Workplace color: orange
2020-03-05 13:49:02.853   CNC 6   INF   Streaming data to LCD
2020-03-05 13:49:02.853   CNC 6   INF   Data streamed
2020-03-05 13:49:13.078   CNC 6   INF   Workplace color: orange
2020-03-05 13:49:13.078   CNC 6   INF   Streaming data to LCD
2020-03-05 13:49:13.078   CNC 6   INF   Data streamed
2020-03-05 13:49:23.282   CNC 6   INF   Workplace color: orange
2020-03-05 13:49:23.283   CNC 6   INF   Streaming data to LCD
2020-03-05 13:49:23.283   CNC 6   INF   Data streamed
2020-03-05 13:49:33.628   CNC 6   INF   Workplace color: orange
2020-03-05 13:49:33.628   CNC 6   INF   Streaming data to LCD
2020-03-05 13:49:33.629   CNC 6   INF   Data streamed
2020-03-05 13:49:44.105   CNC 6   INF   Workplace color: orange
2020-03-05 13:49:44.105   CNC 6   INF   Streaming data to LCD
2020-03-05 13:49:44.105   CNC 6   INF   Data streamed
2020-03-05 13:49:54.679   CNC 6   INF   Workplace color: orange
2020-03-05 13:49:54.679   CNC 6   INF   Streaming data to LCD
2020-03-05 13:49:54.679   CNC 6   INF   Data streamed
2020-03-05 13:50:05.292   CNC 6   INF   Workplace color: orange
2020-03-05 13:50:05.293   CNC 6   INF   Streaming data to LCD
2020-03-05 13:50:05.293   CNC 6   INF   Data streamed
2020-03-05 13:50:17.507   CNC 6   INF   Workplace color: orange, order: Internal, downtime: , user:  
2020-03-05 13:50:17.507   CNC 6   INF   Streaming data to LCD
2020-03-05 13:50:17.507   CNC 6   INF   Data streamed
2020-03-05 13:50:27.844   CNC 6   INF   Workplace color: orange, order: Internal, downtime: , user:  
2020-03-05 13:50:27.844   CNC 6   INF   Streaming data to LCD
2020-03-05 13:50:27.844   CNC 6   INF   Data streamed
2020-03-05 13:50:38.115   CNC 6   INF   Workplace color: orange, order: Internal, downtime: , user:  
2020-03-05 13:50:38.116   CNC 6   INF   Streaming data to LCD
2020-03-05 13:50:38.116   CNC 6   INF   Data streamed
2020-03-05 13:50:48.427   CNC 6   INF   Workplace color: orange, order: Internal, downtime: , user:  
2020-03-05 13:50:48.427   CNC 6   INF   Streaming data to LCD
2020-03-05 13:50:48.427   CNC 6   INF   Data streamed
2020-03-05 13:50:58.837   CNC 6   INF   Workplace color: orange, order: Internal, downtime: , user:  
2020-03-05 13:50:58.837   CNC 6   INF   Streaming data to LCD
2020-03-05 13:50:58.837   CNC 6   INF   Data streamed
2020-03-05 13:51:09.255   CNC 6   INF   Workplace color: orange, order: Internal, downtime: , user:  
2020-03-05 13:51:09.255   CNC 6   INF   Streaming data to LCD
2020-03-05 13:51:09.255   CNC 6   INF   Data streamed
2020-03-05 13:51:19.618   CNC 6   INF   Workplace color: orange, order: Internal, downtime: , user:  
2020-03-05 13:51:19.618   CNC 6   INF   Streaming data to LCD
2020-03-05 13:51:19.619   CNC 6   INF   Data streamed
2020-03-05 13:51:29.949   CNC 6   INF   Workplace color: orange, order: Internal, downtime: , user:  
2020-03-05 13:51:29.949   CNC 6   INF   Streaming data to LCD
2020-03-05 13:51:29.949   CNC 6   INF   Data streamed
2020-03-05 13:51:40.381   CNC 6   INF   Workplace color: orange, order: Internal, downtime: , user:  
2020-03-05 13:51:40.381   CNC 6   INF   Streaming data to LCD
2020-03-05 13:51:40.381   CNC 6   INF   Data streamed
2020-03-05 13:51:50.962   CNC 6   INF   Workplace color: orange, order: Internal, downtime: , user:  
2020-03-05 13:51:50.963   CNC 6   INF   Streaming data to LCD
2020-03-05 13:51:50.963   CNC 6   INF   Data streamed
2020-03-05 13:52:01.398   CNC 6   INF   Workplace color: orange, order: Internal, downtime: , user:  
2020-03-05 13:52:01.398   CNC 6   INF   Streaming data to LCD
2020-03-05 13:52:01.398   CNC 6   INF   Data streamed
2020-03-05 13:52:11.837   CNC 6   INF   Workplace color: orange, order: Internal, downtime: , user:  
2020-03-05 13:52:11.838   CNC 6   INF   Streaming data to LCD
2020-03-05 13:52:11.838   CNC 6   INF   Data streamed
2020-03-05 13:52:22.201   CNC 6   INF   Workplace color: orange, order: Internal, downtime: , user:  
2020-03-05 13:52:22.201   CNC 6   INF   Streaming data to LCD
2020-03-05 13:52:22.202   CNC 6   INF   Data streamed
2020-03-05 14:14:09.339   CNC 6   INF   Workplace color: green, order: Internal, downtime: , user:  
2020-03-05 14:14:09.339   CNC 6   INF   Streaming data to LCD
2020-03-05 14:14:09.339   CNC 6   INF   Data streamed
2020-03-05 14:14:19.559   CNC 6   INF   Workplace color: green, order: Internal, downtime: , user:  
2020-03-05 14:14:19.559   CNC 6   INF   Streaming data to LCD
2020-03-05 14:14:19.559   CNC 6   INF   Data streamed
2020-03-05 14:19:38.022   CNC 6   INF   Workplace color: orange, order: Internal, downtime: , user:  
2020-03-05 14:19:38.022   CNC 6   INF   Streaming data to LCD
2020-03-05 14:19:38.022   CNC 6   INF   Data streamed
2020-03-05 14:20:01.865   CNC 6   INF   Workplace color: orange, order: Internal, downtime: , user:  
2020-03-05 14:20:01.865   CNC 6   INF   Streaming data to LCD
2020-03-05 14:20:01.865   CNC 6   INF   Data streamed
2020-03-05 14:20:12.129   CNC 6   INF   Workplace color: orange, order: Internal, downtime: , user:  
2020-03-05 14:20:12.130   CNC 6   INF   Streaming data to LCD
2020-03-05 14:20:12.130   CNC 6   INF   Data streamed
2020-03-05 14:20:22.380   CNC 6   INF   Workplace color: orange, order: Internal, downtime: , user:  
2020-03-05 14:20:22.380   CNC 6   INF   Streaming data to LCD
2020-03-05 14:20:22.380   CNC 6   INF   Data streamed
