2020-03-31 11:49:30.471   CNC 2   INF   Workplace color: green, order: Internal, downtime: , user:  
2020-03-31 11:49:30.471   CNC 2   INF   Streaming data to LCD
2020-03-31 11:49:30.471   CNC 2   INF   Data streamed
2020-03-31 11:49:40.766   CNC 2   INF   Workplace color: green, order: Internal, downtime: , user:  
2020-03-31 11:49:40.766   CNC 2   INF   Streaming data to LCD
2020-03-31 11:49:40.766   CNC 2   INF   Data streamed
2020-03-31 11:49:51.023   CNC 2   INF   Workplace color: green, order: Internal, downtime: , user:  
2020-03-31 11:49:51.023   CNC 2   INF   Streaming data to LCD
2020-03-31 11:49:51.023   CNC 2   INF   Data streamed
2020-03-31 11:50:00.812   CNC 2   INF   Workplace color: green, order: Internal, downtime: , user:  
2020-03-31 11:50:00.812   CNC 2   INF   Streaming data to LCD
2020-03-31 11:50:00.813   CNC 2   INF   Data streamed
2020-03-31 11:50:46.791   CNC 2   INF   Workplace color: green, order: Internal, downtime: , user:  
2020-03-31 11:50:46.791   CNC 2   INF   Streaming data to LCD
2020-03-31 11:50:46.791   CNC 2   INF   Data streamed
2020-03-31 11:50:57.043   CNC 2   INF   Workplace color: green, order: Internal, downtime: , user:  
2020-03-31 11:50:57.043   CNC 2   INF   Streaming data to LCD
2020-03-31 11:50:57.043   CNC 2   INF   Data streamed
2020-03-31 11:51:07.277   CNC 2   INF   Workplace color: green, order: Internal, downtime: , user:  
2020-03-31 11:51:07.277   CNC 2   INF   Streaming data to LCD
2020-03-31 11:51:07.278   CNC 2   INF   Data streamed
2020-03-31 11:51:17.702   CNC 2   INF   Workplace color: green, order: Internal, downtime: , user:  
2020-03-31 11:51:17.703   CNC 2   INF   Streaming data to LCD
2020-03-31 11:51:17.703   CNC 2   INF   Data streamed
2020-03-31 11:51:27.985   CNC 2   INF   Workplace color: green, order: Internal, downtime: , user:  
2020-03-31 11:51:27.985   CNC 2   INF   Streaming data to LCD
2020-03-31 11:51:27.985   CNC 2   INF   Data streamed
2020-03-31 11:51:38.172   CNC 2   INF   Workplace color: green, order: Internal, downtime: , user:  
2020-03-31 11:51:38.172   CNC 2   INF   Streaming data to LCD
2020-03-31 11:51:38.172   CNC 2   INF   Data streamed
2020-03-31 11:51:49.348   CNC 2   INF   Workplace color: green, order: Internal, downtime: , user:  
2020-03-31 11:51:49.348   CNC 2   INF   Streaming data to LCD
2020-03-31 11:51:49.348   CNC 2   INF   Data streamed
2020-03-31 11:51:59.737   CNC 2   INF   Workplace color: green, order: Internal, downtime: , user:  
2020-03-31 11:51:59.737   CNC 2   INF   Streaming data to LCD
2020-03-31 11:51:59.737   CNC 2   INF   Data streamed
2020-03-31 11:52:10.047   CNC 2   INF   Workplace color: green, order: Internal, downtime: , user:  
2020-03-31 11:52:10.048   CNC 2   INF   Streaming data to LCD
2020-03-31 11:52:10.048   CNC 2   INF   Data streamed
2020-03-31 11:52:20.370   CNC 2   INF   Workplace color: green, order: Internal, downtime: , user:  
2020-03-31 11:52:20.370   CNC 2   INF   Streaming data to LCD
2020-03-31 11:52:20.370   CNC 2   INF   Data streamed
2020-03-31 11:52:30.624   CNC 2   INF   Workplace color: green, order: Internal, downtime: , user:  
2020-03-31 11:52:30.624   CNC 2   INF   Streaming data to LCD
2020-03-31 11:52:30.624   CNC 2   INF   Data streamed
2020-03-31 11:52:40.888   CNC 2   INF   Workplace color: green, order: Internal, downtime: , user:  
2020-03-31 11:52:40.888   CNC 2   INF   Streaming data to LCD
2020-03-31 11:52:40.888   CNC 2   INF   Data streamed
2020-03-31 11:52:51.091   CNC 2   INF   Workplace color: green, order: Internal, downtime: , user:  
2020-03-31 11:52:51.091   CNC 2   INF   Streaming data to LCD
2020-03-31 11:52:51.092   CNC 2   INF   Data streamed
2020-03-31 11:53:01.286   CNC 2   INF   Workplace color: green, order: Internal, downtime: , user:  
2020-03-31 11:53:01.286   CNC 2   INF   Streaming data to LCD
2020-03-31 11:53:01.287   CNC 2   INF   Data streamed
2020-03-31 11:53:11.499   CNC 2   INF   Workplace color: green, order: Internal, downtime: , user:  
2020-03-31 11:53:11.500   CNC 2   INF   Streaming data to LCD
2020-03-31 11:53:11.500   CNC 2   INF   Data streamed
2020-03-31 11:53:21.708   CNC 2   INF   Workplace color: green, order: Internal, downtime: , user:  
2020-03-31 11:53:21.708   CNC 2   INF   Streaming data to LCD
2020-03-31 11:53:21.708   CNC 2   INF   Data streamed
2020-03-31 11:53:31.912   CNC 2   INF   Workplace color: green, order: Internal, downtime: , user:  
2020-03-31 11:53:31.912   CNC 2   INF   Streaming data to LCD
2020-03-31 11:53:31.912   CNC 2   INF   Data streamed
2020-03-31 11:53:42.120   CNC 2   INF   Workplace color: green, order: Internal, downtime: , user:  
2020-03-31 11:53:42.120   CNC 2   INF   Streaming data to LCD
2020-03-31 11:53:42.120   CNC 2   INF   Data streamed
2020-03-31 11:53:52.408   CNC 2   INF   Workplace color: green, order: Internal, downtime: , user:  
2020-03-31 11:53:52.408   CNC 2   INF   Streaming data to LCD
2020-03-31 11:53:52.408   CNC 2   INF   Data streamed
2020-03-31 11:54:02.750   CNC 2   INF   Workplace color: green, order: Internal, downtime: , user:  
2020-03-31 11:54:02.750   CNC 2   INF   Streaming data to LCD
2020-03-31 11:54:02.750   CNC 2   INF   Data streamed
2020-03-31 11:54:13.128   CNC 2   INF   Workplace color: green, order: Internal, downtime: , user:  
2020-03-31 11:54:13.128   CNC 2   INF   Streaming data to LCD
2020-03-31 11:54:13.129   CNC 2   INF   Data streamed
2020-03-31 11:54:23.500   CNC 2   INF   Workplace color: green, order: Internal, downtime: , user:  
2020-03-31 11:54:23.501   CNC 2   INF   Streaming data to LCD
2020-03-31 11:54:23.501   CNC 2   INF   Data streamed
2020-03-31 11:54:33.899   CNC 2   INF   Workplace color: green, order: Internal, downtime: , user:  
2020-03-31 11:54:33.899   CNC 2   INF   Streaming data to LCD
2020-03-31 11:54:33.899   CNC 2   INF   Data streamed
2020-03-31 11:54:44.432   CNC 2   INF   Workplace color: green, order: Internal, downtime: , user:  
2020-03-31 11:54:44.432   CNC 2   INF   Streaming data to LCD
2020-03-31 11:54:44.432   CNC 2   INF   Data streamed
2020-03-31 11:54:52.239   CNC 2   INF   Workplace color: green, order: Internal, downtime: , user:  
2020-03-31 11:54:52.239   CNC 2   INF   Streaming data to LCD
2020-03-31 11:54:52.239   CNC 2   INF   Data streamed
2020-03-31 11:55:03.652   CNC 2   INF   Workplace color: green, order: Internal, downtime: , user:  
2020-03-31 11:55:03.652   CNC 2   INF   Streaming data to LCD
2020-03-31 11:55:03.652   CNC 2   INF   Data streamed
2020-03-31 11:55:14.024   CNC 2   INF   Workplace color: green, order: Internal, downtime: , user:  
2020-03-31 11:55:14.024   CNC 2   INF   Streaming data to LCD
2020-03-31 11:55:14.024   CNC 2   INF   Data streamed
2020-03-31 11:55:24.426   CNC 2   INF   Workplace color: green, order: Internal, downtime: , user:  
2020-03-31 11:55:24.426   CNC 2   INF   Streaming data to LCD
2020-03-31 11:55:24.426   CNC 2   INF   Data streamed
2020-03-31 11:55:34.685   CNC 2   INF   Workplace color: green, order: Internal, downtime: , user:  
2020-03-31 11:55:34.685   CNC 2   INF   Streaming data to LCD
2020-03-31 11:55:34.686   CNC 2   INF   Data streamed
2020-03-31 11:55:45.169   CNC 2   INF   Workplace color: green, order: Internal, downtime: , user:  
2020-03-31 11:55:45.170   CNC 2   INF   Streaming data to LCD
2020-03-31 11:55:45.170   CNC 2   INF   Data streamed
2020-03-31 11:55:55.124   CNC 2   INF   Workplace color: green, order: Internal, downtime: , user:  
2020-03-31 11:55:55.125   CNC 2   INF   Streaming data to LCD
2020-03-31 11:55:55.125   CNC 2   INF   Data streamed
2020-03-31 11:56:05.575   CNC 2   INF   Workplace color: green, order: Internal, downtime: , user:  
2020-03-31 11:56:05.576   CNC 2   INF   Streaming data to LCD
2020-03-31 11:56:05.576   CNC 2   INF   Data streamed
2020-03-31 11:56:15.980   CNC 2   INF   Workplace color: green, order: Internal, downtime: , user:  
2020-03-31 11:56:15.981   CNC 2   INF   Streaming data to LCD
2020-03-31 11:56:15.981   CNC 2   INF   Data streamed
2020-03-31 11:56:26.524   CNC 2   INF   Workplace color: green, order: Internal, downtime: , user:  
2020-03-31 11:56:26.525   CNC 2   INF   Streaming data to LCD
2020-03-31 11:56:26.525   CNC 2   INF   Data streamed
2020-03-31 11:56:32.367   CNC 2   INF   Workplace color: green, order: Internal, downtime: , user:  
2020-03-31 11:56:32.368   CNC 2   INF   Streaming data to LCD
2020-03-31 11:56:32.368   CNC 2   INF   Data streamed
2020-03-31 11:56:42.684   CNC 2   INF   Workplace color: green, order: Internal, downtime: , user:  
2020-03-31 11:56:42.684   CNC 2   INF   Streaming data to LCD
2020-03-31 11:56:42.684   CNC 2   INF   Data streamed
2020-03-31 11:56:53.352   CNC 2   INF   Workplace color: green, order: Internal, downtime: , user:  
2020-03-31 11:56:53.353   CNC 2   INF   Streaming data to LCD
2020-03-31 11:56:53.353   CNC 2   INF   Data streamed
2020-03-31 11:57:03.901   CNC 2   INF   Workplace color: green, order: Internal, downtime: , user:  
2020-03-31 11:57:03.901   CNC 2   INF   Streaming data to LCD
2020-03-31 11:57:03.901   CNC 2   INF   Data streamed
2020-03-31 11:57:14.211   CNC 2   INF   Workplace color: green, order: Internal, downtime: , user:  
2020-03-31 11:57:14.211   CNC 2   INF   Streaming data to LCD
2020-03-31 11:57:14.212   CNC 2   INF   Data streamed
2020-03-31 11:57:24.395   CNC 2   INF   Workplace color: green, order: Internal, downtime: , user:  
2020-03-31 11:57:24.395   CNC 2   INF   Streaming data to LCD
2020-03-31 11:57:24.395   CNC 2   INF   Data streamed
2020-03-31 11:57:34.566   CNC 2   INF   Workplace color: green, order: Internal, downtime: , user:  
2020-03-31 11:57:34.566   CNC 2   INF   Streaming data to LCD
2020-03-31 11:57:34.567   CNC 2   INF   Data streamed
2020-03-31 11:57:44.839   CNC 2   INF   Workplace color: green, order: Internal, downtime: , user:  
2020-03-31 11:57:44.840   CNC 2   INF   Streaming data to LCD
2020-03-31 11:57:44.840   CNC 2   INF   Data streamed
2020-03-31 11:57:55.549   CNC 2   INF   Workplace color: green, order: Internal, downtime: , user:  
2020-03-31 11:57:55.549   CNC 2   INF   Streaming data to LCD
2020-03-31 11:57:55.549   CNC 2   INF   Data streamed
2020-03-31 11:58:06.124   CNC 2   INF   Workplace color: green, order: Internal, downtime: , user:  
2020-03-31 11:58:06.124   CNC 2   INF   Streaming data to LCD
2020-03-31 11:58:06.124   CNC 2   INF   Data streamed
2020-03-31 11:58:16.665   CNC 2   INF   Workplace color: green, order: Internal, downtime: , user:  
2020-03-31 11:58:16.666   CNC 2   INF   Streaming data to LCD
2020-03-31 11:58:16.666   CNC 2   INF   Data streamed
2020-03-31 11:58:26.936   CNC 2   INF   Workplace color: green, order: Internal, downtime: , user:  
2020-03-31 11:58:26.936   CNC 2   INF   Streaming data to LCD
2020-03-31 11:58:26.936   CNC 2   INF   Data streamed
2020-03-31 11:58:37.119   CNC 2   INF   Workplace color: green, order: Internal, downtime: , user:  
2020-03-31 11:58:37.119   CNC 2   INF   Streaming data to LCD
2020-03-31 11:58:37.119   CNC 2   INF   Data streamed
2020-03-31 11:58:47.282   CNC 2   INF   Workplace color: green, order: Internal, downtime: , user:  
2020-03-31 11:58:47.282   CNC 2   INF   Streaming data to LCD
2020-03-31 11:58:47.282   CNC 2   INF   Data streamed
2020-03-31 11:58:57.478   CNC 2   INF   Workplace color: green, order: Internal, downtime: , user:  
2020-03-31 11:58:57.478   CNC 2   INF   Streaming data to LCD
2020-03-31 11:58:57.478   CNC 2   INF   Data streamed
2020-03-31 11:59:07.674   CNC 2   INF   Workplace color: green, order: Internal, downtime: , user:  
2020-03-31 11:59:07.674   CNC 2   INF   Streaming data to LCD
2020-03-31 11:59:07.674   CNC 2   INF   Data streamed
2020-03-31 11:59:17.846   CNC 2   INF   Workplace color: green, order: Internal, downtime: , user:  
2020-03-31 11:59:17.847   CNC 2   INF   Streaming data to LCD
2020-03-31 11:59:17.847   CNC 2   INF   Data streamed
2020-03-31 11:59:28.018   CNC 2   INF   Workplace color: green, order: Internal, downtime: , user:  
2020-03-31 11:59:28.018   CNC 2   INF   Streaming data to LCD
2020-03-31 11:59:28.018   CNC 2   INF   Data streamed
2020-03-31 11:59:38.209   CNC 2   INF   Workplace color: green, order: Internal, downtime: , user:  
2020-03-31 11:59:38.209   CNC 2   INF   Streaming data to LCD
2020-03-31 11:59:38.209   CNC 2   INF   Data streamed
2020-03-31 11:59:48.448   CNC 2   INF   Workplace color: green, order: Internal, downtime: , user:  
2020-03-31 11:59:48.449   CNC 2   INF   Streaming data to LCD
2020-03-31 11:59:48.449   CNC 2   INF   Data streamed
2020-03-31 11:59:58.651   CNC 2   INF   Workplace color: green, order: Internal, downtime: , user:  
2020-03-31 11:59:58.651   CNC 2   INF   Streaming data to LCD
2020-03-31 11:59:58.651   CNC 2   INF   Data streamed
2020-03-31 12:00:08.836   CNC 2   INF   Workplace color: green, order: Internal, downtime: , user:  
2020-03-31 12:00:08.836   CNC 2   INF   Streaming data to LCD
2020-03-31 12:00:08.836   CNC 2   INF   Data streamed
2020-03-31 12:00:19.017   CNC 2   INF   Workplace color: green, order: Internal, downtime: , user:  
2020-03-31 12:00:19.017   CNC 2   INF   Streaming data to LCD
2020-03-31 12:00:19.018   CNC 2   INF   Data streamed
2020-03-31 12:00:29.216   CNC 2   INF   Workplace color: green, order: Internal, downtime: , user:  
2020-03-31 12:00:29.216   CNC 2   INF   Streaming data to LCD
2020-03-31 12:00:29.216   CNC 2   INF   Data streamed
2020-03-31 12:00:49.411   CNC 2   INF   Workplace color: green, order: Internal, downtime: , user:  
2020-03-31 12:00:49.411   CNC 2   INF   Streaming data to LCD
2020-03-31 12:00:49.411   CNC 2   INF   Data streamed
2020-03-31 12:01:19.629   CNC 2   INF   Workplace color: green, order: Internal, downtime: , user:  
2020-03-31 12:01:19.630   CNC 2   INF   Streaming data to LCD
2020-03-31 12:01:19.630   CNC 2   INF   Data streamed
2020-03-31 12:01:29.851   CNC 2   INF   Workplace color: green, order: Internal, downtime: , user:  
2020-03-31 12:01:29.851   CNC 2   INF   Streaming data to LCD
2020-03-31 12:01:29.851   CNC 2   INF   Data streamed
2020-03-31 12:01:40.022   CNC 2   INF   Workplace color: green, order: Internal, downtime: , user:  
2020-03-31 12:01:40.022   CNC 2   INF   Streaming data to LCD
2020-03-31 12:01:40.022   CNC 2   INF   Data streamed
2020-03-31 12:01:50.192   CNC 2   INF   Workplace color: green, order: Internal, downtime: , user:  
2020-03-31 12:01:50.192   CNC 2   INF   Streaming data to LCD
2020-03-31 12:01:50.193   CNC 2   INF   Data streamed
2020-03-31 12:02:00.360   CNC 2   INF   Workplace color: green, order: Internal, downtime: , user:  
2020-03-31 12:02:00.360   CNC 2   INF   Streaming data to LCD
2020-03-31 12:02:00.360   CNC 2   INF   Data streamed
2020-03-31 12:02:10.536   CNC 2   INF   Workplace color: green, order: Internal, downtime: , user:  
2020-03-31 12:02:10.536   CNC 2   INF   Streaming data to LCD
2020-03-31 12:02:10.536   CNC 2   INF   Data streamed
2020-03-31 12:02:20.728   CNC 2   INF   Workplace color: green, order: Internal, downtime: , user:  
2020-03-31 12:02:20.728   CNC 2   INF   Streaming data to LCD
2020-03-31 12:02:20.728   CNC 2   INF   Data streamed
2020-03-31 12:02:30.900   CNC 2   INF   Workplace color: green, order: Internal, downtime: , user:  
2020-03-31 12:02:30.900   CNC 2   INF   Streaming data to LCD
2020-03-31 12:02:30.900   CNC 2   INF   Data streamed
2020-03-31 12:02:41.084   CNC 2   INF   Workplace color: green, order: Internal, downtime: , user:  
2020-03-31 12:02:41.084   CNC 2   INF   Streaming data to LCD
2020-03-31 12:02:41.084   CNC 2   INF   Data streamed
2020-03-31 12:02:51.388   CNC 2   INF   Workplace color: green, order: Internal, downtime: , user:  
2020-03-31 12:02:51.388   CNC 2   INF   Streaming data to LCD
2020-03-31 12:02:51.389   CNC 2   INF   Data streamed
2020-03-31 12:03:02.122   CNC 2   INF   Workplace color: green, order: Internal, downtime: , user:  
2020-03-31 12:03:02.122   CNC 2   INF   Streaming data to LCD
2020-03-31 12:03:02.122   CNC 2   INF   Data streamed
2020-03-31 12:03:12.627   CNC 2   INF   Workplace color: green, order: Internal, downtime: , user:  
2020-03-31 12:03:12.627   CNC 2   INF   Streaming data to LCD
2020-03-31 12:03:12.627   CNC 2   INF   Data streamed
2020-03-31 12:03:22.808   CNC 2   INF   Workplace color: green, order: Internal, downtime: , user:  
2020-03-31 12:03:22.808   CNC 2   INF   Streaming data to LCD
2020-03-31 12:03:22.808   CNC 2   INF   Data streamed
2020-03-31 12:03:33.001   CNC 2   INF   Workplace color: green, order: Internal, downtime: , user:  
2020-03-31 12:03:33.001   CNC 2   INF   Streaming data to LCD
2020-03-31 12:03:33.001   CNC 2   INF   Data streamed
2020-03-31 12:03:43.190   CNC 2   INF   Workplace color: green, order: Internal, downtime: , user:  
2020-03-31 12:03:43.190   CNC 2   INF   Streaming data to LCD
2020-03-31 12:03:43.191   CNC 2   INF   Data streamed
2020-03-31 12:03:53.424   CNC 2   INF   Workplace color: green, order: Internal, downtime: , user:  
2020-03-31 12:03:53.424   CNC 2   INF   Streaming data to LCD
2020-03-31 12:03:53.425   CNC 2   INF   Data streamed
2020-03-31 12:04:03.595   CNC 2   INF   Workplace color: green, order: Internal, downtime: , user:  
2020-03-31 12:04:03.595   CNC 2   INF   Streaming data to LCD
2020-03-31 12:04:03.595   CNC 2   INF   Data streamed
2020-03-31 12:04:13.774   CNC 2   INF   Workplace color: green, order: Internal, downtime: , user:  
2020-03-31 12:04:13.774   CNC 2   INF   Streaming data to LCD
2020-03-31 12:04:13.774   CNC 2   INF   Data streamed
2020-03-31 12:04:23.956   CNC 2   INF   Workplace color: green, order: Internal, downtime: , user:  
2020-03-31 12:04:23.956   CNC 2   INF   Streaming data to LCD
2020-03-31 12:04:23.956   CNC 2   INF   Data streamed
2020-03-31 12:04:34.118   CNC 2   INF   Workplace color: green, order: Internal, downtime: , user:  
2020-03-31 12:04:34.119   CNC 2   INF   Streaming data to LCD
2020-03-31 12:04:34.119   CNC 2   INF   Data streamed
2020-03-31 12:04:44.292   CNC 2   INF   Workplace color: green, order: Internal, downtime: , user:  
2020-03-31 12:04:44.293   CNC 2   INF   Streaming data to LCD
2020-03-31 12:04:44.293   CNC 2   INF   Data streamed
2020-03-31 12:04:54.456   CNC 2   INF   Workplace color: green, order: Internal, downtime: , user:  
2020-03-31 12:04:54.456   CNC 2   INF   Streaming data to LCD
2020-03-31 12:04:54.456   CNC 2   INF   Data streamed
2020-03-31 12:05:04.630   CNC 2   INF   Workplace color: green, order: Internal, downtime: , user:  
2020-03-31 12:05:04.630   CNC 2   INF   Streaming data to LCD
2020-03-31 12:05:04.630   CNC 2   INF   Data streamed
2020-03-31 12:05:14.797   CNC 2   INF   Workplace color: green, order: Internal, downtime: , user:  
2020-03-31 12:05:14.797   CNC 2   INF   Streaming data to LCD
2020-03-31 12:05:14.797   CNC 2   INF   Data streamed
2020-03-31 12:05:24.978   CNC 2   INF   Workplace color: green, order: Internal, downtime: , user:  
2020-03-31 12:05:24.978   CNC 2   INF   Streaming data to LCD
2020-03-31 12:05:24.978   CNC 2   INF   Data streamed
2020-03-31 12:05:35.108   CNC 2   INF   Workplace color: orange, order: Internal, downtime: , user:  
2020-03-31 12:05:35.108   CNC 2   INF   Streaming data to LCD
2020-03-31 12:05:35.108   CNC 2   INF   Data streamed
2020-03-31 12:05:45.292   CNC 2   INF   Workplace color: orange, order: Internal, downtime: No reason downtime, user:  
2020-03-31 12:05:45.292   CNC 2   INF   Streaming data to LCD
2020-03-31 12:05:45.292   CNC 2   INF   Data streamed
2020-03-31 12:05:55.481   CNC 2   INF   Workplace color: orange, order: Internal, downtime: No reason downtime, user:  
2020-03-31 12:05:55.482   CNC 2   INF   Streaming data to LCD
2020-03-31 12:05:55.482   CNC 2   INF   Data streamed
2020-03-31 12:06:05.663   CNC 2   INF   Workplace color: orange, order: Internal, downtime: No reason downtime, user:  
2020-03-31 12:06:05.663   CNC 2   INF   Streaming data to LCD
2020-03-31 12:06:05.663   CNC 2   INF   Data streamed
2020-03-31 12:06:15.847   CNC 2   INF   Workplace color: orange, order: Internal, downtime: No reason downtime, user:  
2020-03-31 12:06:15.847   CNC 2   INF   Streaming data to LCD
2020-03-31 12:06:15.848   CNC 2   INF   Data streamed
2020-03-31 12:06:26.035   CNC 2   INF   Workplace color: orange, order: Internal, downtime: No reason downtime, user:  
2020-03-31 12:06:26.035   CNC 2   INF   Streaming data to LCD
2020-03-31 12:06:26.035   CNC 2   INF   Data streamed
2020-03-31 12:06:36.205   CNC 2   INF   Workplace color: orange, order: Internal, downtime: No reason downtime, user:  
2020-03-31 12:06:36.206   CNC 2   INF   Streaming data to LCD
2020-03-31 12:06:36.206   CNC 2   INF   Data streamed
2020-03-31 12:06:46.386   CNC 2   INF   Workplace color: orange, order: Internal, downtime: No reason downtime, user:  
2020-03-31 12:06:46.386   CNC 2   INF   Streaming data to LCD
2020-03-31 12:06:46.386   CNC 2   INF   Data streamed
2020-03-31 12:06:54.391   CNC 2   INF   Workplace color: orange, order: Internal, downtime: No reason downtime, user:  
2020-03-31 12:06:54.392   CNC 2   INF   Streaming data to LCD
2020-03-31 12:06:54.392   CNC 2   INF   Data streamed
2020-03-31 12:07:04.793   CNC 2   INF   Workplace color: orange, order: Internal, downtime: No reason downtime, user:  
2020-03-31 12:07:04.793   CNC 2   INF   Streaming data to LCD
2020-03-31 12:07:04.793   CNC 2   INF   Data streamed
2020-03-31 12:07:15.116   CNC 2   INF   Workplace color: orange, order: Internal, downtime: No reason downtime, user:  
2020-03-31 12:07:15.116   CNC 2   INF   Streaming data to LCD
2020-03-31 12:07:15.117   CNC 2   INF   Data streamed
2020-03-31 12:07:25.324   CNC 2   INF   Workplace color: orange, order: Internal, downtime: No reason downtime, user:  
2020-03-31 12:07:25.324   CNC 2   INF   Streaming data to LCD
2020-03-31 12:07:25.324   CNC 2   INF   Data streamed
2020-03-31 12:07:35.639   CNC 2   INF   Workplace color: orange, order: Internal, downtime: No reason downtime, user:  
2020-03-31 12:07:35.639   CNC 2   INF   Streaming data to LCD
2020-03-31 12:07:35.639   CNC 2   INF   Data streamed
2020-03-31 12:07:46.083   CNC 2   INF   Workplace color: orange, order: Internal, downtime: No reason downtime, user:  
2020-03-31 12:07:46.083   CNC 2   INF   Streaming data to LCD
2020-03-31 12:07:46.083   CNC 2   INF   Data streamed
2020-03-31 12:07:56.468   CNC 2   INF   Workplace color: orange, order: Internal, downtime: No reason downtime, user:  
2020-03-31 12:07:56.468   CNC 2   INF   Streaming data to LCD
2020-03-31 12:07:56.468   CNC 2   INF   Data streamed
2020-03-31 12:08:06.845   CNC 2   INF   Workplace color: orange, order: Internal, downtime: No reason downtime, user:  
2020-03-31 12:08:06.845   CNC 2   INF   Streaming data to LCD
2020-03-31 12:08:06.845   CNC 2   INF   Data streamed
2020-03-31 12:08:17.249   CNC 2   INF   Workplace color: orange, order: Internal, downtime: No reason downtime, user:  
2020-03-31 12:08:17.249   CNC 2   INF   Streaming data to LCD
2020-03-31 12:08:17.249   CNC 2   INF   Data streamed
2020-03-31 12:08:27.457   CNC 2   INF   Workplace color: orange, order: Internal, downtime: No reason downtime, user:  
2020-03-31 12:08:27.457   CNC 2   INF   Streaming data to LCD
2020-03-31 12:08:27.457   CNC 2   INF   Data streamed
