2020-03-31 11:49:30.558   CNC 3   INF   Workplace color: green, order: Internal, downtime: , user:  
2020-03-31 11:49:30.558   CNC 3   INF   Streaming data to LCD
2020-03-31 11:49:30.558   CNC 3   INF   Data streamed
2020-03-31 11:49:40.857   CNC 3   INF   Workplace color: green, order: Internal, downtime: , user:  
2020-03-31 11:49:40.857   CNC 3   INF   Streaming data to LCD
2020-03-31 11:49:40.857   CNC 3   INF   Data streamed
2020-03-31 11:49:51.103   CNC 3   INF   Workplace color: green, order: Internal, downtime: , user:  
2020-03-31 11:49:51.103   CNC 3   INF   Streaming data to LCD
2020-03-31 11:49:51.103   CNC 3   INF   Data streamed
2020-03-31 11:50:00.898   CNC 3   INF   Workplace color: green, order: Internal, downtime: , user:  
2020-03-31 11:50:00.898   CNC 3   INF   Streaming data to LCD
2020-03-31 11:50:00.899   CNC 3   INF   Data streamed
2020-03-31 11:50:46.864   CNC 3   INF   Workplace color: green, order: Internal, downtime: , user:  
2020-03-31 11:50:46.865   CNC 3   INF   Streaming data to LCD
2020-03-31 11:50:46.865   CNC 3   INF   Data streamed
2020-03-31 11:50:57.084   CNC 3   INF   Workplace color: green, order: Internal, downtime: , user:  
2020-03-31 11:50:57.084   CNC 3   INF   Streaming data to LCD
2020-03-31 11:50:57.084   CNC 3   INF   Data streamed
2020-03-31 11:51:07.342   CNC 3   INF   Workplace color: green, order: Internal, downtime: , user:  
2020-03-31 11:51:07.343   CNC 3   INF   Streaming data to LCD
2020-03-31 11:51:07.343   CNC 3   INF   Data streamed
2020-03-31 11:51:17.827   CNC 3   INF   Workplace color: green, order: Internal, downtime: , user:  
2020-03-31 11:51:17.828   CNC 3   INF   Streaming data to LCD
2020-03-31 11:51:17.828   CNC 3   INF   Data streamed
2020-03-31 11:51:28.024   CNC 3   INF   Workplace color: green, order: Internal, downtime: , user:  
2020-03-31 11:51:28.024   CNC 3   INF   Streaming data to LCD
2020-03-31 11:51:28.024   CNC 3   INF   Data streamed
2020-03-31 11:51:38.212   CNC 3   INF   Workplace color: green, order: Internal, downtime: , user:  
2020-03-31 11:51:38.213   CNC 3   INF   Streaming data to LCD
2020-03-31 11:51:38.213   CNC 3   INF   Data streamed
2020-03-31 11:51:49.434   CNC 3   INF   Workplace color: green, order: Internal, downtime: , user:  
2020-03-31 11:51:49.434   CNC 3   INF   Streaming data to LCD
2020-03-31 11:51:49.435   CNC 3   INF   Data streamed
2020-03-31 11:51:59.807   CNC 3   INF   Workplace color: green, order: Internal, downtime: , user:  
2020-03-31 11:51:59.807   CNC 3   INF   Streaming data to LCD
2020-03-31 11:51:59.807   CNC 3   INF   Data streamed
2020-03-31 11:52:10.128   CNC 3   INF   Workplace color: green, order: Internal, downtime: , user:  
2020-03-31 11:52:10.128   CNC 3   INF   Streaming data to LCD
2020-03-31 11:52:10.128   CNC 3   INF   Data streamed
2020-03-31 11:52:20.440   CNC 3   INF   Workplace color: green, order: Internal, downtime: , user:  
2020-03-31 11:52:20.440   CNC 3   INF   Streaming data to LCD
2020-03-31 11:52:20.440   CNC 3   INF   Data streamed
2020-03-31 11:52:30.689   CNC 3   INF   Workplace color: green, order: Internal, downtime: , user:  
2020-03-31 11:52:30.689   CNC 3   INF   Streaming data to LCD
2020-03-31 11:52:30.689   CNC 3   INF   Data streamed
2020-03-31 11:52:40.935   CNC 3   INF   Workplace color: green, order: Internal, downtime: , user:  
2020-03-31 11:52:40.935   CNC 3   INF   Streaming data to LCD
2020-03-31 11:52:40.935   CNC 3   INF   Data streamed
2020-03-31 11:52:51.124   CNC 3   INF   Workplace color: green, order: Internal, downtime: , user:  
2020-03-31 11:52:51.124   CNC 3   INF   Streaming data to LCD
2020-03-31 11:52:51.124   CNC 3   INF   Data streamed
2020-03-31 11:53:01.325   CNC 3   INF   Workplace color: green, order: Internal, downtime: , user:  
2020-03-31 11:53:01.325   CNC 3   INF   Streaming data to LCD
2020-03-31 11:53:01.325   CNC 3   INF   Data streamed
2020-03-31 11:53:11.547   CNC 3   INF   Workplace color: green, order: Internal, downtime: , user:  
2020-03-31 11:53:11.547   CNC 3   INF   Streaming data to LCD
2020-03-31 11:53:11.547   CNC 3   INF   Data streamed
2020-03-31 11:53:21.744   CNC 3   INF   Workplace color: green, order: Internal, downtime: , user:  
2020-03-31 11:53:21.744   CNC 3   INF   Streaming data to LCD
2020-03-31 11:53:21.744   CNC 3   INF   Data streamed
2020-03-31 11:53:31.949   CNC 3   INF   Workplace color: green, order: Internal, downtime: , user:  
2020-03-31 11:53:31.950   CNC 3   INF   Streaming data to LCD
2020-03-31 11:53:31.950   CNC 3   INF   Data streamed
2020-03-31 11:53:42.161   CNC 3   INF   Workplace color: green, order: Internal, downtime: , user:  
2020-03-31 11:53:42.161   CNC 3   INF   Streaming data to LCD
2020-03-31 11:53:42.161   CNC 3   INF   Data streamed
2020-03-31 11:53:52.495   CNC 3   INF   Workplace color: green, order: Internal, downtime: , user:  
2020-03-31 11:53:52.495   CNC 3   INF   Streaming data to LCD
2020-03-31 11:53:52.495   CNC 3   INF   Data streamed
2020-03-31 11:54:02.825   CNC 3   INF   Workplace color: green, order: Internal, downtime: , user:  
2020-03-31 11:54:02.825   CNC 3   INF   Streaming data to LCD
2020-03-31 11:54:02.825   CNC 3   INF   Data streamed
2020-03-31 11:54:13.235   CNC 3   INF   Workplace color: green, order: Internal, downtime: , user:  
2020-03-31 11:54:13.235   CNC 3   INF   Streaming data to LCD
2020-03-31 11:54:13.235   CNC 3   INF   Data streamed
2020-03-31 11:54:23.560   CNC 3   INF   Workplace color: red, order: Internal, downtime: , user:  
2020-03-31 11:54:23.560   CNC 3   INF   Streaming data to LCD
2020-03-31 11:54:23.560   CNC 3   INF   Data streamed
2020-03-31 11:54:33.926   CNC 3   INF   Workplace color: red, order: , downtime: , user: 
2020-03-31 11:54:33.926   CNC 3   INF   Streaming data to LCD
2020-03-31 11:54:33.926   CNC 3   INF   Data streamed
2020-03-31 11:54:44.488   CNC 3   INF   Workplace color: red, order: , downtime: , user: 
2020-03-31 11:54:44.488   CNC 3   INF   Streaming data to LCD
2020-03-31 11:54:44.488   CNC 3   INF   Data streamed
2020-03-31 11:54:52.256   CNC 3   INF   Workplace color: red, order: , downtime: , user: 
2020-03-31 11:54:52.256   CNC 3   INF   Streaming data to LCD
2020-03-31 11:54:52.256   CNC 3   INF   Data streamed
2020-03-31 11:55:03.683   CNC 3   INF   Workplace color: red, order: , downtime: , user: 
2020-03-31 11:55:03.683   CNC 3   INF   Streaming data to LCD
2020-03-31 11:55:03.683   CNC 3   INF   Data streamed
2020-03-31 11:55:14.057   CNC 3   INF   Workplace color: red, order: , downtime: , user: 
2020-03-31 11:55:14.057   CNC 3   INF   Streaming data to LCD
2020-03-31 11:55:14.057   CNC 3   INF   Data streamed
2020-03-31 11:55:24.457   CNC 3   INF   Workplace color: red, order: , downtime: , user: 
2020-03-31 11:55:24.457   CNC 3   INF   Streaming data to LCD
2020-03-31 11:55:24.457   CNC 3   INF   Data streamed
2020-03-31 11:55:34.715   CNC 3   INF   Workplace color: red, order: , downtime: , user: 
2020-03-31 11:55:34.715   CNC 3   INF   Streaming data to LCD
2020-03-31 11:55:34.716   CNC 3   INF   Data streamed
2020-03-31 11:55:45.262   CNC 3   INF   Workplace color: red, order: , downtime: , user: 
2020-03-31 11:55:45.263   CNC 3   INF   Streaming data to LCD
2020-03-31 11:55:45.263   CNC 3   INF   Data streamed
2020-03-31 11:55:55.153   CNC 3   INF   Workplace color: red, order: , downtime: , user: 
2020-03-31 11:55:55.153   CNC 3   INF   Streaming data to LCD
2020-03-31 11:55:55.153   CNC 3   INF   Data streamed
2020-03-31 11:56:05.637   CNC 3   INF   Workplace color: red, order: , downtime: , user: 
2020-03-31 11:56:05.637   CNC 3   INF   Streaming data to LCD
2020-03-31 11:56:05.637   CNC 3   INF   Data streamed
2020-03-31 11:56:16.022   CNC 3   INF   Workplace color: red, order: , downtime: , user: 
2020-03-31 11:56:16.023   CNC 3   INF   Streaming data to LCD
2020-03-31 11:56:16.023   CNC 3   INF   Data streamed
2020-03-31 11:56:26.563   CNC 3   INF   Workplace color: red, order: , downtime: , user: 
2020-03-31 11:56:26.563   CNC 3   INF   Streaming data to LCD
2020-03-31 11:56:26.563   CNC 3   INF   Data streamed
2020-03-31 11:56:32.399   CNC 3   INF   Workplace color: red, order: , downtime: , user: 
2020-03-31 11:56:32.399   CNC 3   INF   Streaming data to LCD
2020-03-31 11:56:32.399   CNC 3   INF   Data streamed
2020-03-31 11:56:42.727   CNC 3   INF   Workplace color: red, order: , downtime: , user: 
2020-03-31 11:56:42.727   CNC 3   INF   Streaming data to LCD
2020-03-31 11:56:42.727   CNC 3   INF   Data streamed
2020-03-31 11:56:53.439   CNC 3   INF   Workplace color: red, order: , downtime: , user: 
2020-03-31 11:56:53.439   CNC 3   INF   Streaming data to LCD
2020-03-31 11:56:53.439   CNC 3   INF   Data streamed
2020-03-31 11:57:03.969   CNC 3   INF   Workplace color: red, order: , downtime: , user: 
2020-03-31 11:57:03.969   CNC 3   INF   Streaming data to LCD
2020-03-31 11:57:03.969   CNC 3   INF   Data streamed
2020-03-31 11:57:14.231   CNC 3   INF   Workplace color: red, order: , downtime: , user: 
2020-03-31 11:57:14.231   CNC 3   INF   Streaming data to LCD
2020-03-31 11:57:14.231   CNC 3   INF   Data streamed
2020-03-31 11:57:24.410   CNC 3   INF   Workplace color: red, order: , downtime: , user: 
2020-03-31 11:57:24.410   CNC 3   INF   Streaming data to LCD
2020-03-31 11:57:24.411   CNC 3   INF   Data streamed
2020-03-31 11:57:34.582   CNC 3   INF   Workplace color: red, order: , downtime: , user: 
2020-03-31 11:57:34.582   CNC 3   INF   Streaming data to LCD
2020-03-31 11:57:34.582   CNC 3   INF   Data streamed
2020-03-31 11:57:44.877   CNC 3   INF   Workplace color: red, order: , downtime: , user: 
2020-03-31 11:57:44.877   CNC 3   INF   Streaming data to LCD
2020-03-31 11:57:44.878   CNC 3   INF   Data streamed
2020-03-31 11:57:55.609   CNC 3   INF   Workplace color: red, order: , downtime: , user: 
2020-03-31 11:57:55.609   CNC 3   INF   Streaming data to LCD
2020-03-31 11:57:55.609   CNC 3   INF   Data streamed
2020-03-31 11:58:06.156   CNC 3   INF   Workplace color: red, order: , downtime: , user: 
2020-03-31 11:58:06.156   CNC 3   INF   Streaming data to LCD
2020-03-31 11:58:06.156   CNC 3   INF   Data streamed
2020-03-31 11:58:16.731   CNC 3   INF   Workplace color: red, order: , downtime: , user: 
2020-03-31 11:58:16.732   CNC 3   INF   Streaming data to LCD
2020-03-31 11:58:16.732   CNC 3   INF   Data streamed
2020-03-31 11:58:26.952   CNC 3   INF   Workplace color: red, order: , downtime: , user: 
2020-03-31 11:58:26.952   CNC 3   INF   Streaming data to LCD
2020-03-31 11:58:26.952   CNC 3   INF   Data streamed
2020-03-31 11:58:37.135   CNC 3   INF   Workplace color: red, order: , downtime: , user: 
2020-03-31 11:58:37.135   CNC 3   INF   Streaming data to LCD
2020-03-31 11:58:37.135   CNC 3   INF   Data streamed
2020-03-31 11:58:47.300   CNC 3   INF   Workplace color: red, order: , downtime: , user: 
2020-03-31 11:58:47.300   CNC 3   INF   Streaming data to LCD
2020-03-31 11:58:47.300   CNC 3   INF   Data streamed
2020-03-31 11:58:57.497   CNC 3   INF   Workplace color: red, order: , downtime: , user: 
2020-03-31 11:58:57.498   CNC 3   INF   Streaming data to LCD
2020-03-31 11:58:57.498   CNC 3   INF   Data streamed
2020-03-31 11:59:07.690   CNC 3   INF   Workplace color: red, order: , downtime: , user: 
2020-03-31 11:59:07.690   CNC 3   INF   Streaming data to LCD
2020-03-31 11:59:07.690   CNC 3   INF   Data streamed
2020-03-31 11:59:17.863   CNC 3   INF   Workplace color: red, order: , downtime: , user: 
2020-03-31 11:59:17.863   CNC 3   INF   Streaming data to LCD
2020-03-31 11:59:17.863   CNC 3   INF   Data streamed
2020-03-31 11:59:28.034   CNC 3   INF   Workplace color: red, order: , downtime: , user: 
2020-03-31 11:59:28.034   CNC 3   INF   Streaming data to LCD
2020-03-31 11:59:28.034   CNC 3   INF   Data streamed
2020-03-31 11:59:38.230   CNC 3   INF   Workplace color: red, order: , downtime: , user: 
2020-03-31 11:59:38.230   CNC 3   INF   Streaming data to LCD
2020-03-31 11:59:38.230   CNC 3   INF   Data streamed
2020-03-31 11:59:48.463   CNC 3   INF   Workplace color: red, order: , downtime: , user: 
2020-03-31 11:59:48.463   CNC 3   INF   Streaming data to LCD
2020-03-31 11:59:48.463   CNC 3   INF   Data streamed
2020-03-31 11:59:58.671   CNC 3   INF   Workplace color: red, order: , downtime: , user: 
2020-03-31 11:59:58.671   CNC 3   INF   Streaming data to LCD
2020-03-31 11:59:58.671   CNC 3   INF   Data streamed
2020-03-31 12:00:08.853   CNC 3   INF   Workplace color: red, order: , downtime: , user: 
2020-03-31 12:00:08.853   CNC 3   INF   Streaming data to LCD
2020-03-31 12:00:08.853   CNC 3   INF   Data streamed
2020-03-31 12:00:19.033   CNC 3   INF   Workplace color: red, order: , downtime: , user: 
2020-03-31 12:00:19.033   CNC 3   INF   Streaming data to LCD
2020-03-31 12:00:19.033   CNC 3   INF   Data streamed
2020-03-31 12:00:29.233   CNC 3   INF   Workplace color: red, order: , downtime: , user: 
2020-03-31 12:00:29.233   CNC 3   INF   Streaming data to LCD
2020-03-31 12:00:29.234   CNC 3   INF   Data streamed
2020-03-31 12:00:49.432   CNC 3   INF   Workplace color: red, order: , downtime: , user: 
2020-03-31 12:00:49.432   CNC 3   INF   Streaming data to LCD
2020-03-31 12:00:49.432   CNC 3   INF   Data streamed
