2020-03-05 12:46:06.948   CNC 1   INF   Workplace color: yellow
2020-03-05 12:46:06.948   CNC 1   INF   Streaming data to LCD
2020-03-05 12:46:06.948   CNC 1   INF   Data streamed
2020-03-05 13:01:44.707   CNC 1   INF   Workplace color: red
2020-03-05 13:01:44.707   CNC 1   INF   Streaming data to LCD
2020-03-05 13:01:44.707   CNC 1   INF   Data streamed
2020-03-05 13:01:54.858   CNC 1   INF   Workplace color: red
2020-03-05 13:01:54.859   CNC 1   INF   Streaming data to LCD
2020-03-05 13:01:54.859   CNC 1   INF   Data streamed
2020-03-05 13:02:05.006   CNC 1   INF   Workplace color: red
2020-03-05 13:02:05.006   CNC 1   INF   Streaming data to LCD
2020-03-05 13:02:05.007   CNC 1   INF   Data streamed
2020-03-05 13:02:15.137   CNC 1   INF   Workplace color: red
2020-03-05 13:02:15.137   CNC 1   INF   Streaming data to LCD
2020-03-05 13:02:15.138   CNC 1   INF   Data streamed
2020-03-05 13:02:25.279   CNC 1   INF   Workplace color: red
2020-03-05 13:02:25.279   CNC 1   INF   Streaming data to LCD
2020-03-05 13:02:25.279   CNC 1   INF   Data streamed
2020-03-05 13:02:35.442   CNC 1   INF   Workplace color: red
2020-03-05 13:02:35.442   CNC 1   INF   Streaming data to LCD
2020-03-05 13:02:35.442   CNC 1   INF   Data streamed
2020-03-05 13:02:45.600   CNC 1   INF   Workplace color: red
2020-03-05 13:02:45.600   CNC 1   INF   Streaming data to LCD
2020-03-05 13:02:45.600   CNC 1   INF   Data streamed
2020-03-05 13:02:55.722   CNC 1   INF   Workplace color: red
2020-03-05 13:02:55.722   CNC 1   INF   Streaming data to LCD
2020-03-05 13:02:55.722   CNC 1   INF   Data streamed
2020-03-05 13:03:05.867   CNC 1   INF   Workplace color: red
2020-03-05 13:03:05.867   CNC 1   INF   Streaming data to LCD
2020-03-05 13:03:05.867   CNC 1   INF   Data streamed
2020-03-05 13:03:16.004   CNC 1   INF   Workplace color: red
2020-03-05 13:03:16.004   CNC 1   INF   Streaming data to LCD
2020-03-05 13:03:16.004   CNC 1   INF   Data streamed
2020-03-05 13:03:26.145   CNC 1   INF   Workplace color: red
2020-03-05 13:03:26.145   CNC 1   INF   Streaming data to LCD
2020-03-05 13:03:26.145   CNC 1   INF   Data streamed
2020-03-05 13:03:36.269   CNC 1   INF   Workplace color: red
2020-03-05 13:03:36.269   CNC 1   INF   Streaming data to LCD
2020-03-05 13:03:36.269   CNC 1   INF   Data streamed
2020-03-05 13:03:46.399   CNC 1   INF   Workplace color: red
2020-03-05 13:03:46.399   CNC 1   INF   Streaming data to LCD
2020-03-05 13:03:46.399   CNC 1   INF   Data streamed
2020-03-05 13:03:56.533   CNC 1   INF   Workplace color: red
2020-03-05 13:03:56.533   CNC 1   INF   Streaming data to LCD
2020-03-05 13:03:56.533   CNC 1   INF   Data streamed
2020-03-05 13:04:07.569   CNC 1   INF   Workplace color: red
2020-03-05 13:04:07.569   CNC 1   INF   Streaming data to LCD
2020-03-05 13:04:07.569   CNC 1   INF   Data streamed
2020-03-05 13:04:12.603   CNC 1   INF   Workplace color: red
2020-03-05 13:04:12.604   CNC 1   INF   Streaming data to LCD
2020-03-05 13:04:12.604   CNC 1   INF   Data streamed
2020-03-05 13:04:22.731   CNC 1   INF   Workplace color: red
2020-03-05 13:04:22.731   CNC 1   INF   Streaming data to LCD
2020-03-05 13:04:22.731   CNC 1   INF   Data streamed
2020-03-05 13:04:33.113   CNC 1   INF   Workplace color: red
2020-03-05 13:04:33.113   CNC 1   INF   Streaming data to LCD
2020-03-05 13:04:33.113   CNC 1   INF   Data streamed
2020-03-05 13:04:43.247   CNC 1   INF   Workplace color: red
2020-03-05 13:04:43.247   CNC 1   INF   Streaming data to LCD
2020-03-05 13:04:43.247   CNC 1   INF   Data streamed
2020-03-05 13:04:53.697   CNC 1   INF   Workplace color: red
2020-03-05 13:04:53.697   CNC 1   INF   Streaming data to LCD
2020-03-05 13:04:53.698   CNC 1   INF   Data streamed
2020-03-05 13:08:21.405   CNC 1   INF   Workplace color: red
2020-03-05 13:08:21.405   CNC 1   INF   Streaming data to LCD
2020-03-05 13:08:21.405   CNC 1   INF   Data streamed
2020-03-05 13:08:31.653   CNC 1   INF   Workplace color: red
2020-03-05 13:08:31.653   CNC 1   INF   Streaming data to LCD
2020-03-05 13:08:31.654   CNC 1   INF   Data streamed
2020-03-05 13:08:41.883   CNC 1   INF   Workplace color: red
2020-03-05 13:08:41.883   CNC 1   INF   Streaming data to LCD
2020-03-05 13:08:41.884   CNC 1   INF   Data streamed
2020-03-05 13:09:06.393   CNC 1   INF   Workplace color: red
2020-03-05 13:09:06.393   CNC 1   INF   Streaming data to LCD
2020-03-05 13:09:06.393   CNC 1   INF   Data streamed
2020-03-05 13:09:16.850   CNC 1   INF   Workplace color: red
2020-03-05 13:09:16.850   CNC 1   INF   Streaming data to LCD
2020-03-05 13:09:16.851   CNC 1   INF   Data streamed
2020-03-05 13:09:27.508   CNC 1   INF   Workplace color: red
2020-03-05 13:09:27.508   CNC 1   INF   Streaming data to LCD
2020-03-05 13:09:27.509   CNC 1   INF   Data streamed
2020-03-05 13:09:37.739   CNC 1   INF   Workplace color: red
2020-03-05 13:09:37.740   CNC 1   INF   Streaming data to LCD
2020-03-05 13:09:37.740   CNC 1   INF   Data streamed
2020-03-05 13:09:47.987   CNC 1   INF   Workplace color: red
2020-03-05 13:09:47.988   CNC 1   INF   Streaming data to LCD
2020-03-05 13:09:47.988   CNC 1   INF   Data streamed
2020-03-05 13:09:59.463   CNC 1   INF   Workplace color: red
2020-03-05 13:09:59.463   CNC 1   INF   Streaming data to LCD
2020-03-05 13:09:59.463   CNC 1   INF   Data streamed
2020-03-05 13:10:30.470   CNC 1   INF   Workplace color: red
2020-03-05 13:10:30.471   CNC 1   INF   Streaming data to LCD
2020-03-05 13:10:30.471   CNC 1   INF   Data streamed
2020-03-05 13:10:56.281   CNC 1   INF   Workplace color: red
2020-03-05 13:10:56.281   CNC 1   INF   Streaming data to LCD
2020-03-05 13:10:56.281   CNC 1   INF   Data streamed
2020-03-05 13:11:19.781   CNC 1   INF   Workplace color: red
2020-03-05 13:11:19.781   CNC 1   INF   Streaming data to LCD
2020-03-05 13:11:19.781   CNC 1   INF   Data streamed
2020-03-05 13:22:39.574   CNC 1   INF   Workplace color: orange
2020-03-05 13:22:39.575   CNC 1   INF   Streaming data to LCD
2020-03-05 13:22:39.575   CNC 1   INF   Data streamed
2020-03-05 13:22:49.806   CNC 1   INF   Workplace color: orange
2020-03-05 13:22:49.806   CNC 1   INF   Streaming data to LCD
2020-03-05 13:22:49.807   CNC 1   INF   Data streamed
2020-03-05 13:22:59.993   CNC 1   INF   Workplace color: orange
2020-03-05 13:22:59.993   CNC 1   INF   Streaming data to LCD
2020-03-05 13:22:59.993   CNC 1   INF   Data streamed
2020-03-05 13:23:10.278   CNC 1   INF   Workplace color: orange
2020-03-05 13:23:10.278   CNC 1   INF   Streaming data to LCD
2020-03-05 13:23:10.278   CNC 1   INF   Data streamed
2020-03-05 13:23:20.549   CNC 1   INF   Workplace color: green
2020-03-05 13:23:20.549   CNC 1   INF   Streaming data to LCD
2020-03-05 13:23:20.550   CNC 1   INF   Data streamed
2020-03-05 13:23:30.867   CNC 1   INF   Workplace color: green
2020-03-05 13:23:30.867   CNC 1   INF   Streaming data to LCD
2020-03-05 13:23:30.867   CNC 1   INF   Data streamed
2020-03-05 13:23:41.258   CNC 1   INF   Workplace color: green
2020-03-05 13:23:41.258   CNC 1   INF   Streaming data to LCD
2020-03-05 13:23:41.258   CNC 1   INF   Data streamed
2020-03-05 13:23:51.553   CNC 1   INF   Workplace color: green
2020-03-05 13:23:51.553   CNC 1   INF   Streaming data to LCD
2020-03-05 13:23:51.553   CNC 1   INF   Data streamed
2020-03-05 13:24:01.864   CNC 1   INF   Workplace color: green
2020-03-05 13:24:01.865   CNC 1   INF   Streaming data to LCD
2020-03-05 13:24:01.865   CNC 1   INF   Data streamed
2020-03-05 13:24:12.209   CNC 1   INF   Workplace color: green
2020-03-05 13:24:12.209   CNC 1   INF   Streaming data to LCD
2020-03-05 13:24:12.209   CNC 1   INF   Data streamed
2020-03-05 13:24:22.496   CNC 1   INF   Workplace color: green
2020-03-05 13:24:22.497   CNC 1   INF   Streaming data to LCD
2020-03-05 13:24:22.497   CNC 1   INF   Data streamed
2020-03-05 13:24:32.757   CNC 1   INF   Workplace color: green
2020-03-05 13:24:32.757   CNC 1   INF   Streaming data to LCD
2020-03-05 13:24:32.757   CNC 1   INF   Data streamed
2020-03-05 13:24:43.005   CNC 1   INF   Workplace color: green
2020-03-05 13:24:43.005   CNC 1   INF   Streaming data to LCD
2020-03-05 13:24:43.006   CNC 1   INF   Data streamed
2020-03-05 13:24:53.922   CNC 1   INF   Workplace color: green
2020-03-05 13:24:53.923   CNC 1   INF   Streaming data to LCD
2020-03-05 13:24:53.923   CNC 1   INF   Data streamed
2020-03-05 13:25:04.436   CNC 1   INF   Workplace color: green
2020-03-05 13:25:04.436   CNC 1   INF   Streaming data to LCD
2020-03-05 13:25:04.436   CNC 1   INF   Data streamed
2020-03-05 13:25:14.840   CNC 1   INF   Workplace color: green
2020-03-05 13:25:14.841   CNC 1   INF   Streaming data to LCD
2020-03-05 13:25:14.841   CNC 1   INF   Data streamed
2020-03-05 13:25:25.170   CNC 1   INF   Workplace color: green
2020-03-05 13:25:25.170   CNC 1   INF   Streaming data to LCD
2020-03-05 13:25:25.170   CNC 1   INF   Data streamed
2020-03-05 13:25:35.367   CNC 1   INF   Workplace color: green
2020-03-05 13:25:35.367   CNC 1   INF   Streaming data to LCD
2020-03-05 13:25:35.367   CNC 1   INF   Data streamed
2020-03-05 13:25:45.679   CNC 1   INF   Workplace color: green
2020-03-05 13:25:45.679   CNC 1   INF   Streaming data to LCD
2020-03-05 13:25:45.679   CNC 1   INF   Data streamed
2020-03-05 13:25:56.034   CNC 1   INF   Workplace color: green
2020-03-05 13:25:56.034   CNC 1   INF   Streaming data to LCD
2020-03-05 13:25:56.034   CNC 1   INF   Data streamed
2020-03-05 13:26:06.407   CNC 1   INF   Workplace color: green
2020-03-05 13:26:06.407   CNC 1   INF   Streaming data to LCD
2020-03-05 13:26:06.407   CNC 1   INF   Data streamed
2020-03-05 13:26:16.726   CNC 1   INF   Workplace color: green
2020-03-05 13:26:16.727   CNC 1   INF   Streaming data to LCD
2020-03-05 13:26:16.727   CNC 1   INF   Data streamed
2020-03-05 13:26:27.044   CNC 1   INF   Workplace color: green
2020-03-05 13:26:27.045   CNC 1   INF   Streaming data to LCD
2020-03-05 13:26:27.045   CNC 1   INF   Data streamed
2020-03-05 13:26:37.402   CNC 1   INF   Workplace color: green
2020-03-05 13:26:37.402   CNC 1   INF   Streaming data to LCD
2020-03-05 13:26:37.402   CNC 1   INF   Data streamed
2020-03-05 13:26:43.296   CNC 1   INF   Workplace color: green
2020-03-05 13:26:43.296   CNC 1   INF   Streaming data to LCD
2020-03-05 13:26:43.296   CNC 1   INF   Data streamed
2020-03-05 13:26:53.882   CNC 1   INF   Workplace color: green
2020-03-05 13:26:53.882   CNC 1   INF   Streaming data to LCD
2020-03-05 13:26:53.882   CNC 1   INF   Data streamed
2020-03-05 13:27:04.094   CNC 1   INF   Workplace color: green
2020-03-05 13:27:04.094   CNC 1   INF   Streaming data to LCD
2020-03-05 13:27:04.094   CNC 1   INF   Data streamed
2020-03-05 13:27:14.337   CNC 1   INF   Workplace color: green
2020-03-05 13:27:14.338   CNC 1   INF   Streaming data to LCD
2020-03-05 13:27:14.338   CNC 1   INF   Data streamed
2020-03-05 13:27:24.690   CNC 1   INF   Workplace color: green
2020-03-05 13:27:24.690   CNC 1   INF   Streaming data to LCD
2020-03-05 13:27:24.690   CNC 1   INF   Data streamed
2020-03-05 13:27:35.502   CNC 1   INF   Workplace color: green
2020-03-05 13:27:35.502   CNC 1   INF   Streaming data to LCD
2020-03-05 13:27:35.502   CNC 1   INF   Data streamed
2020-03-05 13:27:46.097   CNC 1   INF   Workplace color: green
2020-03-05 13:27:46.097   CNC 1   INF   Streaming data to LCD
2020-03-05 13:27:46.097   CNC 1   INF   Data streamed
2020-03-05 13:27:55.994   CNC 1   INF   Workplace color: green
2020-03-05 13:27:55.994   CNC 1   INF   Streaming data to LCD
2020-03-05 13:27:55.994   CNC 1   INF   Data streamed
2020-03-05 13:28:06.330   CNC 1   INF   Workplace color: green
2020-03-05 13:28:06.331   CNC 1   INF   Streaming data to LCD
2020-03-05 13:28:06.331   CNC 1   INF   Data streamed
2020-03-05 13:28:16.609   CNC 1   INF   Workplace color: green
2020-03-05 13:28:16.609   CNC 1   INF   Streaming data to LCD
2020-03-05 13:28:16.609   CNC 1   INF   Data streamed
2020-03-05 13:28:26.807   CNC 1   INF   Workplace color: green
2020-03-05 13:28:26.808   CNC 1   INF   Streaming data to LCD
2020-03-05 13:28:26.808   CNC 1   INF   Data streamed
2020-03-05 13:28:37.040   CNC 1   INF   Workplace color: green
2020-03-05 13:28:37.040   CNC 1   INF   Streaming data to LCD
2020-03-05 13:28:37.041   CNC 1   INF   Data streamed
2020-03-05 13:28:47.381   CNC 1   INF   Workplace color: green
2020-03-05 13:28:47.381   CNC 1   INF   Streaming data to LCD
2020-03-05 13:28:47.381   CNC 1   INF   Data streamed
2020-03-05 13:28:57.707   CNC 1   INF   Workplace color: green
2020-03-05 13:28:57.708   CNC 1   INF   Streaming data to LCD
2020-03-05 13:28:57.708   CNC 1   INF   Data streamed
2020-03-05 13:29:31.612   CNC 1   INF   Workplace color: green
2020-03-05 13:29:31.612   CNC 1   INF   Streaming data to LCD
2020-03-05 13:29:31.612   CNC 1   INF   Data streamed
2020-03-05 13:29:41.775   CNC 1   INF   Workplace color: green
2020-03-05 13:29:41.776   CNC 1   INF   Streaming data to LCD
2020-03-05 13:29:41.776   CNC 1   INF   Data streamed
2020-03-05 13:29:52.009   CNC 1   INF   Workplace color: green
2020-03-05 13:29:52.009   CNC 1   INF   Streaming data to LCD
2020-03-05 13:29:52.009   CNC 1   INF   Data streamed
2020-03-05 13:30:02.278   CNC 1   INF   Workplace color: green
2020-03-05 13:30:02.278   CNC 1   INF   Streaming data to LCD
2020-03-05 13:30:02.278   CNC 1   INF   Data streamed
2020-03-05 13:30:12.482   CNC 1   INF   Workplace color: green
2020-03-05 13:30:12.482   CNC 1   INF   Streaming data to LCD
2020-03-05 13:30:12.482   CNC 1   INF   Data streamed
2020-03-05 13:30:22.762   CNC 1   INF   Workplace color: green
2020-03-05 13:30:22.762   CNC 1   INF   Streaming data to LCD
2020-03-05 13:30:22.762   CNC 1   INF   Data streamed
2020-03-05 13:30:33.029   CNC 1   INF   Workplace color: green
2020-03-05 13:30:33.029   CNC 1   INF   Streaming data to LCD
2020-03-05 13:30:33.029   CNC 1   INF   Data streamed
2020-03-05 13:30:43.219   CNC 1   INF   Workplace color: green
2020-03-05 13:30:43.219   CNC 1   INF   Streaming data to LCD
2020-03-05 13:30:43.219   CNC 1   INF   Data streamed
2020-03-05 13:30:53.472   CNC 1   INF   Workplace color: green
2020-03-05 13:30:53.472   CNC 1   INF   Streaming data to LCD
2020-03-05 13:30:53.472   CNC 1   INF   Data streamed
2020-03-05 13:31:03.954   CNC 1   INF   Workplace color: green
2020-03-05 13:31:03.954   CNC 1   INF   Streaming data to LCD
2020-03-05 13:31:03.955   CNC 1   INF   Data streamed
2020-03-05 13:31:14.247   CNC 1   INF   Workplace color: green
2020-03-05 13:31:14.247   CNC 1   INF   Streaming data to LCD
2020-03-05 13:31:14.247   CNC 1   INF   Data streamed
2020-03-05 13:31:24.479   CNC 1   INF   Workplace color: green
2020-03-05 13:31:24.480   CNC 1   INF   Streaming data to LCD
2020-03-05 13:31:24.480   CNC 1   INF   Data streamed
2020-03-05 13:31:34.940   CNC 1   INF   Workplace color: green
2020-03-05 13:31:34.940   CNC 1   INF   Streaming data to LCD
2020-03-05 13:31:34.940   CNC 1   INF   Data streamed
2020-03-05 13:31:45.237   CNC 1   INF   Workplace color: green
2020-03-05 13:31:45.237   CNC 1   INF   Streaming data to LCD
2020-03-05 13:31:45.238   CNC 1   INF   Data streamed
2020-03-05 13:31:55.498   CNC 1   INF   Workplace color: green
2020-03-05 13:31:55.499   CNC 1   INF   Streaming data to LCD
2020-03-05 13:31:55.499   CNC 1   INF   Data streamed
2020-03-05 13:32:05.687   CNC 1   INF   Workplace color: green
2020-03-05 13:32:05.687   CNC 1   INF   Streaming data to LCD
2020-03-05 13:32:05.687   CNC 1   INF   Data streamed
2020-03-05 13:32:15.870   CNC 1   INF   Workplace color: green
2020-03-05 13:32:15.870   CNC 1   INF   Streaming data to LCD
2020-03-05 13:32:15.871   CNC 1   INF   Data streamed
2020-03-05 13:32:26.073   CNC 1   INF   Workplace color: green
2020-03-05 13:32:26.074   CNC 1   INF   Streaming data to LCD
2020-03-05 13:32:26.074   CNC 1   INF   Data streamed
2020-03-05 13:32:36.273   CNC 1   INF   Workplace color: green
2020-03-05 13:32:36.273   CNC 1   INF   Streaming data to LCD
2020-03-05 13:32:36.273   CNC 1   INF   Data streamed
2020-03-05 13:32:46.659   CNC 1   INF   Workplace color: green
2020-03-05 13:32:46.659   CNC 1   INF   Streaming data to LCD
2020-03-05 13:32:46.659   CNC 1   INF   Data streamed
2020-03-05 13:32:57.069   CNC 1   INF   Workplace color: green
2020-03-05 13:32:57.069   CNC 1   INF   Streaming data to LCD
2020-03-05 13:32:57.069   CNC 1   INF   Data streamed
2020-03-05 13:33:07.349   CNC 1   INF   Workplace color: green
2020-03-05 13:33:07.349   CNC 1   INF   Streaming data to LCD
2020-03-05 13:33:07.349   CNC 1   INF   Data streamed
2020-03-05 13:33:17.677   CNC 1   INF   Workplace color: green
2020-03-05 13:33:17.678   CNC 1   INF   Streaming data to LCD
2020-03-05 13:33:17.678   CNC 1   INF   Data streamed
2020-03-05 13:33:28.109   CNC 1   INF   Workplace color: green
2020-03-05 13:33:28.109   CNC 1   INF   Streaming data to LCD
2020-03-05 13:33:28.109   CNC 1   INF   Data streamed
2020-03-05 13:33:38.581   CNC 1   INF   Workplace color: green
2020-03-05 13:33:38.581   CNC 1   INF   Streaming data to LCD
2020-03-05 13:33:38.581   CNC 1   INF   Data streamed
2020-03-05 13:33:42.050   CNC 1   INF   Workplace color: green
2020-03-05 13:33:42.050   CNC 1   INF   Streaming data to LCD
2020-03-05 13:33:42.050   CNC 1   INF   Data streamed
2020-03-05 13:33:52.405   CNC 1   INF   Workplace color: green
2020-03-05 13:33:52.405   CNC 1   INF   Streaming data to LCD
2020-03-05 13:33:52.405   CNC 1   INF   Data streamed
2020-03-05 13:34:02.749   CNC 1   INF   Workplace color: green
2020-03-05 13:34:02.749   CNC 1   INF   Streaming data to LCD
2020-03-05 13:34:02.750   CNC 1   INF   Data streamed
2020-03-05 13:34:13.174   CNC 1   INF   Workplace color: green
2020-03-05 13:34:13.174   CNC 1   INF   Streaming data to LCD
2020-03-05 13:34:13.174   CNC 1   INF   Data streamed
2020-03-05 13:34:23.785   CNC 1   INF   Workplace color: green
2020-03-05 13:34:23.785   CNC 1   INF   Streaming data to LCD
2020-03-05 13:34:23.786   CNC 1   INF   Data streamed
2020-03-05 13:34:34.493   CNC 1   INF   Workplace color: green
2020-03-05 13:34:34.493   CNC 1   INF   Streaming data to LCD
2020-03-05 13:34:34.493   CNC 1   INF   Data streamed
2020-03-05 13:34:44.917   CNC 1   INF   Workplace color: green
2020-03-05 13:34:44.918   CNC 1   INF   Streaming data to LCD
2020-03-05 13:34:44.918   CNC 1   INF   Data streamed
2020-03-05 13:34:55.459   CNC 1   INF   Workplace color: green
2020-03-05 13:34:55.459   CNC 1   INF   Streaming data to LCD
2020-03-05 13:34:55.459   CNC 1   INF   Data streamed
2020-03-05 13:35:05.739   CNC 1   INF   Workplace color: green
2020-03-05 13:35:05.739   CNC 1   INF   Streaming data to LCD
2020-03-05 13:35:05.739   CNC 1   INF   Data streamed
2020-03-05 13:35:16.066   CNC 1   INF   Workplace color: green
2020-03-05 13:35:16.067   CNC 1   INF   Streaming data to LCD
2020-03-05 13:35:16.067   CNC 1   INF   Data streamed
2020-03-05 13:35:26.805   CNC 1   INF   Workplace color: green
2020-03-05 13:35:26.805   CNC 1   INF   Streaming data to LCD
2020-03-05 13:35:26.806   CNC 1   INF   Data streamed
2020-03-05 13:35:37.151   CNC 1   INF   Workplace color: green
2020-03-05 13:35:37.151   CNC 1   INF   Streaming data to LCD
2020-03-05 13:35:37.151   CNC 1   INF   Data streamed
2020-03-05 13:35:47.455   CNC 1   INF   Workplace color: green
2020-03-05 13:35:47.455   CNC 1   INF   Streaming data to LCD
2020-03-05 13:35:47.455   CNC 1   INF   Data streamed
2020-03-05 13:35:57.668   CNC 1   INF   Workplace color: green
2020-03-05 13:35:57.669   CNC 1   INF   Streaming data to LCD
2020-03-05 13:35:57.669   CNC 1   INF   Data streamed
2020-03-05 13:36:08.005   CNC 1   INF   Workplace color: green
2020-03-05 13:36:08.005   CNC 1   INF   Streaming data to LCD
2020-03-05 13:36:08.005   CNC 1   INF   Data streamed
2020-03-05 13:36:18.305   CNC 1   INF   Workplace color: green
2020-03-05 13:36:18.305   CNC 1   INF   Streaming data to LCD
2020-03-05 13:36:18.305   CNC 1   INF   Data streamed
2020-03-05 13:36:28.598   CNC 1   INF   Workplace color: green
2020-03-05 13:36:28.598   CNC 1   INF   Streaming data to LCD
2020-03-05 13:36:28.598   CNC 1   INF   Data streamed
2020-03-05 13:36:38.900   CNC 1   INF   Workplace color: green
2020-03-05 13:36:38.900   CNC 1   INF   Streaming data to LCD
2020-03-05 13:36:38.900   CNC 1   INF   Data streamed
2020-03-05 13:36:49.258   CNC 1   INF   Workplace color: green
2020-03-05 13:36:49.259   CNC 1   INF   Streaming data to LCD
2020-03-05 13:36:49.259   CNC 1   INF   Data streamed
2020-03-05 13:36:59.535   CNC 1   INF   Workplace color: green
2020-03-05 13:36:59.535   CNC 1   INF   Streaming data to LCD
2020-03-05 13:36:59.535   CNC 1   INF   Data streamed
2020-03-05 13:37:09.792   CNC 1   INF   Workplace color: green
2020-03-05 13:37:09.792   CNC 1   INF   Streaming data to LCD
2020-03-05 13:37:09.792   CNC 1   INF   Data streamed
2020-03-05 13:37:20.099   CNC 1   INF   Workplace color: green
2020-03-05 13:37:20.099   CNC 1   INF   Streaming data to LCD
2020-03-05 13:37:20.099   CNC 1   INF   Data streamed
2020-03-05 13:37:30.461   CNC 1   INF   Workplace color: green
2020-03-05 13:37:30.461   CNC 1   INF   Streaming data to LCD
2020-03-05 13:37:30.461   CNC 1   INF   Data streamed
2020-03-05 13:37:40.739   CNC 1   INF   Workplace color: green
2020-03-05 13:37:40.740   CNC 1   INF   Streaming data to LCD
2020-03-05 13:37:40.740   CNC 1   INF   Data streamed
2020-03-05 13:37:51.051   CNC 1   INF   Workplace color: green
2020-03-05 13:37:51.051   CNC 1   INF   Streaming data to LCD
2020-03-05 13:37:51.051   CNC 1   INF   Data streamed
2020-03-05 13:38:01.383   CNC 1   INF   Workplace color: green
2020-03-05 13:38:01.384   CNC 1   INF   Streaming data to LCD
2020-03-05 13:38:01.384   CNC 1   INF   Data streamed
2020-03-05 13:38:11.701   CNC 1   INF   Workplace color: green
2020-03-05 13:38:11.701   CNC 1   INF   Streaming data to LCD
2020-03-05 13:38:11.701   CNC 1   INF   Data streamed
2020-03-05 13:38:21.990   CNC 1   INF   Workplace color: green
2020-03-05 13:38:21.990   CNC 1   INF   Streaming data to LCD
2020-03-05 13:38:21.990   CNC 1   INF   Data streamed
2020-03-05 13:38:32.306   CNC 1   INF   Workplace color: green
2020-03-05 13:38:32.306   CNC 1   INF   Streaming data to LCD
2020-03-05 13:38:32.306   CNC 1   INF   Data streamed
2020-03-05 13:38:42.617   CNC 1   INF   Workplace color: green
2020-03-05 13:38:42.617   CNC 1   INF   Streaming data to LCD
2020-03-05 13:38:42.617   CNC 1   INF   Data streamed
2020-03-05 13:38:52.938   CNC 1   INF   Workplace color: green
2020-03-05 13:38:52.939   CNC 1   INF   Streaming data to LCD
2020-03-05 13:38:52.939   CNC 1   INF   Data streamed
2020-03-05 13:39:03.268   CNC 1   INF   Workplace color: green
2020-03-05 13:39:03.268   CNC 1   INF   Streaming data to LCD
2020-03-05 13:39:03.268   CNC 1   INF   Data streamed
2020-03-05 13:39:13.822   CNC 1   INF   Workplace color: green
2020-03-05 13:39:13.822   CNC 1   INF   Streaming data to LCD
2020-03-05 13:39:13.822   CNC 1   INF   Data streamed
2020-03-05 13:39:24.224   CNC 1   INF   Workplace color: green
2020-03-05 13:39:24.224   CNC 1   INF   Streaming data to LCD
2020-03-05 13:39:24.224   CNC 1   INF   Data streamed
2020-03-05 13:39:34.560   CNC 1   INF   Workplace color: green
2020-03-05 13:39:34.560   CNC 1   INF   Streaming data to LCD
2020-03-05 13:39:34.560   CNC 1   INF   Data streamed
2020-03-05 13:39:44.878   CNC 1   INF   Workplace color: green
2020-03-05 13:39:44.878   CNC 1   INF   Streaming data to LCD
2020-03-05 13:39:44.878   CNC 1   INF   Data streamed
2020-03-05 13:39:55.194   CNC 1   INF   Workplace color: green
2020-03-05 13:39:55.194   CNC 1   INF   Streaming data to LCD
2020-03-05 13:39:55.194   CNC 1   INF   Data streamed
2020-03-05 13:40:05.468   CNC 1   INF   Workplace color: green
2020-03-05 13:40:05.469   CNC 1   INF   Streaming data to LCD
2020-03-05 13:40:05.469   CNC 1   INF   Data streamed
2020-03-05 13:40:15.758   CNC 1   INF   Workplace color: green
2020-03-05 13:40:15.758   CNC 1   INF   Streaming data to LCD
2020-03-05 13:40:15.759   CNC 1   INF   Data streamed
2020-03-05 13:40:26.067   CNC 1   INF   Workplace color: green
2020-03-05 13:40:26.067   CNC 1   INF   Streaming data to LCD
2020-03-05 13:40:26.067   CNC 1   INF   Data streamed
2020-03-05 13:40:36.382   CNC 1   INF   Workplace color: green
2020-03-05 13:40:36.383   CNC 1   INF   Streaming data to LCD
2020-03-05 13:40:36.383   CNC 1   INF   Data streamed
2020-03-05 13:40:46.686   CNC 1   INF   Workplace color: green
2020-03-05 13:40:46.686   CNC 1   INF   Streaming data to LCD
2020-03-05 13:40:46.686   CNC 1   INF   Data streamed
2020-03-05 13:40:56.968   CNC 1   INF   Workplace color: green
2020-03-05 13:40:56.968   CNC 1   INF   Streaming data to LCD
2020-03-05 13:40:56.969   CNC 1   INF   Data streamed
2020-03-05 13:41:07.263   CNC 1   INF   Workplace color: green
2020-03-05 13:41:07.264   CNC 1   INF   Streaming data to LCD
2020-03-05 13:41:07.264   CNC 1   INF   Data streamed
2020-03-05 13:41:17.525   CNC 1   INF   Workplace color: green
2020-03-05 13:41:17.525   CNC 1   INF   Streaming data to LCD
2020-03-05 13:41:17.526   CNC 1   INF   Data streamed
2020-03-05 13:41:27.841   CNC 1   INF   Workplace color: green
2020-03-05 13:41:27.841   CNC 1   INF   Streaming data to LCD
2020-03-05 13:41:27.841   CNC 1   INF   Data streamed
2020-03-05 13:44:08.196   CNC 1   INF   Workplace color: green
2020-03-05 13:44:08.197   CNC 1   INF   Streaming data to LCD
2020-03-05 13:44:08.197   CNC 1   INF   Data streamed
2020-03-05 13:44:18.445   CNC 1   INF   Workplace color: green
2020-03-05 13:44:18.445   CNC 1   INF   Streaming data to LCD
2020-03-05 13:44:18.445   CNC 1   INF   Data streamed
2020-03-05 13:44:28.841   CNC 1   INF   Workplace color: green
2020-03-05 13:44:28.841   CNC 1   INF   Streaming data to LCD
2020-03-05 13:44:28.841   CNC 1   INF   Data streamed
2020-03-05 13:44:39.138   CNC 1   INF   Workplace color: green
2020-03-05 13:44:39.138   CNC 1   INF   Streaming data to LCD
2020-03-05 13:44:39.138   CNC 1   INF   Data streamed
2020-03-05 13:44:49.409   CNC 1   INF   Workplace color: green
2020-03-05 13:44:49.409   CNC 1   INF   Streaming data to LCD
2020-03-05 13:44:49.409   CNC 1   INF   Data streamed
2020-03-05 13:44:59.723   CNC 1   INF   Workplace color: green
2020-03-05 13:44:59.723   CNC 1   INF   Streaming data to LCD
2020-03-05 13:44:59.723   CNC 1   INF   Data streamed
2020-03-05 13:45:10.031   CNC 1   INF   Workplace color: green
2020-03-05 13:45:10.031   CNC 1   INF   Streaming data to LCD
2020-03-05 13:45:10.031   CNC 1   INF   Data streamed
2020-03-05 13:45:20.425   CNC 1   INF   Workplace color: green
2020-03-05 13:45:20.425   CNC 1   INF   Streaming data to LCD
2020-03-05 13:45:20.425   CNC 1   INF   Data streamed
2020-03-05 13:45:30.688   CNC 1   INF   Workplace color: green
2020-03-05 13:45:30.688   CNC 1   INF   Streaming data to LCD
2020-03-05 13:45:30.688   CNC 1   INF   Data streamed
2020-03-05 13:45:41.002   CNC 1   INF   Workplace color: green
2020-03-05 13:45:41.003   CNC 1   INF   Streaming data to LCD
2020-03-05 13:45:41.003   CNC 1   INF   Data streamed
2020-03-05 13:45:51.289   CNC 1   INF   Workplace color: green
2020-03-05 13:45:51.289   CNC 1   INF   Streaming data to LCD
2020-03-05 13:45:51.289   CNC 1   INF   Data streamed
2020-03-05 13:46:01.511   CNC 1   INF   Workplace color: green
2020-03-05 13:46:01.511   CNC 1   INF   Streaming data to LCD
2020-03-05 13:46:01.511   CNC 1   INF   Data streamed
2020-03-05 13:46:11.908   CNC 1   INF   Workplace color: green
2020-03-05 13:46:11.908   CNC 1   INF   Streaming data to LCD
2020-03-05 13:46:11.908   CNC 1   INF   Data streamed
2020-03-05 13:46:22.346   CNC 1   INF   Workplace color: green
2020-03-05 13:46:22.346   CNC 1   INF   Streaming data to LCD
2020-03-05 13:46:22.346   CNC 1   INF   Data streamed
2020-03-05 13:46:32.832   CNC 1   INF   Workplace color: green
2020-03-05 13:46:32.833   CNC 1   INF   Streaming data to LCD
2020-03-05 13:46:32.833   CNC 1   INF   Data streamed
2020-03-05 13:46:43.177   CNC 1   INF   Workplace color: green
2020-03-05 13:46:43.177   CNC 1   INF   Streaming data to LCD
2020-03-05 13:46:43.177   CNC 1   INF   Data streamed
2020-03-05 13:46:53.457   CNC 1   INF   Workplace color: green
2020-03-05 13:46:53.458   CNC 1   INF   Streaming data to LCD
2020-03-05 13:46:53.458   CNC 1   INF   Data streamed
2020-03-05 13:47:03.749   CNC 1   INF   Workplace color: green
2020-03-05 13:47:03.749   CNC 1   INF   Streaming data to LCD
2020-03-05 13:47:03.749   CNC 1   INF   Data streamed
2020-03-05 13:47:13.954   CNC 1   INF   Workplace color: green
2020-03-05 13:47:13.954   CNC 1   INF   Streaming data to LCD
2020-03-05 13:47:13.954   CNC 1   INF   Data streamed
2020-03-05 13:47:24.152   CNC 1   INF   Workplace color: green
2020-03-05 13:47:24.152   CNC 1   INF   Streaming data to LCD
2020-03-05 13:47:24.152   CNC 1   INF   Data streamed
2020-03-05 13:47:34.382   CNC 1   INF   Workplace color: green
2020-03-05 13:47:34.382   CNC 1   INF   Streaming data to LCD
2020-03-05 13:47:34.382   CNC 1   INF   Data streamed
2020-03-05 13:47:44.592   CNC 1   INF   Workplace color: green
2020-03-05 13:47:44.592   CNC 1   INF   Streaming data to LCD
2020-03-05 13:47:44.592   CNC 1   INF   Data streamed
2020-03-05 13:47:54.910   CNC 1   INF   Workplace color: green
2020-03-05 13:47:54.910   CNC 1   INF   Streaming data to LCD
2020-03-05 13:47:54.910   CNC 1   INF   Data streamed
2020-03-05 13:48:05.233   CNC 1   INF   Workplace color: green
2020-03-05 13:48:05.233   CNC 1   INF   Streaming data to LCD
2020-03-05 13:48:05.233   CNC 1   INF   Data streamed
2020-03-05 13:48:15.532   CNC 1   INF   Workplace color: green
2020-03-05 13:48:15.532   CNC 1   INF   Streaming data to LCD
2020-03-05 13:48:15.532   CNC 1   INF   Data streamed
2020-03-05 13:48:25.852   CNC 1   INF   Workplace color: green
2020-03-05 13:48:25.852   CNC 1   INF   Streaming data to LCD
2020-03-05 13:48:25.853   CNC 1   INF   Data streamed
2020-03-05 13:48:36.406   CNC 1   INF   Workplace color: green
2020-03-05 13:48:36.406   CNC 1   INF   Streaming data to LCD
2020-03-05 13:48:36.406   CNC 1   INF   Data streamed
2020-03-05 13:48:43.838   CNC 1   INF   Workplace color: green
2020-03-05 13:48:43.839   CNC 1   INF   Streaming data to LCD
2020-03-05 13:48:43.839   CNC 1   INF   Data streamed
2020-03-05 13:48:52.597   CNC 1   INF   Workplace color: green
2020-03-05 13:48:52.597   CNC 1   INF   Streaming data to LCD
2020-03-05 13:48:52.597   CNC 1   INF   Data streamed
2020-03-05 13:49:02.905   CNC 1   INF   Workplace color: green
2020-03-05 13:49:02.905   CNC 1   INF   Streaming data to LCD
2020-03-05 13:49:02.905   CNC 1   INF   Data streamed
2020-03-05 13:49:13.121   CNC 1   INF   Workplace color: green
2020-03-05 13:49:13.121   CNC 1   INF   Streaming data to LCD
2020-03-05 13:49:13.121   CNC 1   INF   Data streamed
2020-03-05 13:49:23.353   CNC 1   INF   Workplace color: green
2020-03-05 13:49:23.353   CNC 1   INF   Streaming data to LCD
2020-03-05 13:49:23.353   CNC 1   INF   Data streamed
2020-03-05 13:49:33.713   CNC 1   INF   Workplace color: green
2020-03-05 13:49:33.714   CNC 1   INF   Streaming data to LCD
2020-03-05 13:49:33.714   CNC 1   INF   Data streamed
2020-03-05 13:49:44.202   CNC 1   INF   Workplace color: green
2020-03-05 13:49:44.202   CNC 1   INF   Streaming data to LCD
2020-03-05 13:49:44.202   CNC 1   INF   Data streamed
2020-03-05 13:49:54.847   CNC 1   INF   Workplace color: green
2020-03-05 13:49:54.848   CNC 1   INF   Streaming data to LCD
2020-03-05 13:49:54.848   CNC 1   INF   Data streamed
2020-03-05 13:50:05.401   CNC 1   INF   Workplace color: green
2020-03-05 13:50:05.401   CNC 1   INF   Streaming data to LCD
2020-03-05 13:50:05.401   CNC 1   INF   Data streamed
2020-03-05 13:50:17.572   CNC 1   INF   Workplace color: green, order: Internal, downtime: , user:  
2020-03-05 13:50:17.572   CNC 1   INF   Streaming data to LCD
2020-03-05 13:50:17.572   CNC 1   INF   Data streamed
2020-03-05 13:50:27.906   CNC 1   INF   Workplace color: green, order: Internal, downtime: , user:  
2020-03-05 13:50:27.907   CNC 1   INF   Streaming data to LCD
2020-03-05 13:50:27.907   CNC 1   INF   Data streamed
2020-03-05 13:50:38.177   CNC 1   INF   Workplace color: green, order: Internal, downtime: , user:  
2020-03-05 13:50:38.177   CNC 1   INF   Streaming data to LCD
2020-03-05 13:50:38.177   CNC 1   INF   Data streamed
2020-03-05 13:50:48.512   CNC 1   INF   Workplace color: green, order: Internal, downtime: , user:  
2020-03-05 13:50:48.512   CNC 1   INF   Streaming data to LCD
2020-03-05 13:50:48.512   CNC 1   INF   Data streamed
2020-03-05 13:50:58.932   CNC 1   INF   Workplace color: green, order: Internal, downtime: , user:  
2020-03-05 13:50:58.932   CNC 1   INF   Streaming data to LCD
2020-03-05 13:50:58.932   CNC 1   INF   Data streamed
2020-03-05 13:51:09.331   CNC 1   INF   Workplace color: green, order: Internal, downtime: , user:  
2020-03-05 13:51:09.331   CNC 1   INF   Streaming data to LCD
2020-03-05 13:51:09.331   CNC 1   INF   Data streamed
2020-03-05 13:51:19.684   CNC 1   INF   Workplace color: green, order: Internal, downtime: , user:  
2020-03-05 13:51:19.684   CNC 1   INF   Streaming data to LCD
2020-03-05 13:51:19.684   CNC 1   INF   Data streamed
2020-03-05 13:51:30.026   CNC 1   INF   Workplace color: green, order: Internal, downtime: , user:  
2020-03-05 13:51:30.026   CNC 1   INF   Streaming data to LCD
2020-03-05 13:51:30.026   CNC 1   INF   Data streamed
2020-03-05 13:51:40.473   CNC 1   INF   Workplace color: green, order: Internal, downtime: , user:  
2020-03-05 13:51:40.473   CNC 1   INF   Streaming data to LCD
2020-03-05 13:51:40.473   CNC 1   INF   Data streamed
2020-03-05 13:51:51.058   CNC 1   INF   Workplace color: green, order: Internal, downtime: , user:  
2020-03-05 13:51:51.058   CNC 1   INF   Streaming data to LCD
2020-03-05 13:51:51.058   CNC 1   INF   Data streamed
2020-03-05 13:52:01.593   CNC 1   INF   Workplace color: red, order: , downtime: , user: 
2020-03-05 13:52:01.593   CNC 1   INF   Streaming data to LCD
2020-03-05 13:52:01.593   CNC 1   INF   Data streamed
2020-03-05 13:52:11.989   CNC 1   INF   Workplace color: red, order: , downtime: , user: 
2020-03-05 13:52:11.989   CNC 1   INF   Streaming data to LCD
2020-03-05 13:52:11.989   CNC 1   INF   Data streamed
2020-03-05 13:52:22.338   CNC 1   INF   Workplace color: red, order: , downtime: , user: 
2020-03-05 13:52:22.339   CNC 1   INF   Streaming data to LCD
2020-03-05 13:52:22.339   CNC 1   INF   Data streamed
