2020-03-05 12:46:06.688   CNC 12   INF   Workplace color: yellow
2020-03-05 12:46:06.688   CNC 12   INF   Streaming data to LCD
2020-03-05 12:46:06.688   CNC 12   INF   Data streamed
2020-03-05 13:01:44.550   CNC 12   INF   Workplace color: yellow
2020-03-05 13:01:44.550   CNC 12   INF   Streaming data to LCD
2020-03-05 13:01:44.550   CNC 12   INF   Data streamed
2020-03-05 13:01:54.752   CNC 12   INF   Workplace color: yellow
2020-03-05 13:01:54.752   CNC 12   INF   Streaming data to LCD
2020-03-05 13:01:54.752   CNC 12   INF   Data streamed
2020-03-05 13:02:04.903   CNC 12   INF   Workplace color: yellow
2020-03-05 13:02:04.903   CNC 12   INF   Streaming data to LCD
2020-03-05 13:02:04.903   CNC 12   INF   Data streamed
2020-03-05 13:02:15.049   CNC 12   INF   Workplace color: yellow
2020-03-05 13:02:15.049   CNC 12   INF   Streaming data to LCD
2020-03-05 13:02:15.049   CNC 12   INF   Data streamed
2020-03-05 13:02:25.183   CNC 12   INF   Workplace color: yellow
2020-03-05 13:02:25.183   CNC 12   INF   Streaming data to LCD
2020-03-05 13:02:25.183   CNC 12   INF   Data streamed
2020-03-05 13:02:35.328   CNC 12   INF   Workplace color: yellow
2020-03-05 13:02:35.328   CNC 12   INF   Streaming data to LCD
2020-03-05 13:02:35.328   CNC 12   INF   Data streamed
2020-03-05 13:02:45.491   CNC 12   INF   Workplace color: yellow
2020-03-05 13:02:45.491   CNC 12   INF   Streaming data to LCD
2020-03-05 13:02:45.491   CNC 12   INF   Data streamed
2020-03-05 13:02:55.637   CNC 12   INF   Workplace color: yellow
2020-03-05 13:02:55.637   CNC 12   INF   Streaming data to LCD
2020-03-05 13:02:55.637   CNC 12   INF   Data streamed
2020-03-05 13:03:05.772   CNC 12   INF   Workplace color: yellow
2020-03-05 13:03:05.772   CNC 12   INF   Streaming data to LCD
2020-03-05 13:03:05.772   CNC 12   INF   Data streamed
2020-03-05 13:03:15.915   CNC 12   INF   Workplace color: yellow
2020-03-05 13:03:15.915   CNC 12   INF   Streaming data to LCD
2020-03-05 13:03:15.915   CNC 12   INF   Data streamed
2020-03-05 13:03:26.050   CNC 12   INF   Workplace color: yellow
2020-03-05 13:03:26.050   CNC 12   INF   Streaming data to LCD
2020-03-05 13:03:26.050   CNC 12   INF   Data streamed
2020-03-05 13:03:36.193   CNC 12   INF   Workplace color: yellow
2020-03-05 13:03:36.193   CNC 12   INF   Streaming data to LCD
2020-03-05 13:03:36.193   CNC 12   INF   Data streamed
2020-03-05 13:03:46.321   CNC 12   INF   Workplace color: yellow
2020-03-05 13:03:46.321   CNC 12   INF   Streaming data to LCD
2020-03-05 13:03:46.322   CNC 12   INF   Data streamed
2020-03-05 13:03:56.459   CNC 12   INF   Workplace color: yellow
2020-03-05 13:03:56.459   CNC 12   INF   Streaming data to LCD
2020-03-05 13:03:56.459   CNC 12   INF   Data streamed
2020-03-05 13:04:06.660   CNC 12   INF   Workplace color: yellow
2020-03-05 13:04:06.660   CNC 12   INF   Streaming data to LCD
2020-03-05 13:04:06.660   CNC 12   INF   Data streamed
2020-03-05 13:04:12.459   CNC 12   INF   Workplace color: orange
2020-03-05 13:04:12.459   CNC 12   INF   Streaming data to LCD
2020-03-05 13:04:12.459   CNC 12   INF   Data streamed
2020-03-05 13:04:22.661   CNC 12   INF   Workplace color: orange
2020-03-05 13:04:22.661   CNC 12   INF   Streaming data to LCD
2020-03-05 13:04:22.661   CNC 12   INF   Data streamed
2020-03-05 13:04:32.846   CNC 12   INF   Workplace color: orange
2020-03-05 13:04:32.847   CNC 12   INF   Streaming data to LCD
2020-03-05 13:04:32.847   CNC 12   INF   Data streamed
2020-03-05 13:04:43.172   CNC 12   INF   Workplace color: orange
2020-03-05 13:04:43.173   CNC 12   INF   Streaming data to LCD
2020-03-05 13:04:43.173   CNC 12   INF   Data streamed
2020-03-05 13:04:53.332   CNC 12   INF   Workplace color: orange
2020-03-05 13:04:53.332   CNC 12   INF   Streaming data to LCD
2020-03-05 13:04:53.332   CNC 12   INF   Data streamed
2020-03-05 13:08:21.195   CNC 12   INF   Workplace color: orange
2020-03-05 13:08:21.196   CNC 12   INF   Streaming data to LCD
2020-03-05 13:08:21.196   CNC 12   INF   Data streamed
2020-03-05 13:08:31.554   CNC 12   INF   Workplace color: orange
2020-03-05 13:08:31.554   CNC 12   INF   Streaming data to LCD
2020-03-05 13:08:31.554   CNC 12   INF   Data streamed
2020-03-05 13:08:41.767   CNC 12   INF   Workplace color: orange
2020-03-05 13:08:41.767   CNC 12   INF   Streaming data to LCD
2020-03-05 13:08:41.767   CNC 12   INF   Data streamed
2020-03-05 13:09:06.198   CNC 12   INF   Workplace color: orange
2020-03-05 13:09:06.199   CNC 12   INF   Streaming data to LCD
2020-03-05 13:09:06.199   CNC 12   INF   Data streamed
2020-03-05 13:09:16.578   CNC 12   INF   Workplace color: orange
2020-03-05 13:09:16.578   CNC 12   INF   Streaming data to LCD
2020-03-05 13:09:16.578   CNC 12   INF   Data streamed
2020-03-05 13:09:27.356   CNC 12   INF   Workplace color: orange
2020-03-05 13:09:27.356   CNC 12   INF   Streaming data to LCD
2020-03-05 13:09:27.356   CNC 12   INF   Data streamed
2020-03-05 13:09:37.636   CNC 12   INF   Workplace color: orange
2020-03-05 13:09:37.636   CNC 12   INF   Streaming data to LCD
2020-03-05 13:09:37.636   CNC 12   INF   Data streamed
2020-03-05 13:09:47.870   CNC 12   INF   Workplace color: orange
2020-03-05 13:09:47.870   CNC 12   INF   Streaming data to LCD
2020-03-05 13:09:47.870   CNC 12   INF   Data streamed
2020-03-05 13:09:59.298   CNC 12   INF   Workplace color: orange
2020-03-05 13:09:59.298   CNC 12   INF   Streaming data to LCD
2020-03-05 13:09:59.298   CNC 12   INF   Data streamed
2020-03-05 13:10:30.268   CNC 12   INF   Workplace color: orange
2020-03-05 13:10:30.268   CNC 12   INF   Streaming data to LCD
2020-03-05 13:10:30.269   CNC 12   INF   Data streamed
2020-03-05 13:10:56.074   CNC 12   INF   Workplace color: orange
2020-03-05 13:10:56.075   CNC 12   INF   Streaming data to LCD
2020-03-05 13:10:56.075   CNC 12   INF   Data streamed
2020-03-05 13:11:19.604   CNC 12   INF   Workplace color: orange
2020-03-05 13:11:19.604   CNC 12   INF   Streaming data to LCD
2020-03-05 13:11:19.605   CNC 12   INF   Data streamed
2020-03-05 13:22:39.627   CNC 12   INF   Workplace color: orange
2020-03-05 13:22:39.627   CNC 12   INF   Streaming data to LCD
2020-03-05 13:22:39.627   CNC 12   INF   Data streamed
2020-03-05 13:22:49.832   CNC 12   INF   Workplace color: orange
2020-03-05 13:22:49.832   CNC 12   INF   Streaming data to LCD
2020-03-05 13:22:49.832   CNC 12   INF   Data streamed
2020-03-05 13:23:00.038   CNC 12   INF   Workplace color: orange
2020-03-05 13:23:00.038   CNC 12   INF   Streaming data to LCD
2020-03-05 13:23:00.038   CNC 12   INF   Data streamed
2020-03-05 13:23:10.329   CNC 12   INF   Workplace color: orange
2020-03-05 13:23:10.329   CNC 12   INF   Streaming data to LCD
2020-03-05 13:23:10.329   CNC 12   INF   Data streamed
2020-03-05 13:23:20.563   CNC 12   INF   Workplace color: orange
2020-03-05 13:23:20.563   CNC 12   INF   Streaming data to LCD
2020-03-05 13:23:20.563   CNC 12   INF   Data streamed
2020-03-05 13:23:30.907   CNC 12   INF   Workplace color: orange
2020-03-05 13:23:30.907   CNC 12   INF   Streaming data to LCD
2020-03-05 13:23:30.907   CNC 12   INF   Data streamed
2020-03-05 13:23:41.295   CNC 12   INF   Workplace color: orange
2020-03-05 13:23:41.296   CNC 12   INF   Streaming data to LCD
2020-03-05 13:23:41.296   CNC 12   INF   Data streamed
2020-03-05 13:23:51.602   CNC 12   INF   Workplace color: orange
2020-03-05 13:23:51.602   CNC 12   INF   Streaming data to LCD
2020-03-05 13:23:51.602   CNC 12   INF   Data streamed
2020-03-05 13:24:01.921   CNC 12   INF   Workplace color: orange
2020-03-05 13:24:01.921   CNC 12   INF   Streaming data to LCD
2020-03-05 13:24:01.921   CNC 12   INF   Data streamed
2020-03-05 13:24:12.261   CNC 12   INF   Workplace color: orange
2020-03-05 13:24:12.261   CNC 12   INF   Streaming data to LCD
2020-03-05 13:24:12.262   CNC 12   INF   Data streamed
2020-03-05 13:24:22.547   CNC 12   INF   Workplace color: orange
2020-03-05 13:24:22.547   CNC 12   INF   Streaming data to LCD
2020-03-05 13:24:22.547   CNC 12   INF   Data streamed
2020-03-05 13:24:32.780   CNC 12   INF   Workplace color: orange
2020-03-05 13:24:32.780   CNC 12   INF   Streaming data to LCD
2020-03-05 13:24:32.780   CNC 12   INF   Data streamed
2020-03-05 13:24:43.080   CNC 12   INF   Workplace color: orange
2020-03-05 13:24:43.081   CNC 12   INF   Streaming data to LCD
2020-03-05 13:24:43.081   CNC 12   INF   Data streamed
2020-03-05 13:24:54.070   CNC 12   INF   Workplace color: orange
2020-03-05 13:24:54.070   CNC 12   INF   Streaming data to LCD
2020-03-05 13:24:54.070   CNC 12   INF   Data streamed
2020-03-05 13:25:04.512   CNC 12   INF   Workplace color: orange
2020-03-05 13:25:04.512   CNC 12   INF   Streaming data to LCD
2020-03-05 13:25:04.512   CNC 12   INF   Data streamed
2020-03-05 13:25:14.939   CNC 12   INF   Workplace color: orange
2020-03-05 13:25:14.939   CNC 12   INF   Streaming data to LCD
2020-03-05 13:25:14.939   CNC 12   INF   Data streamed
2020-03-05 13:25:25.191   CNC 12   INF   Workplace color: orange
2020-03-05 13:25:25.191   CNC 12   INF   Streaming data to LCD
2020-03-05 13:25:25.191   CNC 12   INF   Data streamed
2020-03-05 13:25:35.403   CNC 12   INF   Workplace color: orange
2020-03-05 13:25:35.403   CNC 12   INF   Streaming data to LCD
2020-03-05 13:25:35.403   CNC 12   INF   Data streamed
2020-03-05 13:25:45.738   CNC 12   INF   Workplace color: orange
2020-03-05 13:25:45.738   CNC 12   INF   Streaming data to LCD
2020-03-05 13:25:45.738   CNC 12   INF   Data streamed
2020-03-05 13:25:56.097   CNC 12   INF   Workplace color: orange
2020-03-05 13:25:56.097   CNC 12   INF   Streaming data to LCD
2020-03-05 13:25:56.097   CNC 12   INF   Data streamed
2020-03-05 13:26:06.463   CNC 12   INF   Workplace color: orange
2020-03-05 13:26:06.464   CNC 12   INF   Streaming data to LCD
2020-03-05 13:26:06.464   CNC 12   INF   Data streamed
2020-03-05 13:26:16.773   CNC 12   INF   Workplace color: orange
2020-03-05 13:26:16.773   CNC 12   INF   Streaming data to LCD
2020-03-05 13:26:16.773   CNC 12   INF   Data streamed
2020-03-05 13:26:27.095   CNC 12   INF   Workplace color: orange
2020-03-05 13:26:27.095   CNC 12   INF   Streaming data to LCD
2020-03-05 13:26:27.095   CNC 12   INF   Data streamed
2020-03-05 13:26:37.467   CNC 12   INF   Workplace color: orange
2020-03-05 13:26:37.467   CNC 12   INF   Streaming data to LCD
2020-03-05 13:26:37.467   CNC 12   INF   Data streamed
2020-03-05 13:26:43.372   CNC 12   INF   Workplace color: orange
2020-03-05 13:26:43.372   CNC 12   INF   Streaming data to LCD
2020-03-05 13:26:43.372   CNC 12   INF   Data streamed
2020-03-05 13:26:53.909   CNC 12   INF   Workplace color: orange
2020-03-05 13:26:53.909   CNC 12   INF   Streaming data to LCD
2020-03-05 13:26:53.909   CNC 12   INF   Data streamed
2020-03-05 13:27:04.120   CNC 12   INF   Workplace color: orange
2020-03-05 13:27:04.120   CNC 12   INF   Streaming data to LCD
2020-03-05 13:27:04.120   CNC 12   INF   Data streamed
2020-03-05 13:27:14.391   CNC 12   INF   Workplace color: orange
2020-03-05 13:27:14.391   CNC 12   INF   Streaming data to LCD
2020-03-05 13:27:14.391   CNC 12   INF   Data streamed
2020-03-05 13:27:24.749   CNC 12   INF   Workplace color: orange
2020-03-05 13:27:24.749   CNC 12   INF   Streaming data to LCD
2020-03-05 13:27:24.749   CNC 12   INF   Data streamed
2020-03-05 13:27:35.611   CNC 12   INF   Workplace color: orange
2020-03-05 13:27:35.611   CNC 12   INF   Streaming data to LCD
2020-03-05 13:27:35.611   CNC 12   INF   Data streamed
2020-03-05 13:27:46.145   CNC 12   INF   Workplace color: orange
2020-03-05 13:27:46.145   CNC 12   INF   Streaming data to LCD
2020-03-05 13:27:46.145   CNC 12   INF   Data streamed
2020-03-05 13:27:56.054   CNC 12   INF   Workplace color: orange
2020-03-05 13:27:56.055   CNC 12   INF   Streaming data to LCD
2020-03-05 13:27:56.055   CNC 12   INF   Data streamed
2020-03-05 13:28:06.383   CNC 12   INF   Workplace color: orange
2020-03-05 13:28:06.384   CNC 12   INF   Streaming data to LCD
2020-03-05 13:28:06.384   CNC 12   INF   Data streamed
2020-03-05 13:28:16.633   CNC 12   INF   Workplace color: orange
2020-03-05 13:28:16.633   CNC 12   INF   Streaming data to LCD
2020-03-05 13:28:16.633   CNC 12   INF   Data streamed
2020-03-05 13:28:26.836   CNC 12   INF   Workplace color: orange
2020-03-05 13:28:26.836   CNC 12   INF   Streaming data to LCD
2020-03-05 13:28:26.836   CNC 12   INF   Data streamed
2020-03-05 13:28:37.089   CNC 12   INF   Workplace color: orange
2020-03-05 13:28:37.089   CNC 12   INF   Streaming data to LCD
2020-03-05 13:28:37.089   CNC 12   INF   Data streamed
2020-03-05 13:28:47.432   CNC 12   INF   Workplace color: orange
2020-03-05 13:28:47.432   CNC 12   INF   Streaming data to LCD
2020-03-05 13:28:47.433   CNC 12   INF   Data streamed
2020-03-05 13:28:57.755   CNC 12   INF   Workplace color: orange
2020-03-05 13:28:57.755   CNC 12   INF   Streaming data to LCD
2020-03-05 13:28:57.755   CNC 12   INF   Data streamed
2020-03-05 13:29:31.635   CNC 12   INF   Workplace color: orange
2020-03-05 13:29:31.635   CNC 12   INF   Streaming data to LCD
2020-03-05 13:29:31.635   CNC 12   INF   Data streamed
2020-03-05 13:29:41.798   CNC 12   INF   Workplace color: orange
2020-03-05 13:29:41.798   CNC 12   INF   Streaming data to LCD
2020-03-05 13:29:41.799   CNC 12   INF   Data streamed
2020-03-05 13:29:52.057   CNC 12   INF   Workplace color: orange
2020-03-05 13:29:52.057   CNC 12   INF   Streaming data to LCD
2020-03-05 13:29:52.057   CNC 12   INF   Data streamed
2020-03-05 13:30:02.303   CNC 12   INF   Workplace color: orange
2020-03-05 13:30:02.303   CNC 12   INF   Streaming data to LCD
2020-03-05 13:30:02.303   CNC 12   INF   Data streamed
2020-03-05 13:30:12.520   CNC 12   INF   Workplace color: orange
2020-03-05 13:30:12.520   CNC 12   INF   Streaming data to LCD
2020-03-05 13:30:12.520   CNC 12   INF   Data streamed
2020-03-05 13:30:22.810   CNC 12   INF   Workplace color: orange
2020-03-05 13:30:22.810   CNC 12   INF   Streaming data to LCD
2020-03-05 13:30:22.810   CNC 12   INF   Data streamed
2020-03-05 13:30:33.056   CNC 12   INF   Workplace color: orange
2020-03-05 13:30:33.056   CNC 12   INF   Streaming data to LCD
2020-03-05 13:30:33.056   CNC 12   INF   Data streamed
2020-03-05 13:30:43.246   CNC 12   INF   Workplace color: orange
2020-03-05 13:30:43.246   CNC 12   INF   Streaming data to LCD
2020-03-05 13:30:43.246   CNC 12   INF   Data streamed
2020-03-05 13:30:53.581   CNC 12   INF   Workplace color: orange
2020-03-05 13:30:53.581   CNC 12   INF   Streaming data to LCD
2020-03-05 13:30:53.582   CNC 12   INF   Data streamed
2020-03-05 13:31:04.009   CNC 12   INF   Workplace color: orange
2020-03-05 13:31:04.010   CNC 12   INF   Streaming data to LCD
2020-03-05 13:31:04.010   CNC 12   INF   Data streamed
2020-03-05 13:31:14.269   CNC 12   INF   Workplace color: orange
2020-03-05 13:31:14.269   CNC 12   INF   Streaming data to LCD
2020-03-05 13:31:14.269   CNC 12   INF   Data streamed
2020-03-05 13:31:24.570   CNC 12   INF   Workplace color: orange
2020-03-05 13:31:24.570   CNC 12   INF   Streaming data to LCD
2020-03-05 13:31:24.570   CNC 12   INF   Data streamed
2020-03-05 13:31:34.982   CNC 12   INF   Workplace color: orange
2020-03-05 13:31:34.982   CNC 12   INF   Streaming data to LCD
2020-03-05 13:31:34.982   CNC 12   INF   Data streamed
2020-03-05 13:31:45.280   CNC 12   INF   Workplace color: orange
2020-03-05 13:31:45.280   CNC 12   INF   Streaming data to LCD
2020-03-05 13:31:45.281   CNC 12   INF   Data streamed
2020-03-05 13:31:55.529   CNC 12   INF   Workplace color: orange
2020-03-05 13:31:55.529   CNC 12   INF   Streaming data to LCD
2020-03-05 13:31:55.529   CNC 12   INF   Data streamed
2020-03-05 13:32:05.712   CNC 12   INF   Workplace color: orange
2020-03-05 13:32:05.712   CNC 12   INF   Streaming data to LCD
2020-03-05 13:32:05.712   CNC 12   INF   Data streamed
2020-03-05 13:32:15.901   CNC 12   INF   Workplace color: orange
2020-03-05 13:32:15.901   CNC 12   INF   Streaming data to LCD
2020-03-05 13:32:15.901   CNC 12   INF   Data streamed
2020-03-05 13:32:26.104   CNC 12   INF   Workplace color: orange
2020-03-05 13:32:26.104   CNC 12   INF   Streaming data to LCD
2020-03-05 13:32:26.105   CNC 12   INF   Data streamed
2020-03-05 13:32:36.305   CNC 12   INF   Workplace color: orange
2020-03-05 13:32:36.305   CNC 12   INF   Streaming data to LCD
2020-03-05 13:32:36.305   CNC 12   INF   Data streamed
2020-03-05 13:32:46.744   CNC 12   INF   Workplace color: orange
2020-03-05 13:32:46.745   CNC 12   INF   Streaming data to LCD
2020-03-05 13:32:46.745   CNC 12   INF   Data streamed
2020-03-05 13:32:57.113   CNC 12   INF   Workplace color: orange
2020-03-05 13:32:57.114   CNC 12   INF   Streaming data to LCD
2020-03-05 13:32:57.114   CNC 12   INF   Data streamed
2020-03-05 13:33:07.387   CNC 12   INF   Workplace color: orange
2020-03-05 13:33:07.388   CNC 12   INF   Streaming data to LCD
2020-03-05 13:33:07.388   CNC 12   INF   Data streamed
2020-03-05 13:33:17.746   CNC 12   INF   Workplace color: orange
2020-03-05 13:33:17.747   CNC 12   INF   Streaming data to LCD
2020-03-05 13:33:17.747   CNC 12   INF   Data streamed
2020-03-05 13:33:28.162   CNC 12   INF   Workplace color: orange
2020-03-05 13:33:28.162   CNC 12   INF   Streaming data to LCD
2020-03-05 13:33:28.162   CNC 12   INF   Data streamed
2020-03-05 13:33:38.649   CNC 12   INF   Workplace color: orange
2020-03-05 13:33:38.649   CNC 12   INF   Streaming data to LCD
2020-03-05 13:33:38.649   CNC 12   INF   Data streamed
2020-03-05 13:33:42.103   CNC 12   INF   Workplace color: orange
2020-03-05 13:33:42.103   CNC 12   INF   Streaming data to LCD
2020-03-05 13:33:42.103   CNC 12   INF   Data streamed
2020-03-05 13:33:52.446   CNC 12   INF   Workplace color: orange
2020-03-05 13:33:52.446   CNC 12   INF   Streaming data to LCD
2020-03-05 13:33:52.446   CNC 12   INF   Data streamed
2020-03-05 13:34:02.821   CNC 12   INF   Workplace color: orange
2020-03-05 13:34:02.821   CNC 12   INF   Streaming data to LCD
2020-03-05 13:34:02.821   CNC 12   INF   Data streamed
2020-03-05 13:34:13.216   CNC 12   INF   Workplace color: orange
2020-03-05 13:34:13.217   CNC 12   INF   Streaming data to LCD
2020-03-05 13:34:13.217   CNC 12   INF   Data streamed
2020-03-05 13:34:24.023   CNC 12   INF   Workplace color: orange
2020-03-05 13:34:24.023   CNC 12   INF   Streaming data to LCD
2020-03-05 13:34:24.024   CNC 12   INF   Data streamed
2020-03-05 13:34:34.532   CNC 12   INF   Workplace color: orange
2020-03-05 13:34:34.532   CNC 12   INF   Streaming data to LCD
2020-03-05 13:34:34.533   CNC 12   INF   Data streamed
2020-03-05 13:34:45.014   CNC 12   INF   Workplace color: orange
2020-03-05 13:34:45.014   CNC 12   INF   Streaming data to LCD
2020-03-05 13:34:45.014   CNC 12   INF   Data streamed
2020-03-05 13:34:55.485   CNC 12   INF   Workplace color: orange
2020-03-05 13:34:55.485   CNC 12   INF   Streaming data to LCD
2020-03-05 13:34:55.485   CNC 12   INF   Data streamed
2020-03-05 13:35:05.772   CNC 12   INF   Workplace color: orange
2020-03-05 13:35:05.772   CNC 12   INF   Streaming data to LCD
2020-03-05 13:35:05.772   CNC 12   INF   Data streamed
2020-03-05 13:35:16.101   CNC 12   INF   Workplace color: orange
2020-03-05 13:35:16.102   CNC 12   INF   Streaming data to LCD
2020-03-05 13:35:16.102   CNC 12   INF   Data streamed
2020-03-05 13:35:26.828   CNC 12   INF   Workplace color: orange
2020-03-05 13:35:26.828   CNC 12   INF   Streaming data to LCD
2020-03-05 13:35:26.828   CNC 12   INF   Data streamed
2020-03-05 13:35:37.192   CNC 12   INF   Workplace color: orange
2020-03-05 13:35:37.192   CNC 12   INF   Streaming data to LCD
2020-03-05 13:35:37.192   CNC 12   INF   Data streamed
2020-03-05 13:35:47.474   CNC 12   INF   Workplace color: orange
2020-03-05 13:35:47.474   CNC 12   INF   Streaming data to LCD
2020-03-05 13:35:47.474   CNC 12   INF   Data streamed
2020-03-05 13:35:57.698   CNC 12   INF   Workplace color: orange
2020-03-05 13:35:57.698   CNC 12   INF   Streaming data to LCD
2020-03-05 13:35:57.698   CNC 12   INF   Data streamed
2020-03-05 13:36:08.040   CNC 12   INF   Workplace color: orange
2020-03-05 13:36:08.040   CNC 12   INF   Streaming data to LCD
2020-03-05 13:36:08.040   CNC 12   INF   Data streamed
2020-03-05 13:36:18.334   CNC 12   INF   Workplace color: orange
2020-03-05 13:36:18.334   CNC 12   INF   Streaming data to LCD
2020-03-05 13:36:18.334   CNC 12   INF   Data streamed
2020-03-05 13:36:28.627   CNC 12   INF   Workplace color: orange
2020-03-05 13:36:28.627   CNC 12   INF   Streaming data to LCD
2020-03-05 13:36:28.627   CNC 12   INF   Data streamed
2020-03-05 13:36:38.929   CNC 12   INF   Workplace color: orange
2020-03-05 13:36:38.929   CNC 12   INF   Streaming data to LCD
2020-03-05 13:36:38.929   CNC 12   INF   Data streamed
2020-03-05 13:36:49.287   CNC 12   INF   Workplace color: orange
2020-03-05 13:36:49.287   CNC 12   INF   Streaming data to LCD
2020-03-05 13:36:49.287   CNC 12   INF   Data streamed
2020-03-05 13:36:59.561   CNC 12   INF   Workplace color: orange
2020-03-05 13:36:59.561   CNC 12   INF   Streaming data to LCD
2020-03-05 13:36:59.561   CNC 12   INF   Data streamed
2020-03-05 13:37:09.820   CNC 12   INF   Workplace color: orange
2020-03-05 13:37:09.820   CNC 12   INF   Streaming data to LCD
2020-03-05 13:37:09.820   CNC 12   INF   Data streamed
2020-03-05 13:37:20.134   CNC 12   INF   Workplace color: orange
2020-03-05 13:37:20.134   CNC 12   INF   Streaming data to LCD
2020-03-05 13:37:20.134   CNC 12   INF   Data streamed
2020-03-05 13:37:30.490   CNC 12   INF   Workplace color: orange
2020-03-05 13:37:30.490   CNC 12   INF   Streaming data to LCD
2020-03-05 13:37:30.490   CNC 12   INF   Data streamed
2020-03-05 13:37:40.768   CNC 12   INF   Workplace color: orange
2020-03-05 13:37:40.768   CNC 12   INF   Streaming data to LCD
2020-03-05 13:37:40.768   CNC 12   INF   Data streamed
2020-03-05 13:37:51.082   CNC 12   INF   Workplace color: orange
2020-03-05 13:37:51.083   CNC 12   INF   Streaming data to LCD
2020-03-05 13:37:51.083   CNC 12   INF   Data streamed
2020-03-05 13:38:01.417   CNC 12   INF   Workplace color: orange
2020-03-05 13:38:01.417   CNC 12   INF   Streaming data to LCD
2020-03-05 13:38:01.417   CNC 12   INF   Data streamed
2020-03-05 13:38:11.732   CNC 12   INF   Workplace color: orange
2020-03-05 13:38:11.732   CNC 12   INF   Streaming data to LCD
2020-03-05 13:38:11.732   CNC 12   INF   Data streamed
2020-03-05 13:38:22.026   CNC 12   INF   Workplace color: orange
2020-03-05 13:38:22.027   CNC 12   INF   Streaming data to LCD
2020-03-05 13:38:22.027   CNC 12   INF   Data streamed
2020-03-05 13:38:32.337   CNC 12   INF   Workplace color: orange
2020-03-05 13:38:32.337   CNC 12   INF   Streaming data to LCD
2020-03-05 13:38:32.337   CNC 12   INF   Data streamed
2020-03-05 13:38:42.651   CNC 12   INF   Workplace color: orange
2020-03-05 13:38:42.651   CNC 12   INF   Streaming data to LCD
2020-03-05 13:38:42.651   CNC 12   INF   Data streamed
2020-03-05 13:38:52.972   CNC 12   INF   Workplace color: orange
2020-03-05 13:38:52.972   CNC 12   INF   Streaming data to LCD
2020-03-05 13:38:52.972   CNC 12   INF   Data streamed
2020-03-05 13:39:03.301   CNC 12   INF   Workplace color: orange
2020-03-05 13:39:03.301   CNC 12   INF   Streaming data to LCD
2020-03-05 13:39:03.301   CNC 12   INF   Data streamed
2020-03-05 13:39:13.872   CNC 12   INF   Workplace color: orange
2020-03-05 13:39:13.872   CNC 12   INF   Streaming data to LCD
2020-03-05 13:39:13.872   CNC 12   INF   Data streamed
2020-03-05 13:39:24.252   CNC 12   INF   Workplace color: orange
2020-03-05 13:39:24.253   CNC 12   INF   Streaming data to LCD
2020-03-05 13:39:24.253   CNC 12   INF   Data streamed
2020-03-05 13:39:34.595   CNC 12   INF   Workplace color: orange
2020-03-05 13:39:34.596   CNC 12   INF   Streaming data to LCD
2020-03-05 13:39:34.596   CNC 12   INF   Data streamed
2020-03-05 13:39:44.925   CNC 12   INF   Workplace color: orange
2020-03-05 13:39:44.925   CNC 12   INF   Streaming data to LCD
2020-03-05 13:39:44.925   CNC 12   INF   Data streamed
2020-03-05 13:39:55.216   CNC 12   INF   Workplace color: orange
2020-03-05 13:39:55.217   CNC 12   INF   Streaming data to LCD
2020-03-05 13:39:55.217   CNC 12   INF   Data streamed
2020-03-05 13:40:05.498   CNC 12   INF   Workplace color: orange
2020-03-05 13:40:05.498   CNC 12   INF   Streaming data to LCD
2020-03-05 13:40:05.498   CNC 12   INF   Data streamed
2020-03-05 13:40:15.790   CNC 12   INF   Workplace color: orange
2020-03-05 13:40:15.791   CNC 12   INF   Streaming data to LCD
2020-03-05 13:40:15.791   CNC 12   INF   Data streamed
2020-03-05 13:40:26.104   CNC 12   INF   Workplace color: orange
2020-03-05 13:40:26.104   CNC 12   INF   Streaming data to LCD
2020-03-05 13:40:26.104   CNC 12   INF   Data streamed
2020-03-05 13:40:36.411   CNC 12   INF   Workplace color: orange
2020-03-05 13:40:36.411   CNC 12   INF   Streaming data to LCD
2020-03-05 13:40:36.411   CNC 12   INF   Data streamed
2020-03-05 13:40:46.714   CNC 12   INF   Workplace color: orange
2020-03-05 13:40:46.714   CNC 12   INF   Streaming data to LCD
2020-03-05 13:40:46.714   CNC 12   INF   Data streamed
2020-03-05 13:40:57.003   CNC 12   INF   Workplace color: orange
2020-03-05 13:40:57.003   CNC 12   INF   Streaming data to LCD
2020-03-05 13:40:57.003   CNC 12   INF   Data streamed
2020-03-05 13:41:07.286   CNC 12   INF   Workplace color: orange
2020-03-05 13:41:07.286   CNC 12   INF   Streaming data to LCD
2020-03-05 13:41:07.286   CNC 12   INF   Data streamed
2020-03-05 13:41:17.565   CNC 12   INF   Workplace color: orange
2020-03-05 13:41:17.565   CNC 12   INF   Streaming data to LCD
2020-03-05 13:41:17.565   CNC 12   INF   Data streamed
2020-03-05 13:41:27.865   CNC 12   INF   Workplace color: orange
2020-03-05 13:41:27.865   CNC 12   INF   Streaming data to LCD
2020-03-05 13:41:27.865   CNC 12   INF   Data streamed
2020-03-05 13:44:08.344   CNC 12   INF   Workplace color: green
2020-03-05 13:44:08.345   CNC 12   INF   Streaming data to LCD
2020-03-05 13:44:08.345   CNC 12   INF   Data streamed
2020-03-05 13:44:18.641   CNC 12   INF   Workplace color: green
2020-03-05 13:44:18.641   CNC 12   INF   Streaming data to LCD
2020-03-05 13:44:18.641   CNC 12   INF   Data streamed
2020-03-05 13:44:29.044   CNC 12   INF   Workplace color: green
2020-03-05 13:44:29.044   CNC 12   INF   Streaming data to LCD
2020-03-05 13:44:29.045   CNC 12   INF   Data streamed
2020-03-05 13:44:39.315   CNC 12   INF   Workplace color: green
2020-03-05 13:44:39.315   CNC 12   INF   Streaming data to LCD
2020-03-05 13:44:39.315   CNC 12   INF   Data streamed
2020-03-05 13:44:49.578   CNC 12   INF   Workplace color: green
2020-03-05 13:44:49.578   CNC 12   INF   Streaming data to LCD
2020-03-05 13:44:49.578   CNC 12   INF   Data streamed
2020-03-05 13:44:59.913   CNC 12   INF   Workplace color: green
2020-03-05 13:44:59.913   CNC 12   INF   Streaming data to LCD
2020-03-05 13:44:59.914   CNC 12   INF   Data streamed
2020-03-05 13:45:10.350   CNC 12   INF   Workplace color: green
2020-03-05 13:45:10.350   CNC 12   INF   Streaming data to LCD
2020-03-05 13:45:10.350   CNC 12   INF   Data streamed
2020-03-05 13:45:20.572   CNC 12   INF   Workplace color: green
2020-03-05 13:45:20.573   CNC 12   INF   Streaming data to LCD
2020-03-05 13:45:20.573   CNC 12   INF   Data streamed
2020-03-05 13:45:30.908   CNC 12   INF   Workplace color: green
2020-03-05 13:45:30.908   CNC 12   INF   Streaming data to LCD
2020-03-05 13:45:30.908   CNC 12   INF   Data streamed
2020-03-05 13:45:41.176   CNC 12   INF   Workplace color: green
2020-03-05 13:45:41.176   CNC 12   INF   Streaming data to LCD
2020-03-05 13:45:41.176   CNC 12   INF   Data streamed
2020-03-05 13:45:51.449   CNC 12   INF   Workplace color: green
2020-03-05 13:45:51.449   CNC 12   INF   Streaming data to LCD
2020-03-05 13:45:51.449   CNC 12   INF   Data streamed
2020-03-05 13:46:01.671   CNC 12   INF   Workplace color: green
2020-03-05 13:46:01.672   CNC 12   INF   Streaming data to LCD
2020-03-05 13:46:01.672   CNC 12   INF   Data streamed
2020-03-05 13:46:12.234   CNC 12   INF   Workplace color: green
2020-03-05 13:46:12.234   CNC 12   INF   Streaming data to LCD
2020-03-05 13:46:12.234   CNC 12   INF   Data streamed
2020-03-05 13:46:22.622   CNC 12   INF   Workplace color: green
2020-03-05 13:46:22.623   CNC 12   INF   Streaming data to LCD
2020-03-05 13:46:22.623   CNC 12   INF   Data streamed
2020-03-05 13:46:33.055   CNC 12   INF   Workplace color: green
2020-03-05 13:46:33.055   CNC 12   INF   Streaming data to LCD
2020-03-05 13:46:33.056   CNC 12   INF   Data streamed
2020-03-05 13:46:43.302   CNC 12   INF   Workplace color: green
2020-03-05 13:46:43.302   CNC 12   INF   Streaming data to LCD
2020-03-05 13:46:43.302   CNC 12   INF   Data streamed
2020-03-05 13:46:53.618   CNC 12   INF   Workplace color: green
2020-03-05 13:46:53.618   CNC 12   INF   Streaming data to LCD
2020-03-05 13:46:53.619   CNC 12   INF   Data streamed
2020-03-05 13:47:03.845   CNC 12   INF   Workplace color: green
2020-03-05 13:47:03.845   CNC 12   INF   Streaming data to LCD
2020-03-05 13:47:03.845   CNC 12   INF   Data streamed
2020-03-05 13:47:14.046   CNC 12   INF   Workplace color: green
2020-03-05 13:47:14.046   CNC 12   INF   Streaming data to LCD
2020-03-05 13:47:14.046   CNC 12   INF   Data streamed
2020-03-05 13:47:24.268   CNC 12   INF   Workplace color: green
2020-03-05 13:47:24.269   CNC 12   INF   Streaming data to LCD
2020-03-05 13:47:24.269   CNC 12   INF   Data streamed
2020-03-05 13:47:34.473   CNC 12   INF   Workplace color: green
2020-03-05 13:47:34.473   CNC 12   INF   Streaming data to LCD
2020-03-05 13:47:34.473   CNC 12   INF   Data streamed
2020-03-05 13:47:44.721   CNC 12   INF   Workplace color: green
2020-03-05 13:47:44.721   CNC 12   INF   Streaming data to LCD
2020-03-05 13:47:44.721   CNC 12   INF   Data streamed
2020-03-05 13:47:55.114   CNC 12   INF   Workplace color: green
2020-03-05 13:47:55.114   CNC 12   INF   Streaming data to LCD
2020-03-05 13:47:55.114   CNC 12   INF   Data streamed
2020-03-05 13:48:05.368   CNC 12   INF   Workplace color: green
2020-03-05 13:48:05.368   CNC 12   INF   Streaming data to LCD
2020-03-05 13:48:05.368   CNC 12   INF   Data streamed
2020-03-05 13:48:15.695   CNC 12   INF   Workplace color: green
2020-03-05 13:48:15.695   CNC 12   INF   Streaming data to LCD
2020-03-05 13:48:15.695   CNC 12   INF   Data streamed
2020-03-05 13:48:26.129   CNC 12   INF   Workplace color: green
2020-03-05 13:48:26.129   CNC 12   INF   Streaming data to LCD
2020-03-05 13:48:26.129   CNC 12   INF   Data streamed
2020-03-05 13:48:36.624   CNC 12   INF   Workplace color: green
2020-03-05 13:48:36.624   CNC 12   INF   Streaming data to LCD
2020-03-05 13:48:36.624   CNC 12   INF   Data streamed
2020-03-05 13:48:44.050   CNC 12   INF   Workplace color: green
2020-03-05 13:48:44.050   CNC 12   INF   Streaming data to LCD
2020-03-05 13:48:44.050   CNC 12   INF   Data streamed
2020-03-05 13:48:52.797   CNC 12   INF   Workplace color: green
2020-03-05 13:48:52.797   CNC 12   INF   Streaming data to LCD
2020-03-05 13:48:52.798   CNC 12   INF   Data streamed
2020-03-05 13:49:03.016   CNC 12   INF   Workplace color: green
2020-03-05 13:49:03.016   CNC 12   INF   Streaming data to LCD
2020-03-05 13:49:03.016   CNC 12   INF   Data streamed
2020-03-05 13:49:13.217   CNC 12   INF   Workplace color: green
2020-03-05 13:49:13.217   CNC 12   INF   Streaming data to LCD
2020-03-05 13:49:13.217   CNC 12   INF   Data streamed
2020-03-05 13:49:23.525   CNC 12   INF   Workplace color: green
2020-03-05 13:49:23.525   CNC 12   INF   Streaming data to LCD
2020-03-05 13:49:23.525   CNC 12   INF   Data streamed
2020-03-05 13:49:33.946   CNC 12   INF   Workplace color: green
2020-03-05 13:49:33.946   CNC 12   INF   Streaming data to LCD
2020-03-05 13:49:33.946   CNC 12   INF   Data streamed
2020-03-05 13:49:44.478   CNC 12   INF   Workplace color: green
2020-03-05 13:49:44.478   CNC 12   INF   Streaming data to LCD
2020-03-05 13:49:44.478   CNC 12   INF   Data streamed
2020-03-05 13:49:55.188   CNC 12   INF   Workplace color: green
2020-03-05 13:49:55.188   CNC 12   INF   Streaming data to LCD
2020-03-05 13:49:55.188   CNC 12   INF   Data streamed
2020-03-05 13:50:05.653   CNC 12   INF   Workplace color: green
2020-03-05 13:50:05.654   CNC 12   INF   Streaming data to LCD
2020-03-05 13:50:05.654   CNC 12   INF   Data streamed
2020-03-05 13:50:17.781   CNC 12   INF   Workplace color: green, order: , downtime: , user: 
2020-03-05 13:50:17.781   CNC 12   INF   Streaming data to LCD
2020-03-05 13:50:17.781   CNC 12   INF   Data streamed
2020-03-05 13:50:28.064   CNC 12   INF   Workplace color: green, order: , downtime: , user: 
2020-03-05 13:50:28.064   CNC 12   INF   Streaming data to LCD
2020-03-05 13:50:28.064   CNC 12   INF   Data streamed
2020-03-05 13:50:38.344   CNC 12   INF   Workplace color: green, order: , downtime: , user: 
2020-03-05 13:50:38.344   CNC 12   INF   Streaming data to LCD
2020-03-05 13:50:38.344   CNC 12   INF   Data streamed
2020-03-05 13:50:48.750   CNC 12   INF   Workplace color: green, order: , downtime: , user: 
2020-03-05 13:50:48.750   CNC 12   INF   Streaming data to LCD
2020-03-05 13:50:48.750   CNC 12   INF   Data streamed
2020-03-05 13:50:59.185   CNC 12   INF   Workplace color: green, order: , downtime: , user: 
2020-03-05 13:50:59.185   CNC 12   INF   Streaming data to LCD
2020-03-05 13:50:59.185   CNC 12   INF   Data streamed
2020-03-05 13:51:09.550   CNC 12   INF   Workplace color: green, order: , downtime: , user: 
2020-03-05 13:51:09.551   CNC 12   INF   Streaming data to LCD
2020-03-05 13:51:09.551   CNC 12   INF   Data streamed
2020-03-05 13:51:19.883   CNC 12   INF   Workplace color: green, order: , downtime: , user: 
2020-03-05 13:51:19.883   CNC 12   INF   Streaming data to LCD
2020-03-05 13:51:19.883   CNC 12   INF   Data streamed
2020-03-05 13:51:30.283   CNC 12   INF   Workplace color: green, order: , downtime: , user: 
2020-03-05 13:51:30.283   CNC 12   INF   Streaming data to LCD
2020-03-05 13:51:30.283   CNC 12   INF   Data streamed
2020-03-05 13:51:40.830   CNC 12   INF   Workplace color: green, order: , downtime: , user: 
2020-03-05 13:51:40.830   CNC 12   INF   Streaming data to LCD
2020-03-05 13:51:40.830   CNC 12   INF   Data streamed
2020-03-05 13:51:51.255   CNC 12   INF   Workplace color: green, order: , downtime: , user: 
2020-03-05 13:51:51.255   CNC 12   INF   Streaming data to LCD
2020-03-05 13:51:51.255   CNC 12   INF   Data streamed
2020-03-05 13:52:01.753   CNC 12   INF   Workplace color: green, order: , downtime: , user: 
2020-03-05 13:52:01.753   CNC 12   INF   Streaming data to LCD
2020-03-05 13:52:01.754   CNC 12   INF   Data streamed
2020-03-05 13:52:12.118   CNC 12   INF   Workplace color: green, order: , downtime: , user: 
2020-03-05 13:52:12.118   CNC 12   INF   Streaming data to LCD
2020-03-05 13:52:12.119   CNC 12   INF   Data streamed
2020-03-05 13:52:22.541   CNC 12   INF   Workplace color: green, order: , downtime: , user: 
2020-03-05 13:52:22.542   CNC 12   INF   Streaming data to LCD
2020-03-05 13:52:22.542   CNC 12   INF   Data streamed
