2020-03-05 12:46:07.296   CNC 16   INF   Workplace color: red
2020-03-05 12:46:07.296   CNC 16   INF   Streaming data to LCD
2020-03-05 12:46:07.296   CNC 16   INF   Data streamed
2020-03-05 13:01:44.651   CNC 16   INF   Workplace color: red
2020-03-05 13:01:44.651   CNC 16   INF   Streaming data to LCD
2020-03-05 13:01:44.652   CNC 16   INF   Data streamed
2020-03-05 13:01:54.832   CNC 16   INF   Workplace color: red
2020-03-05 13:01:54.832   CNC 16   INF   Streaming data to LCD
2020-03-05 13:01:54.833   CNC 16   INF   Data streamed
2020-03-05 13:02:04.979   CNC 16   INF   Workplace color: red
2020-03-05 13:02:04.979   CNC 16   INF   Streaming data to LCD
2020-03-05 13:02:04.979   CNC 16   INF   Data streamed
2020-03-05 13:02:15.115   CNC 16   INF   Workplace color: red
2020-03-05 13:02:15.115   CNC 16   INF   Streaming data to LCD
2020-03-05 13:02:15.115   CNC 16   INF   Data streamed
2020-03-05 13:02:25.253   CNC 16   INF   Workplace color: red
2020-03-05 13:02:25.254   CNC 16   INF   Streaming data to LCD
2020-03-05 13:02:25.254   CNC 16   INF   Data streamed
2020-03-05 13:02:35.410   CNC 16   INF   Workplace color: red
2020-03-05 13:02:35.411   CNC 16   INF   Streaming data to LCD
2020-03-05 13:02:35.411   CNC 16   INF   Data streamed
2020-03-05 13:02:45.571   CNC 16   INF   Workplace color: red
2020-03-05 13:02:45.571   CNC 16   INF   Streaming data to LCD
2020-03-05 13:02:45.571   CNC 16   INF   Data streamed
2020-03-05 13:02:55.700   CNC 16   INF   Workplace color: red
2020-03-05 13:02:55.700   CNC 16   INF   Streaming data to LCD
2020-03-05 13:02:55.700   CNC 16   INF   Data streamed
2020-03-05 13:03:05.842   CNC 16   INF   Workplace color: red
2020-03-05 13:03:05.842   CNC 16   INF   Streaming data to LCD
2020-03-05 13:03:05.842   CNC 16   INF   Data streamed
2020-03-05 13:03:15.979   CNC 16   INF   Workplace color: red
2020-03-05 13:03:15.979   CNC 16   INF   Streaming data to LCD
2020-03-05 13:03:15.979   CNC 16   INF   Data streamed
2020-03-05 13:03:26.119   CNC 16   INF   Workplace color: red
2020-03-05 13:03:26.119   CNC 16   INF   Streaming data to LCD
2020-03-05 13:03:26.120   CNC 16   INF   Data streamed
2020-03-05 13:03:36.250   CNC 16   INF   Workplace color: red
2020-03-05 13:03:36.251   CNC 16   INF   Streaming data to LCD
2020-03-05 13:03:36.251   CNC 16   INF   Data streamed
2020-03-05 13:03:46.380   CNC 16   INF   Workplace color: red
2020-03-05 13:03:46.380   CNC 16   INF   Streaming data to LCD
2020-03-05 13:03:46.381   CNC 16   INF   Data streamed
2020-03-05 13:03:56.514   CNC 16   INF   Workplace color: red
2020-03-05 13:03:56.514   CNC 16   INF   Streaming data to LCD
2020-03-05 13:03:56.515   CNC 16   INF   Data streamed
2020-03-05 13:04:07.284   CNC 16   INF   Workplace color: red
2020-03-05 13:04:07.284   CNC 16   INF   Streaming data to LCD
2020-03-05 13:04:07.284   CNC 16   INF   Data streamed
2020-03-05 13:04:12.560   CNC 16   INF   Workplace color: red
2020-03-05 13:04:12.560   CNC 16   INF   Streaming data to LCD
2020-03-05 13:04:12.560   CNC 16   INF   Data streamed
2020-03-05 13:04:22.713   CNC 16   INF   Workplace color: red
2020-03-05 13:04:22.713   CNC 16   INF   Streaming data to LCD
2020-03-05 13:04:22.713   CNC 16   INF   Data streamed
2020-03-05 13:04:33.043   CNC 16   INF   Workplace color: red
2020-03-05 13:04:33.044   CNC 16   INF   Streaming data to LCD
2020-03-05 13:04:33.044   CNC 16   INF   Data streamed
2020-03-05 13:04:43.228   CNC 16   INF   Workplace color: red
2020-03-05 13:04:43.228   CNC 16   INF   Streaming data to LCD
2020-03-05 13:04:43.228   CNC 16   INF   Data streamed
2020-03-05 13:04:53.519   CNC 16   INF   Workplace color: red
2020-03-05 13:04:53.520   CNC 16   INF   Streaming data to LCD
2020-03-05 13:04:53.521   CNC 16   INF   Data streamed
2020-03-05 13:08:21.341   CNC 16   INF   Workplace color: red
2020-03-05 13:08:21.357   CNC 16   INF   Streaming data to LCD
2020-03-05 13:08:21.358   CNC 16   INF   Data streamed
2020-03-05 13:08:31.635   CNC 16   INF   Workplace color: red
2020-03-05 13:08:31.635   CNC 16   INF   Streaming data to LCD
2020-03-05 13:08:31.635   CNC 16   INF   Data streamed
2020-03-05 13:08:41.853   CNC 16   INF   Workplace color: red
2020-03-05 13:08:41.853   CNC 16   INF   Streaming data to LCD
2020-03-05 13:08:41.853   CNC 16   INF   Data streamed
2020-03-05 13:09:06.342   CNC 16   INF   Workplace color: red
2020-03-05 13:09:06.343   CNC 16   INF   Streaming data to LCD
2020-03-05 13:09:06.343   CNC 16   INF   Data streamed
2020-03-05 13:09:16.731   CNC 16   INF   Workplace color: red
2020-03-05 13:09:16.731   CNC 16   INF   Streaming data to LCD
2020-03-05 13:09:16.732   CNC 16   INF   Data streamed
2020-03-05 13:09:27.464   CNC 16   INF   Workplace color: red
2020-03-05 13:09:27.464   CNC 16   INF   Streaming data to LCD
2020-03-05 13:09:27.464   CNC 16   INF   Data streamed
2020-03-05 13:09:37.720   CNC 16   INF   Workplace color: red
2020-03-05 13:09:37.720   CNC 16   INF   Streaming data to LCD
2020-03-05 13:09:37.720   CNC 16   INF   Data streamed
2020-03-05 13:09:47.958   CNC 16   INF   Workplace color: red
2020-03-05 13:09:47.958   CNC 16   INF   Streaming data to LCD
2020-03-05 13:09:47.958   CNC 16   INF   Data streamed
2020-03-05 13:09:59.424   CNC 16   INF   Workplace color: red
2020-03-05 13:09:59.425   CNC 16   INF   Streaming data to LCD
2020-03-05 13:09:59.425   CNC 16   INF   Data streamed
2020-03-05 13:10:30.423   CNC 16   INF   Workplace color: red
2020-03-05 13:10:30.423   CNC 16   INF   Streaming data to LCD
2020-03-05 13:10:30.423   CNC 16   INF   Data streamed
2020-03-05 13:10:56.230   CNC 16   INF   Workplace color: red
2020-03-05 13:10:56.230   CNC 16   INF   Streaming data to LCD
2020-03-05 13:10:56.230   CNC 16   INF   Data streamed
2020-03-05 13:11:19.737   CNC 16   INF   Workplace color: red
2020-03-05 13:11:19.737   CNC 16   INF   Streaming data to LCD
2020-03-05 13:11:19.738   CNC 16   INF   Data streamed
2020-03-05 13:22:39.687   CNC 16   INF   Workplace color: red
2020-03-05 13:22:39.687   CNC 16   INF   Streaming data to LCD
2020-03-05 13:22:39.687   CNC 16   INF   Data streamed
2020-03-05 13:22:49.860   CNC 16   INF   Workplace color: red
2020-03-05 13:22:49.860   CNC 16   INF   Streaming data to LCD
2020-03-05 13:22:49.860   CNC 16   INF   Data streamed
2020-03-05 13:23:00.104   CNC 16   INF   Workplace color: red
2020-03-05 13:23:00.105   CNC 16   INF   Streaming data to LCD
2020-03-05 13:23:00.105   CNC 16   INF   Data streamed
2020-03-05 13:23:10.399   CNC 16   INF   Workplace color: red
2020-03-05 13:23:10.399   CNC 16   INF   Streaming data to LCD
2020-03-05 13:23:10.400   CNC 16   INF   Data streamed
2020-03-05 13:23:20.556   CNC 16   INF   Workplace color: orange
2020-03-05 13:23:20.556   CNC 16   INF   Streaming data to LCD
2020-03-05 13:23:20.557   CNC 16   INF   Data streamed
2020-03-05 13:23:30.889   CNC 16   INF   Workplace color: orange
2020-03-05 13:23:30.890   CNC 16   INF   Streaming data to LCD
2020-03-05 13:23:30.890   CNC 16   INF   Data streamed
2020-03-05 13:23:41.274   CNC 16   INF   Workplace color: orange
2020-03-05 13:23:41.275   CNC 16   INF   Streaming data to LCD
2020-03-05 13:23:41.275   CNC 16   INF   Data streamed
2020-03-05 13:23:51.568   CNC 16   INF   Workplace color: orange
2020-03-05 13:23:51.568   CNC 16   INF   Streaming data to LCD
2020-03-05 13:23:51.568   CNC 16   INF   Data streamed
2020-03-05 13:24:01.881   CNC 16   INF   Workplace color: orange
2020-03-05 13:24:01.881   CNC 16   INF   Streaming data to LCD
2020-03-05 13:24:01.881   CNC 16   INF   Data streamed
2020-03-05 13:24:12.223   CNC 16   INF   Workplace color: orange
2020-03-05 13:24:12.223   CNC 16   INF   Streaming data to LCD
2020-03-05 13:24:12.223   CNC 16   INF   Data streamed
2020-03-05 13:24:22.510   CNC 16   INF   Workplace color: orange
2020-03-05 13:24:22.510   CNC 16   INF   Streaming data to LCD
2020-03-05 13:24:22.511   CNC 16   INF   Data streamed
2020-03-05 13:24:32.764   CNC 16   INF   Workplace color: orange
2020-03-05 13:24:32.764   CNC 16   INF   Streaming data to LCD
2020-03-05 13:24:32.764   CNC 16   INF   Data streamed
2020-03-05 13:24:43.029   CNC 16   INF   Workplace color: orange
2020-03-05 13:24:43.029   CNC 16   INF   Streaming data to LCD
2020-03-05 13:24:43.029   CNC 16   INF   Data streamed
2020-03-05 13:24:53.974   CNC 16   INF   Workplace color: orange
2020-03-05 13:24:53.975   CNC 16   INF   Streaming data to LCD
2020-03-05 13:24:53.975   CNC 16   INF   Data streamed
2020-03-05 13:25:04.454   CNC 16   INF   Workplace color: orange
2020-03-05 13:25:04.454   CNC 16   INF   Streaming data to LCD
2020-03-05 13:25:04.455   CNC 16   INF   Data streamed
2020-03-05 13:25:14.907   CNC 16   INF   Workplace color: green
2020-03-05 13:25:14.907   CNC 16   INF   Streaming data to LCD
2020-03-05 13:25:14.908   CNC 16   INF   Data streamed
2020-03-05 13:25:25.186   CNC 16   INF   Workplace color: green
2020-03-05 13:25:25.186   CNC 16   INF   Streaming data to LCD
2020-03-05 13:25:25.186   CNC 16   INF   Data streamed
2020-03-05 13:25:35.395   CNC 16   INF   Workplace color: green
2020-03-05 13:25:35.395   CNC 16   INF   Streaming data to LCD
2020-03-05 13:25:35.395   CNC 16   INF   Data streamed
2020-03-05 13:25:45.723   CNC 16   INF   Workplace color: green
2020-03-05 13:25:45.723   CNC 16   INF   Streaming data to LCD
2020-03-05 13:25:45.723   CNC 16   INF   Data streamed
2020-03-05 13:25:56.076   CNC 16   INF   Workplace color: green
2020-03-05 13:25:56.077   CNC 16   INF   Streaming data to LCD
2020-03-05 13:25:56.077   CNC 16   INF   Data streamed
2020-03-05 13:26:06.447   CNC 16   INF   Workplace color: green
2020-03-05 13:26:06.448   CNC 16   INF   Streaming data to LCD
2020-03-05 13:26:06.448   CNC 16   INF   Data streamed
2020-03-05 13:26:16.758   CNC 16   INF   Workplace color: green
2020-03-05 13:26:16.758   CNC 16   INF   Streaming data to LCD
2020-03-05 13:26:16.758   CNC 16   INF   Data streamed
2020-03-05 13:26:27.083   CNC 16   INF   Workplace color: green
2020-03-05 13:26:27.083   CNC 16   INF   Streaming data to LCD
2020-03-05 13:26:27.083   CNC 16   INF   Data streamed
2020-03-05 13:26:37.445   CNC 16   INF   Workplace color: green
2020-03-05 13:26:37.445   CNC 16   INF   Streaming data to LCD
2020-03-05 13:26:37.445   CNC 16   INF   Data streamed
2020-03-05 13:26:43.354   CNC 16   INF   Workplace color: green
2020-03-05 13:26:43.354   CNC 16   INF   Streaming data to LCD
2020-03-05 13:26:43.355   CNC 16   INF   Data streamed
2020-03-05 13:26:53.902   CNC 16   INF   Workplace color: green
2020-03-05 13:26:53.902   CNC 16   INF   Streaming data to LCD
2020-03-05 13:26:53.902   CNC 16   INF   Data streamed
2020-03-05 13:27:04.112   CNC 16   INF   Workplace color: green
2020-03-05 13:27:04.112   CNC 16   INF   Streaming data to LCD
2020-03-05 13:27:04.113   CNC 16   INF   Data streamed
2020-03-05 13:27:14.379   CNC 16   INF   Workplace color: green
2020-03-05 13:27:14.380   CNC 16   INF   Streaming data to LCD
2020-03-05 13:27:14.380   CNC 16   INF   Data streamed
2020-03-05 13:27:24.733   CNC 16   INF   Workplace color: green
2020-03-05 13:27:24.733   CNC 16   INF   Streaming data to LCD
2020-03-05 13:27:24.733   CNC 16   INF   Data streamed
2020-03-05 13:27:35.581   CNC 16   INF   Workplace color: green
2020-03-05 13:27:35.582   CNC 16   INF   Streaming data to LCD
2020-03-05 13:27:35.582   CNC 16   INF   Data streamed
2020-03-05 13:27:46.136   CNC 16   INF   Workplace color: green
2020-03-05 13:27:46.136   CNC 16   INF   Streaming data to LCD
2020-03-05 13:27:46.136   CNC 16   INF   Data streamed
2020-03-05 13:27:56.039   CNC 16   INF   Workplace color: green
2020-03-05 13:27:56.039   CNC 16   INF   Streaming data to LCD
2020-03-05 13:27:56.039   CNC 16   INF   Data streamed
2020-03-05 13:28:06.367   CNC 16   INF   Workplace color: green
2020-03-05 13:28:06.367   CNC 16   INF   Streaming data to LCD
2020-03-05 13:28:06.367   CNC 16   INF   Data streamed
2020-03-05 13:28:16.626   CNC 16   INF   Workplace color: green
2020-03-05 13:28:16.626   CNC 16   INF   Streaming data to LCD
2020-03-05 13:28:16.627   CNC 16   INF   Data streamed
2020-03-05 13:28:26.828   CNC 16   INF   Workplace color: green
2020-03-05 13:28:26.828   CNC 16   INF   Streaming data to LCD
2020-03-05 13:28:26.828   CNC 16   INF   Data streamed
2020-03-05 13:28:37.073   CNC 16   INF   Workplace color: green
2020-03-05 13:28:37.073   CNC 16   INF   Streaming data to LCD
2020-03-05 13:28:37.073   CNC 16   INF   Data streamed
2020-03-05 13:28:47.417   CNC 16   INF   Workplace color: green
2020-03-05 13:28:47.417   CNC 16   INF   Streaming data to LCD
2020-03-05 13:28:47.417   CNC 16   INF   Data streamed
2020-03-05 13:28:57.739   CNC 16   INF   Workplace color: green
2020-03-05 13:28:57.739   CNC 16   INF   Streaming data to LCD
2020-03-05 13:28:57.740   CNC 16   INF   Data streamed
2020-03-05 13:29:31.629   CNC 16   INF   Workplace color: green
2020-03-05 13:29:31.629   CNC 16   INF   Streaming data to LCD
2020-03-05 13:29:31.629   CNC 16   INF   Data streamed
2020-03-05 13:29:41.792   CNC 16   INF   Workplace color: green
2020-03-05 13:29:41.792   CNC 16   INF   Streaming data to LCD
2020-03-05 13:29:41.792   CNC 16   INF   Data streamed
2020-03-05 13:29:52.045   CNC 16   INF   Workplace color: green
2020-03-05 13:29:52.046   CNC 16   INF   Streaming data to LCD
2020-03-05 13:29:52.046   CNC 16   INF   Data streamed
2020-03-05 13:30:02.296   CNC 16   INF   Workplace color: green
2020-03-05 13:30:02.297   CNC 16   INF   Streaming data to LCD
2020-03-05 13:30:02.297   CNC 16   INF   Data streamed
2020-03-05 13:30:12.511   CNC 16   INF   Workplace color: green
2020-03-05 13:30:12.512   CNC 16   INF   Streaming data to LCD
2020-03-05 13:30:12.512   CNC 16   INF   Data streamed
2020-03-05 13:30:22.792   CNC 16   INF   Workplace color: green
2020-03-05 13:30:22.793   CNC 16   INF   Streaming data to LCD
2020-03-05 13:30:22.793   CNC 16   INF   Data streamed
2020-03-05 13:30:33.048   CNC 16   INF   Workplace color: green
2020-03-05 13:30:33.048   CNC 16   INF   Streaming data to LCD
2020-03-05 13:30:33.048   CNC 16   INF   Data streamed
2020-03-05 13:30:43.239   CNC 16   INF   Workplace color: green
2020-03-05 13:30:43.239   CNC 16   INF   Streaming data to LCD
2020-03-05 13:30:43.239   CNC 16   INF   Data streamed
2020-03-05 13:30:53.557   CNC 16   INF   Workplace color: green
2020-03-05 13:30:53.557   CNC 16   INF   Streaming data to LCD
2020-03-05 13:30:53.557   CNC 16   INF   Data streamed
2020-03-05 13:31:03.995   CNC 16   INF   Workplace color: green
2020-03-05 13:31:03.996   CNC 16   INF   Streaming data to LCD
2020-03-05 13:31:03.996   CNC 16   INF   Data streamed
2020-03-05 13:31:14.263   CNC 16   INF   Workplace color: green
2020-03-05 13:31:14.263   CNC 16   INF   Streaming data to LCD
2020-03-05 13:31:14.263   CNC 16   INF   Data streamed
2020-03-05 13:31:24.545   CNC 16   INF   Workplace color: green
2020-03-05 13:31:24.545   CNC 16   INF   Streaming data to LCD
2020-03-05 13:31:24.545   CNC 16   INF   Data streamed
2020-03-05 13:31:34.965   CNC 16   INF   Workplace color: green
2020-03-05 13:31:34.965   CNC 16   INF   Streaming data to LCD
2020-03-05 13:31:34.965   CNC 16   INF   Data streamed
2020-03-05 13:31:45.267   CNC 16   INF   Workplace color: green
2020-03-05 13:31:45.268   CNC 16   INF   Streaming data to LCD
2020-03-05 13:31:45.268   CNC 16   INF   Data streamed
2020-03-05 13:31:55.521   CNC 16   INF   Workplace color: green
2020-03-05 13:31:55.521   CNC 16   INF   Streaming data to LCD
2020-03-05 13:31:55.521   CNC 16   INF   Data streamed
2020-03-05 13:32:05.705   CNC 16   INF   Workplace color: green
2020-03-05 13:32:05.705   CNC 16   INF   Streaming data to LCD
2020-03-05 13:32:05.705   CNC 16   INF   Data streamed
2020-03-05 13:32:15.893   CNC 16   INF   Workplace color: green
2020-03-05 13:32:15.893   CNC 16   INF   Streaming data to LCD
2020-03-05 13:32:15.893   CNC 16   INF   Data streamed
2020-03-05 13:32:26.096   CNC 16   INF   Workplace color: green
2020-03-05 13:32:26.096   CNC 16   INF   Streaming data to LCD
2020-03-05 13:32:26.096   CNC 16   INF   Data streamed
2020-03-05 13:32:36.296   CNC 16   INF   Workplace color: green
2020-03-05 13:32:36.296   CNC 16   INF   Streaming data to LCD
2020-03-05 13:32:36.296   CNC 16   INF   Data streamed
2020-03-05 13:32:46.719   CNC 16   INF   Workplace color: green
2020-03-05 13:32:46.719   CNC 16   INF   Streaming data to LCD
2020-03-05 13:32:46.719   CNC 16   INF   Data streamed
2020-03-05 13:32:57.098   CNC 16   INF   Workplace color: green
2020-03-05 13:32:57.098   CNC 16   INF   Streaming data to LCD
2020-03-05 13:32:57.098   CNC 16   INF   Data streamed
2020-03-05 13:33:07.374   CNC 16   INF   Workplace color: green
2020-03-05 13:33:07.374   CNC 16   INF   Streaming data to LCD
2020-03-05 13:33:07.374   CNC 16   INF   Data streamed
2020-03-05 13:33:17.729   CNC 16   INF   Workplace color: green
2020-03-05 13:33:17.730   CNC 16   INF   Streaming data to LCD
2020-03-05 13:33:17.730   CNC 16   INF   Data streamed
2020-03-05 13:33:28.149   CNC 16   INF   Workplace color: green
2020-03-05 13:33:28.150   CNC 16   INF   Streaming data to LCD
2020-03-05 13:33:28.150   CNC 16   INF   Data streamed
2020-03-05 13:33:38.627   CNC 16   INF   Workplace color: green
2020-03-05 13:33:38.628   CNC 16   INF   Streaming data to LCD
2020-03-05 13:33:38.628   CNC 16   INF   Data streamed
2020-03-05 13:33:42.089   CNC 16   INF   Workplace color: green
2020-03-05 13:33:42.089   CNC 16   INF   Streaming data to LCD
2020-03-05 13:33:42.090   CNC 16   INF   Data streamed
2020-03-05 13:33:52.437   CNC 16   INF   Workplace color: green
2020-03-05 13:33:52.437   CNC 16   INF   Streaming data to LCD
2020-03-05 13:33:52.437   CNC 16   INF   Data streamed
2020-03-05 13:34:02.799   CNC 16   INF   Workplace color: green
2020-03-05 13:34:02.799   CNC 16   INF   Streaming data to LCD
2020-03-05 13:34:02.799   CNC 16   INF   Data streamed
2020-03-05 13:34:13.205   CNC 16   INF   Workplace color: green
2020-03-05 13:34:13.205   CNC 16   INF   Streaming data to LCD
2020-03-05 13:34:13.205   CNC 16   INF   Data streamed
2020-03-05 13:34:23.968   CNC 16   INF   Workplace color: green
2020-03-05 13:34:23.968   CNC 16   INF   Streaming data to LCD
2020-03-05 13:34:23.968   CNC 16   INF   Data streamed
2020-03-05 13:34:34.653   CNC 16   INF   Workplace color: red
2020-03-05 13:34:34.653   CNC 16   INF   Streaming data to LCD
2020-03-05 13:34:34.653   CNC 16   INF   Data streamed
2020-03-05 13:34:45.252   CNC 16   INF   Workplace color: red
2020-03-05 13:34:45.252   CNC 16   INF   Streaming data to LCD
2020-03-05 13:34:45.252   CNC 16   INF   Data streamed
2020-03-05 13:34:55.584   CNC 16   INF   Workplace color: red
2020-03-05 13:34:55.584   CNC 16   INF   Streaming data to LCD
2020-03-05 13:34:55.585   CNC 16   INF   Data streamed
2020-03-05 13:35:05.901   CNC 16   INF   Workplace color: red
2020-03-05 13:35:05.901   CNC 16   INF   Streaming data to LCD
2020-03-05 13:35:05.902   CNC 16   INF   Data streamed
2020-03-05 13:35:16.214   CNC 16   INF   Workplace color: red
2020-03-05 13:35:16.214   CNC 16   INF   Streaming data to LCD
2020-03-05 13:35:16.214   CNC 16   INF   Data streamed
2020-03-05 13:35:26.938   CNC 16   INF   Workplace color: red
2020-03-05 13:35:26.938   CNC 16   INF   Streaming data to LCD
2020-03-05 13:35:26.938   CNC 16   INF   Data streamed
2020-03-05 13:35:37.316   CNC 16   INF   Workplace color: red
2020-03-05 13:35:37.316   CNC 16   INF   Streaming data to LCD
2020-03-05 13:35:37.317   CNC 16   INF   Data streamed
2020-03-05 13:35:47.536   CNC 16   INF   Workplace color: red
2020-03-05 13:35:47.536   CNC 16   INF   Streaming data to LCD
2020-03-05 13:35:47.536   CNC 16   INF   Data streamed
2020-03-05 13:35:57.800   CNC 16   INF   Workplace color: red
2020-03-05 13:35:57.800   CNC 16   INF   Streaming data to LCD
2020-03-05 13:35:57.801   CNC 16   INF   Data streamed
2020-03-05 13:36:08.147   CNC 16   INF   Workplace color: red
2020-03-05 13:36:08.148   CNC 16   INF   Streaming data to LCD
2020-03-05 13:36:08.148   CNC 16   INF   Data streamed
2020-03-05 13:36:18.440   CNC 16   INF   Workplace color: red
2020-03-05 13:36:18.441   CNC 16   INF   Streaming data to LCD
2020-03-05 13:36:18.441   CNC 16   INF   Data streamed
2020-03-05 13:36:28.725   CNC 16   INF   Workplace color: red
2020-03-05 13:36:28.725   CNC 16   INF   Streaming data to LCD
2020-03-05 13:36:28.725   CNC 16   INF   Data streamed
2020-03-05 13:36:39.110   CNC 16   INF   Workplace color: red
2020-03-05 13:36:39.111   CNC 16   INF   Streaming data to LCD
2020-03-05 13:36:39.111   CNC 16   INF   Data streamed
2020-03-05 13:36:49.385   CNC 16   INF   Workplace color: red
2020-03-05 13:36:49.385   CNC 16   INF   Streaming data to LCD
2020-03-05 13:36:49.385   CNC 16   INF   Data streamed
2020-03-05 13:36:59.649   CNC 16   INF   Workplace color: red
2020-03-05 13:36:59.649   CNC 16   INF   Streaming data to LCD
2020-03-05 13:36:59.649   CNC 16   INF   Data streamed
2020-03-05 13:37:09.916   CNC 16   INF   Workplace color: red
2020-03-05 13:37:09.916   CNC 16   INF   Streaming data to LCD
2020-03-05 13:37:09.916   CNC 16   INF   Data streamed
2020-03-05 13:37:20.273   CNC 16   INF   Workplace color: red
2020-03-05 13:37:20.273   CNC 16   INF   Streaming data to LCD
2020-03-05 13:37:20.273   CNC 16   INF   Data streamed
2020-03-05 13:37:30.599   CNC 16   INF   Workplace color: red
2020-03-05 13:37:30.599   CNC 16   INF   Streaming data to LCD
2020-03-05 13:37:30.599   CNC 16   INF   Data streamed
2020-03-05 13:37:40.881   CNC 16   INF   Workplace color: red
2020-03-05 13:37:40.881   CNC 16   INF   Streaming data to LCD
2020-03-05 13:37:40.881   CNC 16   INF   Data streamed
2020-03-05 13:37:51.208   CNC 16   INF   Workplace color: red
2020-03-05 13:37:51.209   CNC 16   INF   Streaming data to LCD
2020-03-05 13:37:51.209   CNC 16   INF   Data streamed
2020-03-05 13:38:01.545   CNC 16   INF   Workplace color: red
2020-03-05 13:38:01.546   CNC 16   INF   Streaming data to LCD
2020-03-05 13:38:01.546   CNC 16   INF   Data streamed
2020-03-05 13:38:11.831   CNC 16   INF   Workplace color: red
2020-03-05 13:38:11.831   CNC 16   INF   Streaming data to LCD
2020-03-05 13:38:11.831   CNC 16   INF   Data streamed
2020-03-05 13:38:22.137   CNC 16   INF   Workplace color: red
2020-03-05 13:38:22.137   CNC 16   INF   Streaming data to LCD
2020-03-05 13:38:22.138   CNC 16   INF   Data streamed
2020-03-05 13:38:32.442   CNC 16   INF   Workplace color: red
2020-03-05 13:38:32.442   CNC 16   INF   Streaming data to LCD
2020-03-05 13:38:32.442   CNC 16   INF   Data streamed
2020-03-05 13:38:42.763   CNC 16   INF   Workplace color: red
2020-03-05 13:38:42.764   CNC 16   INF   Streaming data to LCD
2020-03-05 13:38:42.764   CNC 16   INF   Data streamed
2020-03-05 13:38:53.084   CNC 16   INF   Workplace color: red
2020-03-05 13:38:53.084   CNC 16   INF   Streaming data to LCD
2020-03-05 13:38:53.085   CNC 16   INF   Data streamed
2020-03-05 13:39:03.417   CNC 16   INF   Workplace color: red
2020-03-05 13:39:03.417   CNC 16   INF   Streaming data to LCD
2020-03-05 13:39:03.418   CNC 16   INF   Data streamed
2020-03-05 13:39:14.076   CNC 16   INF   Workplace color: red
2020-03-05 13:39:14.076   CNC 16   INF   Streaming data to LCD
2020-03-05 13:39:14.076   CNC 16   INF   Data streamed
2020-03-05 13:39:24.361   CNC 16   INF   Workplace color: red
2020-03-05 13:39:24.362   CNC 16   INF   Streaming data to LCD
2020-03-05 13:39:24.362   CNC 16   INF   Data streamed
2020-03-05 13:39:34.699   CNC 16   INF   Workplace color: red
2020-03-05 13:39:34.699   CNC 16   INF   Streaming data to LCD
2020-03-05 13:39:34.699   CNC 16   INF   Data streamed
2020-03-05 13:39:45.048   CNC 16   INF   Workplace color: red
2020-03-05 13:39:45.048   CNC 16   INF   Streaming data to LCD
2020-03-05 13:39:45.048   CNC 16   INF   Data streamed
2020-03-05 13:39:55.309   CNC 16   INF   Workplace color: red
2020-03-05 13:39:55.309   CNC 16   INF   Streaming data to LCD
2020-03-05 13:39:55.309   CNC 16   INF   Data streamed
2020-03-05 13:40:05.601   CNC 16   INF   Workplace color: red
2020-03-05 13:40:05.601   CNC 16   INF   Streaming data to LCD
2020-03-05 13:40:05.601   CNC 16   INF   Data streamed
2020-03-05 13:40:15.898   CNC 16   INF   Workplace color: red
2020-03-05 13:40:15.899   CNC 16   INF   Streaming data to LCD
2020-03-05 13:40:15.899   CNC 16   INF   Data streamed
2020-03-05 13:40:26.217   CNC 16   INF   Workplace color: red
2020-03-05 13:40:26.217   CNC 16   INF   Streaming data to LCD
2020-03-05 13:40:26.217   CNC 16   INF   Data streamed
2020-03-05 13:40:36.518   CNC 16   INF   Workplace color: red
2020-03-05 13:40:36.519   CNC 16   INF   Streaming data to LCD
2020-03-05 13:40:36.519   CNC 16   INF   Data streamed
2020-03-05 13:40:46.807   CNC 16   INF   Workplace color: red
2020-03-05 13:40:46.808   CNC 16   INF   Streaming data to LCD
2020-03-05 13:40:46.808   CNC 16   INF   Data streamed
2020-03-05 13:40:57.111   CNC 16   INF   Workplace color: red
2020-03-05 13:40:57.111   CNC 16   INF   Streaming data to LCD
2020-03-05 13:40:57.111   CNC 16   INF   Data streamed
2020-03-05 13:41:07.358   CNC 16   INF   Workplace color: red
2020-03-05 13:41:07.358   CNC 16   INF   Streaming data to LCD
2020-03-05 13:41:07.358   CNC 16   INF   Data streamed
2020-03-05 13:41:17.694   CNC 16   INF   Workplace color: red
2020-03-05 13:41:17.695   CNC 16   INF   Streaming data to LCD
2020-03-05 13:41:17.695   CNC 16   INF   Data streamed
2020-03-05 13:41:27.950   CNC 16   INF   Workplace color: red
2020-03-05 13:41:27.950   CNC 16   INF   Streaming data to LCD
2020-03-05 13:41:27.950   CNC 16   INF   Data streamed
2020-03-05 13:44:08.317   CNC 16   INF   Workplace color: green
2020-03-05 13:44:08.317   CNC 16   INF   Streaming data to LCD
2020-03-05 13:44:08.317   CNC 16   INF   Data streamed
2020-03-05 13:44:18.595   CNC 16   INF   Workplace color: green
2020-03-05 13:44:18.595   CNC 16   INF   Streaming data to LCD
2020-03-05 13:44:18.595   CNC 16   INF   Data streamed
2020-03-05 13:44:29.000   CNC 16   INF   Workplace color: green
2020-03-05 13:44:29.000   CNC 16   INF   Streaming data to LCD
2020-03-05 13:44:29.000   CNC 16   INF   Data streamed
2020-03-05 13:44:39.273   CNC 16   INF   Workplace color: green
2020-03-05 13:44:39.273   CNC 16   INF   Streaming data to LCD
2020-03-05 13:44:39.273   CNC 16   INF   Data streamed
2020-03-05 13:44:49.546   CNC 16   INF   Workplace color: green
2020-03-05 13:44:49.546   CNC 16   INF   Streaming data to LCD
2020-03-05 13:44:49.546   CNC 16   INF   Data streamed
2020-03-05 13:44:59.881   CNC 16   INF   Workplace color: green
2020-03-05 13:44:59.881   CNC 16   INF   Streaming data to LCD
2020-03-05 13:44:59.881   CNC 16   INF   Data streamed
2020-03-05 13:45:10.263   CNC 16   INF   Workplace color: green
2020-03-05 13:45:10.263   CNC 16   INF   Streaming data to LCD
2020-03-05 13:45:10.264   CNC 16   INF   Data streamed
2020-03-05 13:45:20.532   CNC 16   INF   Workplace color: green
2020-03-05 13:45:20.532   CNC 16   INF   Streaming data to LCD
2020-03-05 13:45:20.532   CNC 16   INF   Data streamed
2020-03-05 13:45:30.858   CNC 16   INF   Workplace color: green
2020-03-05 13:45:30.858   CNC 16   INF   Streaming data to LCD
2020-03-05 13:45:30.858   CNC 16   INF   Data streamed
2020-03-05 13:45:41.144   CNC 16   INF   Workplace color: green
2020-03-05 13:45:41.144   CNC 16   INF   Streaming data to LCD
2020-03-05 13:45:41.144   CNC 16   INF   Data streamed
2020-03-05 13:45:51.412   CNC 16   INF   Workplace color: green
2020-03-05 13:45:51.412   CNC 16   INF   Streaming data to LCD
2020-03-05 13:45:51.412   CNC 16   INF   Data streamed
2020-03-05 13:46:01.629   CNC 16   INF   Workplace color: green
2020-03-05 13:46:01.629   CNC 16   INF   Streaming data to LCD
2020-03-05 13:46:01.629   CNC 16   INF   Data streamed
2020-03-05 13:46:12.198   CNC 16   INF   Workplace color: green
2020-03-05 13:46:12.199   CNC 16   INF   Streaming data to LCD
2020-03-05 13:46:12.199   CNC 16   INF   Data streamed
2020-03-05 13:46:22.557   CNC 16   INF   Workplace color: green
2020-03-05 13:46:22.557   CNC 16   INF   Streaming data to LCD
2020-03-05 13:46:22.558   CNC 16   INF   Data streamed
2020-03-05 13:46:33.024   CNC 16   INF   Workplace color: green
2020-03-05 13:46:33.024   CNC 16   INF   Streaming data to LCD
2020-03-05 13:46:33.024   CNC 16   INF   Data streamed
2020-03-05 13:46:43.275   CNC 16   INF   Workplace color: green
2020-03-05 13:46:43.275   CNC 16   INF   Streaming data to LCD
2020-03-05 13:46:43.275   CNC 16   INF   Data streamed
2020-03-05 13:46:53.594   CNC 16   INF   Workplace color: green
2020-03-05 13:46:53.594   CNC 16   INF   Streaming data to LCD
2020-03-05 13:46:53.594   CNC 16   INF   Data streamed
2020-03-05 13:47:03.833   CNC 16   INF   Workplace color: green
2020-03-05 13:47:03.833   CNC 16   INF   Streaming data to LCD
2020-03-05 13:47:03.833   CNC 16   INF   Data streamed
2020-03-05 13:47:14.032   CNC 16   INF   Workplace color: green
2020-03-05 13:47:14.032   CNC 16   INF   Streaming data to LCD
2020-03-05 13:47:14.032   CNC 16   INF   Data streamed
2020-03-05 13:47:24.253   CNC 16   INF   Workplace color: green
2020-03-05 13:47:24.253   CNC 16   INF   Streaming data to LCD
2020-03-05 13:47:24.253   CNC 16   INF   Data streamed
2020-03-05 13:47:34.467   CNC 16   INF   Workplace color: green
2020-03-05 13:47:34.467   CNC 16   INF   Streaming data to LCD
2020-03-05 13:47:34.467   CNC 16   INF   Data streamed
2020-03-05 13:47:44.710   CNC 16   INF   Workplace color: green
2020-03-05 13:47:44.711   CNC 16   INF   Streaming data to LCD
2020-03-05 13:47:44.711   CNC 16   INF   Data streamed
2020-03-05 13:47:55.100   CNC 16   INF   Workplace color: green
2020-03-05 13:47:55.100   CNC 16   INF   Streaming data to LCD
2020-03-05 13:47:55.101   CNC 16   INF   Data streamed
2020-03-05 13:48:05.357   CNC 16   INF   Workplace color: green
2020-03-05 13:48:05.357   CNC 16   INF   Streaming data to LCD
2020-03-05 13:48:05.357   CNC 16   INF   Data streamed
2020-03-05 13:48:15.686   CNC 16   INF   Workplace color: green
2020-03-05 13:48:15.686   CNC 16   INF   Streaming data to LCD
2020-03-05 13:48:15.686   CNC 16   INF   Data streamed
2020-03-05 13:48:26.106   CNC 16   INF   Workplace color: green
2020-03-05 13:48:26.106   CNC 16   INF   Streaming data to LCD
2020-03-05 13:48:26.106   CNC 16   INF   Data streamed
2020-03-05 13:48:36.616   CNC 16   INF   Workplace color: green
2020-03-05 13:48:36.616   CNC 16   INF   Streaming data to LCD
2020-03-05 13:48:36.616   CNC 16   INF   Data streamed
2020-03-05 13:48:44.034   CNC 16   INF   Workplace color: green
2020-03-05 13:48:44.034   CNC 16   INF   Streaming data to LCD
2020-03-05 13:48:44.034   CNC 16   INF   Data streamed
2020-03-05 13:48:52.783   CNC 16   INF   Workplace color: green
2020-03-05 13:48:52.783   CNC 16   INF   Streaming data to LCD
2020-03-05 13:48:52.783   CNC 16   INF   Data streamed
2020-03-05 13:49:03.008   CNC 16   INF   Workplace color: green
2020-03-05 13:49:03.008   CNC 16   INF   Streaming data to LCD
2020-03-05 13:49:03.008   CNC 16   INF   Data streamed
2020-03-05 13:49:13.210   CNC 16   INF   Workplace color: green
2020-03-05 13:49:13.210   CNC 16   INF   Streaming data to LCD
2020-03-05 13:49:13.210   CNC 16   INF   Data streamed
2020-03-05 13:49:23.509   CNC 16   INF   Workplace color: green
2020-03-05 13:49:23.509   CNC 16   INF   Streaming data to LCD
2020-03-05 13:49:23.509   CNC 16   INF   Data streamed
2020-03-05 13:49:33.935   CNC 16   INF   Workplace color: green
2020-03-05 13:49:33.936   CNC 16   INF   Streaming data to LCD
2020-03-05 13:49:33.936   CNC 16   INF   Data streamed
2020-03-05 13:49:44.468   CNC 16   INF   Workplace color: green
2020-03-05 13:49:44.468   CNC 16   INF   Streaming data to LCD
2020-03-05 13:49:44.468   CNC 16   INF   Data streamed
2020-03-05 13:49:55.167   CNC 16   INF   Workplace color: green
2020-03-05 13:49:55.167   CNC 16   INF   Streaming data to LCD
2020-03-05 13:49:55.167   CNC 16   INF   Data streamed
2020-03-05 13:50:05.637   CNC 16   INF   Workplace color: green
2020-03-05 13:50:05.638   CNC 16   INF   Streaming data to LCD
2020-03-05 13:50:05.638   CNC 16   INF   Data streamed
2020-03-05 13:50:17.766   CNC 16   INF   Workplace color: green, order: , downtime: , user: 
2020-03-05 13:50:17.767   CNC 16   INF   Streaming data to LCD
2020-03-05 13:50:17.767   CNC 16   INF   Data streamed
2020-03-05 13:50:28.055   CNC 16   INF   Workplace color: green, order: , downtime: , user: 
2020-03-05 13:50:28.055   CNC 16   INF   Streaming data to LCD
2020-03-05 13:50:28.055   CNC 16   INF   Data streamed
2020-03-05 13:50:38.328   CNC 16   INF   Workplace color: green, order: , downtime: , user: 
2020-03-05 13:50:38.328   CNC 16   INF   Streaming data to LCD
2020-03-05 13:50:38.328   CNC 16   INF   Data streamed
2020-03-05 13:50:48.734   CNC 16   INF   Workplace color: green, order: , downtime: , user: 
2020-03-05 13:50:48.734   CNC 16   INF   Streaming data to LCD
2020-03-05 13:50:48.735   CNC 16   INF   Data streamed
2020-03-05 13:50:59.168   CNC 16   INF   Workplace color: green, order: , downtime: , user: 
2020-03-05 13:50:59.168   CNC 16   INF   Streaming data to LCD
2020-03-05 13:50:59.168   CNC 16   INF   Data streamed
2020-03-05 13:51:09.538   CNC 16   INF   Workplace color: green, order: , downtime: , user: 
2020-03-05 13:51:09.538   CNC 16   INF   Streaming data to LCD
2020-03-05 13:51:09.538   CNC 16   INF   Data streamed
2020-03-05 13:51:19.874   CNC 16   INF   Workplace color: green, order: , downtime: , user: 
2020-03-05 13:51:19.874   CNC 16   INF   Streaming data to LCD
2020-03-05 13:51:19.875   CNC 16   INF   Data streamed
2020-03-05 13:51:30.271   CNC 16   INF   Workplace color: green, order: , downtime: , user: 
2020-03-05 13:51:30.271   CNC 16   INF   Streaming data to LCD
2020-03-05 13:51:30.271   CNC 16   INF   Data streamed
2020-03-05 13:51:40.792   CNC 16   INF   Workplace color: green, order: , downtime: , user: 
2020-03-05 13:51:40.792   CNC 16   INF   Streaming data to LCD
2020-03-05 13:51:40.792   CNC 16   INF   Data streamed
2020-03-05 13:51:51.243   CNC 16   INF   Workplace color: green, order: , downtime: , user: 
2020-03-05 13:51:51.243   CNC 16   INF   Streaming data to LCD
2020-03-05 13:51:51.243   CNC 16   INF   Data streamed
2020-03-05 13:52:01.729   CNC 16   INF   Workplace color: green, order: , downtime: , user: 
2020-03-05 13:52:01.729   CNC 16   INF   Streaming data to LCD
2020-03-05 13:52:01.729   CNC 16   INF   Data streamed
2020-03-05 13:52:12.103   CNC 16   INF   Workplace color: green, order: , downtime: , user: 
2020-03-05 13:52:12.103   CNC 16   INF   Streaming data to LCD
2020-03-05 13:52:12.103   CNC 16   INF   Data streamed
2020-03-05 13:52:22.525   CNC 16   INF   Workplace color: green, order: , downtime: , user: 
2020-03-05 13:52:22.526   CNC 16   INF   Streaming data to LCD
2020-03-05 13:52:22.526   CNC 16   INF   Data streamed
2020-03-05 14:14:09.381   CNC 16   INF   Workplace color: red, order: , downtime: , user: 
2020-03-05 14:14:09.382   CNC 16   INF   Streaming data to LCD
2020-03-05 14:14:09.382   CNC 16   INF   Data streamed
2020-03-05 14:14:19.587   CNC 16   INF   Workplace color: red, order: , downtime: , user: 
2020-03-05 14:14:19.587   CNC 16   INF   Streaming data to LCD
2020-03-05 14:14:19.587   CNC 16   INF   Data streamed
2020-03-05 14:19:37.913   CNC 16   INF   Workplace color: red, order: , downtime: , user: 
2020-03-05 14:19:37.913   CNC 16   INF   Streaming data to LCD
2020-03-05 14:19:37.913   CNC 16   INF   Data streamed
2020-03-05 14:20:01.740   CNC 16   INF   Workplace color: red, order: , downtime: , user: 
2020-03-05 14:20:01.740   CNC 16   INF   Streaming data to LCD
2020-03-05 14:20:01.740   CNC 16   INF   Data streamed
2020-03-05 14:20:12.030   CNC 16   INF   Workplace color: red, order: , downtime: , user: 
2020-03-05 14:20:12.030   CNC 16   INF   Streaming data to LCD
2020-03-05 14:20:12.030   CNC 16   INF   Data streamed
2020-03-05 14:20:22.312   CNC 16   INF   Workplace color: red, order: , downtime: , user: 
2020-03-05 14:20:22.312   CNC 16   INF   Streaming data to LCD
2020-03-05 14:20:22.312   CNC 16   INF   Data streamed
2020-03-05 14:24:06.568   CNC 16   INF   Workplace color: red, order: , downtime: , user: 
2020-03-05 14:24:06.569   CNC 16   INF   Streaming data to LCD
2020-03-05 14:24:06.569   CNC 16   INF   Data streamed
2020-03-05 14:24:31.592   CNC 16   INF   Workplace color: red, order: , downtime: , user: 
2020-03-05 14:24:31.592   CNC 16   INF   Streaming data to LCD
2020-03-05 14:24:31.592   CNC 16   INF   Data streamed
2020-03-05 14:24:41.938   CNC 16   INF   Workplace color: red, order: , downtime: , user: 
2020-03-05 14:24:41.938   CNC 16   INF   Streaming data to LCD
2020-03-05 14:24:41.938   CNC 16   INF   Data streamed
2020-03-05 14:24:52.156   CNC 16   INF   Workplace color: red, order: , downtime: , user: 
2020-03-05 14:24:52.156   CNC 16   INF   Streaming data to LCD
2020-03-05 14:24:52.156   CNC 16   INF   Data streamed
2020-03-05 14:25:02.434   CNC 16   INF   Workplace color: red, order: , downtime: , user: 
2020-03-05 14:25:02.434   CNC 16   INF   Streaming data to LCD
2020-03-05 14:25:02.434   CNC 16   INF   Data streamed
2020-03-05 14:25:12.789   CNC 16   INF   Workplace color: red, order: , downtime: , user: 
2020-03-05 14:25:12.789   CNC 16   INF   Streaming data to LCD
2020-03-05 14:25:12.789   CNC 16   INF   Data streamed
2020-03-05 14:25:23.086   CNC 16   INF   Workplace color: red, order: , downtime: , user: 
2020-03-05 14:25:23.086   CNC 16   INF   Streaming data to LCD
2020-03-05 14:25:23.086   CNC 16   INF   Data streamed
2020-03-05 14:25:33.427   CNC 16   INF   Workplace color: red, order: , downtime: , user: 
2020-03-05 14:25:33.427   CNC 16   INF   Streaming data to LCD
2020-03-05 14:25:33.427   CNC 16   INF   Data streamed
2020-03-05 14:25:43.916   CNC 16   INF   Workplace color: red, order: , downtime: , user: 
2020-03-05 14:25:43.917   CNC 16   INF   Streaming data to LCD
2020-03-05 14:25:43.917   CNC 16   INF   Data streamed
2020-03-05 14:25:54.137   CNC 16   INF   Workplace color: red, order: , downtime: , user: 
2020-03-05 14:25:54.137   CNC 16   INF   Streaming data to LCD
2020-03-05 14:25:54.138   CNC 16   INF   Data streamed
2020-03-05 14:26:04.333   CNC 16   INF   Workplace color: red, order: , downtime: , user: 
2020-03-05 14:26:04.334   CNC 16   INF   Streaming data to LCD
2020-03-05 14:26:04.334   CNC 16   INF   Data streamed
2020-03-05 14:26:14.548   CNC 16   INF   Workplace color: red, order: , downtime: , user: 
2020-03-05 14:26:14.548   CNC 16   INF   Streaming data to LCD
2020-03-05 14:26:14.548   CNC 16   INF   Data streamed
2020-03-05 14:26:24.717   CNC 16   INF   Workplace color: red, order: , downtime: , user: 
2020-03-05 14:26:24.717   CNC 16   INF   Streaming data to LCD
2020-03-05 14:26:24.718   CNC 16   INF   Data streamed
