2020-03-05 12:46:07.269   CNC 13   INF   Workplace color: green
2020-03-05 12:46:07.269   CNC 13   INF   Streaming data to LCD
2020-03-05 12:46:07.270   CNC 13   INF   Data streamed
2020-03-05 13:01:44.641   CNC 13   INF   Workplace color: green
2020-03-05 13:01:44.641   CNC 13   INF   Streaming data to LCD
2020-03-05 13:01:44.641   CNC 13   INF   Data streamed
2020-03-05 13:01:54.827   CNC 13   INF   Workplace color: green
2020-03-05 13:01:54.828   CNC 13   INF   Streaming data to LCD
2020-03-05 13:01:54.828   CNC 13   INF   Data streamed
2020-03-05 13:02:04.974   CNC 13   INF   Workplace color: green
2020-03-05 13:02:04.975   CNC 13   INF   Streaming data to LCD
2020-03-05 13:02:04.975   CNC 13   INF   Data streamed
2020-03-05 13:02:15.111   CNC 13   INF   Workplace color: green
2020-03-05 13:02:15.111   CNC 13   INF   Streaming data to LCD
2020-03-05 13:02:15.111   CNC 13   INF   Data streamed
2020-03-05 13:02:25.248   CNC 13   INF   Workplace color: green
2020-03-05 13:02:25.248   CNC 13   INF   Streaming data to LCD
2020-03-05 13:02:25.248   CNC 13   INF   Data streamed
2020-03-05 13:02:35.405   CNC 13   INF   Workplace color: green
2020-03-05 13:02:35.405   CNC 13   INF   Streaming data to LCD
2020-03-05 13:02:35.405   CNC 13   INF   Data streamed
2020-03-05 13:02:45.566   CNC 13   INF   Workplace color: green
2020-03-05 13:02:45.566   CNC 13   INF   Streaming data to LCD
2020-03-05 13:02:45.566   CNC 13   INF   Data streamed
2020-03-05 13:02:55.696   CNC 13   INF   Workplace color: green
2020-03-05 13:02:55.696   CNC 13   INF   Streaming data to LCD
2020-03-05 13:02:55.696   CNC 13   INF   Data streamed
2020-03-05 13:03:05.837   CNC 13   INF   Workplace color: green
2020-03-05 13:03:05.837   CNC 13   INF   Streaming data to LCD
2020-03-05 13:03:05.837   CNC 13   INF   Data streamed
2020-03-05 13:03:15.974   CNC 13   INF   Workplace color: green
2020-03-05 13:03:15.974   CNC 13   INF   Streaming data to LCD
2020-03-05 13:03:15.974   CNC 13   INF   Data streamed
2020-03-05 13:03:26.114   CNC 13   INF   Workplace color: green
2020-03-05 13:03:26.115   CNC 13   INF   Streaming data to LCD
2020-03-05 13:03:26.115   CNC 13   INF   Data streamed
2020-03-05 13:03:36.246   CNC 13   INF   Workplace color: green
2020-03-05 13:03:36.246   CNC 13   INF   Streaming data to LCD
2020-03-05 13:03:36.246   CNC 13   INF   Data streamed
2020-03-05 13:03:46.376   CNC 13   INF   Workplace color: green
2020-03-05 13:03:46.376   CNC 13   INF   Streaming data to LCD
2020-03-05 13:03:46.376   CNC 13   INF   Data streamed
2020-03-05 13:03:56.510   CNC 13   INF   Workplace color: green
2020-03-05 13:03:56.510   CNC 13   INF   Streaming data to LCD
2020-03-05 13:03:56.510   CNC 13   INF   Data streamed
2020-03-05 13:04:07.171   CNC 13   INF   Workplace color: green
2020-03-05 13:04:07.171   CNC 13   INF   Streaming data to LCD
2020-03-05 13:04:07.172   CNC 13   INF   Data streamed
2020-03-05 13:04:12.553   CNC 13   INF   Workplace color: green
2020-03-05 13:04:12.553   CNC 13   INF   Streaming data to LCD
2020-03-05 13:04:12.553   CNC 13   INF   Data streamed
2020-03-05 13:04:22.709   CNC 13   INF   Workplace color: green
2020-03-05 13:04:22.709   CNC 13   INF   Streaming data to LCD
2020-03-05 13:04:22.710   CNC 13   INF   Data streamed
2020-03-05 13:04:33.029   CNC 13   INF   Workplace color: green
2020-03-05 13:04:33.030   CNC 13   INF   Streaming data to LCD
2020-03-05 13:04:33.030   CNC 13   INF   Data streamed
2020-03-05 13:04:43.224   CNC 13   INF   Workplace color: green
2020-03-05 13:04:43.224   CNC 13   INF   Streaming data to LCD
2020-03-05 13:04:43.224   CNC 13   INF   Data streamed
2020-03-05 13:04:53.492   CNC 13   INF   Workplace color: green
2020-03-05 13:04:53.493   CNC 13   INF   Streaming data to LCD
2020-03-05 13:04:53.493   CNC 13   INF   Data streamed
2020-03-05 13:08:21.325   CNC 13   INF   Workplace color: green
2020-03-05 13:08:21.326   CNC 13   INF   Streaming data to LCD
2020-03-05 13:08:21.326   CNC 13   INF   Data streamed
2020-03-05 13:08:31.628   CNC 13   INF   Workplace color: green
2020-03-05 13:08:31.628   CNC 13   INF   Streaming data to LCD
2020-03-05 13:08:31.628   CNC 13   INF   Data streamed
2020-03-05 13:08:41.840   CNC 13   INF   Workplace color: green
2020-03-05 13:08:41.840   CNC 13   INF   Streaming data to LCD
2020-03-05 13:08:41.840   CNC 13   INF   Data streamed
2020-03-05 13:09:06.328   CNC 13   INF   Workplace color: green
2020-03-05 13:09:06.328   CNC 13   INF   Streaming data to LCD
2020-03-05 13:09:06.328   CNC 13   INF   Data streamed
2020-03-05 13:09:16.710   CNC 13   INF   Workplace color: green
2020-03-05 13:09:16.710   CNC 13   INF   Streaming data to LCD
2020-03-05 13:09:16.710   CNC 13   INF   Data streamed
2020-03-05 13:09:27.455   CNC 13   INF   Workplace color: green
2020-03-05 13:09:27.455   CNC 13   INF   Streaming data to LCD
2020-03-05 13:09:27.456   CNC 13   INF   Data streamed
2020-03-05 13:09:37.708   CNC 13   INF   Workplace color: green
2020-03-05 13:09:37.708   CNC 13   INF   Streaming data to LCD
2020-03-05 13:09:37.708   CNC 13   INF   Data streamed
2020-03-05 13:09:47.951   CNC 13   INF   Workplace color: green
2020-03-05 13:09:47.951   CNC 13   INF   Streaming data to LCD
2020-03-05 13:09:47.951   CNC 13   INF   Data streamed
2020-03-05 13:09:59.409   CNC 13   INF   Workplace color: green
2020-03-05 13:09:59.409   CNC 13   INF   Streaming data to LCD
2020-03-05 13:09:59.409   CNC 13   INF   Data streamed
2020-03-05 13:10:30.404   CNC 13   INF   Workplace color: green
2020-03-05 13:10:30.404   CNC 13   INF   Streaming data to LCD
2020-03-05 13:10:30.405   CNC 13   INF   Data streamed
2020-03-05 13:10:56.208   CNC 13   INF   Workplace color: green
2020-03-05 13:10:56.209   CNC 13   INF   Streaming data to LCD
2020-03-05 13:10:56.209   CNC 13   INF   Data streamed
2020-03-05 13:11:19.721   CNC 13   INF   Workplace color: green
2020-03-05 13:11:19.721   CNC 13   INF   Streaming data to LCD
2020-03-05 13:11:19.721   CNC 13   INF   Data streamed
2020-03-05 13:22:39.609   CNC 13   INF   Workplace color: orange
2020-03-05 13:22:39.609   CNC 13   INF   Streaming data to LCD
2020-03-05 13:22:39.609   CNC 13   INF   Data streamed
2020-03-05 13:22:49.826   CNC 13   INF   Workplace color: orange
2020-03-05 13:22:49.826   CNC 13   INF   Streaming data to LCD
2020-03-05 13:22:49.826   CNC 13   INF   Data streamed
2020-03-05 13:23:00.028   CNC 13   INF   Workplace color: orange
2020-03-05 13:23:00.028   CNC 13   INF   Streaming data to LCD
2020-03-05 13:23:00.029   CNC 13   INF   Data streamed
2020-03-05 13:23:10.317   CNC 13   INF   Workplace color: orange
2020-03-05 13:23:10.318   CNC 13   INF   Streaming data to LCD
2020-03-05 13:23:10.318   CNC 13   INF   Data streamed
2020-03-05 13:23:20.537   CNC 13   INF   Workplace color: orange
2020-03-05 13:23:20.537   CNC 13   INF   Streaming data to LCD
2020-03-05 13:23:20.538   CNC 13   INF   Data streamed
2020-03-05 13:23:30.831   CNC 13   INF   Workplace color: orange
2020-03-05 13:23:30.831   CNC 13   INF   Streaming data to LCD
2020-03-05 13:23:30.832   CNC 13   INF   Data streamed
2020-03-05 13:23:41.215   CNC 13   INF   Workplace color: orange
2020-03-05 13:23:41.215   CNC 13   INF   Streaming data to LCD
2020-03-05 13:23:41.215   CNC 13   INF   Data streamed
2020-03-05 13:23:51.533   CNC 13   INF   Workplace color: orange
2020-03-05 13:23:51.533   CNC 13   INF   Streaming data to LCD
2020-03-05 13:23:51.534   CNC 13   INF   Data streamed
2020-03-05 13:24:01.837   CNC 13   INF   Workplace color: orange
2020-03-05 13:24:01.837   CNC 13   INF   Streaming data to LCD
2020-03-05 13:24:01.838   CNC 13   INF   Data streamed
2020-03-05 13:24:12.184   CNC 13   INF   Workplace color: orange
2020-03-05 13:24:12.184   CNC 13   INF   Streaming data to LCD
2020-03-05 13:24:12.184   CNC 13   INF   Data streamed
2020-03-05 13:24:22.476   CNC 13   INF   Workplace color: orange
2020-03-05 13:24:22.476   CNC 13   INF   Streaming data to LCD
2020-03-05 13:24:22.476   CNC 13   INF   Data streamed
2020-03-05 13:24:32.746   CNC 13   INF   Workplace color: orange
2020-03-05 13:24:32.747   CNC 13   INF   Streaming data to LCD
2020-03-05 13:24:32.747   CNC 13   INF   Data streamed
2020-03-05 13:24:42.982   CNC 13   INF   Workplace color: orange
2020-03-05 13:24:42.983   CNC 13   INF   Streaming data to LCD
2020-03-05 13:24:42.983   CNC 13   INF   Data streamed
2020-03-05 13:24:53.894   CNC 13   INF   Workplace color: orange
2020-03-05 13:24:53.895   CNC 13   INF   Streaming data to LCD
2020-03-05 13:24:53.895   CNC 13   INF   Data streamed
2020-03-05 13:25:04.399   CNC 13   INF   Workplace color: orange
2020-03-05 13:25:04.400   CNC 13   INF   Streaming data to LCD
2020-03-05 13:25:04.400   CNC 13   INF   Data streamed
2020-03-05 13:25:14.812   CNC 13   INF   Workplace color: orange
2020-03-05 13:25:14.813   CNC 13   INF   Streaming data to LCD
2020-03-05 13:25:14.813   CNC 13   INF   Data streamed
2020-03-05 13:25:25.160   CNC 13   INF   Workplace color: orange
2020-03-05 13:25:25.160   CNC 13   INF   Streaming data to LCD
2020-03-05 13:25:25.160   CNC 13   INF   Data streamed
2020-03-05 13:25:35.346   CNC 13   INF   Workplace color: orange
2020-03-05 13:25:35.346   CNC 13   INF   Streaming data to LCD
2020-03-05 13:25:35.346   CNC 13   INF   Data streamed
2020-03-05 13:25:45.656   CNC 13   INF   Workplace color: orange
2020-03-05 13:25:45.656   CNC 13   INF   Streaming data to LCD
2020-03-05 13:25:45.656   CNC 13   INF   Data streamed
2020-03-05 13:25:56.008   CNC 13   INF   Workplace color: orange
2020-03-05 13:25:56.009   CNC 13   INF   Streaming data to LCD
2020-03-05 13:25:56.009   CNC 13   INF   Data streamed
2020-03-05 13:26:06.386   CNC 13   INF   Workplace color: orange
2020-03-05 13:26:06.386   CNC 13   INF   Streaming data to LCD
2020-03-05 13:26:06.386   CNC 13   INF   Data streamed
2020-03-05 13:26:16.705   CNC 13   INF   Workplace color: orange
2020-03-05 13:26:16.705   CNC 13   INF   Streaming data to LCD
2020-03-05 13:26:16.705   CNC 13   INF   Data streamed
2020-03-05 13:26:27.020   CNC 13   INF   Workplace color: orange
2020-03-05 13:26:27.020   CNC 13   INF   Streaming data to LCD
2020-03-05 13:26:27.020   CNC 13   INF   Data streamed
2020-03-05 13:26:37.378   CNC 13   INF   Workplace color: orange
2020-03-05 13:26:37.378   CNC 13   INF   Streaming data to LCD
2020-03-05 13:26:37.379   CNC 13   INF   Data streamed
2020-03-05 13:26:43.268   CNC 13   INF   Workplace color: orange
2020-03-05 13:26:43.268   CNC 13   INF   Streaming data to LCD
2020-03-05 13:26:43.268   CNC 13   INF   Data streamed
2020-03-05 13:26:53.869   CNC 13   INF   Workplace color: orange
2020-03-05 13:26:53.870   CNC 13   INF   Streaming data to LCD
2020-03-05 13:26:53.870   CNC 13   INF   Data streamed
2020-03-05 13:27:04.082   CNC 13   INF   Workplace color: orange
2020-03-05 13:27:04.082   CNC 13   INF   Streaming data to LCD
2020-03-05 13:27:04.082   CNC 13   INF   Data streamed
2020-03-05 13:27:14.310   CNC 13   INF   Workplace color: orange
2020-03-05 13:27:14.311   CNC 13   INF   Streaming data to LCD
2020-03-05 13:27:14.311   CNC 13   INF   Data streamed
2020-03-05 13:27:24.665   CNC 13   INF   Workplace color: orange
2020-03-05 13:27:24.666   CNC 13   INF   Streaming data to LCD
2020-03-05 13:27:24.666   CNC 13   INF   Data streamed
2020-03-05 13:27:35.454   CNC 13   INF   Workplace color: orange
2020-03-05 13:27:35.454   CNC 13   INF   Streaming data to LCD
2020-03-05 13:27:35.454   CNC 13   INF   Data streamed
2020-03-05 13:27:46.063   CNC 13   INF   Workplace color: orange
2020-03-05 13:27:46.063   CNC 13   INF   Streaming data to LCD
2020-03-05 13:27:46.063   CNC 13   INF   Data streamed
2020-03-05 13:27:55.966   CNC 13   INF   Workplace color: orange
2020-03-05 13:27:55.967   CNC 13   INF   Streaming data to LCD
2020-03-05 13:27:55.967   CNC 13   INF   Data streamed
2020-03-05 13:28:06.307   CNC 13   INF   Workplace color: orange
2020-03-05 13:28:06.307   CNC 13   INF   Streaming data to LCD
2020-03-05 13:28:06.307   CNC 13   INF   Data streamed
2020-03-05 13:28:16.599   CNC 13   INF   Workplace color: orange
2020-03-05 13:28:16.599   CNC 13   INF   Streaming data to LCD
2020-03-05 13:28:16.599   CNC 13   INF   Data streamed
2020-03-05 13:28:26.793   CNC 13   INF   Workplace color: orange
2020-03-05 13:28:26.793   CNC 13   INF   Streaming data to LCD
2020-03-05 13:28:26.793   CNC 13   INF   Data streamed
2020-03-05 13:28:37.018   CNC 13   INF   Workplace color: orange
2020-03-05 13:28:37.019   CNC 13   INF   Streaming data to LCD
2020-03-05 13:28:37.019   CNC 13   INF   Data streamed
2020-03-05 13:28:47.354   CNC 13   INF   Workplace color: orange
2020-03-05 13:28:47.354   CNC 13   INF   Streaming data to LCD
2020-03-05 13:28:47.354   CNC 13   INF   Data streamed
2020-03-05 13:28:57.683   CNC 13   INF   Workplace color: orange
2020-03-05 13:28:57.683   CNC 13   INF   Streaming data to LCD
2020-03-05 13:28:57.684   CNC 13   INF   Data streamed
2020-03-05 13:29:31.601   CNC 13   INF   Workplace color: orange
2020-03-05 13:29:31.601   CNC 13   INF   Streaming data to LCD
2020-03-05 13:29:31.601   CNC 13   INF   Data streamed
2020-03-05 13:29:41.765   CNC 13   INF   Workplace color: orange
2020-03-05 13:29:41.765   CNC 13   INF   Streaming data to LCD
2020-03-05 13:29:41.765   CNC 13   INF   Data streamed
2020-03-05 13:29:51.983   CNC 13   INF   Workplace color: orange
2020-03-05 13:29:51.983   CNC 13   INF   Streaming data to LCD
2020-03-05 13:29:51.983   CNC 13   INF   Data streamed
2020-03-05 13:30:02.266   CNC 13   INF   Workplace color: orange
2020-03-05 13:30:02.266   CNC 13   INF   Streaming data to LCD
2020-03-05 13:30:02.266   CNC 13   INF   Data streamed
2020-03-05 13:30:12.460   CNC 13   INF   Workplace color: orange
2020-03-05 13:30:12.460   CNC 13   INF   Streaming data to LCD
2020-03-05 13:30:12.460   CNC 13   INF   Data streamed
2020-03-05 13:30:22.742   CNC 13   INF   Workplace color: orange
2020-03-05 13:30:22.742   CNC 13   INF   Streaming data to LCD
2020-03-05 13:30:22.742   CNC 13   INF   Data streamed
2020-03-05 13:30:33.020   CNC 13   INF   Workplace color: orange
2020-03-05 13:30:33.020   CNC 13   INF   Streaming data to LCD
2020-03-05 13:30:33.020   CNC 13   INF   Data streamed
2020-03-05 13:30:43.206   CNC 13   INF   Workplace color: orange
2020-03-05 13:30:43.207   CNC 13   INF   Streaming data to LCD
2020-03-05 13:30:43.207   CNC 13   INF   Data streamed
2020-03-05 13:30:53.428   CNC 13   INF   Workplace color: orange
2020-03-05 13:30:53.428   CNC 13   INF   Streaming data to LCD
2020-03-05 13:30:53.428   CNC 13   INF   Data streamed
2020-03-05 13:31:03.927   CNC 13   INF   Workplace color: orange
2020-03-05 13:31:03.928   CNC 13   INF   Streaming data to LCD
2020-03-05 13:31:03.928   CNC 13   INF   Data streamed
2020-03-05 13:31:14.237   CNC 13   INF   Workplace color: orange
2020-03-05 13:31:14.237   CNC 13   INF   Streaming data to LCD
2020-03-05 13:31:14.237   CNC 13   INF   Data streamed
2020-03-05 13:31:24.443   CNC 13   INF   Workplace color: orange
2020-03-05 13:31:24.443   CNC 13   INF   Streaming data to LCD
2020-03-05 13:31:24.443   CNC 13   INF   Data streamed
2020-03-05 13:31:34.922   CNC 13   INF   Workplace color: orange
2020-03-05 13:31:34.922   CNC 13   INF   Streaming data to LCD
2020-03-05 13:31:34.923   CNC 13   INF   Data streamed
2020-03-05 13:31:45.222   CNC 13   INF   Workplace color: orange
2020-03-05 13:31:45.222   CNC 13   INF   Streaming data to LCD
2020-03-05 13:31:45.222   CNC 13   INF   Data streamed
2020-03-05 13:31:55.483   CNC 13   INF   Workplace color: orange
2020-03-05 13:31:55.483   CNC 13   INF   Streaming data to LCD
2020-03-05 13:31:55.483   CNC 13   INF   Data streamed
2020-03-05 13:32:05.677   CNC 13   INF   Workplace color: orange
2020-03-05 13:32:05.677   CNC 13   INF   Streaming data to LCD
2020-03-05 13:32:05.677   CNC 13   INF   Data streamed
2020-03-05 13:32:15.856   CNC 13   INF   Workplace color: orange
2020-03-05 13:32:15.856   CNC 13   INF   Streaming data to LCD
2020-03-05 13:32:15.856   CNC 13   INF   Data streamed
2020-03-05 13:32:26.061   CNC 13   INF   Workplace color: orange
2020-03-05 13:32:26.061   CNC 13   INF   Streaming data to LCD
2020-03-05 13:32:26.061   CNC 13   INF   Data streamed
2020-03-05 13:32:36.261   CNC 13   INF   Workplace color: orange
2020-03-05 13:32:36.261   CNC 13   INF   Streaming data to LCD
2020-03-05 13:32:36.261   CNC 13   INF   Data streamed
2020-03-05 13:32:46.615   CNC 13   INF   Workplace color: orange
2020-03-05 13:32:46.616   CNC 13   INF   Streaming data to LCD
2020-03-05 13:32:46.616   CNC 13   INF   Data streamed
2020-03-05 13:32:57.048   CNC 13   INF   Workplace color: orange
2020-03-05 13:32:57.048   CNC 13   INF   Streaming data to LCD
2020-03-05 13:32:57.049   CNC 13   INF   Data streamed
2020-03-05 13:33:07.334   CNC 13   INF   Workplace color: orange
2020-03-05 13:33:07.334   CNC 13   INF   Streaming data to LCD
2020-03-05 13:33:07.334   CNC 13   INF   Data streamed
2020-03-05 13:33:17.654   CNC 13   INF   Workplace color: orange
2020-03-05 13:33:17.655   CNC 13   INF   Streaming data to LCD
2020-03-05 13:33:17.655   CNC 13   INF   Data streamed
2020-03-05 13:33:28.072   CNC 13   INF   Workplace color: orange
2020-03-05 13:33:28.072   CNC 13   INF   Streaming data to LCD
2020-03-05 13:33:28.072   CNC 13   INF   Data streamed
2020-03-05 13:33:38.546   CNC 13   INF   Workplace color: orange
2020-03-05 13:33:38.546   CNC 13   INF   Streaming data to LCD
2020-03-05 13:33:38.546   CNC 13   INF   Data streamed
2020-03-05 13:33:42.021   CNC 13   INF   Workplace color: orange
2020-03-05 13:33:42.021   CNC 13   INF   Streaming data to LCD
2020-03-05 13:33:42.021   CNC 13   INF   Data streamed
2020-03-05 13:33:52.385   CNC 13   INF   Workplace color: orange
2020-03-05 13:33:52.386   CNC 13   INF   Streaming data to LCD
2020-03-05 13:33:52.386   CNC 13   INF   Data streamed
2020-03-05 13:34:02.719   CNC 13   INF   Workplace color: orange
2020-03-05 13:34:02.720   CNC 13   INF   Streaming data to LCD
2020-03-05 13:34:02.720   CNC 13   INF   Data streamed
2020-03-05 13:34:13.159   CNC 13   INF   Workplace color: orange
2020-03-05 13:34:13.159   CNC 13   INF   Streaming data to LCD
2020-03-05 13:34:13.159   CNC 13   INF   Data streamed
2020-03-05 13:34:23.665   CNC 13   INF   Workplace color: orange
2020-03-05 13:34:23.665   CNC 13   INF   Streaming data to LCD
2020-03-05 13:34:23.665   CNC 13   INF   Data streamed
2020-03-05 13:34:34.464   CNC 13   INF   Workplace color: orange
2020-03-05 13:34:34.465   CNC 13   INF   Streaming data to LCD
2020-03-05 13:34:34.465   CNC 13   INF   Data streamed
2020-03-05 13:34:44.859   CNC 13   INF   Workplace color: orange
2020-03-05 13:34:44.859   CNC 13   INF   Streaming data to LCD
2020-03-05 13:34:44.859   CNC 13   INF   Data streamed
2020-03-05 13:34:55.439   CNC 13   INF   Workplace color: orange
2020-03-05 13:34:55.440   CNC 13   INF   Streaming data to LCD
2020-03-05 13:34:55.440   CNC 13   INF   Data streamed
2020-03-05 13:35:05.717   CNC 13   INF   Workplace color: orange
2020-03-05 13:35:05.717   CNC 13   INF   Streaming data to LCD
2020-03-05 13:35:05.717   CNC 13   INF   Data streamed
2020-03-05 13:35:16.048   CNC 13   INF   Workplace color: orange
2020-03-05 13:35:16.048   CNC 13   INF   Streaming data to LCD
2020-03-05 13:35:16.048   CNC 13   INF   Data streamed
2020-03-05 13:35:26.387   CNC 13   INF   Workplace color: orange
2020-03-05 13:35:26.387   CNC 13   INF   Streaming data to LCD
2020-03-05 13:35:26.387   CNC 13   INF   Data streamed
2020-03-05 13:35:37.129   CNC 13   INF   Workplace color: orange
2020-03-05 13:35:37.129   CNC 13   INF   Streaming data to LCD
2020-03-05 13:35:37.129   CNC 13   INF   Data streamed
2020-03-05 13:35:47.441   CNC 13   INF   Workplace color: orange
2020-03-05 13:35:47.441   CNC 13   INF   Streaming data to LCD
2020-03-05 13:35:47.441   CNC 13   INF   Data streamed
2020-03-05 13:35:57.655   CNC 13   INF   Workplace color: orange
2020-03-05 13:35:57.655   CNC 13   INF   Streaming data to LCD
2020-03-05 13:35:57.655   CNC 13   INF   Data streamed
2020-03-05 13:36:07.980   CNC 13   INF   Workplace color: orange
2020-03-05 13:36:07.981   CNC 13   INF   Streaming data to LCD
2020-03-05 13:36:07.981   CNC 13   INF   Data streamed
2020-03-05 13:36:18.284   CNC 13   INF   Workplace color: orange
2020-03-05 13:36:18.284   CNC 13   INF   Streaming data to LCD
2020-03-05 13:36:18.285   CNC 13   INF   Data streamed
2020-03-05 13:36:28.578   CNC 13   INF   Workplace color: orange
2020-03-05 13:36:28.578   CNC 13   INF   Streaming data to LCD
2020-03-05 13:36:28.579   CNC 13   INF   Data streamed
2020-03-05 13:36:38.877   CNC 13   INF   Workplace color: orange
2020-03-05 13:36:38.877   CNC 13   INF   Streaming data to LCD
2020-03-05 13:36:38.877   CNC 13   INF   Data streamed
2020-03-05 13:36:49.246   CNC 13   INF   Workplace color: orange
2020-03-05 13:36:49.246   CNC 13   INF   Streaming data to LCD
2020-03-05 13:36:49.246   CNC 13   INF   Data streamed
2020-03-05 13:36:59.521   CNC 13   INF   Workplace color: orange
2020-03-05 13:36:59.521   CNC 13   INF   Streaming data to LCD
2020-03-05 13:36:59.521   CNC 13   INF   Data streamed
2020-03-05 13:37:09.779   CNC 13   INF   Workplace color: orange
2020-03-05 13:37:09.779   CNC 13   INF   Streaming data to LCD
2020-03-05 13:37:09.779   CNC 13   INF   Data streamed
2020-03-05 13:37:20.077   CNC 13   INF   Workplace color: orange
2020-03-05 13:37:20.077   CNC 13   INF   Streaming data to LCD
2020-03-05 13:37:20.077   CNC 13   INF   Data streamed
2020-03-05 13:37:30.439   CNC 13   INF   Workplace color: orange
2020-03-05 13:37:30.439   CNC 13   INF   Streaming data to LCD
2020-03-05 13:37:30.439   CNC 13   INF   Data streamed
2020-03-05 13:37:40.722   CNC 13   INF   Workplace color: orange
2020-03-05 13:37:40.723   CNC 13   INF   Streaming data to LCD
2020-03-05 13:37:40.723   CNC 13   INF   Data streamed
2020-03-05 13:37:51.030   CNC 13   INF   Workplace color: orange
2020-03-05 13:37:51.030   CNC 13   INF   Streaming data to LCD
2020-03-05 13:37:51.030   CNC 13   INF   Data streamed
2020-03-05 13:38:01.360   CNC 13   INF   Workplace color: orange
2020-03-05 13:38:01.360   CNC 13   INF   Streaming data to LCD
2020-03-05 13:38:01.360   CNC 13   INF   Data streamed
2020-03-05 13:38:11.688   CNC 13   INF   Workplace color: orange
2020-03-05 13:38:11.689   CNC 13   INF   Streaming data to LCD
2020-03-05 13:38:11.689   CNC 13   INF   Data streamed
2020-03-05 13:38:21.972   CNC 13   INF   Workplace color: orange
2020-03-05 13:38:21.972   CNC 13   INF   Streaming data to LCD
2020-03-05 13:38:21.972   CNC 13   INF   Data streamed
2020-03-05 13:38:32.286   CNC 13   INF   Workplace color: orange
2020-03-05 13:38:32.286   CNC 13   INF   Streaming data to LCD
2020-03-05 13:38:32.287   CNC 13   INF   Data streamed
2020-03-05 13:38:42.597   CNC 13   INF   Workplace color: orange
2020-03-05 13:38:42.597   CNC 13   INF   Streaming data to LCD
2020-03-05 13:38:42.597   CNC 13   INF   Data streamed
2020-03-05 13:38:52.922   CNC 13   INF   Workplace color: orange
2020-03-05 13:38:52.923   CNC 13   INF   Streaming data to LCD
2020-03-05 13:38:52.923   CNC 13   INF   Data streamed
2020-03-05 13:39:03.250   CNC 13   INF   Workplace color: orange
2020-03-05 13:39:03.250   CNC 13   INF   Streaming data to LCD
2020-03-05 13:39:03.250   CNC 13   INF   Data streamed
2020-03-05 13:39:13.768   CNC 13   INF   Workplace color: orange
2020-03-05 13:39:13.768   CNC 13   INF   Streaming data to LCD
2020-03-05 13:39:13.768   CNC 13   INF   Data streamed
2020-03-05 13:39:24.209   CNC 13   INF   Workplace color: orange
2020-03-05 13:39:24.209   CNC 13   INF   Streaming data to LCD
2020-03-05 13:39:24.209   CNC 13   INF   Data streamed
2020-03-05 13:39:34.540   CNC 13   INF   Workplace color: orange
2020-03-05 13:39:34.540   CNC 13   INF   Streaming data to LCD
2020-03-05 13:39:34.540   CNC 13   INF   Data streamed
2020-03-05 13:39:44.859   CNC 13   INF   Workplace color: orange
2020-03-05 13:39:44.859   CNC 13   INF   Streaming data to LCD
2020-03-05 13:39:44.860   CNC 13   INF   Data streamed
2020-03-05 13:39:55.178   CNC 13   INF   Workplace color: orange
2020-03-05 13:39:55.178   CNC 13   INF   Streaming data to LCD
2020-03-05 13:39:55.178   CNC 13   INF   Data streamed
2020-03-05 13:40:05.453   CNC 13   INF   Workplace color: orange
2020-03-05 13:40:05.453   CNC 13   INF   Streaming data to LCD
2020-03-05 13:40:05.453   CNC 13   INF   Data streamed
2020-03-05 13:40:15.743   CNC 13   INF   Workplace color: orange
2020-03-05 13:40:15.743   CNC 13   INF   Streaming data to LCD
2020-03-05 13:40:15.743   CNC 13   INF   Data streamed
2020-03-05 13:40:26.051   CNC 13   INF   Workplace color: orange
2020-03-05 13:40:26.051   CNC 13   INF   Streaming data to LCD
2020-03-05 13:40:26.051   CNC 13   INF   Data streamed
2020-03-05 13:40:36.363   CNC 13   INF   Workplace color: orange
2020-03-05 13:40:36.363   CNC 13   INF   Streaming data to LCD
2020-03-05 13:40:36.363   CNC 13   INF   Data streamed
2020-03-05 13:40:46.668   CNC 13   INF   Workplace color: orange
2020-03-05 13:40:46.668   CNC 13   INF   Streaming data to LCD
2020-03-05 13:40:46.668   CNC 13   INF   Data streamed
2020-03-05 13:40:56.949   CNC 13   INF   Workplace color: orange
2020-03-05 13:40:56.949   CNC 13   INF   Streaming data to LCD
2020-03-05 13:40:56.950   CNC 13   INF   Data streamed
2020-03-05 13:41:07.247   CNC 13   INF   Workplace color: orange
2020-03-05 13:41:07.247   CNC 13   INF   Streaming data to LCD
2020-03-05 13:41:07.247   CNC 13   INF   Data streamed
2020-03-05 13:41:17.497   CNC 13   INF   Workplace color: orange
2020-03-05 13:41:17.497   CNC 13   INF   Streaming data to LCD
2020-03-05 13:41:17.497   CNC 13   INF   Data streamed
2020-03-05 13:41:27.825   CNC 13   INF   Workplace color: orange
2020-03-05 13:41:27.825   CNC 13   INF   Streaming data to LCD
2020-03-05 13:41:27.825   CNC 13   INF   Data streamed
2020-03-05 13:44:08.180   CNC 13   INF   Workplace color: orange
2020-03-05 13:44:08.180   CNC 13   INF   Streaming data to LCD
2020-03-05 13:44:08.180   CNC 13   INF   Data streamed
2020-03-05 13:44:18.425   CNC 13   INF   Workplace color: orange
2020-03-05 13:44:18.426   CNC 13   INF   Streaming data to LCD
2020-03-05 13:44:18.426   CNC 13   INF   Data streamed
2020-03-05 13:44:28.810   CNC 13   INF   Workplace color: orange
2020-03-05 13:44:28.810   CNC 13   INF   Streaming data to LCD
2020-03-05 13:44:28.810   CNC 13   INF   Data streamed
2020-03-05 13:44:39.122   CNC 13   INF   Workplace color: orange
2020-03-05 13:44:39.122   CNC 13   INF   Streaming data to LCD
2020-03-05 13:44:39.122   CNC 13   INF   Data streamed
2020-03-05 13:44:49.393   CNC 13   INF   Workplace color: orange
2020-03-05 13:44:49.393   CNC 13   INF   Streaming data to LCD
2020-03-05 13:44:49.393   CNC 13   INF   Data streamed
2020-03-05 13:44:59.681   CNC 13   INF   Workplace color: green
2020-03-05 13:44:59.681   CNC 13   INF   Streaming data to LCD
2020-03-05 13:44:59.681   CNC 13   INF   Data streamed
2020-03-05 13:45:09.979   CNC 13   INF   Workplace color: green
2020-03-05 13:45:09.979   CNC 13   INF   Streaming data to LCD
2020-03-05 13:45:09.979   CNC 13   INF   Data streamed
2020-03-05 13:45:20.398   CNC 13   INF   Workplace color: green
2020-03-05 13:45:20.398   CNC 13   INF   Streaming data to LCD
2020-03-05 13:45:20.398   CNC 13   INF   Data streamed
2020-03-05 13:45:30.646   CNC 13   INF   Workplace color: green
2020-03-05 13:45:30.646   CNC 13   INF   Streaming data to LCD
2020-03-05 13:45:30.646   CNC 13   INF   Data streamed
2020-03-05 13:45:40.965   CNC 13   INF   Workplace color: green
2020-03-05 13:45:40.965   CNC 13   INF   Streaming data to LCD
2020-03-05 13:45:40.966   CNC 13   INF   Data streamed
2020-03-05 13:45:51.244   CNC 13   INF   Workplace color: green
2020-03-05 13:45:51.245   CNC 13   INF   Streaming data to LCD
2020-03-05 13:45:51.245   CNC 13   INF   Data streamed
2020-03-05 13:46:01.489   CNC 13   INF   Workplace color: green
2020-03-05 13:46:01.489   CNC 13   INF   Streaming data to LCD
2020-03-05 13:46:01.489   CNC 13   INF   Data streamed
2020-03-05 13:46:11.827   CNC 13   INF   Workplace color: green
2020-03-05 13:46:11.827   CNC 13   INF   Streaming data to LCD
2020-03-05 13:46:11.828   CNC 13   INF   Data streamed
2020-03-05 13:46:22.305   CNC 13   INF   Workplace color: green
2020-03-05 13:46:22.305   CNC 13   INF   Streaming data to LCD
2020-03-05 13:46:22.305   CNC 13   INF   Data streamed
2020-03-05 13:46:32.700   CNC 13   INF   Workplace color: green
2020-03-05 13:46:32.700   CNC 13   INF   Streaming data to LCD
2020-03-05 13:46:32.701   CNC 13   INF   Data streamed
2020-03-05 13:46:43.096   CNC 13   INF   Workplace color: green
2020-03-05 13:46:43.096   CNC 13   INF   Streaming data to LCD
2020-03-05 13:46:43.096   CNC 13   INF   Data streamed
2020-03-05 13:46:53.346   CNC 13   INF   Workplace color: green
2020-03-05 13:46:53.347   CNC 13   INF   Streaming data to LCD
2020-03-05 13:46:53.347   CNC 13   INF   Data streamed
2020-03-05 13:47:03.668   CNC 13   INF   Workplace color: green
2020-03-05 13:47:03.668   CNC 13   INF   Streaming data to LCD
2020-03-05 13:47:03.668   CNC 13   INF   Data streamed
2020-03-05 13:47:13.889   CNC 13   INF   Workplace color: green
2020-03-05 13:47:13.889   CNC 13   INF   Streaming data to LCD
2020-03-05 13:47:13.889   CNC 13   INF   Data streamed
2020-03-05 13:47:24.088   CNC 13   INF   Workplace color: green
2020-03-05 13:47:24.089   CNC 13   INF   Streaming data to LCD
2020-03-05 13:47:24.089   CNC 13   INF   Data streamed
2020-03-05 13:47:34.321   CNC 13   INF   Workplace color: green
2020-03-05 13:47:34.321   CNC 13   INF   Streaming data to LCD
2020-03-05 13:47:34.321   CNC 13   INF   Data streamed
2020-03-05 13:47:44.517   CNC 13   INF   Workplace color: green
2020-03-05 13:47:44.517   CNC 13   INF   Streaming data to LCD
2020-03-05 13:47:44.517   CNC 13   INF   Data streamed
2020-03-05 13:47:54.784   CNC 13   INF   Workplace color: green
2020-03-05 13:47:54.784   CNC 13   INF   Streaming data to LCD
2020-03-05 13:47:54.784   CNC 13   INF   Data streamed
2020-03-05 13:48:05.155   CNC 13   INF   Workplace color: green
2020-03-05 13:48:05.155   CNC 13   INF   Streaming data to LCD
2020-03-05 13:48:05.155   CNC 13   INF   Data streamed
2020-03-05 13:48:15.420   CNC 13   INF   Workplace color: green
2020-03-05 13:48:15.420   CNC 13   INF   Streaming data to LCD
2020-03-05 13:48:15.420   CNC 13   INF   Data streamed
2020-03-05 13:48:25.745   CNC 13   INF   Workplace color: green
2020-03-05 13:48:25.745   CNC 13   INF   Streaming data to LCD
2020-03-05 13:48:25.745   CNC 13   INF   Data streamed
2020-03-05 13:48:36.190   CNC 13   INF   Workplace color: green
2020-03-05 13:48:36.191   CNC 13   INF   Streaming data to LCD
2020-03-05 13:48:36.191   CNC 13   INF   Data streamed
2020-03-05 13:48:43.743   CNC 13   INF   Workplace color: green
2020-03-05 13:48:43.743   CNC 13   INF   Streaming data to LCD
2020-03-05 13:48:43.743   CNC 13   INF   Data streamed
2020-03-05 13:48:52.490   CNC 13   INF   Workplace color: green
2020-03-05 13:48:52.490   CNC 13   INF   Streaming data to LCD
2020-03-05 13:48:52.490   CNC 13   INF   Data streamed
2020-03-05 13:49:02.832   CNC 13   INF   Workplace color: green
2020-03-05 13:49:02.832   CNC 13   INF   Streaming data to LCD
2020-03-05 13:49:02.832   CNC 13   INF   Data streamed
2020-03-05 13:49:13.057   CNC 13   INF   Workplace color: green
2020-03-05 13:49:13.057   CNC 13   INF   Streaming data to LCD
2020-03-05 13:49:13.057   CNC 13   INF   Data streamed
2020-03-05 13:49:23.252   CNC 13   INF   Workplace color: green
2020-03-05 13:49:23.252   CNC 13   INF   Streaming data to LCD
2020-03-05 13:49:23.252   CNC 13   INF   Data streamed
2020-03-05 13:49:33.585   CNC 13   INF   Workplace color: green
2020-03-05 13:49:33.585   CNC 13   INF   Streaming data to LCD
2020-03-05 13:49:33.585   CNC 13   INF   Data streamed
2020-03-05 13:49:44.027   CNC 13   INF   Workplace color: green
2020-03-05 13:49:44.027   CNC 13   INF   Streaming data to LCD
2020-03-05 13:49:44.027   CNC 13   INF   Data streamed
2020-03-05 13:49:54.627   CNC 13   INF   Workplace color: green
2020-03-05 13:49:54.628   CNC 13   INF   Streaming data to LCD
2020-03-05 13:49:54.628   CNC 13   INF   Data streamed
2020-03-05 13:50:05.237   CNC 13   INF   Workplace color: green
2020-03-05 13:50:05.238   CNC 13   INF   Streaming data to LCD
2020-03-05 13:50:05.238   CNC 13   INF   Data streamed
2020-03-05 13:50:17.483   CNC 13   INF   Workplace color: green, order: , downtime: , user: 
2020-03-05 13:50:17.483   CNC 13   INF   Streaming data to LCD
2020-03-05 13:50:17.483   CNC 13   INF   Data streamed
2020-03-05 13:50:27.814   CNC 13   INF   Workplace color: green, order: , downtime: , user: 
2020-03-05 13:50:27.814   CNC 13   INF   Streaming data to LCD
2020-03-05 13:50:27.814   CNC 13   INF   Data streamed
2020-03-05 13:50:38.094   CNC 13   INF   Workplace color: green, order: , downtime: , user: 
2020-03-05 13:50:38.095   CNC 13   INF   Streaming data to LCD
2020-03-05 13:50:38.095   CNC 13   INF   Data streamed
2020-03-05 13:50:48.390   CNC 13   INF   Workplace color: green, order: , downtime: , user: 
2020-03-05 13:50:48.390   CNC 13   INF   Streaming data to LCD
2020-03-05 13:50:48.390   CNC 13   INF   Data streamed
2020-03-05 13:50:58.798   CNC 13   INF   Workplace color: green, order: , downtime: , user: 
2020-03-05 13:50:58.798   CNC 13   INF   Streaming data to LCD
2020-03-05 13:50:58.798   CNC 13   INF   Data streamed
2020-03-05 13:51:09.221   CNC 13   INF   Workplace color: green, order: , downtime: , user: 
2020-03-05 13:51:09.221   CNC 13   INF   Streaming data to LCD
2020-03-05 13:51:09.222   CNC 13   INF   Data streamed
2020-03-05 13:51:19.585   CNC 13   INF   Workplace color: green, order: , downtime: , user: 
2020-03-05 13:51:19.585   CNC 13   INF   Streaming data to LCD
2020-03-05 13:51:19.585   CNC 13   INF   Data streamed
2020-03-05 13:51:29.919   CNC 13   INF   Workplace color: green, order: , downtime: , user: 
2020-03-05 13:51:29.919   CNC 13   INF   Streaming data to LCD
2020-03-05 13:51:29.919   CNC 13   INF   Data streamed
2020-03-05 13:51:40.345   CNC 13   INF   Workplace color: green, order: , downtime: , user: 
2020-03-05 13:51:40.345   CNC 13   INF   Streaming data to LCD
2020-03-05 13:51:40.345   CNC 13   INF   Data streamed
2020-03-05 13:51:50.921   CNC 13   INF   Workplace color: green, order: , downtime: , user: 
2020-03-05 13:51:50.922   CNC 13   INF   Streaming data to LCD
2020-03-05 13:51:50.922   CNC 13   INF   Data streamed
2020-03-05 13:52:01.315   CNC 13   INF   Workplace color: green, order: , downtime: , user: 
2020-03-05 13:52:01.316   CNC 13   INF   Streaming data to LCD
2020-03-05 13:52:01.316   CNC 13   INF   Data streamed
2020-03-05 13:52:11.801   CNC 13   INF   Workplace color: green, order: , downtime: , user: 
2020-03-05 13:52:11.801   CNC 13   INF   Streaming data to LCD
2020-03-05 13:52:11.801   CNC 13   INF   Data streamed
2020-03-05 13:52:22.164   CNC 13   INF   Workplace color: green, order: , downtime: , user: 
2020-03-05 13:52:22.164   CNC 13   INF   Streaming data to LCD
2020-03-05 13:52:22.164   CNC 13   INF   Data streamed
2020-03-05 14:14:09.371   CNC 13   INF   Workplace color: orange, order: , downtime: , user: 
2020-03-05 14:14:09.371   CNC 13   INF   Streaming data to LCD
2020-03-05 14:14:09.371   CNC 13   INF   Data streamed
2020-03-05 14:14:19.581   CNC 13   INF   Workplace color: orange, order: , downtime: , user: 
2020-03-05 14:14:19.581   CNC 13   INF   Streaming data to LCD
2020-03-05 14:14:19.581   CNC 13   INF   Data streamed
2020-03-05 14:19:37.990   CNC 13   INF   Workplace color: green, order: , downtime: , user: 
2020-03-05 14:19:37.991   CNC 13   INF   Streaming data to LCD
2020-03-05 14:19:37.991   CNC 13   INF   Data streamed
2020-03-05 14:20:01.828   CNC 13   INF   Workplace color: green, order: , downtime: , user: 
2020-03-05 14:20:01.829   CNC 13   INF   Streaming data to LCD
2020-03-05 14:20:01.829   CNC 13   INF   Data streamed
2020-03-05 14:20:12.103   CNC 13   INF   Workplace color: green, order: , downtime: , user: 
2020-03-05 14:20:12.103   CNC 13   INF   Streaming data to LCD
2020-03-05 14:20:12.103   CNC 13   INF   Data streamed
2020-03-05 14:20:22.364   CNC 13   INF   Workplace color: green, order: , downtime: , user: 
2020-03-05 14:20:22.364   CNC 13   INF   Streaming data to LCD
2020-03-05 14:20:22.364   CNC 13   INF   Data streamed
2020-03-05 14:24:06.729   CNC 13   INF   Workplace color: green, order: , downtime: , user: 
2020-03-05 14:24:06.730   CNC 13   INF   Streaming data to LCD
2020-03-05 14:24:06.730   CNC 13   INF   Data streamed
2020-03-05 14:24:31.693   CNC 13   INF   Workplace color: green, order: , downtime: , user: 
2020-03-05 14:24:31.693   CNC 13   INF   Streaming data to LCD
2020-03-05 14:24:31.693   CNC 13   INF   Data streamed
2020-03-05 14:24:41.981   CNC 13   INF   Workplace color: green, order: , downtime: , user: 
2020-03-05 14:24:41.981   CNC 13   INF   Streaming data to LCD
2020-03-05 14:24:41.981   CNC 13   INF   Data streamed
2020-03-05 14:24:52.209   CNC 13   INF   Workplace color: green, order: , downtime: , user: 
2020-03-05 14:24:52.209   CNC 13   INF   Streaming data to LCD
2020-03-05 14:24:52.209   CNC 13   INF   Data streamed
2020-03-05 14:25:02.543   CNC 13   INF   Workplace color: green, order: , downtime: , user: 
2020-03-05 14:25:02.543   CNC 13   INF   Streaming data to LCD
2020-03-05 14:25:02.543   CNC 13   INF   Data streamed
2020-03-05 14:25:12.854   CNC 13   INF   Workplace color: green, order: , downtime: , user: 
2020-03-05 14:25:12.854   CNC 13   INF   Streaming data to LCD
2020-03-05 14:25:12.854   CNC 13   INF   Data streamed
2020-03-05 14:25:23.168   CNC 13   INF   Workplace color: green, order: , downtime: , user: 
2020-03-05 14:25:23.168   CNC 13   INF   Streaming data to LCD
2020-03-05 14:25:23.168   CNC 13   INF   Data streamed
2020-03-05 14:25:33.593   CNC 13   INF   Workplace color: green, order: , downtime: , user: 
2020-03-05 14:25:33.594   CNC 13   INF   Streaming data to LCD
2020-03-05 14:25:33.595   CNC 13   INF   Data streamed
2020-03-05 14:25:43.967   CNC 13   INF   Workplace color: green, order: , downtime: , user: 
2020-03-05 14:25:43.967   CNC 13   INF   Streaming data to LCD
2020-03-05 14:25:43.967   CNC 13   INF   Data streamed
2020-03-05 14:25:54.182   CNC 13   INF   Workplace color: green, order: , downtime: , user: 
2020-03-05 14:25:54.182   CNC 13   INF   Streaming data to LCD
2020-03-05 14:25:54.183   CNC 13   INF   Data streamed
2020-03-05 14:26:04.390   CNC 13   INF   Workplace color: green, order: , downtime: , user: 
2020-03-05 14:26:04.390   CNC 13   INF   Streaming data to LCD
2020-03-05 14:26:04.390   CNC 13   INF   Data streamed
2020-03-05 14:26:14.588   CNC 13   INF   Workplace color: green, order: , downtime: , user: 
2020-03-05 14:26:14.588   CNC 13   INF   Streaming data to LCD
2020-03-05 14:26:14.588   CNC 13   INF   Data streamed
2020-03-05 14:26:24.755   CNC 13   INF   Workplace color: green, order: , downtime: , user: 
2020-03-05 14:26:24.755   CNC 13   INF   Streaming data to LCD
2020-03-05 14:26:24.755   CNC 13   INF   Data streamed
