2020-03-05 12:46:07.105   CNC 9   INF   Workplace color: yellow
2020-03-05 12:46:07.105   CNC 9   INF   Streaming data to LCD
2020-03-05 12:46:07.105   CNC 9   INF   Data streamed
2020-03-05 13:01:44.609   CNC 9   INF   Workplace color: yellow
2020-03-05 13:01:44.610   CNC 9   INF   Streaming data to LCD
2020-03-05 13:01:44.610   CNC 9   INF   Data streamed
2020-03-05 13:01:54.809   CNC 9   INF   Workplace color: yellow
2020-03-05 13:01:54.809   CNC 9   INF   Streaming data to LCD
2020-03-05 13:01:54.809   CNC 9   INF   Data streamed
2020-03-05 13:02:04.955   CNC 9   INF   Workplace color: yellow
2020-03-05 13:02:04.955   CNC 9   INF   Streaming data to LCD
2020-03-05 13:02:04.955   CNC 9   INF   Data streamed
2020-03-05 13:02:15.095   CNC 9   INF   Workplace color: yellow
2020-03-05 13:02:15.095   CNC 9   INF   Streaming data to LCD
2020-03-05 13:02:15.095   CNC 9   INF   Data streamed
2020-03-05 13:02:25.229   CNC 9   INF   Workplace color: yellow
2020-03-05 13:02:25.229   CNC 9   INF   Streaming data to LCD
2020-03-05 13:02:25.229   CNC 9   INF   Data streamed
2020-03-05 13:02:35.385   CNC 9   INF   Workplace color: yellow
2020-03-05 13:02:35.385   CNC 9   INF   Streaming data to LCD
2020-03-05 13:02:35.385   CNC 9   INF   Data streamed
2020-03-05 13:02:45.546   CNC 9   INF   Workplace color: yellow
2020-03-05 13:02:45.546   CNC 9   INF   Streaming data to LCD
2020-03-05 13:02:45.546   CNC 9   INF   Data streamed
2020-03-05 13:02:55.680   CNC 9   INF   Workplace color: yellow
2020-03-05 13:02:55.680   CNC 9   INF   Streaming data to LCD
2020-03-05 13:02:55.680   CNC 9   INF   Data streamed
2020-03-05 13:03:05.818   CNC 9   INF   Workplace color: yellow
2020-03-05 13:03:05.818   CNC 9   INF   Streaming data to LCD
2020-03-05 13:03:05.818   CNC 9   INF   Data streamed
2020-03-05 13:03:15.957   CNC 9   INF   Workplace color: yellow
2020-03-05 13:03:15.958   CNC 9   INF   Streaming data to LCD
2020-03-05 13:03:15.958   CNC 9   INF   Data streamed
2020-03-05 13:03:26.096   CNC 9   INF   Workplace color: yellow
2020-03-05 13:03:26.096   CNC 9   INF   Streaming data to LCD
2020-03-05 13:03:26.097   CNC 9   INF   Data streamed
2020-03-05 13:03:36.230   CNC 9   INF   Workplace color: yellow
2020-03-05 13:03:36.231   CNC 9   INF   Streaming data to LCD
2020-03-05 13:03:36.231   CNC 9   INF   Data streamed
2020-03-05 13:03:46.359   CNC 9   INF   Workplace color: yellow
2020-03-05 13:03:46.360   CNC 9   INF   Streaming data to LCD
2020-03-05 13:03:46.360   CNC 9   INF   Data streamed
2020-03-05 13:03:56.495   CNC 9   INF   Workplace color: yellow
2020-03-05 13:03:56.495   CNC 9   INF   Streaming data to LCD
2020-03-05 13:03:56.495   CNC 9   INF   Data streamed
2020-03-05 13:04:07.033   CNC 9   INF   Workplace color: yellow
2020-03-05 13:04:07.033   CNC 9   INF   Streaming data to LCD
2020-03-05 13:04:07.033   CNC 9   INF   Data streamed
2020-03-05 13:04:12.519   CNC 9   INF   Workplace color: orange
2020-03-05 13:04:12.519   CNC 9   INF   Streaming data to LCD
2020-03-05 13:04:12.519   CNC 9   INF   Data streamed
2020-03-05 13:04:22.694   CNC 9   INF   Workplace color: orange
2020-03-05 13:04:22.694   CNC 9   INF   Streaming data to LCD
2020-03-05 13:04:22.695   CNC 9   INF   Data streamed
2020-03-05 13:04:32.969   CNC 9   INF   Workplace color: orange
2020-03-05 13:04:32.969   CNC 9   INF   Streaming data to LCD
2020-03-05 13:04:32.969   CNC 9   INF   Data streamed
2020-03-05 13:04:43.208   CNC 9   INF   Workplace color: orange
2020-03-05 13:04:43.208   CNC 9   INF   Streaming data to LCD
2020-03-05 13:04:43.208   CNC 9   INF   Data streamed
2020-03-05 13:04:53.385   CNC 9   INF   Workplace color: orange
2020-03-05 13:04:53.386   CNC 9   INF   Streaming data to LCD
2020-03-05 13:04:53.386   CNC 9   INF   Data streamed
2020-03-05 13:08:21.170   CNC 9   INF   Workplace color: red
2020-03-05 13:08:21.170   CNC 9   INF   Streaming data to LCD
2020-03-05 13:08:21.170   CNC 9   INF   Data streamed
2020-03-05 13:08:31.519   CNC 9   INF   Workplace color: red
2020-03-05 13:08:31.520   CNC 9   INF   Streaming data to LCD
2020-03-05 13:08:31.521   CNC 9   INF   Data streamed
2020-03-05 13:08:41.742   CNC 9   INF   Workplace color: red
2020-03-05 13:08:41.742   CNC 9   INF   Streaming data to LCD
2020-03-05 13:08:41.742   CNC 9   INF   Data streamed
2020-03-05 13:09:06.157   CNC 9   INF   Workplace color: red
2020-03-05 13:09:06.157   CNC 9   INF   Streaming data to LCD
2020-03-05 13:09:06.157   CNC 9   INF   Data streamed
2020-03-05 13:09:16.534   CNC 9   INF   Workplace color: red
2020-03-05 13:09:16.534   CNC 9   INF   Streaming data to LCD
2020-03-05 13:09:16.534   CNC 9   INF   Data streamed
2020-03-05 13:09:27.314   CNC 9   INF   Workplace color: red
2020-03-05 13:09:27.314   CNC 9   INF   Streaming data to LCD
2020-03-05 13:09:27.314   CNC 9   INF   Data streamed
2020-03-05 13:09:37.608   CNC 9   INF   Workplace color: red
2020-03-05 13:09:37.608   CNC 9   INF   Streaming data to LCD
2020-03-05 13:09:37.608   CNC 9   INF   Data streamed
2020-03-05 13:09:47.835   CNC 9   INF   Workplace color: red
2020-03-05 13:09:47.835   CNC 9   INF   Streaming data to LCD
2020-03-05 13:09:47.835   CNC 9   INF   Data streamed
2020-03-05 13:09:59.259   CNC 9   INF   Workplace color: red
2020-03-05 13:09:59.260   CNC 9   INF   Streaming data to LCD
2020-03-05 13:09:59.260   CNC 9   INF   Data streamed
2020-03-05 13:10:30.227   CNC 9   INF   Workplace color: red
2020-03-05 13:10:30.227   CNC 9   INF   Streaming data to LCD
2020-03-05 13:10:30.227   CNC 9   INF   Data streamed
2020-03-05 13:10:56.027   CNC 9   INF   Workplace color: red
2020-03-05 13:10:56.028   CNC 9   INF   Streaming data to LCD
2020-03-05 13:10:56.028   CNC 9   INF   Data streamed
2020-03-05 13:11:19.555   CNC 9   INF   Workplace color: red
2020-03-05 13:11:19.556   CNC 9   INF   Streaming data to LCD
2020-03-05 13:11:19.556   CNC 9   INF   Data streamed
2020-03-05 13:22:39.543   CNC 9   INF   Workplace color: red
2020-03-05 13:22:39.543   CNC 9   INF   Streaming data to LCD
2020-03-05 13:22:39.543   CNC 9   INF   Data streamed
2020-03-05 13:22:49.788   CNC 9   INF   Workplace color: red
2020-03-05 13:22:49.788   CNC 9   INF   Streaming data to LCD
2020-03-05 13:22:49.789   CNC 9   INF   Data streamed
2020-03-05 13:22:59.964   CNC 9   INF   Workplace color: red
2020-03-05 13:22:59.964   CNC 9   INF   Streaming data to LCD
2020-03-05 13:22:59.964   CNC 9   INF   Data streamed
2020-03-05 13:23:10.239   CNC 9   INF   Workplace color: red
2020-03-05 13:23:10.239   CNC 9   INF   Streaming data to LCD
2020-03-05 13:23:10.239   CNC 9   INF   Data streamed
2020-03-05 13:23:20.502   CNC 9   INF   Workplace color: red
2020-03-05 13:23:20.502   CNC 9   INF   Streaming data to LCD
2020-03-05 13:23:20.503   CNC 9   INF   Data streamed
2020-03-05 13:23:30.738   CNC 9   INF   Workplace color: red
2020-03-05 13:23:30.738   CNC 9   INF   Streaming data to LCD
2020-03-05 13:23:30.738   CNC 9   INF   Data streamed
2020-03-05 13:23:41.138   CNC 9   INF   Workplace color: red
2020-03-05 13:23:41.138   CNC 9   INF   Streaming data to LCD
2020-03-05 13:23:41.138   CNC 9   INF   Data streamed
2020-03-05 13:23:51.485   CNC 9   INF   Workplace color: red
2020-03-05 13:23:51.485   CNC 9   INF   Streaming data to LCD
2020-03-05 13:23:51.485   CNC 9   INF   Data streamed
2020-03-05 13:24:01.787   CNC 9   INF   Workplace color: red
2020-03-05 13:24:01.787   CNC 9   INF   Streaming data to LCD
2020-03-05 13:24:01.787   CNC 9   INF   Data streamed
2020-03-05 13:24:12.138   CNC 9   INF   Workplace color: red
2020-03-05 13:24:12.138   CNC 9   INF   Streaming data to LCD
2020-03-05 13:24:12.139   CNC 9   INF   Data streamed
2020-03-05 13:24:22.429   CNC 9   INF   Workplace color: red
2020-03-05 13:24:22.429   CNC 9   INF   Streaming data to LCD
2020-03-05 13:24:22.429   CNC 9   INF   Data streamed
2020-03-05 13:24:32.721   CNC 9   INF   Workplace color: red
2020-03-05 13:24:32.721   CNC 9   INF   Streaming data to LCD
2020-03-05 13:24:32.721   CNC 9   INF   Data streamed
2020-03-05 13:24:42.931   CNC 9   INF   Workplace color: red
2020-03-05 13:24:42.932   CNC 9   INF   Streaming data to LCD
2020-03-05 13:24:42.932   CNC 9   INF   Data streamed
2020-03-05 13:24:53.623   CNC 9   INF   Workplace color: red
2020-03-05 13:24:53.623   CNC 9   INF   Streaming data to LCD
2020-03-05 13:24:53.623   CNC 9   INF   Data streamed
2020-03-05 13:25:04.337   CNC 9   INF   Workplace color: red
2020-03-05 13:25:04.337   CNC 9   INF   Streaming data to LCD
2020-03-05 13:25:04.338   CNC 9   INF   Data streamed
2020-03-05 13:25:14.749   CNC 9   INF   Workplace color: red
2020-03-05 13:25:14.749   CNC 9   INF   Streaming data to LCD
2020-03-05 13:25:14.749   CNC 9   INF   Data streamed
2020-03-05 13:25:25.197   CNC 9   INF   Workplace color: orange
2020-03-05 13:25:25.197   CNC 9   INF   Streaming data to LCD
2020-03-05 13:25:25.197   CNC 9   INF   Data streamed
2020-03-05 13:25:35.411   CNC 9   INF   Workplace color: orange
2020-03-05 13:25:35.411   CNC 9   INF   Streaming data to LCD
2020-03-05 13:25:35.411   CNC 9   INF   Data streamed
2020-03-05 13:25:45.751   CNC 9   INF   Workplace color: orange
2020-03-05 13:25:45.751   CNC 9   INF   Streaming data to LCD
2020-03-05 13:25:45.751   CNC 9   INF   Data streamed
2020-03-05 13:25:56.119   CNC 9   INF   Workplace color: orange
2020-03-05 13:25:56.120   CNC 9   INF   Streaming data to LCD
2020-03-05 13:25:56.120   CNC 9   INF   Data streamed
2020-03-05 13:26:06.477   CNC 9   INF   Workplace color: orange
2020-03-05 13:26:06.478   CNC 9   INF   Streaming data to LCD
2020-03-05 13:26:06.478   CNC 9   INF   Data streamed
2020-03-05 13:26:16.790   CNC 9   INF   Workplace color: orange
2020-03-05 13:26:16.791   CNC 9   INF   Streaming data to LCD
2020-03-05 13:26:16.791   CNC 9   INF   Data streamed
2020-03-05 13:26:27.109   CNC 9   INF   Workplace color: orange
2020-03-05 13:26:27.110   CNC 9   INF   Streaming data to LCD
2020-03-05 13:26:27.110   CNC 9   INF   Data streamed
2020-03-05 13:26:37.481   CNC 9   INF   Workplace color: orange
2020-03-05 13:26:37.481   CNC 9   INF   Streaming data to LCD
2020-03-05 13:26:37.482   CNC 9   INF   Data streamed
2020-03-05 13:26:43.411   CNC 9   INF   Workplace color: orange
2020-03-05 13:26:43.411   CNC 9   INF   Streaming data to LCD
2020-03-05 13:26:43.411   CNC 9   INF   Data streamed
2020-03-05 13:26:53.917   CNC 9   INF   Workplace color: orange
2020-03-05 13:26:53.917   CNC 9   INF   Streaming data to LCD
2020-03-05 13:26:53.917   CNC 9   INF   Data streamed
2020-03-05 13:27:04.126   CNC 9   INF   Workplace color: orange
2020-03-05 13:27:04.126   CNC 9   INF   Streaming data to LCD
2020-03-05 13:27:04.126   CNC 9   INF   Data streamed
2020-03-05 13:27:14.403   CNC 9   INF   Workplace color: orange
2020-03-05 13:27:14.403   CNC 9   INF   Streaming data to LCD
2020-03-05 13:27:14.404   CNC 9   INF   Data streamed
2020-03-05 13:27:24.760   CNC 9   INF   Workplace color: orange
2020-03-05 13:27:24.760   CNC 9   INF   Streaming data to LCD
2020-03-05 13:27:24.760   CNC 9   INF   Data streamed
2020-03-05 13:27:35.634   CNC 9   INF   Workplace color: orange
2020-03-05 13:27:35.634   CNC 9   INF   Streaming data to LCD
2020-03-05 13:27:35.634   CNC 9   INF   Data streamed
2020-03-05 13:27:46.162   CNC 9   INF   Workplace color: orange
2020-03-05 13:27:46.162   CNC 9   INF   Streaming data to LCD
2020-03-05 13:27:46.163   CNC 9   INF   Data streamed
2020-03-05 13:27:56.072   CNC 9   INF   Workplace color: orange
2020-03-05 13:27:56.072   CNC 9   INF   Streaming data to LCD
2020-03-05 13:27:56.072   CNC 9   INF   Data streamed
2020-03-05 13:28:06.396   CNC 9   INF   Workplace color: orange
2020-03-05 13:28:06.396   CNC 9   INF   Streaming data to LCD
2020-03-05 13:28:06.396   CNC 9   INF   Data streamed
2020-03-05 13:28:16.639   CNC 9   INF   Workplace color: orange
2020-03-05 13:28:16.640   CNC 9   INF   Streaming data to LCD
2020-03-05 13:28:16.640   CNC 9   INF   Data streamed
2020-03-05 13:28:26.844   CNC 9   INF   Workplace color: orange
2020-03-05 13:28:26.844   CNC 9   INF   Streaming data to LCD
2020-03-05 13:28:26.844   CNC 9   INF   Data streamed
2020-03-05 13:28:37.101   CNC 9   INF   Workplace color: orange
2020-03-05 13:28:37.101   CNC 9   INF   Streaming data to LCD
2020-03-05 13:28:37.101   CNC 9   INF   Data streamed
2020-03-05 13:28:47.450   CNC 9   INF   Workplace color: orange
2020-03-05 13:28:47.451   CNC 9   INF   Streaming data to LCD
2020-03-05 13:28:47.451   CNC 9   INF   Data streamed
2020-03-05 13:28:57.769   CNC 9   INF   Workplace color: orange
2020-03-05 13:28:57.769   CNC 9   INF   Streaming data to LCD
2020-03-05 13:28:57.769   CNC 9   INF   Data streamed
2020-03-05 13:29:31.642   CNC 9   INF   Workplace color: orange
2020-03-05 13:29:31.642   CNC 9   INF   Streaming data to LCD
2020-03-05 13:29:31.642   CNC 9   INF   Data streamed
2020-03-05 13:29:41.805   CNC 9   INF   Workplace color: orange
2020-03-05 13:29:41.805   CNC 9   INF   Streaming data to LCD
2020-03-05 13:29:41.805   CNC 9   INF   Data streamed
2020-03-05 13:29:52.072   CNC 9   INF   Workplace color: orange
2020-03-05 13:29:52.072   CNC 9   INF   Streaming data to LCD
2020-03-05 13:29:52.072   CNC 9   INF   Data streamed
2020-03-05 13:30:02.310   CNC 9   INF   Workplace color: orange
2020-03-05 13:30:02.310   CNC 9   INF   Streaming data to LCD
2020-03-05 13:30:02.310   CNC 9   INF   Data streamed
2020-03-05 13:30:12.534   CNC 9   INF   Workplace color: orange
2020-03-05 13:30:12.534   CNC 9   INF   Streaming data to LCD
2020-03-05 13:30:12.534   CNC 9   INF   Data streamed
2020-03-05 13:30:22.821   CNC 9   INF   Workplace color: orange
2020-03-05 13:30:22.821   CNC 9   INF   Streaming data to LCD
2020-03-05 13:30:22.822   CNC 9   INF   Data streamed
2020-03-05 13:30:33.062   CNC 9   INF   Workplace color: orange
2020-03-05 13:30:33.062   CNC 9   INF   Streaming data to LCD
2020-03-05 13:30:33.062   CNC 9   INF   Data streamed
2020-03-05 13:30:43.253   CNC 9   INF   Workplace color: orange
2020-03-05 13:30:43.254   CNC 9   INF   Streaming data to LCD
2020-03-05 13:30:43.254   CNC 9   INF   Data streamed
2020-03-05 13:30:53.623   CNC 9   INF   Workplace color: orange
2020-03-05 13:30:53.623   CNC 9   INF   Streaming data to LCD
2020-03-05 13:30:53.623   CNC 9   INF   Data streamed
2020-03-05 13:31:04.020   CNC 9   INF   Workplace color: orange
2020-03-05 13:31:04.020   CNC 9   INF   Streaming data to LCD
2020-03-05 13:31:04.020   CNC 9   INF   Data streamed
2020-03-05 13:31:14.275   CNC 9   INF   Workplace color: orange
2020-03-05 13:31:14.275   CNC 9   INF   Streaming data to LCD
2020-03-05 13:31:14.275   CNC 9   INF   Data streamed
2020-03-05 13:31:24.602   CNC 9   INF   Workplace color: orange
2020-03-05 13:31:24.602   CNC 9   INF   Streaming data to LCD
2020-03-05 13:31:24.602   CNC 9   INF   Data streamed
2020-03-05 13:31:34.993   CNC 9   INF   Workplace color: orange
2020-03-05 13:31:34.993   CNC 9   INF   Streaming data to LCD
2020-03-05 13:31:34.993   CNC 9   INF   Data streamed
2020-03-05 13:31:45.291   CNC 9   INF   Workplace color: orange
2020-03-05 13:31:45.291   CNC 9   INF   Streaming data to LCD
2020-03-05 13:31:45.291   CNC 9   INF   Data streamed
2020-03-05 13:31:55.537   CNC 9   INF   Workplace color: orange
2020-03-05 13:31:55.537   CNC 9   INF   Streaming data to LCD
2020-03-05 13:31:55.537   CNC 9   INF   Data streamed
2020-03-05 13:32:05.719   CNC 9   INF   Workplace color: orange
2020-03-05 13:32:05.719   CNC 9   INF   Streaming data to LCD
2020-03-05 13:32:05.719   CNC 9   INF   Data streamed
2020-03-05 13:32:15.909   CNC 9   INF   Workplace color: orange
2020-03-05 13:32:15.909   CNC 9   INF   Streaming data to LCD
2020-03-05 13:32:15.909   CNC 9   INF   Data streamed
2020-03-05 13:32:26.113   CNC 9   INF   Workplace color: orange
2020-03-05 13:32:26.113   CNC 9   INF   Streaming data to LCD
2020-03-05 13:32:26.113   CNC 9   INF   Data streamed
2020-03-05 13:32:36.314   CNC 9   INF   Workplace color: orange
2020-03-05 13:32:36.314   CNC 9   INF   Streaming data to LCD
2020-03-05 13:32:36.314   CNC 9   INF   Data streamed
2020-03-05 13:32:46.761   CNC 9   INF   Workplace color: orange
2020-03-05 13:32:46.761   CNC 9   INF   Streaming data to LCD
2020-03-05 13:32:46.761   CNC 9   INF   Data streamed
2020-03-05 13:32:57.123   CNC 9   INF   Workplace color: orange
2020-03-05 13:32:57.123   CNC 9   INF   Streaming data to LCD
2020-03-05 13:32:57.123   CNC 9   INF   Data streamed
2020-03-05 13:33:07.396   CNC 9   INF   Workplace color: orange
2020-03-05 13:33:07.396   CNC 9   INF   Streaming data to LCD
2020-03-05 13:33:07.396   CNC 9   INF   Data streamed
2020-03-05 13:33:17.765   CNC 9   INF   Workplace color: orange
2020-03-05 13:33:17.765   CNC 9   INF   Streaming data to LCD
2020-03-05 13:33:17.765   CNC 9   INF   Data streamed
2020-03-05 13:33:28.175   CNC 9   INF   Workplace color: orange
2020-03-05 13:33:28.175   CNC 9   INF   Streaming data to LCD
2020-03-05 13:33:28.175   CNC 9   INF   Data streamed
2020-03-05 13:33:38.662   CNC 9   INF   Workplace color: orange
2020-03-05 13:33:38.662   CNC 9   INF   Streaming data to LCD
2020-03-05 13:33:38.662   CNC 9   INF   Data streamed
2020-03-05 13:33:42.122   CNC 9   INF   Workplace color: orange
2020-03-05 13:33:42.122   CNC 9   INF   Streaming data to LCD
2020-03-05 13:33:42.122   CNC 9   INF   Data streamed
2020-03-05 13:33:52.458   CNC 9   INF   Workplace color: orange
2020-03-05 13:33:52.459   CNC 9   INF   Streaming data to LCD
2020-03-05 13:33:52.459   CNC 9   INF   Data streamed
2020-03-05 13:34:02.843   CNC 9   INF   Workplace color: orange
2020-03-05 13:34:02.844   CNC 9   INF   Streaming data to LCD
2020-03-05 13:34:02.844   CNC 9   INF   Data streamed
2020-03-05 13:34:13.227   CNC 9   INF   Workplace color: orange
2020-03-05 13:34:13.227   CNC 9   INF   Streaming data to LCD
2020-03-05 13:34:13.227   CNC 9   INF   Data streamed
2020-03-05 13:34:24.095   CNC 9   INF   Workplace color: orange
2020-03-05 13:34:24.095   CNC 9   INF   Streaming data to LCD
2020-03-05 13:34:24.095   CNC 9   INF   Data streamed
2020-03-05 13:34:34.546   CNC 9   INF   Workplace color: orange
2020-03-05 13:34:34.546   CNC 9   INF   Streaming data to LCD
2020-03-05 13:34:34.547   CNC 9   INF   Data streamed
2020-03-05 13:34:45.031   CNC 9   INF   Workplace color: orange
2020-03-05 13:34:45.031   CNC 9   INF   Streaming data to LCD
2020-03-05 13:34:45.031   CNC 9   INF   Data streamed
2020-03-05 13:34:55.496   CNC 9   INF   Workplace color: orange
2020-03-05 13:34:55.496   CNC 9   INF   Streaming data to LCD
2020-03-05 13:34:55.496   CNC 9   INF   Data streamed
2020-03-05 13:35:05.786   CNC 9   INF   Workplace color: orange
2020-03-05 13:35:05.786   CNC 9   INF   Streaming data to LCD
2020-03-05 13:35:05.786   CNC 9   INF   Data streamed
2020-03-05 13:35:16.112   CNC 9   INF   Workplace color: orange
2020-03-05 13:35:16.112   CNC 9   INF   Streaming data to LCD
2020-03-05 13:35:16.112   CNC 9   INF   Data streamed
2020-03-05 13:35:26.839   CNC 9   INF   Workplace color: orange
2020-03-05 13:35:26.839   CNC 9   INF   Streaming data to LCD
2020-03-05 13:35:26.839   CNC 9   INF   Data streamed
2020-03-05 13:35:37.206   CNC 9   INF   Workplace color: orange
2020-03-05 13:35:37.206   CNC 9   INF   Streaming data to LCD
2020-03-05 13:35:37.207   CNC 9   INF   Data streamed
2020-03-05 13:35:47.480   CNC 9   INF   Workplace color: orange
2020-03-05 13:35:47.480   CNC 9   INF   Streaming data to LCD
2020-03-05 13:35:47.480   CNC 9   INF   Data streamed
2020-03-05 13:35:57.709   CNC 9   INF   Workplace color: orange
2020-03-05 13:35:57.709   CNC 9   INF   Streaming data to LCD
2020-03-05 13:35:57.709   CNC 9   INF   Data streamed
2020-03-05 13:36:08.055   CNC 9   INF   Workplace color: orange
2020-03-05 13:36:08.056   CNC 9   INF   Streaming data to LCD
2020-03-05 13:36:08.056   CNC 9   INF   Data streamed
2020-03-05 13:36:18.345   CNC 9   INF   Workplace color: orange
2020-03-05 13:36:18.345   CNC 9   INF   Streaming data to LCD
2020-03-05 13:36:18.345   CNC 9   INF   Data streamed
2020-03-05 13:36:28.635   CNC 9   INF   Workplace color: orange
2020-03-05 13:36:28.636   CNC 9   INF   Streaming data to LCD
2020-03-05 13:36:28.636   CNC 9   INF   Data streamed
2020-03-05 13:36:38.939   CNC 9   INF   Workplace color: orange
2020-03-05 13:36:38.939   CNC 9   INF   Streaming data to LCD
2020-03-05 13:36:38.939   CNC 9   INF   Data streamed
2020-03-05 13:36:49.301   CNC 9   INF   Workplace color: orange
2020-03-05 13:36:49.301   CNC 9   INF   Streaming data to LCD
2020-03-05 13:36:49.301   CNC 9   INF   Data streamed
2020-03-05 13:36:59.574   CNC 9   INF   Workplace color: orange
2020-03-05 13:36:59.575   CNC 9   INF   Streaming data to LCD
2020-03-05 13:36:59.575   CNC 9   INF   Data streamed
2020-03-05 13:37:09.833   CNC 9   INF   Workplace color: orange
2020-03-05 13:37:09.833   CNC 9   INF   Streaming data to LCD
2020-03-05 13:37:09.833   CNC 9   INF   Data streamed
2020-03-05 13:37:20.155   CNC 9   INF   Workplace color: orange
2020-03-05 13:37:20.156   CNC 9   INF   Streaming data to LCD
2020-03-05 13:37:20.156   CNC 9   INF   Data streamed
2020-03-05 13:37:30.504   CNC 9   INF   Workplace color: orange
2020-03-05 13:37:30.504   CNC 9   INF   Streaming data to LCD
2020-03-05 13:37:30.504   CNC 9   INF   Data streamed
2020-03-05 13:37:40.776   CNC 9   INF   Workplace color: orange
2020-03-05 13:37:40.776   CNC 9   INF   Streaming data to LCD
2020-03-05 13:37:40.776   CNC 9   INF   Data streamed
2020-03-05 13:37:51.098   CNC 9   INF   Workplace color: orange
2020-03-05 13:37:51.098   CNC 9   INF   Streaming data to LCD
2020-03-05 13:37:51.098   CNC 9   INF   Data streamed
2020-03-05 13:38:01.430   CNC 9   INF   Workplace color: orange
2020-03-05 13:38:01.430   CNC 9   INF   Streaming data to LCD
2020-03-05 13:38:01.430   CNC 9   INF   Data streamed
2020-03-05 13:38:11.745   CNC 9   INF   Workplace color: orange
2020-03-05 13:38:11.745   CNC 9   INF   Streaming data to LCD
2020-03-05 13:38:11.746   CNC 9   INF   Data streamed
2020-03-05 13:38:22.037   CNC 9   INF   Workplace color: orange
2020-03-05 13:38:22.037   CNC 9   INF   Streaming data to LCD
2020-03-05 13:38:22.038   CNC 9   INF   Data streamed
2020-03-05 13:38:32.348   CNC 9   INF   Workplace color: orange
2020-03-05 13:38:32.349   CNC 9   INF   Streaming data to LCD
2020-03-05 13:38:32.349   CNC 9   INF   Data streamed
2020-03-05 13:38:42.663   CNC 9   INF   Workplace color: orange
2020-03-05 13:38:42.663   CNC 9   INF   Streaming data to LCD
2020-03-05 13:38:42.663   CNC 9   INF   Data streamed
2020-03-05 13:38:52.981   CNC 9   INF   Workplace color: orange
2020-03-05 13:38:52.981   CNC 9   INF   Streaming data to LCD
2020-03-05 13:38:52.981   CNC 9   INF   Data streamed
2020-03-05 13:39:03.313   CNC 9   INF   Workplace color: orange
2020-03-05 13:39:03.313   CNC 9   INF   Streaming data to LCD
2020-03-05 13:39:03.313   CNC 9   INF   Data streamed
2020-03-05 13:39:13.893   CNC 9   INF   Workplace color: orange
2020-03-05 13:39:13.894   CNC 9   INF   Streaming data to LCD
2020-03-05 13:39:13.894   CNC 9   INF   Data streamed
2020-03-05 13:39:24.267   CNC 9   INF   Workplace color: orange
2020-03-05 13:39:24.267   CNC 9   INF   Streaming data to LCD
2020-03-05 13:39:24.267   CNC 9   INF   Data streamed
2020-03-05 13:39:34.607   CNC 9   INF   Workplace color: orange
2020-03-05 13:39:34.607   CNC 9   INF   Streaming data to LCD
2020-03-05 13:39:34.607   CNC 9   INF   Data streamed
2020-03-05 13:39:44.936   CNC 9   INF   Workplace color: orange
2020-03-05 13:39:44.936   CNC 9   INF   Streaming data to LCD
2020-03-05 13:39:44.936   CNC 9   INF   Data streamed
2020-03-05 13:39:55.223   CNC 9   INF   Workplace color: orange
2020-03-05 13:39:55.223   CNC 9   INF   Streaming data to LCD
2020-03-05 13:39:55.224   CNC 9   INF   Data streamed
2020-03-05 13:40:05.508   CNC 9   INF   Workplace color: orange
2020-03-05 13:40:05.508   CNC 9   INF   Streaming data to LCD
2020-03-05 13:40:05.508   CNC 9   INF   Data streamed
2020-03-05 13:40:15.801   CNC 9   INF   Workplace color: orange
2020-03-05 13:40:15.802   CNC 9   INF   Streaming data to LCD
2020-03-05 13:40:15.802   CNC 9   INF   Data streamed
2020-03-05 13:40:26.113   CNC 9   INF   Workplace color: orange
2020-03-05 13:40:26.113   CNC 9   INF   Streaming data to LCD
2020-03-05 13:40:26.113   CNC 9   INF   Data streamed
2020-03-05 13:40:36.426   CNC 9   INF   Workplace color: orange
2020-03-05 13:40:36.426   CNC 9   INF   Streaming data to LCD
2020-03-05 13:40:36.426   CNC 9   INF   Data streamed
2020-03-05 13:40:46.722   CNC 9   INF   Workplace color: orange
2020-03-05 13:40:46.722   CNC 9   INF   Streaming data to LCD
2020-03-05 13:40:46.722   CNC 9   INF   Data streamed
2020-03-05 13:40:57.016   CNC 9   INF   Workplace color: orange
2020-03-05 13:40:57.016   CNC 9   INF   Streaming data to LCD
2020-03-05 13:40:57.016   CNC 9   INF   Data streamed
2020-03-05 13:41:07.296   CNC 9   INF   Workplace color: orange
2020-03-05 13:41:07.297   CNC 9   INF   Streaming data to LCD
2020-03-05 13:41:07.297   CNC 9   INF   Data streamed
2020-03-05 13:41:17.579   CNC 9   INF   Workplace color: orange
2020-03-05 13:41:17.579   CNC 9   INF   Streaming data to LCD
2020-03-05 13:41:17.579   CNC 9   INF   Data streamed
2020-03-05 13:41:27.873   CNC 9   INF   Workplace color: orange
2020-03-05 13:41:27.873   CNC 9   INF   Streaming data to LCD
2020-03-05 13:41:27.873   CNC 9   INF   Data streamed
2020-03-05 13:44:08.277   CNC 9   INF   Workplace color: green
2020-03-05 13:44:08.277   CNC 9   INF   Streaming data to LCD
2020-03-05 13:44:08.277   CNC 9   INF   Data streamed
2020-03-05 13:44:18.534   CNC 9   INF   Workplace color: green
2020-03-05 13:44:18.535   CNC 9   INF   Streaming data to LCD
2020-03-05 13:44:18.535   CNC 9   INF   Data streamed
2020-03-05 13:44:28.949   CNC 9   INF   Workplace color: green
2020-03-05 13:44:28.949   CNC 9   INF   Streaming data to LCD
2020-03-05 13:44:28.949   CNC 9   INF   Data streamed
2020-03-05 13:44:39.223   CNC 9   INF   Workplace color: green
2020-03-05 13:44:39.223   CNC 9   INF   Streaming data to LCD
2020-03-05 13:44:39.223   CNC 9   INF   Data streamed
2020-03-05 13:44:49.493   CNC 9   INF   Workplace color: green
2020-03-05 13:44:49.493   CNC 9   INF   Streaming data to LCD
2020-03-05 13:44:49.493   CNC 9   INF   Data streamed
2020-03-05 13:44:59.830   CNC 9   INF   Workplace color: green
2020-03-05 13:44:59.830   CNC 9   INF   Streaming data to LCD
2020-03-05 13:44:59.830   CNC 9   INF   Data streamed
2020-03-05 13:45:10.167   CNC 9   INF   Workplace color: green
2020-03-05 13:45:10.167   CNC 9   INF   Streaming data to LCD
2020-03-05 13:45:10.167   CNC 9   INF   Data streamed
2020-03-05 13:45:20.490   CNC 9   INF   Workplace color: green
2020-03-05 13:45:20.491   CNC 9   INF   Streaming data to LCD
2020-03-05 13:45:20.491   CNC 9   INF   Data streamed
2020-03-05 13:45:30.784   CNC 9   INF   Workplace color: green
2020-03-05 13:45:30.785   CNC 9   INF   Streaming data to LCD
2020-03-05 13:45:30.785   CNC 9   INF   Data streamed
2020-03-05 13:45:41.093   CNC 9   INF   Workplace color: green
2020-03-05 13:45:41.093   CNC 9   INF   Streaming data to LCD
2020-03-05 13:45:41.093   CNC 9   INF   Data streamed
2020-03-05 13:45:51.362   CNC 9   INF   Workplace color: green
2020-03-05 13:45:51.362   CNC 9   INF   Streaming data to LCD
2020-03-05 13:45:51.362   CNC 9   INF   Data streamed
2020-03-05 13:46:01.577   CNC 9   INF   Workplace color: green
2020-03-05 13:46:01.577   CNC 9   INF   Streaming data to LCD
2020-03-05 13:46:01.578   CNC 9   INF   Data streamed
2020-03-05 13:46:12.113   CNC 9   INF   Workplace color: green
2020-03-05 13:46:12.113   CNC 9   INF   Streaming data to LCD
2020-03-05 13:46:12.114   CNC 9   INF   Data streamed
2020-03-05 13:46:22.468   CNC 9   INF   Workplace color: green
2020-03-05 13:46:22.468   CNC 9   INF   Streaming data to LCD
2020-03-05 13:46:22.468   CNC 9   INF   Data streamed
2020-03-05 13:46:32.941   CNC 9   INF   Workplace color: green
2020-03-05 13:46:32.941   CNC 9   INF   Streaming data to LCD
2020-03-05 13:46:32.941   CNC 9   INF   Data streamed
2020-03-05 13:46:43.216   CNC 9   INF   Workplace color: green
2020-03-05 13:46:43.216   CNC 9   INF   Streaming data to LCD
2020-03-05 13:46:43.216   CNC 9   INF   Data streamed
2020-03-05 13:46:53.529   CNC 9   INF   Workplace color: green
2020-03-05 13:46:53.530   CNC 9   INF   Streaming data to LCD
2020-03-05 13:46:53.530   CNC 9   INF   Data streamed
2020-03-05 13:47:03.797   CNC 9   INF   Workplace color: green
2020-03-05 13:47:03.797   CNC 9   INF   Streaming data to LCD
2020-03-05 13:47:03.798   CNC 9   INF   Data streamed
2020-03-05 13:47:13.993   CNC 9   INF   Workplace color: green
2020-03-05 13:47:13.993   CNC 9   INF   Streaming data to LCD
2020-03-05 13:47:13.993   CNC 9   INF   Data streamed
2020-03-05 13:47:24.193   CNC 9   INF   Workplace color: green
2020-03-05 13:47:24.194   CNC 9   INF   Streaming data to LCD
2020-03-05 13:47:24.194   CNC 9   INF   Data streamed
2020-03-05 13:47:34.432   CNC 9   INF   Workplace color: green
2020-03-05 13:47:34.432   CNC 9   INF   Streaming data to LCD
2020-03-05 13:47:34.432   CNC 9   INF   Data streamed
2020-03-05 13:47:44.655   CNC 9   INF   Workplace color: green
2020-03-05 13:47:44.655   CNC 9   INF   Streaming data to LCD
2020-03-05 13:47:44.655   CNC 9   INF   Data streamed
2020-03-05 13:47:55.025   CNC 9   INF   Workplace color: green
2020-03-05 13:47:55.025   CNC 9   INF   Streaming data to LCD
2020-03-05 13:47:55.025   CNC 9   INF   Data streamed
2020-03-05 13:48:05.302   CNC 9   INF   Workplace color: green
2020-03-05 13:48:05.302   CNC 9   INF   Streaming data to LCD
2020-03-05 13:48:05.302   CNC 9   INF   Data streamed
2020-03-05 13:48:15.628   CNC 9   INF   Workplace color: green
2020-03-05 13:48:15.628   CNC 9   INF   Streaming data to LCD
2020-03-05 13:48:15.628   CNC 9   INF   Data streamed
2020-03-05 13:48:25.980   CNC 9   INF   Workplace color: green
2020-03-05 13:48:25.980   CNC 9   INF   Streaming data to LCD
2020-03-05 13:48:25.980   CNC 9   INF   Data streamed
2020-03-05 13:48:36.558   CNC 9   INF   Workplace color: green
2020-03-05 13:48:36.558   CNC 9   INF   Streaming data to LCD
2020-03-05 13:48:36.558   CNC 9   INF   Data streamed
2020-03-05 13:48:43.948   CNC 9   INF   Workplace color: green
2020-03-05 13:48:43.948   CNC 9   INF   Streaming data to LCD
2020-03-05 13:48:43.948   CNC 9   INF   Data streamed
2020-03-05 13:48:52.714   CNC 9   INF   Workplace color: green
2020-03-05 13:48:52.714   CNC 9   INF   Streaming data to LCD
2020-03-05 13:48:52.714   CNC 9   INF   Data streamed
2020-03-05 13:49:02.966   CNC 9   INF   Workplace color: green
2020-03-05 13:49:02.966   CNC 9   INF   Streaming data to LCD
2020-03-05 13:49:02.966   CNC 9   INF   Data streamed
2020-03-05 13:49:13.173   CNC 9   INF   Workplace color: green
2020-03-05 13:49:13.173   CNC 9   INF   Streaming data to LCD
2020-03-05 13:49:13.173   CNC 9   INF   Data streamed
2020-03-05 13:49:23.456   CNC 9   INF   Workplace color: green
2020-03-05 13:49:23.457   CNC 9   INF   Streaming data to LCD
2020-03-05 13:49:23.457   CNC 9   INF   Data streamed
2020-03-05 13:49:33.862   CNC 9   INF   Workplace color: green
2020-03-05 13:49:33.862   CNC 9   INF   Streaming data to LCD
2020-03-05 13:49:33.862   CNC 9   INF   Data streamed
2020-03-05 13:49:44.378   CNC 9   INF   Workplace color: green
2020-03-05 13:49:44.378   CNC 9   INF   Streaming data to LCD
2020-03-05 13:49:44.378   CNC 9   INF   Data streamed
2020-03-05 13:49:55.059   CNC 9   INF   Workplace color: green
2020-03-05 13:49:55.060   CNC 9   INF   Streaming data to LCD
2020-03-05 13:49:55.060   CNC 9   INF   Data streamed
2020-03-05 13:50:05.517   CNC 9   INF   Workplace color: green
2020-03-05 13:50:05.518   CNC 9   INF   Streaming data to LCD
2020-03-05 13:50:05.518   CNC 9   INF   Data streamed
2020-03-05 13:50:17.682   CNC 9   INF   Workplace color: green, order: Internal, downtime: , user:  
2020-03-05 13:50:17.682   CNC 9   INF   Streaming data to LCD
2020-03-05 13:50:17.682   CNC 9   INF   Data streamed
2020-03-05 13:50:27.991   CNC 9   INF   Workplace color: green, order: Internal, downtime: , user:  
2020-03-05 13:50:27.991   CNC 9   INF   Streaming data to LCD
2020-03-05 13:50:27.991   CNC 9   INF   Data streamed
2020-03-05 13:50:38.267   CNC 9   INF   Workplace color: green, order: Internal, downtime: , user:  
2020-03-05 13:50:38.267   CNC 9   INF   Streaming data to LCD
2020-03-05 13:50:38.267   CNC 9   INF   Data streamed
2020-03-05 13:50:48.653   CNC 9   INF   Workplace color: green, order: Internal, downtime: , user:  
2020-03-05 13:50:48.653   CNC 9   INF   Streaming data to LCD
2020-03-05 13:50:48.653   CNC 9   INF   Data streamed
2020-03-05 13:50:59.081   CNC 9   INF   Workplace color: green, order: Internal, downtime: , user:  
2020-03-05 13:50:59.082   CNC 9   INF   Streaming data to LCD
2020-03-05 13:50:59.082   CNC 9   INF   Data streamed
2020-03-05 13:51:09.451   CNC 9   INF   Workplace color: green, order: Internal, downtime: , user:  
2020-03-05 13:51:09.451   CNC 9   INF   Streaming data to LCD
2020-03-05 13:51:09.451   CNC 9   INF   Data streamed
2020-03-05 13:51:19.803   CNC 9   INF   Workplace color: green, order: Internal, downtime: , user:  
2020-03-05 13:51:19.803   CNC 9   INF   Streaming data to LCD
2020-03-05 13:51:19.803   CNC 9   INF   Data streamed
2020-03-05 13:51:30.161   CNC 9   INF   Workplace color: green, order: Internal, downtime: , user:  
2020-03-05 13:51:30.162   CNC 9   INF   Streaming data to LCD
2020-03-05 13:51:30.162   CNC 9   INF   Data streamed
2020-03-05 13:51:40.660   CNC 9   INF   Workplace color: green, order: Internal, downtime: , user:  
2020-03-05 13:51:40.661   CNC 9   INF   Streaming data to LCD
2020-03-05 13:51:40.662   CNC 9   INF   Data streamed
2020-03-05 13:51:51.169   CNC 9   INF   Workplace color: green, order: Internal, downtime: , user:  
2020-03-05 13:51:51.169   CNC 9   INF   Streaming data to LCD
2020-03-05 13:51:51.169   CNC 9   INF   Data streamed
2020-03-05 13:52:01.641   CNC 9   INF   Workplace color: green, order: Internal, downtime: , user:  
2020-03-05 13:52:01.641   CNC 9   INF   Streaming data to LCD
2020-03-05 13:52:01.641   CNC 9   INF   Data streamed
2020-03-05 13:52:12.036   CNC 9   INF   Workplace color: green, order: Internal, downtime: , user:  
2020-03-05 13:52:12.036   CNC 9   INF   Streaming data to LCD
2020-03-05 13:52:12.036   CNC 9   INF   Data streamed
2020-03-05 13:52:22.406   CNC 9   INF   Workplace color: green, order: Internal, downtime: , user:  
2020-03-05 13:52:22.406   CNC 9   INF   Streaming data to LCD
2020-03-05 13:52:22.406   CNC 9   INF   Data streamed
