2020-03-05 12:46:07.145   CNC 11   INF   Workplace color: green
2020-03-05 12:46:07.145   CNC 11   INF   Streaming data to LCD
2020-03-05 12:46:07.145   CNC 11   INF   Data streamed
2020-03-05 13:01:44.616   CNC 11   INF   Workplace color: green
2020-03-05 13:01:44.616   CNC 11   INF   Streaming data to LCD
2020-03-05 13:01:44.616   CNC 11   INF   Data streamed
2020-03-05 13:01:54.814   CNC 11   INF   Workplace color: green
2020-03-05 13:01:54.814   CNC 11   INF   Streaming data to LCD
2020-03-05 13:01:54.814   CNC 11   INF   Data streamed
2020-03-05 13:02:04.960   CNC 11   INF   Workplace color: green
2020-03-05 13:02:04.960   CNC 11   INF   Streaming data to LCD
2020-03-05 13:02:04.960   CNC 11   INF   Data streamed
2020-03-05 13:02:15.099   CNC 11   INF   Workplace color: green
2020-03-05 13:02:15.099   CNC 11   INF   Streaming data to LCD
2020-03-05 13:02:15.099   CNC 11   INF   Data streamed
2020-03-05 13:02:25.234   CNC 11   INF   Workplace color: green
2020-03-05 13:02:25.234   CNC 11   INF   Streaming data to LCD
2020-03-05 13:02:25.234   CNC 11   INF   Data streamed
2020-03-05 13:02:35.390   CNC 11   INF   Workplace color: green
2020-03-05 13:02:35.390   CNC 11   INF   Streaming data to LCD
2020-03-05 13:02:35.390   CNC 11   INF   Data streamed
2020-03-05 13:02:45.552   CNC 11   INF   Workplace color: green
2020-03-05 13:02:45.552   CNC 11   INF   Streaming data to LCD
2020-03-05 13:02:45.552   CNC 11   INF   Data streamed
2020-03-05 13:02:55.685   CNC 11   INF   Workplace color: green
2020-03-05 13:02:55.685   CNC 11   INF   Streaming data to LCD
2020-03-05 13:02:55.685   CNC 11   INF   Data streamed
2020-03-05 13:03:05.823   CNC 11   INF   Workplace color: green
2020-03-05 13:03:05.823   CNC 11   INF   Streaming data to LCD
2020-03-05 13:03:05.823   CNC 11   INF   Data streamed
2020-03-05 13:03:15.962   CNC 11   INF   Workplace color: green
2020-03-05 13:03:15.962   CNC 11   INF   Streaming data to LCD
2020-03-05 13:03:15.962   CNC 11   INF   Data streamed
2020-03-05 13:03:26.102   CNC 11   INF   Workplace color: green
2020-03-05 13:03:26.102   CNC 11   INF   Streaming data to LCD
2020-03-05 13:03:26.102   CNC 11   INF   Data streamed
2020-03-05 13:03:36.235   CNC 11   INF   Workplace color: green
2020-03-05 13:03:36.235   CNC 11   INF   Streaming data to LCD
2020-03-05 13:03:36.235   CNC 11   INF   Data streamed
2020-03-05 13:03:46.364   CNC 11   INF   Workplace color: green
2020-03-05 13:03:46.364   CNC 11   INF   Streaming data to LCD
2020-03-05 13:03:46.364   CNC 11   INF   Data streamed
2020-03-05 13:03:56.499   CNC 11   INF   Workplace color: green
2020-03-05 13:03:56.499   CNC 11   INF   Streaming data to LCD
2020-03-05 13:03:56.499   CNC 11   INF   Data streamed
2020-03-05 13:04:07.062   CNC 11   INF   Workplace color: green
2020-03-05 13:04:07.062   CNC 11   INF   Streaming data to LCD
2020-03-05 13:04:07.062   CNC 11   INF   Data streamed
2020-03-05 13:04:12.525   CNC 11   INF   Workplace color: green
2020-03-05 13:04:12.525   CNC 11   INF   Streaming data to LCD
2020-03-05 13:04:12.525   CNC 11   INF   Data streamed
2020-03-05 13:04:22.699   CNC 11   INF   Workplace color: green
2020-03-05 13:04:22.699   CNC 11   INF   Streaming data to LCD
2020-03-05 13:04:22.699   CNC 11   INF   Data streamed
2020-03-05 13:04:32.987   CNC 11   INF   Workplace color: green
2020-03-05 13:04:32.987   CNC 11   INF   Streaming data to LCD
2020-03-05 13:04:32.987   CNC 11   INF   Data streamed
2020-03-05 13:04:43.212   CNC 11   INF   Workplace color: green
2020-03-05 13:04:43.212   CNC 11   INF   Streaming data to LCD
2020-03-05 13:04:43.212   CNC 11   INF   Data streamed
2020-03-05 13:04:53.398   CNC 11   INF   Workplace color: green
2020-03-05 13:04:53.399   CNC 11   INF   Streaming data to LCD
2020-03-05 13:04:53.399   CNC 11   INF   Data streamed
2020-03-05 13:08:21.285   CNC 11   INF   Workplace color: green
2020-03-05 13:08:21.285   CNC 11   INF   Streaming data to LCD
2020-03-05 13:08:21.285   CNC 11   INF   Data streamed
2020-03-05 13:08:31.610   CNC 11   INF   Workplace color: green
2020-03-05 13:08:31.610   CNC 11   INF   Streaming data to LCD
2020-03-05 13:08:31.610   CNC 11   INF   Data streamed
2020-03-05 13:08:41.813   CNC 11   INF   Workplace color: green
2020-03-05 13:08:41.814   CNC 11   INF   Streaming data to LCD
2020-03-05 13:08:41.814   CNC 11   INF   Data streamed
2020-03-05 13:09:06.280   CNC 11   INF   Workplace color: green
2020-03-05 13:09:06.280   CNC 11   INF   Streaming data to LCD
2020-03-05 13:09:06.281   CNC 11   INF   Data streamed
2020-03-05 13:09:16.658   CNC 11   INF   Workplace color: green
2020-03-05 13:09:16.659   CNC 11   INF   Streaming data to LCD
2020-03-05 13:09:16.659   CNC 11   INF   Data streamed
2020-03-05 13:09:27.422   CNC 11   INF   Workplace color: green
2020-03-05 13:09:27.422   CNC 11   INF   Streaming data to LCD
2020-03-05 13:09:27.422   CNC 11   INF   Data streamed
2020-03-05 13:09:37.686   CNC 11   INF   Workplace color: green
2020-03-05 13:09:37.686   CNC 11   INF   Streaming data to LCD
2020-03-05 13:09:37.686   CNC 11   INF   Data streamed
2020-03-05 13:09:47.920   CNC 11   INF   Workplace color: green
2020-03-05 13:09:47.921   CNC 11   INF   Streaming data to LCD
2020-03-05 13:09:47.921   CNC 11   INF   Data streamed
2020-03-05 13:09:59.374   CNC 11   INF   Workplace color: green
2020-03-05 13:09:59.374   CNC 11   INF   Streaming data to LCD
2020-03-05 13:09:59.374   CNC 11   INF   Data streamed
2020-03-05 13:10:30.358   CNC 11   INF   Workplace color: green
2020-03-05 13:10:30.358   CNC 11   INF   Streaming data to LCD
2020-03-05 13:10:30.358   CNC 11   INF   Data streamed
2020-03-05 13:10:56.161   CNC 11   INF   Workplace color: green
2020-03-05 13:10:56.161   CNC 11   INF   Streaming data to LCD
2020-03-05 13:10:56.161   CNC 11   INF   Data streamed
2020-03-05 13:11:19.680   CNC 11   INF   Workplace color: green
2020-03-05 13:11:19.681   CNC 11   INF   Streaming data to LCD
2020-03-05 13:11:19.681   CNC 11   INF   Data streamed
2020-03-05 13:22:39.655   CNC 11   INF   Workplace color: green
2020-03-05 13:22:39.656   CNC 11   INF   Streaming data to LCD
2020-03-05 13:22:39.656   CNC 11   INF   Data streamed
2020-03-05 13:22:49.844   CNC 11   INF   Workplace color: green
2020-03-05 13:22:49.845   CNC 11   INF   Streaming data to LCD
2020-03-05 13:22:49.845   CNC 11   INF   Data streamed
2020-03-05 13:23:00.066   CNC 11   INF   Workplace color: green
2020-03-05 13:23:00.066   CNC 11   INF   Streaming data to LCD
2020-03-05 13:23:00.066   CNC 11   INF   Data streamed
2020-03-05 13:23:10.358   CNC 11   INF   Workplace color: green
2020-03-05 13:23:10.358   CNC 11   INF   Streaming data to LCD
2020-03-05 13:23:10.358   CNC 11   INF   Data streamed
2020-03-05 13:23:20.576   CNC 11   INF   Workplace color: green
2020-03-05 13:23:20.576   CNC 11   INF   Streaming data to LCD
2020-03-05 13:23:20.576   CNC 11   INF   Data streamed
2020-03-05 13:23:30.943   CNC 11   INF   Workplace color: green
2020-03-05 13:23:30.944   CNC 11   INF   Streaming data to LCD
2020-03-05 13:23:30.944   CNC 11   INF   Data streamed
2020-03-05 13:23:41.329   CNC 11   INF   Workplace color: green
2020-03-05 13:23:41.330   CNC 11   INF   Streaming data to LCD
2020-03-05 13:23:41.330   CNC 11   INF   Data streamed
2020-03-05 13:23:51.631   CNC 11   INF   Workplace color: green
2020-03-05 13:23:51.631   CNC 11   INF   Streaming data to LCD
2020-03-05 13:23:51.631   CNC 11   INF   Data streamed
2020-03-05 13:24:01.958   CNC 11   INF   Workplace color: green
2020-03-05 13:24:01.958   CNC 11   INF   Streaming data to LCD
2020-03-05 13:24:01.958   CNC 11   INF   Data streamed
2020-03-05 13:24:12.286   CNC 11   INF   Workplace color: green
2020-03-05 13:24:12.286   CNC 11   INF   Streaming data to LCD
2020-03-05 13:24:12.286   CNC 11   INF   Data streamed
2020-03-05 13:24:22.576   CNC 11   INF   Workplace color: green
2020-03-05 13:24:22.576   CNC 11   INF   Streaming data to LCD
2020-03-05 13:24:22.576   CNC 11   INF   Data streamed
2020-03-05 13:24:32.792   CNC 11   INF   Workplace color: green
2020-03-05 13:24:32.792   CNC 11   INF   Streaming data to LCD
2020-03-05 13:24:32.793   CNC 11   INF   Data streamed
2020-03-05 13:24:43.117   CNC 11   INF   Workplace color: green
2020-03-05 13:24:43.117   CNC 11   INF   Streaming data to LCD
2020-03-05 13:24:43.117   CNC 11   INF   Data streamed
2020-03-05 13:24:54.121   CNC 11   INF   Workplace color: green
2020-03-05 13:24:54.121   CNC 11   INF   Streaming data to LCD
2020-03-05 13:24:54.121   CNC 11   INF   Data streamed
2020-03-05 13:25:04.547   CNC 11   INF   Workplace color: green
2020-03-05 13:25:04.547   CNC 11   INF   Streaming data to LCD
2020-03-05 13:25:04.547   CNC 11   INF   Data streamed
2020-03-05 13:25:14.986   CNC 11   INF   Workplace color: green
2020-03-05 13:25:14.986   CNC 11   INF   Streaming data to LCD
2020-03-05 13:25:14.986   CNC 11   INF   Data streamed
2020-03-05 13:25:25.208   CNC 11   INF   Workplace color: green
2020-03-05 13:25:25.209   CNC 11   INF   Streaming data to LCD
2020-03-05 13:25:25.209   CNC 11   INF   Data streamed
2020-03-05 13:25:35.426   CNC 11   INF   Workplace color: green
2020-03-05 13:25:35.426   CNC 11   INF   Streaming data to LCD
2020-03-05 13:25:35.426   CNC 11   INF   Data streamed
2020-03-05 13:25:45.786   CNC 11   INF   Workplace color: green
2020-03-05 13:25:45.786   CNC 11   INF   Streaming data to LCD
2020-03-05 13:25:45.787   CNC 11   INF   Data streamed
2020-03-05 13:25:56.151   CNC 11   INF   Workplace color: green
2020-03-05 13:25:56.151   CNC 11   INF   Streaming data to LCD
2020-03-05 13:25:56.151   CNC 11   INF   Data streamed
2020-03-05 13:26:06.512   CNC 11   INF   Workplace color: green
2020-03-05 13:26:06.513   CNC 11   INF   Streaming data to LCD
2020-03-05 13:26:06.513   CNC 11   INF   Data streamed
2020-03-05 13:26:16.817   CNC 11   INF   Workplace color: green
2020-03-05 13:26:16.817   CNC 11   INF   Streaming data to LCD
2020-03-05 13:26:16.818   CNC 11   INF   Data streamed
2020-03-05 13:26:27.140   CNC 11   INF   Workplace color: green
2020-03-05 13:26:27.140   CNC 11   INF   Streaming data to LCD
2020-03-05 13:26:27.140   CNC 11   INF   Data streamed
2020-03-05 13:26:37.511   CNC 11   INF   Workplace color: green
2020-03-05 13:26:37.511   CNC 11   INF   Streaming data to LCD
2020-03-05 13:26:37.512   CNC 11   INF   Data streamed
2020-03-05 13:26:43.505   CNC 11   INF   Workplace color: green
2020-03-05 13:26:43.506   CNC 11   INF   Streaming data to LCD
2020-03-05 13:26:43.506   CNC 11   INF   Data streamed
2020-03-05 13:26:53.931   CNC 11   INF   Workplace color: green
2020-03-05 13:26:53.931   CNC 11   INF   Streaming data to LCD
2020-03-05 13:26:53.931   CNC 11   INF   Data streamed
2020-03-05 13:27:04.140   CNC 11   INF   Workplace color: green
2020-03-05 13:27:04.140   CNC 11   INF   Streaming data to LCD
2020-03-05 13:27:04.140   CNC 11   INF   Data streamed
2020-03-05 13:27:14.427   CNC 11   INF   Workplace color: green
2020-03-05 13:27:14.427   CNC 11   INF   Streaming data to LCD
2020-03-05 13:27:14.427   CNC 11   INF   Data streamed
2020-03-05 13:27:24.807   CNC 11   INF   Workplace color: green
2020-03-05 13:27:24.808   CNC 11   INF   Streaming data to LCD
2020-03-05 13:27:24.808   CNC 11   INF   Data streamed
2020-03-05 13:27:35.716   CNC 11   INF   Workplace color: green
2020-03-05 13:27:35.717   CNC 11   INF   Streaming data to LCD
2020-03-05 13:27:35.717   CNC 11   INF   Data streamed
2020-03-05 13:27:46.206   CNC 11   INF   Workplace color: green
2020-03-05 13:27:46.206   CNC 11   INF   Streaming data to LCD
2020-03-05 13:27:46.206   CNC 11   INF   Data streamed
2020-03-05 13:27:56.117   CNC 11   INF   Workplace color: green
2020-03-05 13:27:56.117   CNC 11   INF   Streaming data to LCD
2020-03-05 13:27:56.117   CNC 11   INF   Data streamed
2020-03-05 13:28:06.444   CNC 11   INF   Workplace color: green
2020-03-05 13:28:06.444   CNC 11   INF   Streaming data to LCD
2020-03-05 13:28:06.444   CNC 11   INF   Data streamed
2020-03-05 13:28:16.658   CNC 11   INF   Workplace color: green
2020-03-05 13:28:16.658   CNC 11   INF   Streaming data to LCD
2020-03-05 13:28:16.658   CNC 11   INF   Data streamed
2020-03-05 13:28:26.865   CNC 11   INF   Workplace color: green
2020-03-05 13:28:26.866   CNC 11   INF   Streaming data to LCD
2020-03-05 13:28:26.866   CNC 11   INF   Data streamed
2020-03-05 13:28:37.139   CNC 11   INF   Workplace color: green
2020-03-05 13:28:37.139   CNC 11   INF   Streaming data to LCD
2020-03-05 13:28:37.139   CNC 11   INF   Data streamed
2020-03-05 13:28:47.504   CNC 11   INF   Workplace color: green
2020-03-05 13:28:47.504   CNC 11   INF   Streaming data to LCD
2020-03-05 13:28:47.504   CNC 11   INF   Data streamed
2020-03-05 13:28:57.816   CNC 11   INF   Workplace color: green
2020-03-05 13:28:57.816   CNC 11   INF   Streaming data to LCD
2020-03-05 13:28:57.816   CNC 11   INF   Data streamed
2020-03-05 13:29:31.659   CNC 11   INF   Workplace color: green
2020-03-05 13:29:31.659   CNC 11   INF   Streaming data to LCD
2020-03-05 13:29:31.659   CNC 11   INF   Data streamed
2020-03-05 13:29:41.823   CNC 11   INF   Workplace color: green
2020-03-05 13:29:41.824   CNC 11   INF   Streaming data to LCD
2020-03-05 13:29:41.824   CNC 11   INF   Data streamed
2020-03-05 13:29:52.113   CNC 11   INF   Workplace color: green
2020-03-05 13:29:52.113   CNC 11   INF   Streaming data to LCD
2020-03-05 13:29:52.113   CNC 11   INF   Data streamed
2020-03-05 13:30:02.331   CNC 11   INF   Workplace color: green
2020-03-05 13:30:02.331   CNC 11   INF   Streaming data to LCD
2020-03-05 13:30:02.331   CNC 11   INF   Data streamed
2020-03-05 13:30:12.582   CNC 11   INF   Workplace color: green
2020-03-05 13:30:12.582   CNC 11   INF   Streaming data to LCD
2020-03-05 13:30:12.584   CNC 11   INF   Data streamed
2020-03-05 13:30:22.888   CNC 11   INF   Workplace color: green
2020-03-05 13:30:22.888   CNC 11   INF   Streaming data to LCD
2020-03-05 13:30:22.888   CNC 11   INF   Data streamed
2020-03-05 13:30:33.090   CNC 11   INF   Workplace color: green
2020-03-05 13:30:33.090   CNC 11   INF   Streaming data to LCD
2020-03-05 13:30:33.090   CNC 11   INF   Data streamed
2020-03-05 13:30:43.289   CNC 11   INF   Workplace color: green
2020-03-05 13:30:43.289   CNC 11   INF   Streaming data to LCD
2020-03-05 13:30:43.289   CNC 11   INF   Data streamed
2020-03-05 13:30:53.689   CNC 11   INF   Workplace color: green
2020-03-05 13:30:53.689   CNC 11   INF   Streaming data to LCD
2020-03-05 13:30:53.689   CNC 11   INF   Data streamed
2020-03-05 13:31:04.113   CNC 11   INF   Workplace color: green
2020-03-05 13:31:04.113   CNC 11   INF   Streaming data to LCD
2020-03-05 13:31:04.113   CNC 11   INF   Data streamed
2020-03-05 13:31:14.307   CNC 11   INF   Workplace color: green
2020-03-05 13:31:14.307   CNC 11   INF   Streaming data to LCD
2020-03-05 13:31:14.307   CNC 11   INF   Data streamed
2020-03-05 13:31:24.733   CNC 11   INF   Workplace color: green
2020-03-05 13:31:24.734   CNC 11   INF   Streaming data to LCD
2020-03-05 13:31:24.734   CNC 11   INF   Data streamed
2020-03-05 13:31:35.080   CNC 11   INF   Workplace color: green
2020-03-05 13:31:35.080   CNC 11   INF   Streaming data to LCD
2020-03-05 13:31:35.081   CNC 11   INF   Data streamed
2020-03-05 13:31:45.358   CNC 11   INF   Workplace color: green
2020-03-05 13:31:45.358   CNC 11   INF   Streaming data to LCD
2020-03-05 13:31:45.358   CNC 11   INF   Data streamed
2020-03-05 13:31:55.581   CNC 11   INF   Workplace color: green
2020-03-05 13:31:55.581   CNC 11   INF   Streaming data to LCD
2020-03-05 13:31:55.581   CNC 11   INF   Data streamed
2020-03-05 13:32:05.757   CNC 11   INF   Workplace color: green
2020-03-05 13:32:05.757   CNC 11   INF   Streaming data to LCD
2020-03-05 13:32:05.757   CNC 11   INF   Data streamed
2020-03-05 13:32:15.950   CNC 11   INF   Workplace color: green
2020-03-05 13:32:15.950   CNC 11   INF   Streaming data to LCD
2020-03-05 13:32:15.950   CNC 11   INF   Data streamed
2020-03-05 13:32:26.153   CNC 11   INF   Workplace color: green
2020-03-05 13:32:26.153   CNC 11   INF   Streaming data to LCD
2020-03-05 13:32:26.153   CNC 11   INF   Data streamed
2020-03-05 13:32:36.353   CNC 11   INF   Workplace color: green
2020-03-05 13:32:36.353   CNC 11   INF   Streaming data to LCD
2020-03-05 13:32:36.353   CNC 11   INF   Data streamed
2020-03-05 13:32:46.881   CNC 11   INF   Workplace color: green
2020-03-05 13:32:46.881   CNC 11   INF   Streaming data to LCD
2020-03-05 13:32:46.881   CNC 11   INF   Data streamed
2020-03-05 13:32:57.204   CNC 11   INF   Workplace color: green
2020-03-05 13:32:57.204   CNC 11   INF   Streaming data to LCD
2020-03-05 13:32:57.204   CNC 11   INF   Data streamed
2020-03-05 13:33:07.457   CNC 11   INF   Workplace color: green
2020-03-05 13:33:07.457   CNC 11   INF   Streaming data to LCD
2020-03-05 13:33:07.457   CNC 11   INF   Data streamed
2020-03-05 13:33:17.887   CNC 11   INF   Workplace color: green
2020-03-05 13:33:17.887   CNC 11   INF   Streaming data to LCD
2020-03-05 13:33:17.887   CNC 11   INF   Data streamed
2020-03-05 13:33:28.283   CNC 11   INF   Workplace color: green
2020-03-05 13:33:28.283   CNC 11   INF   Streaming data to LCD
2020-03-05 13:33:28.283   CNC 11   INF   Data streamed
2020-03-05 13:33:38.766   CNC 11   INF   Workplace color: green
2020-03-05 13:33:38.766   CNC 11   INF   Streaming data to LCD
2020-03-05 13:33:38.766   CNC 11   INF   Data streamed
2020-03-05 13:33:42.248   CNC 11   INF   Workplace color: green
2020-03-05 13:33:42.249   CNC 11   INF   Streaming data to LCD
2020-03-05 13:33:42.249   CNC 11   INF   Data streamed
2020-03-05 13:33:52.558   CNC 11   INF   Workplace color: green
2020-03-05 13:33:52.559   CNC 11   INF   Streaming data to LCD
2020-03-05 13:33:52.559   CNC 11   INF   Data streamed
2020-03-05 13:34:03.025   CNC 11   INF   Workplace color: green
2020-03-05 13:34:03.026   CNC 11   INF   Streaming data to LCD
2020-03-05 13:34:03.026   CNC 11   INF   Data streamed
2020-03-05 13:34:13.311   CNC 11   INF   Workplace color: green
2020-03-05 13:34:13.311   CNC 11   INF   Streaming data to LCD
2020-03-05 13:34:13.311   CNC 11   INF   Data streamed
2020-03-05 13:34:24.263   CNC 11   INF   Workplace color: green
2020-03-05 13:34:24.263   CNC 11   INF   Streaming data to LCD
2020-03-05 13:34:24.263   CNC 11   INF   Data streamed
2020-03-05 13:34:34.685   CNC 11   INF   Workplace color: green
2020-03-05 13:34:34.685   CNC 11   INF   Streaming data to LCD
2020-03-05 13:34:34.685   CNC 11   INF   Data streamed
2020-03-05 13:34:45.295   CNC 11   INF   Workplace color: green
2020-03-05 13:34:45.295   CNC 11   INF   Streaming data to LCD
2020-03-05 13:34:45.295   CNC 11   INF   Data streamed
2020-03-05 13:34:55.604   CNC 11   INF   Workplace color: green
2020-03-05 13:34:55.605   CNC 11   INF   Streaming data to LCD
2020-03-05 13:34:55.605   CNC 11   INF   Data streamed
2020-03-05 13:35:05.938   CNC 11   INF   Workplace color: green
2020-03-05 13:35:05.938   CNC 11   INF   Streaming data to LCD
2020-03-05 13:35:05.939   CNC 11   INF   Data streamed
2020-03-05 13:35:16.241   CNC 11   INF   Workplace color: green
2020-03-05 13:35:16.241   CNC 11   INF   Streaming data to LCD
2020-03-05 13:35:16.241   CNC 11   INF   Data streamed
2020-03-05 13:35:26.969   CNC 11   INF   Workplace color: green
2020-03-05 13:35:26.969   CNC 11   INF   Streaming data to LCD
2020-03-05 13:35:26.969   CNC 11   INF   Data streamed
2020-03-05 13:35:37.341   CNC 11   INF   Workplace color: green
2020-03-05 13:35:37.341   CNC 11   INF   Streaming data to LCD
2020-03-05 13:35:37.341   CNC 11   INF   Data streamed
2020-03-05 13:35:47.550   CNC 11   INF   Workplace color: green
2020-03-05 13:35:47.550   CNC 11   INF   Streaming data to LCD
2020-03-05 13:35:47.550   CNC 11   INF   Data streamed
2020-03-05 13:35:57.829   CNC 11   INF   Workplace color: green
2020-03-05 13:35:57.829   CNC 11   INF   Streaming data to LCD
2020-03-05 13:35:57.830   CNC 11   INF   Data streamed
2020-03-05 13:36:08.168   CNC 11   INF   Workplace color: green
2020-03-05 13:36:08.169   CNC 11   INF   Streaming data to LCD
2020-03-05 13:36:08.169   CNC 11   INF   Data streamed
2020-03-05 13:36:18.472   CNC 11   INF   Workplace color: green
2020-03-05 13:36:18.472   CNC 11   INF   Streaming data to LCD
2020-03-05 13:36:18.472   CNC 11   INF   Data streamed
2020-03-05 13:36:28.755   CNC 11   INF   Workplace color: green
2020-03-05 13:36:28.755   CNC 11   INF   Streaming data to LCD
2020-03-05 13:36:28.755   CNC 11   INF   Data streamed
2020-03-05 13:36:39.138   CNC 11   INF   Workplace color: green
2020-03-05 13:36:39.139   CNC 11   INF   Streaming data to LCD
2020-03-05 13:36:39.139   CNC 11   INF   Data streamed
2020-03-05 13:36:49.413   CNC 11   INF   Workplace color: green
2020-03-05 13:36:49.413   CNC 11   INF   Streaming data to LCD
2020-03-05 13:36:49.414   CNC 11   INF   Data streamed
2020-03-05 13:36:59.674   CNC 11   INF   Workplace color: red
2020-03-05 13:36:59.674   CNC 11   INF   Streaming data to LCD
2020-03-05 13:36:59.674   CNC 11   INF   Data streamed
2020-03-05 13:37:09.940   CNC 11   INF   Workplace color: red
2020-03-05 13:37:09.941   CNC 11   INF   Streaming data to LCD
2020-03-05 13:37:09.941   CNC 11   INF   Data streamed
2020-03-05 13:37:20.308   CNC 11   INF   Workplace color: red
2020-03-05 13:37:20.308   CNC 11   INF   Streaming data to LCD
2020-03-05 13:37:20.308   CNC 11   INF   Data streamed
2020-03-05 13:37:30.630   CNC 11   INF   Workplace color: red
2020-03-05 13:37:30.630   CNC 11   INF   Streaming data to LCD
2020-03-05 13:37:30.630   CNC 11   INF   Data streamed
2020-03-05 13:37:40.907   CNC 11   INF   Workplace color: red
2020-03-05 13:37:40.907   CNC 11   INF   Streaming data to LCD
2020-03-05 13:37:40.907   CNC 11   INF   Data streamed
2020-03-05 13:37:51.238   CNC 11   INF   Workplace color: red
2020-03-05 13:37:51.238   CNC 11   INF   Streaming data to LCD
2020-03-05 13:37:51.238   CNC 11   INF   Data streamed
2020-03-05 13:38:01.575   CNC 11   INF   Workplace color: red
2020-03-05 13:38:01.576   CNC 11   INF   Streaming data to LCD
2020-03-05 13:38:01.576   CNC 11   INF   Data streamed
2020-03-05 13:38:11.856   CNC 11   INF   Workplace color: red
2020-03-05 13:38:11.857   CNC 11   INF   Streaming data to LCD
2020-03-05 13:38:11.857   CNC 11   INF   Data streamed
2020-03-05 13:38:22.169   CNC 11   INF   Workplace color: red
2020-03-05 13:38:22.169   CNC 11   INF   Streaming data to LCD
2020-03-05 13:38:22.169   CNC 11   INF   Data streamed
2020-03-05 13:38:32.470   CNC 11   INF   Workplace color: red
2020-03-05 13:38:32.470   CNC 11   INF   Streaming data to LCD
2020-03-05 13:38:32.470   CNC 11   INF   Data streamed
2020-03-05 13:38:42.794   CNC 11   INF   Workplace color: red
2020-03-05 13:38:42.795   CNC 11   INF   Streaming data to LCD
2020-03-05 13:38:42.795   CNC 11   INF   Data streamed
2020-03-05 13:38:53.116   CNC 11   INF   Workplace color: red
2020-03-05 13:38:53.116   CNC 11   INF   Streaming data to LCD
2020-03-05 13:38:53.117   CNC 11   INF   Data streamed
2020-03-05 13:39:03.445   CNC 11   INF   Workplace color: red
2020-03-05 13:39:03.446   CNC 11   INF   Streaming data to LCD
2020-03-05 13:39:03.446   CNC 11   INF   Data streamed
2020-03-05 13:39:14.098   CNC 11   INF   Workplace color: red
2020-03-05 13:39:14.099   CNC 11   INF   Streaming data to LCD
2020-03-05 13:39:14.099   CNC 11   INF   Data streamed
2020-03-05 13:39:24.406   CNC 11   INF   Workplace color: red
2020-03-05 13:39:24.406   CNC 11   INF   Streaming data to LCD
2020-03-05 13:39:24.406   CNC 11   INF   Data streamed
2020-03-05 13:39:34.728   CNC 11   INF   Workplace color: red
2020-03-05 13:39:34.728   CNC 11   INF   Streaming data to LCD
2020-03-05 13:39:34.729   CNC 11   INF   Data streamed
2020-03-05 13:39:45.083   CNC 11   INF   Workplace color: red
2020-03-05 13:39:45.083   CNC 11   INF   Streaming data to LCD
2020-03-05 13:39:45.083   CNC 11   INF   Data streamed
2020-03-05 13:39:55.335   CNC 11   INF   Workplace color: red
2020-03-05 13:39:55.335   CNC 11   INF   Streaming data to LCD
2020-03-05 13:39:55.335   CNC 11   INF   Data streamed
2020-03-05 13:40:05.628   CNC 11   INF   Workplace color: red
2020-03-05 13:40:05.629   CNC 11   INF   Streaming data to LCD
2020-03-05 13:40:05.629   CNC 11   INF   Data streamed
2020-03-05 13:40:15.922   CNC 11   INF   Workplace color: red
2020-03-05 13:40:15.923   CNC 11   INF   Streaming data to LCD
2020-03-05 13:40:15.923   CNC 11   INF   Data streamed
2020-03-05 13:40:26.247   CNC 11   INF   Workplace color: red
2020-03-05 13:40:26.247   CNC 11   INF   Streaming data to LCD
2020-03-05 13:40:26.247   CNC 11   INF   Data streamed
2020-03-05 13:40:36.547   CNC 11   INF   Workplace color: red
2020-03-05 13:40:36.547   CNC 11   INF   Streaming data to LCD
2020-03-05 13:40:36.547   CNC 11   INF   Data streamed
2020-03-05 13:40:46.834   CNC 11   INF   Workplace color: red
2020-03-05 13:40:46.835   CNC 11   INF   Streaming data to LCD
2020-03-05 13:40:46.835   CNC 11   INF   Data streamed
2020-03-05 13:40:57.134   CNC 11   INF   Workplace color: red
2020-03-05 13:40:57.135   CNC 11   INF   Streaming data to LCD
2020-03-05 13:40:57.135   CNC 11   INF   Data streamed
2020-03-05 13:41:07.375   CNC 11   INF   Workplace color: red
2020-03-05 13:41:07.375   CNC 11   INF   Streaming data to LCD
2020-03-05 13:41:07.375   CNC 11   INF   Data streamed
2020-03-05 13:41:17.724   CNC 11   INF   Workplace color: red
2020-03-05 13:41:17.724   CNC 11   INF   Streaming data to LCD
2020-03-05 13:41:17.724   CNC 11   INF   Data streamed
2020-03-05 13:41:27.971   CNC 11   INF   Workplace color: red
2020-03-05 13:41:27.971   CNC 11   INF   Streaming data to LCD
2020-03-05 13:41:27.971   CNC 11   INF   Data streamed
2020-03-05 13:44:08.267   CNC 11   INF   Workplace color: red
2020-03-05 13:44:08.267   CNC 11   INF   Streaming data to LCD
2020-03-05 13:44:08.267   CNC 11   INF   Data streamed
2020-03-05 13:44:18.519   CNC 11   INF   Workplace color: red
2020-03-05 13:44:18.519   CNC 11   INF   Streaming data to LCD
2020-03-05 13:44:18.519   CNC 11   INF   Data streamed
2020-03-05 13:44:28.930   CNC 11   INF   Workplace color: red
2020-03-05 13:44:28.930   CNC 11   INF   Streaming data to LCD
2020-03-05 13:44:28.930   CNC 11   INF   Data streamed
2020-03-05 13:44:39.078   CNC 11   INF   Workplace color: orange
2020-03-05 13:44:39.078   CNC 11   INF   Streaming data to LCD
2020-03-05 13:44:39.078   CNC 11   INF   Data streamed
2020-03-05 13:44:49.345   CNC 11   INF   Workplace color: orange
2020-03-05 13:44:49.345   CNC 11   INF   Streaming data to LCD
2020-03-05 13:44:49.345   CNC 11   INF   Data streamed
2020-03-05 13:44:59.643   CNC 11   INF   Workplace color: orange
2020-03-05 13:44:59.643   CNC 11   INF   Streaming data to LCD
2020-03-05 13:44:59.643   CNC 11   INF   Data streamed
2020-03-05 13:45:09.953   CNC 11   INF   Workplace color: orange
2020-03-05 13:45:09.953   CNC 11   INF   Streaming data to LCD
2020-03-05 13:45:09.953   CNC 11   INF   Data streamed
2020-03-05 13:45:20.377   CNC 11   INF   Workplace color: orange
2020-03-05 13:45:20.377   CNC 11   INF   Streaming data to LCD
2020-03-05 13:45:20.377   CNC 11   INF   Data streamed
2020-03-05 13:45:30.607   CNC 11   INF   Workplace color: orange
2020-03-05 13:45:30.607   CNC 11   INF   Streaming data to LCD
2020-03-05 13:45:30.607   CNC 11   INF   Data streamed
2020-03-05 13:45:40.937   CNC 11   INF   Workplace color: orange
2020-03-05 13:45:40.937   CNC 11   INF   Streaming data to LCD
2020-03-05 13:45:40.937   CNC 11   INF   Data streamed
2020-03-05 13:45:51.213   CNC 11   INF   Workplace color: orange
2020-03-05 13:45:51.213   CNC 11   INF   Streaming data to LCD
2020-03-05 13:45:51.213   CNC 11   INF   Data streamed
2020-03-05 13:46:01.473   CNC 11   INF   Workplace color: orange
2020-03-05 13:46:01.473   CNC 11   INF   Streaming data to LCD
2020-03-05 13:46:01.473   CNC 11   INF   Data streamed
2020-03-05 13:46:11.763   CNC 11   INF   Workplace color: orange
2020-03-05 13:46:11.764   CNC 11   INF   Streaming data to LCD
2020-03-05 13:46:11.764   CNC 11   INF   Data streamed
2020-03-05 13:46:22.264   CNC 11   INF   Workplace color: orange
2020-03-05 13:46:22.265   CNC 11   INF   Streaming data to LCD
2020-03-05 13:46:22.265   CNC 11   INF   Data streamed
2020-03-05 13:46:32.656   CNC 11   INF   Workplace color: orange
2020-03-05 13:46:32.656   CNC 11   INF   Streaming data to LCD
2020-03-05 13:46:32.656   CNC 11   INF   Data streamed
2020-03-05 13:46:43.086   CNC 11   INF   Workplace color: orange
2020-03-05 13:46:43.087   CNC 11   INF   Streaming data to LCD
2020-03-05 13:46:43.087   CNC 11   INF   Data streamed
2020-03-05 13:46:53.337   CNC 11   INF   Workplace color: orange
2020-03-05 13:46:53.337   CNC 11   INF   Streaming data to LCD
2020-03-05 13:46:53.337   CNC 11   INF   Data streamed
2020-03-05 13:47:03.654   CNC 11   INF   Workplace color: orange
2020-03-05 13:47:03.654   CNC 11   INF   Streaming data to LCD
2020-03-05 13:47:03.655   CNC 11   INF   Data streamed
2020-03-05 13:47:13.880   CNC 11   INF   Workplace color: orange
2020-03-05 13:47:13.880   CNC 11   INF   Streaming data to LCD
2020-03-05 13:47:13.881   CNC 11   INF   Data streamed
2020-03-05 13:47:24.080   CNC 11   INF   Workplace color: orange
2020-03-05 13:47:24.080   CNC 11   INF   Streaming data to LCD
2020-03-05 13:47:24.080   CNC 11   INF   Data streamed
2020-03-05 13:47:34.314   CNC 11   INF   Workplace color: orange
2020-03-05 13:47:34.314   CNC 11   INF   Streaming data to LCD
2020-03-05 13:47:34.314   CNC 11   INF   Data streamed
2020-03-05 13:47:44.507   CNC 11   INF   Workplace color: orange
2020-03-05 13:47:44.507   CNC 11   INF   Streaming data to LCD
2020-03-05 13:47:44.507   CNC 11   INF   Data streamed
2020-03-05 13:47:54.774   CNC 11   INF   Workplace color: orange
2020-03-05 13:47:54.774   CNC 11   INF   Streaming data to LCD
2020-03-05 13:47:54.774   CNC 11   INF   Data streamed
2020-03-05 13:48:05.148   CNC 11   INF   Workplace color: orange
2020-03-05 13:48:05.148   CNC 11   INF   Streaming data to LCD
2020-03-05 13:48:05.148   CNC 11   INF   Data streamed
2020-03-05 13:48:15.405   CNC 11   INF   Workplace color: orange
2020-03-05 13:48:15.405   CNC 11   INF   Streaming data to LCD
2020-03-05 13:48:15.405   CNC 11   INF   Data streamed
2020-03-05 13:48:25.733   CNC 11   INF   Workplace color: orange
2020-03-05 13:48:25.733   CNC 11   INF   Streaming data to LCD
2020-03-05 13:48:25.733   CNC 11   INF   Data streamed
2020-03-05 13:48:36.167   CNC 11   INF   Workplace color: orange
2020-03-05 13:48:36.167   CNC 11   INF   Streaming data to LCD
2020-03-05 13:48:36.167   CNC 11   INF   Data streamed
2020-03-05 13:48:43.733   CNC 11   INF   Workplace color: orange
2020-03-05 13:48:43.733   CNC 11   INF   Streaming data to LCD
2020-03-05 13:48:43.733   CNC 11   INF   Data streamed
2020-03-05 13:48:52.479   CNC 11   INF   Workplace color: orange
2020-03-05 13:48:52.479   CNC 11   INF   Streaming data to LCD
2020-03-05 13:48:52.479   CNC 11   INF   Data streamed
2020-03-05 13:49:02.825   CNC 11   INF   Workplace color: orange
2020-03-05 13:49:02.825   CNC 11   INF   Streaming data to LCD
2020-03-05 13:49:02.825   CNC 11   INF   Data streamed
2020-03-05 13:49:13.049   CNC 11   INF   Workplace color: orange
2020-03-05 13:49:13.049   CNC 11   INF   Streaming data to LCD
2020-03-05 13:49:13.049   CNC 11   INF   Data streamed
2020-03-05 13:49:23.246   CNC 11   INF   Workplace color: orange
2020-03-05 13:49:23.246   CNC 11   INF   Streaming data to LCD
2020-03-05 13:49:23.246   CNC 11   INF   Data streamed
2020-03-05 13:49:33.570   CNC 11   INF   Workplace color: orange
2020-03-05 13:49:33.570   CNC 11   INF   Streaming data to LCD
2020-03-05 13:49:33.570   CNC 11   INF   Data streamed
2020-03-05 13:49:43.999   CNC 11   INF   Workplace color: orange
2020-03-05 13:49:43.999   CNC 11   INF   Streaming data to LCD
2020-03-05 13:49:44.000   CNC 11   INF   Data streamed
2020-03-05 13:49:54.609   CNC 11   INF   Workplace color: orange
2020-03-05 13:49:54.609   CNC 11   INF   Streaming data to LCD
2020-03-05 13:49:54.609   CNC 11   INF   Data streamed
2020-03-05 13:50:05.225   CNC 11   INF   Workplace color: orange
2020-03-05 13:50:05.225   CNC 11   INF   Streaming data to LCD
2020-03-05 13:50:05.225   CNC 11   INF   Data streamed
2020-03-05 13:50:17.651   CNC 11   INF   Workplace color: green, order: , downtime: , user: 
2020-03-05 13:50:17.651   CNC 11   INF   Streaming data to LCD
2020-03-05 13:50:17.652   CNC 11   INF   Data streamed
2020-03-05 13:50:27.960   CNC 11   INF   Workplace color: green, order: , downtime: , user: 
2020-03-05 13:50:27.961   CNC 11   INF   Streaming data to LCD
2020-03-05 13:50:27.961   CNC 11   INF   Data streamed
2020-03-05 13:50:38.241   CNC 11   INF   Workplace color: green, order: , downtime: , user: 
2020-03-05 13:50:38.241   CNC 11   INF   Streaming data to LCD
2020-03-05 13:50:38.241   CNC 11   INF   Data streamed
2020-03-05 13:50:48.612   CNC 11   INF   Workplace color: green, order: , downtime: , user: 
2020-03-05 13:50:48.612   CNC 11   INF   Streaming data to LCD
2020-03-05 13:50:48.613   CNC 11   INF   Data streamed
2020-03-05 13:50:59.032   CNC 11   INF   Workplace color: green, order: , downtime: , user: 
2020-03-05 13:50:59.032   CNC 11   INF   Streaming data to LCD
2020-03-05 13:50:59.032   CNC 11   INF   Data streamed
2020-03-05 13:51:09.410   CNC 11   INF   Workplace color: green, order: , downtime: , user: 
2020-03-05 13:51:09.410   CNC 11   INF   Streaming data to LCD
2020-03-05 13:51:09.410   CNC 11   INF   Data streamed
2020-03-05 13:51:19.766   CNC 11   INF   Workplace color: green, order: , downtime: , user: 
2020-03-05 13:51:19.766   CNC 11   INF   Streaming data to LCD
2020-03-05 13:51:19.766   CNC 11   INF   Data streamed
2020-03-05 13:51:30.113   CNC 11   INF   Workplace color: green, order: , downtime: , user: 
2020-03-05 13:51:30.114   CNC 11   INF   Streaming data to LCD
2020-03-05 13:51:30.114   CNC 11   INF   Data streamed
2020-03-05 13:51:40.602   CNC 11   INF   Workplace color: green, order: , downtime: , user: 
2020-03-05 13:51:40.602   CNC 11   INF   Streaming data to LCD
2020-03-05 13:51:40.602   CNC 11   INF   Data streamed
2020-03-05 13:51:51.115   CNC 11   INF   Workplace color: green, order: , downtime: , user: 
2020-03-05 13:51:51.115   CNC 11   INF   Streaming data to LCD
2020-03-05 13:51:51.115   CNC 11   INF   Data streamed
2020-03-05 13:52:01.560   CNC 11   INF   Workplace color: green, order: , downtime: , user: 
2020-03-05 13:52:01.560   CNC 11   INF   Streaming data to LCD
2020-03-05 13:52:01.560   CNC 11   INF   Data streamed
2020-03-05 13:52:11.960   CNC 11   INF   Workplace color: green, order: , downtime: , user: 
2020-03-05 13:52:11.960   CNC 11   INF   Streaming data to LCD
2020-03-05 13:52:11.960   CNC 11   INF   Data streamed
2020-03-05 13:52:22.313   CNC 11   INF   Workplace color: green, order: , downtime: , user: 
2020-03-05 13:52:22.313   CNC 11   INF   Streaming data to LCD
2020-03-05 13:52:22.313   CNC 11   INF   Data streamed
2020-03-05 14:14:09.433   CNC 11   INF   Workplace color: green, order: , downtime: , user: 
2020-03-05 14:14:09.433   CNC 11   INF   Streaming data to LCD
2020-03-05 14:14:09.433   CNC 11   INF   Data streamed
2020-03-05 14:14:19.626   CNC 11   INF   Workplace color: green, order: , downtime: , user: 
2020-03-05 14:14:19.627   CNC 11   INF   Streaming data to LCD
2020-03-05 14:14:19.627   CNC 11   INF   Data streamed
2020-03-05 14:19:38.083   CNC 11   INF   Workplace color: red, order: , downtime: , user: 
2020-03-05 14:19:38.084   CNC 11   INF   Streaming data to LCD
2020-03-05 14:19:38.084   CNC 11   INF   Data streamed
2020-03-05 14:20:01.939   CNC 11   INF   Workplace color: red, order: , downtime: , user: 
2020-03-05 14:20:01.939   CNC 11   INF   Streaming data to LCD
2020-03-05 14:20:01.939   CNC 11   INF   Data streamed
2020-03-05 14:20:12.200   CNC 11   INF   Workplace color: red, order: , downtime: , user: 
2020-03-05 14:20:12.200   CNC 11   INF   Streaming data to LCD
2020-03-05 14:20:12.200   CNC 11   INF   Data streamed
2020-03-05 14:20:22.422   CNC 11   INF   Workplace color: red, order: , downtime: , user: 
2020-03-05 14:20:22.422   CNC 11   INF   Streaming data to LCD
2020-03-05 14:20:22.423   CNC 11   INF   Data streamed
2020-03-05 14:24:06.954   CNC 11   INF   Workplace color: red, order: , downtime: , user: 
2020-03-05 14:24:06.954   CNC 11   INF   Streaming data to LCD
2020-03-05 14:24:06.954   CNC 11   INF   Data streamed
2020-03-05 14:24:31.820   CNC 11   INF   Workplace color: red, order: , downtime: , user: 
2020-03-05 14:24:31.820   CNC 11   INF   Streaming data to LCD
2020-03-05 14:24:31.820   CNC 11   INF   Data streamed
2020-03-05 14:24:42.037   CNC 11   INF   Workplace color: red, order: , downtime: , user: 
2020-03-05 14:24:42.037   CNC 11   INF   Streaming data to LCD
2020-03-05 14:24:42.038   CNC 11   INF   Data streamed
2020-03-05 14:24:52.274   CNC 11   INF   Workplace color: red, order: , downtime: , user: 
2020-03-05 14:24:52.274   CNC 11   INF   Streaming data to LCD
2020-03-05 14:24:52.274   CNC 11   INF   Data streamed
2020-03-05 14:25:02.657   CNC 11   INF   Workplace color: red, order: , downtime: , user: 
2020-03-05 14:25:02.657   CNC 11   INF   Streaming data to LCD
2020-03-05 14:25:02.657   CNC 11   INF   Data streamed
2020-03-05 14:25:12.933   CNC 11   INF   Workplace color: red, order: , downtime: , user: 
2020-03-05 14:25:12.933   CNC 11   INF   Streaming data to LCD
2020-03-05 14:25:12.933   CNC 11   INF   Data streamed
2020-03-05 14:25:23.253   CNC 11   INF   Workplace color: red, order: , downtime: , user: 
2020-03-05 14:25:23.253   CNC 11   INF   Streaming data to LCD
2020-03-05 14:25:23.253   CNC 11   INF   Data streamed
2020-03-05 14:25:33.790   CNC 11   INF   Workplace color: red, order: , downtime: , user: 
2020-03-05 14:25:33.790   CNC 11   INF   Streaming data to LCD
2020-03-05 14:25:33.790   CNC 11   INF   Data streamed
2020-03-05 14:25:44.034   CNC 11   INF   Workplace color: red, order: , downtime: , user: 
2020-03-05 14:25:44.034   CNC 11   INF   Streaming data to LCD
2020-03-05 14:25:44.034   CNC 11   INF   Data streamed
2020-03-05 14:25:54.232   CNC 11   INF   Workplace color: red, order: , downtime: , user: 
2020-03-05 14:25:54.232   CNC 11   INF   Streaming data to LCD
2020-03-05 14:25:54.232   CNC 11   INF   Data streamed
2020-03-05 14:26:04.450   CNC 11   INF   Workplace color: red, order: , downtime: , user: 
2020-03-05 14:26:04.450   CNC 11   INF   Streaming data to LCD
2020-03-05 14:26:04.450   CNC 11   INF   Data streamed
2020-03-05 14:26:14.633   CNC 11   INF   Workplace color: red, order: , downtime: , user: 
2020-03-05 14:26:14.633   CNC 11   INF   Streaming data to LCD
2020-03-05 14:26:14.633   CNC 11   INF   Data streamed
2020-03-05 14:26:24.799   CNC 11   INF   Workplace color: red, order: , downtime: , user: 
2020-03-05 14:26:24.799   CNC 11   INF   Streaming data to LCD
2020-03-05 14:26:24.799   CNC 11   INF   Data streamed
