2020-03-05 12:46:06.810   CNC 15   INF   Workplace color: green
2020-03-05 12:46:06.810   CNC 15   INF   Streaming data to LCD
2020-03-05 12:46:06.811   CNC 15   INF   Data streamed
2020-03-05 13:01:44.564   CNC 15   INF   Workplace color: green
2020-03-05 13:01:44.564   CNC 15   INF   Streaming data to LCD
2020-03-05 13:01:44.564   CNC 15   INF   Data streamed
2020-03-05 13:01:54.775   CNC 15   INF   Workplace color: green
2020-03-05 13:01:54.775   CNC 15   INF   Streaming data to LCD
2020-03-05 13:01:54.776   CNC 15   INF   Data streamed
2020-03-05 13:02:04.920   CNC 15   INF   Workplace color: green
2020-03-05 13:02:04.920   CNC 15   INF   Streaming data to LCD
2020-03-05 13:02:04.920   CNC 15   INF   Data streamed
2020-03-05 13:02:15.065   CNC 15   INF   Workplace color: green
2020-03-05 13:02:15.065   CNC 15   INF   Streaming data to LCD
2020-03-05 13:02:15.065   CNC 15   INF   Data streamed
2020-03-05 13:02:25.200   CNC 15   INF   Workplace color: green
2020-03-05 13:02:25.200   CNC 15   INF   Streaming data to LCD
2020-03-05 13:02:25.200   CNC 15   INF   Data streamed
2020-03-05 13:02:35.348   CNC 15   INF   Workplace color: green
2020-03-05 13:02:35.348   CNC 15   INF   Streaming data to LCD
2020-03-05 13:02:35.348   CNC 15   INF   Data streamed
2020-03-05 13:02:45.510   CNC 15   INF   Workplace color: green
2020-03-05 13:02:45.510   CNC 15   INF   Streaming data to LCD
2020-03-05 13:02:45.510   CNC 15   INF   Data streamed
2020-03-05 13:02:55.651   CNC 15   INF   Workplace color: green
2020-03-05 13:02:55.651   CNC 15   INF   Streaming data to LCD
2020-03-05 13:02:55.651   CNC 15   INF   Data streamed
2020-03-05 13:03:05.788   CNC 15   INF   Workplace color: green
2020-03-05 13:03:05.788   CNC 15   INF   Streaming data to LCD
2020-03-05 13:03:05.788   CNC 15   INF   Data streamed
2020-03-05 13:03:15.928   CNC 15   INF   Workplace color: green
2020-03-05 13:03:15.929   CNC 15   INF   Streaming data to LCD
2020-03-05 13:03:15.929   CNC 15   INF   Data streamed
2020-03-05 13:03:26.066   CNC 15   INF   Workplace color: green
2020-03-05 13:03:26.066   CNC 15   INF   Streaming data to LCD
2020-03-05 13:03:26.066   CNC 15   INF   Data streamed
2020-03-05 13:03:36.202   CNC 15   INF   Workplace color: green
2020-03-05 13:03:36.202   CNC 15   INF   Streaming data to LCD
2020-03-05 13:03:36.202   CNC 15   INF   Data streamed
2020-03-05 13:03:46.332   CNC 15   INF   Workplace color: green
2020-03-05 13:03:46.332   CNC 15   INF   Streaming data to LCD
2020-03-05 13:03:46.332   CNC 15   INF   Data streamed
2020-03-05 13:03:56.468   CNC 15   INF   Workplace color: green
2020-03-05 13:03:56.468   CNC 15   INF   Streaming data to LCD
2020-03-05 13:03:56.469   CNC 15   INF   Data streamed
2020-03-05 13:04:06.690   CNC 15   INF   Workplace color: green
2020-03-05 13:04:06.690   CNC 15   INF   Streaming data to LCD
2020-03-05 13:04:06.691   CNC 15   INF   Data streamed
2020-03-05 13:04:12.469   CNC 15   INF   Workplace color: green
2020-03-05 13:04:12.469   CNC 15   INF   Streaming data to LCD
2020-03-05 13:04:12.469   CNC 15   INF   Data streamed
2020-03-05 13:04:22.670   CNC 15   INF   Workplace color: green
2020-03-05 13:04:22.670   CNC 15   INF   Streaming data to LCD
2020-03-05 13:04:22.671   CNC 15   INF   Data streamed
2020-03-05 13:04:32.886   CNC 15   INF   Workplace color: green
2020-03-05 13:04:32.886   CNC 15   INF   Streaming data to LCD
2020-03-05 13:04:32.886   CNC 15   INF   Data streamed
2020-03-05 13:04:43.183   CNC 15   INF   Workplace color: green
2020-03-05 13:04:43.183   CNC 15   INF   Streaming data to LCD
2020-03-05 13:04:43.183   CNC 15   INF   Data streamed
2020-03-05 13:04:53.343   CNC 15   INF   Workplace color: green
2020-03-05 13:04:53.343   CNC 15   INF   Streaming data to LCD
2020-03-05 13:04:53.343   CNC 15   INF   Data streamed
2020-03-05 13:08:21.222   CNC 15   INF   Workplace color: green
2020-03-05 13:08:21.222   CNC 15   INF   Streaming data to LCD
2020-03-05 13:08:21.222   CNC 15   INF   Data streamed
2020-03-05 13:08:31.569   CNC 15   INF   Workplace color: green
2020-03-05 13:08:31.570   CNC 15   INF   Streaming data to LCD
2020-03-05 13:08:31.570   CNC 15   INF   Data streamed
2020-03-05 13:08:41.773   CNC 15   INF   Workplace color: green
2020-03-05 13:08:41.773   CNC 15   INF   Streaming data to LCD
2020-03-05 13:08:41.773   CNC 15   INF   Data streamed
2020-03-05 13:09:06.215   CNC 15   INF   Workplace color: green
2020-03-05 13:09:06.215   CNC 15   INF   Streaming data to LCD
2020-03-05 13:09:06.215   CNC 15   INF   Data streamed
2020-03-05 13:09:16.594   CNC 15   INF   Workplace color: green
2020-03-05 13:09:16.594   CNC 15   INF   Streaming data to LCD
2020-03-05 13:09:16.594   CNC 15   INF   Data streamed
2020-03-05 13:09:27.366   CNC 15   INF   Workplace color: green
2020-03-05 13:09:27.366   CNC 15   INF   Streaming data to LCD
2020-03-05 13:09:27.367   CNC 15   INF   Data streamed
2020-03-05 13:09:37.643   CNC 15   INF   Workplace color: green
2020-03-05 13:09:37.643   CNC 15   INF   Streaming data to LCD
2020-03-05 13:09:37.643   CNC 15   INF   Data streamed
2020-03-05 13:09:47.877   CNC 15   INF   Workplace color: green
2020-03-05 13:09:47.877   CNC 15   INF   Streaming data to LCD
2020-03-05 13:09:47.877   CNC 15   INF   Data streamed
2020-03-05 13:09:59.310   CNC 15   INF   Workplace color: green
2020-03-05 13:09:59.310   CNC 15   INF   Streaming data to LCD
2020-03-05 13:09:59.310   CNC 15   INF   Data streamed
2020-03-05 13:10:30.287   CNC 15   INF   Workplace color: green
2020-03-05 13:10:30.287   CNC 15   INF   Streaming data to LCD
2020-03-05 13:10:30.288   CNC 15   INF   Data streamed
2020-03-05 13:10:56.089   CNC 15   INF   Workplace color: green
2020-03-05 13:10:56.089   CNC 15   INF   Streaming data to LCD
2020-03-05 13:10:56.089   CNC 15   INF   Data streamed
2020-03-05 13:11:19.615   CNC 15   INF   Workplace color: green
2020-03-05 13:11:19.616   CNC 15   INF   Streaming data to LCD
2020-03-05 13:11:19.616   CNC 15   INF   Data streamed
2020-03-05 13:22:39.636   CNC 15   INF   Workplace color: green
2020-03-05 13:22:39.636   CNC 15   INF   Streaming data to LCD
2020-03-05 13:22:39.636   CNC 15   INF   Data streamed
2020-03-05 13:22:49.838   CNC 15   INF   Workplace color: green
2020-03-05 13:22:49.838   CNC 15   INF   Streaming data to LCD
2020-03-05 13:22:49.839   CNC 15   INF   Data streamed
2020-03-05 13:23:00.052   CNC 15   INF   Workplace color: green
2020-03-05 13:23:00.052   CNC 15   INF   Streaming data to LCD
2020-03-05 13:23:00.053   CNC 15   INF   Data streamed
2020-03-05 13:23:10.339   CNC 15   INF   Workplace color: green
2020-03-05 13:23:10.339   CNC 15   INF   Streaming data to LCD
2020-03-05 13:23:10.339   CNC 15   INF   Data streamed
2020-03-05 13:23:20.570   CNC 15   INF   Workplace color: green
2020-03-05 13:23:20.570   CNC 15   INF   Streaming data to LCD
2020-03-05 13:23:20.570   CNC 15   INF   Data streamed
2020-03-05 13:23:30.925   CNC 15   INF   Workplace color: green
2020-03-05 13:23:30.926   CNC 15   INF   Streaming data to LCD
2020-03-05 13:23:30.926   CNC 15   INF   Data streamed
2020-03-05 13:23:41.314   CNC 15   INF   Workplace color: green
2020-03-05 13:23:41.314   CNC 15   INF   Streaming data to LCD
2020-03-05 13:23:41.314   CNC 15   INF   Data streamed
2020-03-05 13:23:51.620   CNC 15   INF   Workplace color: green
2020-03-05 13:23:51.621   CNC 15   INF   Streaming data to LCD
2020-03-05 13:23:51.621   CNC 15   INF   Data streamed
2020-03-05 13:24:01.940   CNC 15   INF   Workplace color: green
2020-03-05 13:24:01.940   CNC 15   INF   Streaming data to LCD
2020-03-05 13:24:01.940   CNC 15   INF   Data streamed
2020-03-05 13:24:12.271   CNC 15   INF   Workplace color: green
2020-03-05 13:24:12.271   CNC 15   INF   Streaming data to LCD
2020-03-05 13:24:12.271   CNC 15   INF   Data streamed
2020-03-05 13:24:22.556   CNC 15   INF   Workplace color: green
2020-03-05 13:24:22.556   CNC 15   INF   Streaming data to LCD
2020-03-05 13:24:22.557   CNC 15   INF   Data streamed
2020-03-05 13:24:32.786   CNC 15   INF   Workplace color: green
2020-03-05 13:24:32.787   CNC 15   INF   Streaming data to LCD
2020-03-05 13:24:32.787   CNC 15   INF   Data streamed
2020-03-05 13:24:43.095   CNC 15   INF   Workplace color: green
2020-03-05 13:24:43.095   CNC 15   INF   Streaming data to LCD
2020-03-05 13:24:43.095   CNC 15   INF   Data streamed
2020-03-05 13:24:54.103   CNC 15   INF   Workplace color: green
2020-03-05 13:24:54.103   CNC 15   INF   Streaming data to LCD
2020-03-05 13:24:54.103   CNC 15   INF   Data streamed
2020-03-05 13:25:04.531   CNC 15   INF   Workplace color: green
2020-03-05 13:25:04.531   CNC 15   INF   Streaming data to LCD
2020-03-05 13:25:04.531   CNC 15   INF   Data streamed
2020-03-05 13:25:14.957   CNC 15   INF   Workplace color: green
2020-03-05 13:25:14.958   CNC 15   INF   Streaming data to LCD
2020-03-05 13:25:14.958   CNC 15   INF   Data streamed
2020-03-05 13:25:25.203   CNC 15   INF   Workplace color: green
2020-03-05 13:25:25.203   CNC 15   INF   Streaming data to LCD
2020-03-05 13:25:25.203   CNC 15   INF   Data streamed
2020-03-05 13:25:35.418   CNC 15   INF   Workplace color: green
2020-03-05 13:25:35.418   CNC 15   INF   Streaming data to LCD
2020-03-05 13:25:35.418   CNC 15   INF   Data streamed
2020-03-05 13:25:45.766   CNC 15   INF   Workplace color: green
2020-03-05 13:25:45.766   CNC 15   INF   Streaming data to LCD
2020-03-05 13:25:45.766   CNC 15   INF   Data streamed
2020-03-05 13:25:56.133   CNC 15   INF   Workplace color: green
2020-03-05 13:25:56.134   CNC 15   INF   Streaming data to LCD
2020-03-05 13:25:56.134   CNC 15   INF   Data streamed
2020-03-05 13:26:06.492   CNC 15   INF   Workplace color: green
2020-03-05 13:26:06.492   CNC 15   INF   Streaming data to LCD
2020-03-05 13:26:06.494   CNC 15   INF   Data streamed
2020-03-05 13:26:16.802   CNC 15   INF   Workplace color: green
2020-03-05 13:26:16.802   CNC 15   INF   Streaming data to LCD
2020-03-05 13:26:16.802   CNC 15   INF   Data streamed
2020-03-05 13:26:27.127   CNC 15   INF   Workplace color: green
2020-03-05 13:26:27.127   CNC 15   INF   Streaming data to LCD
2020-03-05 13:26:27.127   CNC 15   INF   Data streamed
2020-03-05 13:26:37.494   CNC 15   INF   Workplace color: green
2020-03-05 13:26:37.495   CNC 15   INF   Streaming data to LCD
2020-03-05 13:26:37.495   CNC 15   INF   Data streamed
2020-03-05 13:26:43.460   CNC 15   INF   Workplace color: green
2020-03-05 13:26:43.460   CNC 15   INF   Streaming data to LCD
2020-03-05 13:26:43.460   CNC 15   INF   Data streamed
2020-03-05 13:26:53.924   CNC 15   INF   Workplace color: green
2020-03-05 13:26:53.924   CNC 15   INF   Streaming data to LCD
2020-03-05 13:26:53.924   CNC 15   INF   Data streamed
2020-03-05 13:27:04.133   CNC 15   INF   Workplace color: green
2020-03-05 13:27:04.133   CNC 15   INF   Streaming data to LCD
2020-03-05 13:27:04.133   CNC 15   INF   Data streamed
2020-03-05 13:27:14.418   CNC 15   INF   Workplace color: green
2020-03-05 13:27:14.418   CNC 15   INF   Streaming data to LCD
2020-03-05 13:27:14.418   CNC 15   INF   Data streamed
2020-03-05 13:27:24.793   CNC 15   INF   Workplace color: green
2020-03-05 13:27:24.793   CNC 15   INF   Streaming data to LCD
2020-03-05 13:27:24.794   CNC 15   INF   Data streamed
2020-03-05 13:27:35.688   CNC 15   INF   Workplace color: green
2020-03-05 13:27:35.688   CNC 15   INF   Streaming data to LCD
2020-03-05 13:27:35.688   CNC 15   INF   Data streamed
2020-03-05 13:27:46.188   CNC 15   INF   Workplace color: green
2020-03-05 13:27:46.189   CNC 15   INF   Streaming data to LCD
2020-03-05 13:27:46.189   CNC 15   INF   Data streamed
2020-03-05 13:27:56.101   CNC 15   INF   Workplace color: green
2020-03-05 13:27:56.102   CNC 15   INF   Streaming data to LCD
2020-03-05 13:27:56.102   CNC 15   INF   Data streamed
2020-03-05 13:28:06.429   CNC 15   INF   Workplace color: green
2020-03-05 13:28:06.430   CNC 15   INF   Streaming data to LCD
2020-03-05 13:28:06.430   CNC 15   INF   Data streamed
2020-03-05 13:28:16.652   CNC 15   INF   Workplace color: green
2020-03-05 13:28:16.652   CNC 15   INF   Streaming data to LCD
2020-03-05 13:28:16.652   CNC 15   INF   Data streamed
2020-03-05 13:28:26.859   CNC 15   INF   Workplace color: green
2020-03-05 13:28:26.859   CNC 15   INF   Streaming data to LCD
2020-03-05 13:28:26.859   CNC 15   INF   Data streamed
2020-03-05 13:28:37.123   CNC 15   INF   Workplace color: green
2020-03-05 13:28:37.124   CNC 15   INF   Streaming data to LCD
2020-03-05 13:28:37.124   CNC 15   INF   Data streamed
2020-03-05 13:28:47.487   CNC 15   INF   Workplace color: green
2020-03-05 13:28:47.488   CNC 15   INF   Streaming data to LCD
2020-03-05 13:28:47.488   CNC 15   INF   Data streamed
2020-03-05 13:28:57.796   CNC 15   INF   Workplace color: green
2020-03-05 13:28:57.796   CNC 15   INF   Streaming data to LCD
2020-03-05 13:28:57.796   CNC 15   INF   Data streamed
2020-03-05 13:29:31.653   CNC 15   INF   Workplace color: green
2020-03-05 13:29:31.653   CNC 15   INF   Streaming data to LCD
2020-03-05 13:29:31.653   CNC 15   INF   Data streamed
2020-03-05 13:29:41.817   CNC 15   INF   Workplace color: green
2020-03-05 13:29:41.817   CNC 15   INF   Streaming data to LCD
2020-03-05 13:29:41.817   CNC 15   INF   Data streamed
2020-03-05 13:29:52.100   CNC 15   INF   Workplace color: green
2020-03-05 13:29:52.100   CNC 15   INF   Streaming data to LCD
2020-03-05 13:29:52.100   CNC 15   INF   Data streamed
2020-03-05 13:30:02.324   CNC 15   INF   Workplace color: green
2020-03-05 13:30:02.324   CNC 15   INF   Streaming data to LCD
2020-03-05 13:30:02.324   CNC 15   INF   Data streamed
2020-03-05 13:30:12.572   CNC 15   INF   Workplace color: green
2020-03-05 13:30:12.573   CNC 15   INF   Streaming data to LCD
2020-03-05 13:30:12.573   CNC 15   INF   Data streamed
2020-03-05 13:30:22.878   CNC 15   INF   Workplace color: green
2020-03-05 13:30:22.879   CNC 15   INF   Streaming data to LCD
2020-03-05 13:30:22.879   CNC 15   INF   Data streamed
2020-03-05 13:30:33.084   CNC 15   INF   Workplace color: green
2020-03-05 13:30:33.085   CNC 15   INF   Streaming data to LCD
2020-03-05 13:30:33.085   CNC 15   INF   Data streamed
2020-03-05 13:30:43.282   CNC 15   INF   Workplace color: green
2020-03-05 13:30:43.282   CNC 15   INF   Streaming data to LCD
2020-03-05 13:30:43.282   CNC 15   INF   Data streamed
2020-03-05 13:30:53.675   CNC 15   INF   Workplace color: green
2020-03-05 13:30:53.676   CNC 15   INF   Streaming data to LCD
2020-03-05 13:30:53.676   CNC 15   INF   Data streamed
2020-03-05 13:31:04.098   CNC 15   INF   Workplace color: green
2020-03-05 13:31:04.098   CNC 15   INF   Streaming data to LCD
2020-03-05 13:31:04.098   CNC 15   INF   Data streamed
2020-03-05 13:31:14.300   CNC 15   INF   Workplace color: green
2020-03-05 13:31:14.300   CNC 15   INF   Streaming data to LCD
2020-03-05 13:31:14.300   CNC 15   INF   Data streamed
2020-03-05 13:31:24.702   CNC 15   INF   Workplace color: green
2020-03-05 13:31:24.703   CNC 15   INF   Streaming data to LCD
2020-03-05 13:31:24.704   CNC 15   INF   Data streamed
2020-03-05 13:31:35.064   CNC 15   INF   Workplace color: green
2020-03-05 13:31:35.064   CNC 15   INF   Streaming data to LCD
2020-03-05 13:31:35.064   CNC 15   INF   Data streamed
2020-03-05 13:31:45.340   CNC 15   INF   Workplace color: green
2020-03-05 13:31:45.340   CNC 15   INF   Streaming data to LCD
2020-03-05 13:31:45.340   CNC 15   INF   Data streamed
2020-03-05 13:31:55.571   CNC 15   INF   Workplace color: green
2020-03-05 13:31:55.572   CNC 15   INF   Streaming data to LCD
2020-03-05 13:31:55.572   CNC 15   INF   Data streamed
2020-03-05 13:32:05.748   CNC 15   INF   Workplace color: green
2020-03-05 13:32:05.748   CNC 15   INF   Streaming data to LCD
2020-03-05 13:32:05.748   CNC 15   INF   Data streamed
2020-03-05 13:32:15.941   CNC 15   INF   Workplace color: green
2020-03-05 13:32:15.942   CNC 15   INF   Streaming data to LCD
2020-03-05 13:32:15.942   CNC 15   INF   Data streamed
2020-03-05 13:32:26.145   CNC 15   INF   Workplace color: green
2020-03-05 13:32:26.145   CNC 15   INF   Streaming data to LCD
2020-03-05 13:32:26.145   CNC 15   INF   Data streamed
2020-03-05 13:32:36.345   CNC 15   INF   Workplace color: green
2020-03-05 13:32:36.346   CNC 15   INF   Streaming data to LCD
2020-03-05 13:32:36.346   CNC 15   INF   Data streamed
2020-03-05 13:32:46.860   CNC 15   INF   Workplace color: green
2020-03-05 13:32:46.860   CNC 15   INF   Streaming data to LCD
2020-03-05 13:32:46.861   CNC 15   INF   Data streamed
2020-03-05 13:32:57.164   CNC 15   INF   Workplace color: green
2020-03-05 13:32:57.164   CNC 15   INF   Streaming data to LCD
2020-03-05 13:32:57.165   CNC 15   INF   Data streamed
2020-03-05 13:33:07.419   CNC 15   INF   Workplace color: green
2020-03-05 13:33:07.419   CNC 15   INF   Streaming data to LCD
2020-03-05 13:33:07.419   CNC 15   INF   Data streamed
2020-03-05 13:33:17.806   CNC 15   INF   Workplace color: green
2020-03-05 13:33:17.807   CNC 15   INF   Streaming data to LCD
2020-03-05 13:33:17.807   CNC 15   INF   Data streamed
2020-03-05 13:33:28.206   CNC 15   INF   Workplace color: green
2020-03-05 13:33:28.206   CNC 15   INF   Streaming data to LCD
2020-03-05 13:33:28.206   CNC 15   INF   Data streamed
2020-03-05 13:33:38.694   CNC 15   INF   Workplace color: green
2020-03-05 13:33:38.694   CNC 15   INF   Streaming data to LCD
2020-03-05 13:33:38.694   CNC 15   INF   Data streamed
2020-03-05 13:33:42.153   CNC 15   INF   Workplace color: green
2020-03-05 13:33:42.153   CNC 15   INF   Streaming data to LCD
2020-03-05 13:33:42.153   CNC 15   INF   Data streamed
2020-03-05 13:33:52.483   CNC 15   INF   Workplace color: green
2020-03-05 13:33:52.483   CNC 15   INF   Streaming data to LCD
2020-03-05 13:33:52.483   CNC 15   INF   Data streamed
2020-03-05 13:34:02.896   CNC 15   INF   Workplace color: green
2020-03-05 13:34:02.896   CNC 15   INF   Streaming data to LCD
2020-03-05 13:34:02.896   CNC 15   INF   Data streamed
2020-03-05 13:34:13.251   CNC 15   INF   Workplace color: green
2020-03-05 13:34:13.251   CNC 15   INF   Streaming data to LCD
2020-03-05 13:34:13.251   CNC 15   INF   Data streamed
2020-03-05 13:34:24.164   CNC 15   INF   Workplace color: green
2020-03-05 13:34:24.164   CNC 15   INF   Streaming data to LCD
2020-03-05 13:34:24.164   CNC 15   INF   Data streamed
2020-03-05 13:34:34.578   CNC 15   INF   Workplace color: green
2020-03-05 13:34:34.578   CNC 15   INF   Streaming data to LCD
2020-03-05 13:34:34.578   CNC 15   INF   Data streamed
2020-03-05 13:34:45.084   CNC 15   INF   Workplace color: green
2020-03-05 13:34:45.084   CNC 15   INF   Streaming data to LCD
2020-03-05 13:34:45.084   CNC 15   INF   Data streamed
2020-03-05 13:34:55.519   CNC 15   INF   Workplace color: green
2020-03-05 13:34:55.520   CNC 15   INF   Streaming data to LCD
2020-03-05 13:34:55.520   CNC 15   INF   Data streamed
2020-03-05 13:35:05.815   CNC 15   INF   Workplace color: green
2020-03-05 13:35:05.816   CNC 15   INF   Streaming data to LCD
2020-03-05 13:35:05.816   CNC 15   INF   Data streamed
2020-03-05 13:35:16.138   CNC 15   INF   Workplace color: green
2020-03-05 13:35:16.138   CNC 15   INF   Streaming data to LCD
2020-03-05 13:35:16.138   CNC 15   INF   Data streamed
2020-03-05 13:35:26.858   CNC 15   INF   Workplace color: green
2020-03-05 13:35:26.858   CNC 15   INF   Streaming data to LCD
2020-03-05 13:35:26.858   CNC 15   INF   Data streamed
2020-03-05 13:35:37.242   CNC 15   INF   Workplace color: green
2020-03-05 13:35:37.243   CNC 15   INF   Streaming data to LCD
2020-03-05 13:35:37.243   CNC 15   INF   Data streamed
2020-03-05 13:35:47.494   CNC 15   INF   Workplace color: green
2020-03-05 13:35:47.494   CNC 15   INF   Streaming data to LCD
2020-03-05 13:35:47.494   CNC 15   INF   Data streamed
2020-03-05 13:35:57.736   CNC 15   INF   Workplace color: green
2020-03-05 13:35:57.736   CNC 15   INF   Streaming data to LCD
2020-03-05 13:35:57.736   CNC 15   INF   Data streamed
2020-03-05 13:36:08.080   CNC 15   INF   Workplace color: green
2020-03-05 13:36:08.080   CNC 15   INF   Streaming data to LCD
2020-03-05 13:36:08.080   CNC 15   INF   Data streamed
2020-03-05 13:36:18.369   CNC 15   INF   Workplace color: green
2020-03-05 13:36:18.369   CNC 15   INF   Streaming data to LCD
2020-03-05 13:36:18.370   CNC 15   INF   Data streamed
2020-03-05 13:36:28.656   CNC 15   INF   Workplace color: green
2020-03-05 13:36:28.657   CNC 15   INF   Streaming data to LCD
2020-03-05 13:36:28.657   CNC 15   INF   Data streamed
2020-03-05 13:36:38.963   CNC 15   INF   Workplace color: green
2020-03-05 13:36:38.963   CNC 15   INF   Streaming data to LCD
2020-03-05 13:36:38.963   CNC 15   INF   Data streamed
2020-03-05 13:36:49.323   CNC 15   INF   Workplace color: green
2020-03-05 13:36:49.323   CNC 15   INF   Streaming data to LCD
2020-03-05 13:36:49.323   CNC 15   INF   Data streamed
2020-03-05 13:36:59.593   CNC 15   INF   Workplace color: green
2020-03-05 13:36:59.593   CNC 15   INF   Streaming data to LCD
2020-03-05 13:36:59.593   CNC 15   INF   Data streamed
2020-03-05 13:37:09.851   CNC 15   INF   Workplace color: green
2020-03-05 13:37:09.851   CNC 15   INF   Streaming data to LCD
2020-03-05 13:37:09.852   CNC 15   INF   Data streamed
2020-03-05 13:37:20.186   CNC 15   INF   Workplace color: green
2020-03-05 13:37:20.186   CNC 15   INF   Streaming data to LCD
2020-03-05 13:37:20.187   CNC 15   INF   Data streamed
2020-03-05 13:37:30.530   CNC 15   INF   Workplace color: green
2020-03-05 13:37:30.530   CNC 15   INF   Streaming data to LCD
2020-03-05 13:37:30.530   CNC 15   INF   Data streamed
2020-03-05 13:37:40.803   CNC 15   INF   Workplace color: green
2020-03-05 13:37:40.803   CNC 15   INF   Streaming data to LCD
2020-03-05 13:37:40.803   CNC 15   INF   Data streamed
2020-03-05 13:37:51.127   CNC 15   INF   Workplace color: green
2020-03-05 13:37:51.127   CNC 15   INF   Streaming data to LCD
2020-03-05 13:37:51.127   CNC 15   INF   Data streamed
2020-03-05 13:38:01.455   CNC 15   INF   Workplace color: green
2020-03-05 13:38:01.456   CNC 15   INF   Streaming data to LCD
2020-03-05 13:38:01.456   CNC 15   INF   Data streamed
2020-03-05 13:38:11.766   CNC 15   INF   Workplace color: green
2020-03-05 13:38:11.766   CNC 15   INF   Streaming data to LCD
2020-03-05 13:38:11.766   CNC 15   INF   Data streamed
2020-03-05 13:38:22.062   CNC 15   INF   Workplace color: green
2020-03-05 13:38:22.062   CNC 15   INF   Streaming data to LCD
2020-03-05 13:38:22.062   CNC 15   INF   Data streamed
2020-03-05 13:38:32.372   CNC 15   INF   Workplace color: green
2020-03-05 13:38:32.372   CNC 15   INF   Streaming data to LCD
2020-03-05 13:38:32.372   CNC 15   INF   Data streamed
2020-03-05 13:38:42.690   CNC 15   INF   Workplace color: green
2020-03-05 13:38:42.690   CNC 15   INF   Streaming data to LCD
2020-03-05 13:38:42.690   CNC 15   INF   Data streamed
2020-03-05 13:38:53.010   CNC 15   INF   Workplace color: green
2020-03-05 13:38:53.010   CNC 15   INF   Streaming data to LCD
2020-03-05 13:38:53.011   CNC 15   INF   Data streamed
2020-03-05 13:39:03.341   CNC 15   INF   Workplace color: green
2020-03-05 13:39:03.341   CNC 15   INF   Streaming data to LCD
2020-03-05 13:39:03.341   CNC 15   INF   Data streamed
2020-03-05 13:39:13.980   CNC 15   INF   Workplace color: green
2020-03-05 13:39:13.980   CNC 15   INF   Streaming data to LCD
2020-03-05 13:39:13.980   CNC 15   INF   Data streamed
2020-03-05 13:39:24.290   CNC 15   INF   Workplace color: green
2020-03-05 13:39:24.290   CNC 15   INF   Streaming data to LCD
2020-03-05 13:39:24.291   CNC 15   INF   Data streamed
2020-03-05 13:39:34.633   CNC 15   INF   Workplace color: green
2020-03-05 13:39:34.634   CNC 15   INF   Streaming data to LCD
2020-03-05 13:39:34.634   CNC 15   INF   Data streamed
2020-03-05 13:39:44.965   CNC 15   INF   Workplace color: green
2020-03-05 13:39:44.966   CNC 15   INF   Streaming data to LCD
2020-03-05 13:39:44.966   CNC 15   INF   Data streamed
2020-03-05 13:39:55.248   CNC 15   INF   Workplace color: green
2020-03-05 13:39:55.248   CNC 15   INF   Streaming data to LCD
2020-03-05 13:39:55.248   CNC 15   INF   Data streamed
2020-03-05 13:40:05.532   CNC 15   INF   Workplace color: green
2020-03-05 13:40:05.532   CNC 15   INF   Streaming data to LCD
2020-03-05 13:40:05.532   CNC 15   INF   Data streamed
2020-03-05 13:40:15.828   CNC 15   INF   Workplace color: green
2020-03-05 13:40:15.828   CNC 15   INF   Streaming data to LCD
2020-03-05 13:40:15.828   CNC 15   INF   Data streamed
2020-03-05 13:40:26.141   CNC 15   INF   Workplace color: green
2020-03-05 13:40:26.141   CNC 15   INF   Streaming data to LCD
2020-03-05 13:40:26.141   CNC 15   INF   Data streamed
2020-03-05 13:40:36.450   CNC 15   INF   Workplace color: green
2020-03-05 13:40:36.451   CNC 15   INF   Streaming data to LCD
2020-03-05 13:40:36.451   CNC 15   INF   Data streamed
2020-03-05 13:40:46.747   CNC 15   INF   Workplace color: green
2020-03-05 13:40:46.747   CNC 15   INF   Streaming data to LCD
2020-03-05 13:40:46.747   CNC 15   INF   Data streamed
2020-03-05 13:40:57.043   CNC 15   INF   Workplace color: green
2020-03-05 13:40:57.043   CNC 15   INF   Streaming data to LCD
2020-03-05 13:40:57.043   CNC 15   INF   Data streamed
2020-03-05 13:41:07.315   CNC 15   INF   Workplace color: green
2020-03-05 13:41:07.315   CNC 15   INF   Streaming data to LCD
2020-03-05 13:41:07.315   CNC 15   INF   Data streamed
2020-03-05 13:41:17.607   CNC 15   INF   Workplace color: green
2020-03-05 13:41:17.608   CNC 15   INF   Streaming data to LCD
2020-03-05 13:41:17.608   CNC 15   INF   Data streamed
2020-03-05 13:41:27.896   CNC 15   INF   Workplace color: green
2020-03-05 13:41:27.896   CNC 15   INF   Streaming data to LCD
2020-03-05 13:41:27.896   CNC 15   INF   Data streamed
2020-03-05 13:44:08.234   CNC 15   INF   Workplace color: green
2020-03-05 13:44:08.234   CNC 15   INF   Streaming data to LCD
2020-03-05 13:44:08.234   CNC 15   INF   Data streamed
2020-03-05 13:44:18.483   CNC 15   INF   Workplace color: green
2020-03-05 13:44:18.483   CNC 15   INF   Streaming data to LCD
2020-03-05 13:44:18.483   CNC 15   INF   Data streamed
2020-03-05 13:44:28.884   CNC 15   INF   Workplace color: green
2020-03-05 13:44:28.884   CNC 15   INF   Streaming data to LCD
2020-03-05 13:44:28.884   CNC 15   INF   Data streamed
2020-03-05 13:44:39.172   CNC 15   INF   Workplace color: green
2020-03-05 13:44:39.172   CNC 15   INF   Streaming data to LCD
2020-03-05 13:44:39.172   CNC 15   INF   Data streamed
2020-03-05 13:44:49.446   CNC 15   INF   Workplace color: green
2020-03-05 13:44:49.447   CNC 15   INF   Streaming data to LCD
2020-03-05 13:44:49.447   CNC 15   INF   Data streamed
2020-03-05 13:44:59.773   CNC 15   INF   Workplace color: green
2020-03-05 13:44:59.773   CNC 15   INF   Streaming data to LCD
2020-03-05 13:44:59.773   CNC 15   INF   Data streamed
2020-03-05 13:45:10.088   CNC 15   INF   Workplace color: green
2020-03-05 13:45:10.088   CNC 15   INF   Streaming data to LCD
2020-03-05 13:45:10.088   CNC 15   INF   Data streamed
2020-03-05 13:45:20.451   CNC 15   INF   Workplace color: green
2020-03-05 13:45:20.452   CNC 15   INF   Streaming data to LCD
2020-03-05 13:45:20.452   CNC 15   INF   Data streamed
2020-03-05 13:45:30.728   CNC 15   INF   Workplace color: green
2020-03-05 13:45:30.728   CNC 15   INF   Streaming data to LCD
2020-03-05 13:45:30.728   CNC 15   INF   Data streamed
2020-03-05 13:45:41.043   CNC 15   INF   Workplace color: green
2020-03-05 13:45:41.044   CNC 15   INF   Streaming data to LCD
2020-03-05 13:45:41.044   CNC 15   INF   Data streamed
2020-03-05 13:45:51.320   CNC 15   INF   Workplace color: green
2020-03-05 13:45:51.320   CNC 15   INF   Streaming data to LCD
2020-03-05 13:45:51.321   CNC 15   INF   Data streamed
2020-03-05 13:46:01.537   CNC 15   INF   Workplace color: green
2020-03-05 13:46:01.538   CNC 15   INF   Streaming data to LCD
2020-03-05 13:46:01.538   CNC 15   INF   Data streamed
2020-03-05 13:46:11.993   CNC 15   INF   Workplace color: green
2020-03-05 13:46:11.993   CNC 15   INF   Streaming data to LCD
2020-03-05 13:46:11.994   CNC 15   INF   Data streamed
2020-03-05 13:46:22.390   CNC 15   INF   Workplace color: green
2020-03-05 13:46:22.390   CNC 15   INF   Streaming data to LCD
2020-03-05 13:46:22.390   CNC 15   INF   Data streamed
2020-03-05 13:46:32.890   CNC 15   INF   Workplace color: green
2020-03-05 13:46:32.890   CNC 15   INF   Streaming data to LCD
2020-03-05 13:46:32.890   CNC 15   INF   Data streamed
2020-03-05 13:46:43.207   CNC 15   INF   Workplace color: green
2020-03-05 13:46:43.207   CNC 15   INF   Streaming data to LCD
2020-03-05 13:46:43.207   CNC 15   INF   Data streamed
2020-03-05 13:46:53.502   CNC 15   INF   Workplace color: green
2020-03-05 13:46:53.502   CNC 15   INF   Streaming data to LCD
2020-03-05 13:46:53.503   CNC 15   INF   Data streamed
2020-03-05 13:47:03.785   CNC 15   INF   Workplace color: green
2020-03-05 13:47:03.785   CNC 15   INF   Streaming data to LCD
2020-03-05 13:47:03.786   CNC 15   INF   Data streamed
2020-03-05 13:47:13.983   CNC 15   INF   Workplace color: green
2020-03-05 13:47:13.983   CNC 15   INF   Streaming data to LCD
2020-03-05 13:47:13.983   CNC 15   INF   Data streamed
2020-03-05 13:47:24.182   CNC 15   INF   Workplace color: green
2020-03-05 13:47:24.182   CNC 15   INF   Streaming data to LCD
2020-03-05 13:47:24.182   CNC 15   INF   Data streamed
2020-03-05 13:47:34.421   CNC 15   INF   Workplace color: green
2020-03-05 13:47:34.421   CNC 15   INF   Streaming data to LCD
2020-03-05 13:47:34.421   CNC 15   INF   Data streamed
2020-03-05 13:47:44.640   CNC 15   INF   Workplace color: green
2020-03-05 13:47:44.640   CNC 15   INF   Streaming data to LCD
2020-03-05 13:47:44.640   CNC 15   INF   Data streamed
2020-03-05 13:47:54.997   CNC 15   INF   Workplace color: green
2020-03-05 13:47:54.997   CNC 15   INF   Streaming data to LCD
2020-03-05 13:47:54.997   CNC 15   INF   Data streamed
2020-03-05 13:48:05.287   CNC 15   INF   Workplace color: green
2020-03-05 13:48:05.288   CNC 15   INF   Streaming data to LCD
2020-03-05 13:48:05.288   CNC 15   INF   Data streamed
2020-03-05 13:48:15.609   CNC 15   INF   Workplace color: green
2020-03-05 13:48:15.609   CNC 15   INF   Streaming data to LCD
2020-03-05 13:48:15.609   CNC 15   INF   Data streamed
2020-03-05 13:48:25.946   CNC 15   INF   Workplace color: green
2020-03-05 13:48:25.946   CNC 15   INF   Streaming data to LCD
2020-03-05 13:48:25.946   CNC 15   INF   Data streamed
2020-03-05 13:48:36.533   CNC 15   INF   Workplace color: green
2020-03-05 13:48:36.533   CNC 15   INF   Streaming data to LCD
2020-03-05 13:48:36.533   CNC 15   INF   Data streamed
2020-03-05 13:48:43.924   CNC 15   INF   Workplace color: green
2020-03-05 13:48:43.924   CNC 15   INF   Streaming data to LCD
2020-03-05 13:48:43.924   CNC 15   INF   Data streamed
2020-03-05 13:48:52.682   CNC 15   INF   Workplace color: green
2020-03-05 13:48:52.683   CNC 15   INF   Streaming data to LCD
2020-03-05 13:48:52.683   CNC 15   INF   Data streamed
2020-03-05 13:49:02.953   CNC 15   INF   Workplace color: green
2020-03-05 13:49:02.953   CNC 15   INF   Streaming data to LCD
2020-03-05 13:49:02.954   CNC 15   INF   Data streamed
2020-03-05 13:49:13.161   CNC 15   INF   Workplace color: green
2020-03-05 13:49:13.161   CNC 15   INF   Streaming data to LCD
2020-03-05 13:49:13.161   CNC 15   INF   Data streamed
2020-03-05 13:49:23.429   CNC 15   INF   Workplace color: green
2020-03-05 13:49:23.429   CNC 15   INF   Streaming data to LCD
2020-03-05 13:49:23.429   CNC 15   INF   Data streamed
2020-03-05 13:49:33.832   CNC 15   INF   Workplace color: green
2020-03-05 13:49:33.832   CNC 15   INF   Streaming data to LCD
2020-03-05 13:49:33.832   CNC 15   INF   Data streamed
2020-03-05 13:49:44.331   CNC 15   INF   Workplace color: green
2020-03-05 13:49:44.331   CNC 15   INF   Streaming data to LCD
2020-03-05 13:49:44.332   CNC 15   INF   Data streamed
2020-03-05 13:49:55.015   CNC 15   INF   Workplace color: green
2020-03-05 13:49:55.017   CNC 15   INF   Streaming data to LCD
2020-03-05 13:49:55.017   CNC 15   INF   Data streamed
2020-03-05 13:50:05.499   CNC 15   INF   Workplace color: green
2020-03-05 13:50:05.499   CNC 15   INF   Streaming data to LCD
2020-03-05 13:50:05.499   CNC 15   INF   Data streamed
2020-03-05 13:50:17.664   CNC 15   INF   Workplace color: green, order: , downtime: , user: 
2020-03-05 13:50:17.664   CNC 15   INF   Streaming data to LCD
2020-03-05 13:50:17.664   CNC 15   INF   Data streamed
2020-03-05 13:50:27.970   CNC 15   INF   Workplace color: green, order: , downtime: , user: 
2020-03-05 13:50:27.970   CNC 15   INF   Streaming data to LCD
2020-03-05 13:50:27.970   CNC 15   INF   Data streamed
2020-03-05 13:50:38.250   CNC 15   INF   Workplace color: green, order: , downtime: , user: 
2020-03-05 13:50:38.250   CNC 15   INF   Streaming data to LCD
2020-03-05 13:50:38.251   CNC 15   INF   Data streamed
2020-03-05 13:50:48.628   CNC 15   INF   Workplace color: green, order: , downtime: , user: 
2020-03-05 13:50:48.629   CNC 15   INF   Streaming data to LCD
2020-03-05 13:50:48.629   CNC 15   INF   Data streamed
2020-03-05 13:50:59.051   CNC 15   INF   Workplace color: green, order: , downtime: , user: 
2020-03-05 13:50:59.051   CNC 15   INF   Streaming data to LCD
2020-03-05 13:50:59.051   CNC 15   INF   Data streamed
2020-03-05 13:51:09.427   CNC 15   INF   Workplace color: green, order: , downtime: , user: 
2020-03-05 13:51:09.427   CNC 15   INF   Streaming data to LCD
2020-03-05 13:51:09.427   CNC 15   INF   Data streamed
2020-03-05 13:51:19.776   CNC 15   INF   Workplace color: green, order: , downtime: , user: 
2020-03-05 13:51:19.776   CNC 15   INF   Streaming data to LCD
2020-03-05 13:51:19.776   CNC 15   INF   Data streamed
2020-03-05 13:51:30.130   CNC 15   INF   Workplace color: green, order: , downtime: , user: 
2020-03-05 13:51:30.130   CNC 15   INF   Streaming data to LCD
2020-03-05 13:51:30.130   CNC 15   INF   Data streamed
2020-03-05 13:51:40.621   CNC 15   INF   Workplace color: green, order: , downtime: , user: 
2020-03-05 13:51:40.621   CNC 15   INF   Streaming data to LCD
2020-03-05 13:51:40.621   CNC 15   INF   Data streamed
2020-03-05 13:51:51.145   CNC 15   INF   Workplace color: green, order: , downtime: , user: 
2020-03-05 13:51:51.145   CNC 15   INF   Streaming data to LCD
2020-03-05 13:51:51.145   CNC 15   INF   Data streamed
2020-03-05 13:52:01.608   CNC 15   INF   Workplace color: green, order: , downtime: , user: 
2020-03-05 13:52:01.608   CNC 15   INF   Streaming data to LCD
2020-03-05 13:52:01.608   CNC 15   INF   Data streamed
2020-03-05 13:52:12.007   CNC 15   INF   Workplace color: green, order: , downtime: , user: 
2020-03-05 13:52:12.007   CNC 15   INF   Streaming data to LCD
2020-03-05 13:52:12.007   CNC 15   INF   Data streamed
2020-03-05 13:52:22.375   CNC 15   INF   Workplace color: green, order: , downtime: , user: 
2020-03-05 13:52:22.376   CNC 15   INF   Streaming data to LCD
2020-03-05 13:52:22.376   CNC 15   INF   Data streamed
2020-03-05 14:14:09.348   CNC 15   INF   Workplace color: orange, order: , downtime: , user: 
2020-03-05 14:14:09.348   CNC 15   INF   Streaming data to LCD
2020-03-05 14:14:09.348   CNC 15   INF   Data streamed
2020-03-05 14:14:19.565   CNC 15   INF   Workplace color: orange, order: , downtime: , user: 
2020-03-05 14:14:19.565   CNC 15   INF   Streaming data to LCD
2020-03-05 14:14:19.565   CNC 15   INF   Data streamed
2020-03-05 14:19:37.884   CNC 15   INF   Workplace color: orange, order: , downtime: , user: 
2020-03-05 14:19:37.884   CNC 15   INF   Streaming data to LCD
2020-03-05 14:19:37.884   CNC 15   INF   Data streamed
2020-03-05 14:20:01.713   CNC 15   INF   Workplace color: orange, order: , downtime: , user: 
2020-03-05 14:20:01.713   CNC 15   INF   Streaming data to LCD
2020-03-05 14:20:01.713   CNC 15   INF   Data streamed
2020-03-05 14:20:12.012   CNC 15   INF   Workplace color: orange, order: , downtime: , user: 
2020-03-05 14:20:12.013   CNC 15   INF   Streaming data to LCD
2020-03-05 14:20:12.013   CNC 15   INF   Data streamed
2020-03-05 14:20:22.285   CNC 15   INF   Workplace color: orange, order: , downtime: , user: 
2020-03-05 14:20:22.286   CNC 15   INF   Streaming data to LCD
2020-03-05 14:20:22.286   CNC 15   INF   Data streamed
