2020-03-05 12:46:06.627   CNC 0   INF   Workplace color: green
2020-03-05 12:46:06.627   CNC 0   INF   Streaming data to LCD
2020-03-05 12:46:06.627   CNC 0   INF   Data streamed
2020-03-05 13:01:44.539   CNC 0   INF   Workplace color: green
2020-03-05 13:01:44.539   CNC 0   INF   Streaming data to LCD
2020-03-05 13:01:44.540   CNC 0   INF   Data streamed
2020-03-05 13:01:54.741   CNC 0   INF   Workplace color: green
2020-03-05 13:01:54.741   CNC 0   INF   Streaming data to LCD
2020-03-05 13:01:54.741   CNC 0   INF   Data streamed
2020-03-05 13:02:04.891   CNC 0   INF   Workplace color: green
2020-03-05 13:02:04.891   CNC 0   INF   Streaming data to LCD
2020-03-05 13:02:04.892   CNC 0   INF   Data streamed
2020-03-05 13:02:15.039   CNC 0   INF   Workplace color: green
2020-03-05 13:02:15.039   CNC 0   INF   Streaming data to LCD
2020-03-05 13:02:15.039   CNC 0   INF   Data streamed
2020-03-05 13:02:25.173   CNC 0   INF   Workplace color: green
2020-03-05 13:02:25.173   CNC 0   INF   Streaming data to LCD
2020-03-05 13:02:25.173   CNC 0   INF   Data streamed
2020-03-05 13:02:35.315   CNC 0   INF   Workplace color: green
2020-03-05 13:02:35.315   CNC 0   INF   Streaming data to LCD
2020-03-05 13:02:35.316   CNC 0   INF   Data streamed
2020-03-05 13:02:45.478   CNC 0   INF   Workplace color: green
2020-03-05 13:02:45.478   CNC 0   INF   Streaming data to LCD
2020-03-05 13:02:45.478   CNC 0   INF   Data streamed
2020-03-05 13:02:55.629   CNC 0   INF   Workplace color: green
2020-03-05 13:02:55.629   CNC 0   INF   Streaming data to LCD
2020-03-05 13:02:55.629   CNC 0   INF   Data streamed
2020-03-05 13:03:05.761   CNC 0   INF   Workplace color: green
2020-03-05 13:03:05.761   CNC 0   INF   Streaming data to LCD
2020-03-05 13:03:05.761   CNC 0   INF   Data streamed
2020-03-05 13:03:15.906   CNC 0   INF   Workplace color: green
2020-03-05 13:03:15.906   CNC 0   INF   Streaming data to LCD
2020-03-05 13:03:15.906   CNC 0   INF   Data streamed
2020-03-05 13:03:26.040   CNC 0   INF   Workplace color: green
2020-03-05 13:03:26.040   CNC 0   INF   Streaming data to LCD
2020-03-05 13:03:26.040   CNC 0   INF   Data streamed
2020-03-05 13:03:36.184   CNC 0   INF   Workplace color: green
2020-03-05 13:03:36.184   CNC 0   INF   Streaming data to LCD
2020-03-05 13:03:36.184   CNC 0   INF   Data streamed
2020-03-05 13:03:46.312   CNC 0   INF   Workplace color: green
2020-03-05 13:03:46.312   CNC 0   INF   Streaming data to LCD
2020-03-05 13:03:46.313   CNC 0   INF   Data streamed
2020-03-05 13:03:56.448   CNC 0   INF   Workplace color: green
2020-03-05 13:03:56.449   CNC 0   INF   Streaming data to LCD
2020-03-05 13:03:56.449   CNC 0   INF   Data streamed
2020-03-05 13:04:06.620   CNC 0   INF   Workplace color: green
2020-03-05 13:04:06.621   CNC 0   INF   Streaming data to LCD
2020-03-05 13:04:06.621   CNC 0   INF   Data streamed
2020-03-05 13:04:12.448   CNC 0   INF   Workplace color: green
2020-03-05 13:04:12.448   CNC 0   INF   Streaming data to LCD
2020-03-05 13:04:12.449   CNC 0   INF   Data streamed
2020-03-05 13:04:22.651   CNC 0   INF   Workplace color: green
2020-03-05 13:04:22.651   CNC 0   INF   Streaming data to LCD
2020-03-05 13:04:22.651   CNC 0   INF   Data streamed
2020-03-05 13:04:32.815   CNC 0   INF   Workplace color: green
2020-03-05 13:04:32.815   CNC 0   INF   Streaming data to LCD
2020-03-05 13:04:32.815   CNC 0   INF   Data streamed
2020-03-05 13:04:43.162   CNC 0   INF   Workplace color: green
2020-03-05 13:04:43.162   CNC 0   INF   Streaming data to LCD
2020-03-05 13:04:43.162   CNC 0   INF   Data streamed
2020-03-05 13:04:53.312   CNC 0   INF   Workplace color: green
2020-03-05 13:04:53.312   CNC 0   INF   Streaming data to LCD
2020-03-05 13:04:53.312   CNC 0   INF   Data streamed
2020-03-05 13:08:21.141   CNC 0   INF   Workplace color: green
2020-03-05 13:08:21.141   CNC 0   INF   Streaming data to LCD
2020-03-05 13:08:21.141   CNC 0   INF   Data streamed
2020-03-05 13:08:31.502   CNC 0   INF   Workplace color: green
2020-03-05 13:08:31.502   CNC 0   INF   Streaming data to LCD
2020-03-05 13:08:31.502   CNC 0   INF   Data streamed
2020-03-05 13:08:41.730   CNC 0   INF   Workplace color: green
2020-03-05 13:08:41.731   CNC 0   INF   Streaming data to LCD
2020-03-05 13:08:41.731   CNC 0   INF   Data streamed
2020-03-05 13:09:06.134   CNC 0   INF   Workplace color: green
2020-03-05 13:09:06.134   CNC 0   INF   Streaming data to LCD
2020-03-05 13:09:06.134   CNC 0   INF   Data streamed
2020-03-05 13:09:16.501   CNC 0   INF   Workplace color: green
2020-03-05 13:09:16.501   CNC 0   INF   Streaming data to LCD
2020-03-05 13:09:16.501   CNC 0   INF   Data streamed
2020-03-05 13:09:27.239   CNC 0   INF   Workplace color: green
2020-03-05 13:09:27.239   CNC 0   INF   Streaming data to LCD
2020-03-05 13:09:27.240   CNC 0   INF   Data streamed
2020-03-05 13:09:37.594   CNC 0   INF   Workplace color: green
2020-03-05 13:09:37.594   CNC 0   INF   Streaming data to LCD
2020-03-05 13:09:37.594   CNC 0   INF   Data streamed
2020-03-05 13:09:47.821   CNC 0   INF   Workplace color: green
2020-03-05 13:09:47.821   CNC 0   INF   Streaming data to LCD
2020-03-05 13:09:47.821   CNC 0   INF   Data streamed
2020-03-05 13:09:59.234   CNC 0   INF   Workplace color: green
2020-03-05 13:09:59.234   CNC 0   INF   Streaming data to LCD
2020-03-05 13:09:59.235   CNC 0   INF   Data streamed
2020-03-05 13:10:30.203   CNC 0   INF   Workplace color: green
2020-03-05 13:10:30.203   CNC 0   INF   Streaming data to LCD
2020-03-05 13:10:30.203   CNC 0   INF   Data streamed
2020-03-05 13:10:55.997   CNC 0   INF   Workplace color: green
2020-03-05 13:10:55.997   CNC 0   INF   Streaming data to LCD
2020-03-05 13:10:55.997   CNC 0   INF   Data streamed
2020-03-05 13:11:19.533   CNC 0   INF   Workplace color: green
2020-03-05 13:11:19.533   CNC 0   INF   Streaming data to LCD
2020-03-05 13:11:19.533   CNC 0   INF   Data streamed
2020-03-05 13:22:39.525   CNC 0   INF   Workplace color: green
2020-03-05 13:22:39.525   CNC 0   INF   Streaming data to LCD
2020-03-05 13:22:39.525   CNC 0   INF   Data streamed
2020-03-05 13:22:49.776   CNC 0   INF   Workplace color: green
2020-03-05 13:22:49.776   CNC 0   INF   Streaming data to LCD
2020-03-05 13:22:49.776   CNC 0   INF   Data streamed
2020-03-05 13:22:59.939   CNC 0   INF   Workplace color: green
2020-03-05 13:22:59.939   CNC 0   INF   Streaming data to LCD
2020-03-05 13:22:59.940   CNC 0   INF   Data streamed
2020-03-05 13:23:10.211   CNC 0   INF   Workplace color: green
2020-03-05 13:23:10.211   CNC 0   INF   Streaming data to LCD
2020-03-05 13:23:10.211   CNC 0   INF   Data streamed
2020-03-05 13:23:20.489   CNC 0   INF   Workplace color: green
2020-03-05 13:23:20.489   CNC 0   INF   Streaming data to LCD
2020-03-05 13:23:20.489   CNC 0   INF   Data streamed
2020-03-05 13:23:30.703   CNC 0   INF   Workplace color: green
2020-03-05 13:23:30.703   CNC 0   INF   Streaming data to LCD
2020-03-05 13:23:30.703   CNC 0   INF   Data streamed
2020-03-05 13:23:41.111   CNC 0   INF   Workplace color: green
2020-03-05 13:23:41.111   CNC 0   INF   Streaming data to LCD
2020-03-05 13:23:41.111   CNC 0   INF   Data streamed
2020-03-05 13:23:51.464   CNC 0   INF   Workplace color: green
2020-03-05 13:23:51.464   CNC 0   INF   Streaming data to LCD
2020-03-05 13:23:51.464   CNC 0   INF   Data streamed
2020-03-05 13:24:01.770   CNC 0   INF   Workplace color: green
2020-03-05 13:24:01.770   CNC 0   INF   Streaming data to LCD
2020-03-05 13:24:01.770   CNC 0   INF   Data streamed
2020-03-05 13:24:12.114   CNC 0   INF   Workplace color: green
2020-03-05 13:24:12.114   CNC 0   INF   Streaming data to LCD
2020-03-05 13:24:12.114   CNC 0   INF   Data streamed
2020-03-05 13:24:22.413   CNC 0   INF   Workplace color: green
2020-03-05 13:24:22.413   CNC 0   INF   Streaming data to LCD
2020-03-05 13:24:22.414   CNC 0   INF   Data streamed
2020-03-05 13:24:32.702   CNC 0   INF   Workplace color: green
2020-03-05 13:24:32.702   CNC 0   INF   Streaming data to LCD
2020-03-05 13:24:32.702   CNC 0   INF   Data streamed
2020-03-05 13:24:42.902   CNC 0   INF   Workplace color: green
2020-03-05 13:24:42.903   CNC 0   INF   Streaming data to LCD
2020-03-05 13:24:42.903   CNC 0   INF   Data streamed
2020-03-05 13:24:53.493   CNC 0   INF   Workplace color: green
2020-03-05 13:24:53.493   CNC 0   INF   Streaming data to LCD
2020-03-05 13:24:53.494   CNC 0   INF   Data streamed
2020-03-05 13:25:04.310   CNC 0   INF   Workplace color: green
2020-03-05 13:25:04.310   CNC 0   INF   Streaming data to LCD
2020-03-05 13:25:04.310   CNC 0   INF   Data streamed
2020-03-05 13:25:14.721   CNC 0   INF   Workplace color: green
2020-03-05 13:25:14.721   CNC 0   INF   Streaming data to LCD
2020-03-05 13:25:14.721   CNC 0   INF   Data streamed
2020-03-05 13:25:25.130   CNC 0   INF   Workplace color: green
2020-03-05 13:25:25.130   CNC 0   INF   Streaming data to LCD
2020-03-05 13:25:25.130   CNC 0   INF   Data streamed
2020-03-05 13:25:35.296   CNC 0   INF   Workplace color: green
2020-03-05 13:25:35.296   CNC 0   INF   Streaming data to LCD
2020-03-05 13:25:35.296   CNC 0   INF   Data streamed
2020-03-05 13:25:45.579   CNC 0   INF   Workplace color: green
2020-03-05 13:25:45.580   CNC 0   INF   Streaming data to LCD
2020-03-05 13:25:45.580   CNC 0   INF   Data streamed
2020-03-05 13:25:55.940   CNC 0   INF   Workplace color: green
2020-03-05 13:25:55.940   CNC 0   INF   Streaming data to LCD
2020-03-05 13:25:55.940   CNC 0   INF   Data streamed
2020-03-05 13:26:06.317   CNC 0   INF   Workplace color: green
2020-03-05 13:26:06.317   CNC 0   INF   Streaming data to LCD
2020-03-05 13:26:06.317   CNC 0   INF   Data streamed
2020-03-05 13:26:16.648   CNC 0   INF   Workplace color: green
2020-03-05 13:26:16.648   CNC 0   INF   Streaming data to LCD
2020-03-05 13:26:16.648   CNC 0   INF   Data streamed
2020-03-05 13:26:26.961   CNC 0   INF   Workplace color: green
2020-03-05 13:26:26.961   CNC 0   INF   Streaming data to LCD
2020-03-05 13:26:26.961   CNC 0   INF   Data streamed
2020-03-05 13:26:37.304   CNC 0   INF   Workplace color: green
2020-03-05 13:26:37.304   CNC 0   INF   Streaming data to LCD
2020-03-05 13:26:37.304   CNC 0   INF   Data streamed
2020-03-05 13:26:43.209   CNC 0   INF   Workplace color: green
2020-03-05 13:26:43.209   CNC 0   INF   Streaming data to LCD
2020-03-05 13:26:43.209   CNC 0   INF   Data streamed
2020-03-05 13:26:53.832   CNC 0   INF   Workplace color: green
2020-03-05 13:26:53.832   CNC 0   INF   Streaming data to LCD
2020-03-05 13:26:53.832   CNC 0   INF   Data streamed
2020-03-05 13:27:04.046   CNC 0   INF   Workplace color: green
2020-03-05 13:27:04.046   CNC 0   INF   Streaming data to LCD
2020-03-05 13:27:04.046   CNC 0   INF   Data streamed
2020-03-05 13:27:14.242   CNC 0   INF   Workplace color: green
2020-03-05 13:27:14.243   CNC 0   INF   Streaming data to LCD
2020-03-05 13:27:14.243   CNC 0   INF   Data streamed
2020-03-05 13:27:24.591   CNC 0   INF   Workplace color: green
2020-03-05 13:27:24.591   CNC 0   INF   Streaming data to LCD
2020-03-05 13:27:24.591   CNC 0   INF   Data streamed
2020-03-05 13:27:35.321   CNC 0   INF   Workplace color: green
2020-03-05 13:27:35.322   CNC 0   INF   Streaming data to LCD
2020-03-05 13:27:35.323   CNC 0   INF   Data streamed
2020-03-05 13:27:45.960   CNC 0   INF   Workplace color: green
2020-03-05 13:27:45.960   CNC 0   INF   Streaming data to LCD
2020-03-05 13:27:45.960   CNC 0   INF   Data streamed
2020-03-05 13:27:55.892   CNC 0   INF   Workplace color: green
2020-03-05 13:27:55.892   CNC 0   INF   Streaming data to LCD
2020-03-05 13:27:55.892   CNC 0   INF   Data streamed
2020-03-05 13:28:06.245   CNC 0   INF   Workplace color: green
2020-03-05 13:28:06.245   CNC 0   INF   Streaming data to LCD
2020-03-05 13:28:06.245   CNC 0   INF   Data streamed
2020-03-05 13:28:16.562   CNC 0   INF   Workplace color: green
2020-03-05 13:28:16.563   CNC 0   INF   Streaming data to LCD
2020-03-05 13:28:16.563   CNC 0   INF   Data streamed
2020-03-05 13:28:26.750   CNC 0   INF   Workplace color: green
2020-03-05 13:28:26.750   CNC 0   INF   Streaming data to LCD
2020-03-05 13:28:26.750   CNC 0   INF   Data streamed
2020-03-05 13:28:36.964   CNC 0   INF   Workplace color: green
2020-03-05 13:28:36.964   CNC 0   INF   Streaming data to LCD
2020-03-05 13:28:36.965   CNC 0   INF   Data streamed
2020-03-05 13:28:47.287   CNC 0   INF   Workplace color: green
2020-03-05 13:28:47.287   CNC 0   INF   Streaming data to LCD
2020-03-05 13:28:47.287   CNC 0   INF   Data streamed
2020-03-05 13:28:57.644   CNC 0   INF   Workplace color: green
2020-03-05 13:28:57.644   CNC 0   INF   Streaming data to LCD
2020-03-05 13:28:57.644   CNC 0   INF   Data streamed
2020-03-05 13:29:31.566   CNC 0   INF   Workplace color: green
2020-03-05 13:29:31.566   CNC 0   INF   Streaming data to LCD
2020-03-05 13:29:31.566   CNC 0   INF   Data streamed
2020-03-05 13:29:41.734   CNC 0   INF   Workplace color: green
2020-03-05 13:29:41.734   CNC 0   INF   Streaming data to LCD
2020-03-05 13:29:41.734   CNC 0   INF   Data streamed
2020-03-05 13:29:51.922   CNC 0   INF   Workplace color: green
2020-03-05 13:29:51.922   CNC 0   INF   Streaming data to LCD
2020-03-05 13:29:51.922   CNC 0   INF   Data streamed
2020-03-05 13:30:02.228   CNC 0   INF   Workplace color: green
2020-03-05 13:30:02.229   CNC 0   INF   Streaming data to LCD
2020-03-05 13:30:02.229   CNC 0   INF   Data streamed
2020-03-05 13:30:12.415   CNC 0   INF   Workplace color: green
2020-03-05 13:30:12.415   CNC 0   INF   Streaming data to LCD
2020-03-05 13:30:12.415   CNC 0   INF   Data streamed
2020-03-05 13:30:22.863   CNC 0   INF   Workplace color: red
2020-03-05 13:30:22.863   CNC 0   INF   Streaming data to LCD
2020-03-05 13:30:22.863   CNC 0   INF   Data streamed
2020-03-05 13:30:33.079   CNC 0   INF   Workplace color: red
2020-03-05 13:30:33.079   CNC 0   INF   Streaming data to LCD
2020-03-05 13:30:33.079   CNC 0   INF   Data streamed
2020-03-05 13:30:43.274   CNC 0   INF   Workplace color: red
2020-03-05 13:30:43.274   CNC 0   INF   Streaming data to LCD
2020-03-05 13:30:43.274   CNC 0   INF   Data streamed
2020-03-05 13:30:53.664   CNC 0   INF   Workplace color: red
2020-03-05 13:30:53.664   CNC 0   INF   Streaming data to LCD
2020-03-05 13:30:53.664   CNC 0   INF   Data streamed
2020-03-05 13:31:04.080   CNC 0   INF   Workplace color: red
2020-03-05 13:31:04.081   CNC 0   INF   Streaming data to LCD
2020-03-05 13:31:04.081   CNC 0   INF   Data streamed
2020-03-05 13:31:14.294   CNC 0   INF   Workplace color: red
2020-03-05 13:31:14.294   CNC 0   INF   Streaming data to LCD
2020-03-05 13:31:14.294   CNC 0   INF   Data streamed
2020-03-05 13:31:24.679   CNC 0   INF   Workplace color: red
2020-03-05 13:31:24.679   CNC 0   INF   Streaming data to LCD
2020-03-05 13:31:24.680   CNC 0   INF   Data streamed
2020-03-05 13:31:35.049   CNC 0   INF   Workplace color: red
2020-03-05 13:31:35.049   CNC 0   INF   Streaming data to LCD
2020-03-05 13:31:35.049   CNC 0   INF   Data streamed
2020-03-05 13:31:45.330   CNC 0   INF   Workplace color: red
2020-03-05 13:31:45.330   CNC 0   INF   Streaming data to LCD
2020-03-05 13:31:45.330   CNC 0   INF   Data streamed
2020-03-05 13:31:55.563   CNC 0   INF   Workplace color: red
2020-03-05 13:31:55.563   CNC 0   INF   Streaming data to LCD
2020-03-05 13:31:55.563   CNC 0   INF   Data streamed
2020-03-05 13:32:05.741   CNC 0   INF   Workplace color: red
2020-03-05 13:32:05.741   CNC 0   INF   Streaming data to LCD
2020-03-05 13:32:05.741   CNC 0   INF   Data streamed
2020-03-05 13:32:15.934   CNC 0   INF   Workplace color: red
2020-03-05 13:32:15.934   CNC 0   INF   Streaming data to LCD
2020-03-05 13:32:15.934   CNC 0   INF   Data streamed
2020-03-05 13:32:26.137   CNC 0   INF   Workplace color: red
2020-03-05 13:32:26.137   CNC 0   INF   Streaming data to LCD
2020-03-05 13:32:26.137   CNC 0   INF   Data streamed
2020-03-05 13:32:36.338   CNC 0   INF   Workplace color: red
2020-03-05 13:32:36.338   CNC 0   INF   Streaming data to LCD
2020-03-05 13:32:36.338   CNC 0   INF   Data streamed
2020-03-05 13:32:46.814   CNC 0   INF   Workplace color: red
2020-03-05 13:32:46.814   CNC 0   INF   Streaming data to LCD
2020-03-05 13:32:46.814   CNC 0   INF   Data streamed
2020-03-05 13:32:57.185   CNC 0   INF   Workplace color: green
2020-03-05 13:32:57.186   CNC 0   INF   Streaming data to LCD
2020-03-05 13:32:57.186   CNC 0   INF   Data streamed
2020-03-05 13:33:07.432   CNC 0   INF   Workplace color: green
2020-03-05 13:33:07.432   CNC 0   INF   Streaming data to LCD
2020-03-05 13:33:07.433   CNC 0   INF   Data streamed
2020-03-05 13:33:17.835   CNC 0   INF   Workplace color: green
2020-03-05 13:33:17.835   CNC 0   INF   Streaming data to LCD
2020-03-05 13:33:17.835   CNC 0   INF   Data streamed
2020-03-05 13:33:28.228   CNC 0   INF   Workplace color: green
2020-03-05 13:33:28.228   CNC 0   INF   Streaming data to LCD
2020-03-05 13:33:28.229   CNC 0   INF   Data streamed
2020-03-05 13:33:38.716   CNC 0   INF   Workplace color: green
2020-03-05 13:33:38.716   CNC 0   INF   Streaming data to LCD
2020-03-05 13:33:38.716   CNC 0   INF   Data streamed
2020-03-05 13:33:42.181   CNC 0   INF   Workplace color: green
2020-03-05 13:33:42.182   CNC 0   INF   Streaming data to LCD
2020-03-05 13:33:42.182   CNC 0   INF   Data streamed
2020-03-05 13:33:52.505   CNC 0   INF   Workplace color: green
2020-03-05 13:33:52.505   CNC 0   INF   Streaming data to LCD
2020-03-05 13:33:52.505   CNC 0   INF   Data streamed
2020-03-05 13:34:02.934   CNC 0   INF   Workplace color: green
2020-03-05 13:34:02.935   CNC 0   INF   Streaming data to LCD
2020-03-05 13:34:02.936   CNC 0   INF   Data streamed
2020-03-05 13:34:13.265   CNC 0   INF   Workplace color: green
2020-03-05 13:34:13.266   CNC 0   INF   Streaming data to LCD
2020-03-05 13:34:13.266   CNC 0   INF   Data streamed
2020-03-05 13:34:24.194   CNC 0   INF   Workplace color: green
2020-03-05 13:34:24.194   CNC 0   INF   Streaming data to LCD
2020-03-05 13:34:24.194   CNC 0   INF   Data streamed
2020-03-05 13:34:34.600   CNC 0   INF   Workplace color: green
2020-03-05 13:34:34.600   CNC 0   INF   Streaming data to LCD
2020-03-05 13:34:34.601   CNC 0   INF   Data streamed
2020-03-05 13:34:45.138   CNC 0   INF   Workplace color: green
2020-03-05 13:34:45.138   CNC 0   INF   Streaming data to LCD
2020-03-05 13:34:45.138   CNC 0   INF   Data streamed
2020-03-05 13:34:55.541   CNC 0   INF   Workplace color: green
2020-03-05 13:34:55.542   CNC 0   INF   Streaming data to LCD
2020-03-05 13:34:55.542   CNC 0   INF   Data streamed
2020-03-05 13:35:05.842   CNC 0   INF   Workplace color: green
2020-03-05 13:35:05.842   CNC 0   INF   Streaming data to LCD
2020-03-05 13:35:05.842   CNC 0   INF   Data streamed
2020-03-05 13:35:16.160   CNC 0   INF   Workplace color: green
2020-03-05 13:35:16.160   CNC 0   INF   Streaming data to LCD
2020-03-05 13:35:16.160   CNC 0   INF   Data streamed
2020-03-05 13:35:26.878   CNC 0   INF   Workplace color: green
2020-03-05 13:35:26.878   CNC 0   INF   Streaming data to LCD
2020-03-05 13:35:26.878   CNC 0   INF   Data streamed
2020-03-05 13:35:37.264   CNC 0   INF   Workplace color: green
2020-03-05 13:35:37.264   CNC 0   INF   Streaming data to LCD
2020-03-05 13:35:37.264   CNC 0   INF   Data streamed
2020-03-05 13:35:47.505   CNC 0   INF   Workplace color: green
2020-03-05 13:35:47.505   CNC 0   INF   Streaming data to LCD
2020-03-05 13:35:47.505   CNC 0   INF   Data streamed
2020-03-05 13:35:57.755   CNC 0   INF   Workplace color: green
2020-03-05 13:35:57.755   CNC 0   INF   Streaming data to LCD
2020-03-05 13:35:57.755   CNC 0   INF   Data streamed
2020-03-05 13:36:08.103   CNC 0   INF   Workplace color: green
2020-03-05 13:36:08.103   CNC 0   INF   Streaming data to LCD
2020-03-05 13:36:08.103   CNC 0   INF   Data streamed
2020-03-05 13:36:18.392   CNC 0   INF   Workplace color: green
2020-03-05 13:36:18.392   CNC 0   INF   Streaming data to LCD
2020-03-05 13:36:18.392   CNC 0   INF   Data streamed
2020-03-05 13:36:28.679   CNC 0   INF   Workplace color: green
2020-03-05 13:36:28.679   CNC 0   INF   Streaming data to LCD
2020-03-05 13:36:28.680   CNC 0   INF   Data streamed
2020-03-05 13:36:38.984   CNC 0   INF   Workplace color: green
2020-03-05 13:36:38.984   CNC 0   INF   Streaming data to LCD
2020-03-05 13:36:38.984   CNC 0   INF   Data streamed
2020-03-05 13:36:49.340   CNC 0   INF   Workplace color: green
2020-03-05 13:36:49.340   CNC 0   INF   Streaming data to LCD
2020-03-05 13:36:49.340   CNC 0   INF   Data streamed
2020-03-05 13:36:59.609   CNC 0   INF   Workplace color: green
2020-03-05 13:36:59.609   CNC 0   INF   Streaming data to LCD
2020-03-05 13:36:59.609   CNC 0   INF   Data streamed
2020-03-05 13:37:09.872   CNC 0   INF   Workplace color: green
2020-03-05 13:37:09.872   CNC 0   INF   Streaming data to LCD
2020-03-05 13:37:09.872   CNC 0   INF   Data streamed
2020-03-05 13:37:20.211   CNC 0   INF   Workplace color: green
2020-03-05 13:37:20.211   CNC 0   INF   Streaming data to LCD
2020-03-05 13:37:20.211   CNC 0   INF   Data streamed
2020-03-05 13:37:30.550   CNC 0   INF   Workplace color: green
2020-03-05 13:37:30.550   CNC 0   INF   Streaming data to LCD
2020-03-05 13:37:30.550   CNC 0   INF   Data streamed
2020-03-05 13:37:40.821   CNC 0   INF   Workplace color: green
2020-03-05 13:37:40.821   CNC 0   INF   Streaming data to LCD
2020-03-05 13:37:40.822   CNC 0   INF   Data streamed
2020-03-05 13:37:51.149   CNC 0   INF   Workplace color: green
2020-03-05 13:37:51.149   CNC 0   INF   Streaming data to LCD
2020-03-05 13:37:51.149   CNC 0   INF   Data streamed
2020-03-05 13:38:01.480   CNC 0   INF   Workplace color: green
2020-03-05 13:38:01.481   CNC 0   INF   Streaming data to LCD
2020-03-05 13:38:01.481   CNC 0   INF   Data streamed
2020-03-05 13:38:11.784   CNC 0   INF   Workplace color: green
2020-03-05 13:38:11.784   CNC 0   INF   Streaming data to LCD
2020-03-05 13:38:11.784   CNC 0   INF   Data streamed
2020-03-05 13:38:22.086   CNC 0   INF   Workplace color: green
2020-03-05 13:38:22.087   CNC 0   INF   Streaming data to LCD
2020-03-05 13:38:22.087   CNC 0   INF   Data streamed
2020-03-05 13:38:32.394   CNC 0   INF   Workplace color: green
2020-03-05 13:38:32.394   CNC 0   INF   Streaming data to LCD
2020-03-05 13:38:32.394   CNC 0   INF   Data streamed
2020-03-05 13:38:42.711   CNC 0   INF   Workplace color: green
2020-03-05 13:38:42.711   CNC 0   INF   Streaming data to LCD
2020-03-05 13:38:42.712   CNC 0   INF   Data streamed
2020-03-05 13:38:53.031   CNC 0   INF   Workplace color: green
2020-03-05 13:38:53.031   CNC 0   INF   Streaming data to LCD
2020-03-05 13:38:53.031   CNC 0   INF   Data streamed
2020-03-05 13:39:03.362   CNC 0   INF   Workplace color: green
2020-03-05 13:39:03.362   CNC 0   INF   Streaming data to LCD
2020-03-05 13:39:03.362   CNC 0   INF   Data streamed
2020-03-05 13:39:14.021   CNC 0   INF   Workplace color: green
2020-03-05 13:39:14.022   CNC 0   INF   Streaming data to LCD
2020-03-05 13:39:14.022   CNC 0   INF   Data streamed
2020-03-05 13:39:24.308   CNC 0   INF   Workplace color: green
2020-03-05 13:39:24.309   CNC 0   INF   Streaming data to LCD
2020-03-05 13:39:24.309   CNC 0   INF   Data streamed
2020-03-05 13:39:34.654   CNC 0   INF   Workplace color: green
2020-03-05 13:39:34.654   CNC 0   INF   Streaming data to LCD
2020-03-05 13:39:34.654   CNC 0   INF   Data streamed
2020-03-05 13:39:44.995   CNC 0   INF   Workplace color: green
2020-03-05 13:39:44.995   CNC 0   INF   Streaming data to LCD
2020-03-05 13:39:44.995   CNC 0   INF   Data streamed
2020-03-05 13:39:55.265   CNC 0   INF   Workplace color: green
2020-03-05 13:39:55.265   CNC 0   INF   Streaming data to LCD
2020-03-05 13:39:55.265   CNC 0   INF   Data streamed
2020-03-05 13:40:05.552   CNC 0   INF   Workplace color: green
2020-03-05 13:40:05.553   CNC 0   INF   Streaming data to LCD
2020-03-05 13:40:05.553   CNC 0   INF   Data streamed
2020-03-05 13:40:15.851   CNC 0   INF   Workplace color: green
2020-03-05 13:40:15.852   CNC 0   INF   Streaming data to LCD
2020-03-05 13:40:15.852   CNC 0   INF   Data streamed
2020-03-05 13:40:26.165   CNC 0   INF   Workplace color: green
2020-03-05 13:40:26.166   CNC 0   INF   Streaming data to LCD
2020-03-05 13:40:26.166   CNC 0   INF   Data streamed
2020-03-05 13:40:36.470   CNC 0   INF   Workplace color: green
2020-03-05 13:40:36.471   CNC 0   INF   Streaming data to LCD
2020-03-05 13:40:36.471   CNC 0   INF   Data streamed
2020-03-05 13:40:46.766   CNC 0   INF   Workplace color: green
2020-03-05 13:40:46.766   CNC 0   INF   Streaming data to LCD
2020-03-05 13:40:46.766   CNC 0   INF   Data streamed
2020-03-05 13:40:57.064   CNC 0   INF   Workplace color: green
2020-03-05 13:40:57.064   CNC 0   INF   Streaming data to LCD
2020-03-05 13:40:57.064   CNC 0   INF   Data streamed
2020-03-05 13:41:07.326   CNC 0   INF   Workplace color: green
2020-03-05 13:41:07.326   CNC 0   INF   Streaming data to LCD
2020-03-05 13:41:07.326   CNC 0   INF   Data streamed
2020-03-05 13:41:17.635   CNC 0   INF   Workplace color: green
2020-03-05 13:41:17.635   CNC 0   INF   Streaming data to LCD
2020-03-05 13:41:17.635   CNC 0   INF   Data streamed
2020-03-05 13:41:27.914   CNC 0   INF   Workplace color: green
2020-03-05 13:41:27.914   CNC 0   INF   Streaming data to LCD
2020-03-05 13:41:27.914   CNC 0   INF   Data streamed
2020-03-05 13:44:08.249   CNC 0   INF   Workplace color: green
2020-03-05 13:44:08.250   CNC 0   INF   Streaming data to LCD
2020-03-05 13:44:08.250   CNC 0   INF   Data streamed
2020-03-05 13:44:18.497   CNC 0   INF   Workplace color: green
2020-03-05 13:44:18.498   CNC 0   INF   Streaming data to LCD
2020-03-05 13:44:18.498   CNC 0   INF   Data streamed
2020-03-05 13:44:28.903   CNC 0   INF   Workplace color: green
2020-03-05 13:44:28.903   CNC 0   INF   Streaming data to LCD
2020-03-05 13:44:28.904   CNC 0   INF   Data streamed
2020-03-05 13:44:39.189   CNC 0   INF   Workplace color: green
2020-03-05 13:44:39.189   CNC 0   INF   Streaming data to LCD
2020-03-05 13:44:39.189   CNC 0   INF   Data streamed
2020-03-05 13:44:49.464   CNC 0   INF   Workplace color: green
2020-03-05 13:44:49.464   CNC 0   INF   Streaming data to LCD
2020-03-05 13:44:49.464   CNC 0   INF   Data streamed
2020-03-05 13:44:59.793   CNC 0   INF   Workplace color: green
2020-03-05 13:44:59.793   CNC 0   INF   Streaming data to LCD
2020-03-05 13:44:59.793   CNC 0   INF   Data streamed
2020-03-05 13:45:10.116   CNC 0   INF   Workplace color: green
2020-03-05 13:45:10.117   CNC 0   INF   Streaming data to LCD
2020-03-05 13:45:10.117   CNC 0   INF   Data streamed
2020-03-05 13:45:20.467   CNC 0   INF   Workplace color: green
2020-03-05 13:45:20.467   CNC 0   INF   Streaming data to LCD
2020-03-05 13:45:20.467   CNC 0   INF   Data streamed
2020-03-05 13:45:30.747   CNC 0   INF   Workplace color: green
2020-03-05 13:45:30.748   CNC 0   INF   Streaming data to LCD
2020-03-05 13:45:30.748   CNC 0   INF   Data streamed
2020-03-05 13:45:41.060   CNC 0   INF   Workplace color: green
2020-03-05 13:45:41.060   CNC 0   INF   Streaming data to LCD
2020-03-05 13:45:41.060   CNC 0   INF   Data streamed
2020-03-05 13:45:51.334   CNC 0   INF   Workplace color: green
2020-03-05 13:45:51.334   CNC 0   INF   Streaming data to LCD
2020-03-05 13:45:51.334   CNC 0   INF   Data streamed
2020-03-05 13:46:01.551   CNC 0   INF   Workplace color: green
2020-03-05 13:46:01.551   CNC 0   INF   Streaming data to LCD
2020-03-05 13:46:01.551   CNC 0   INF   Data streamed
2020-03-05 13:46:12.029   CNC 0   INF   Workplace color: green
2020-03-05 13:46:12.029   CNC 0   INF   Streaming data to LCD
2020-03-05 13:46:12.029   CNC 0   INF   Data streamed
2020-03-05 13:46:22.419   CNC 0   INF   Workplace color: green
2020-03-05 13:46:22.419   CNC 0   INF   Streaming data to LCD
2020-03-05 13:46:22.419   CNC 0   INF   Data streamed
2020-03-05 13:46:32.913   CNC 0   INF   Workplace color: green
2020-03-05 13:46:32.913   CNC 0   INF   Streaming data to LCD
2020-03-05 13:46:32.913   CNC 0   INF   Data streamed
2020-03-05 13:46:43.192   CNC 0   INF   Workplace color: orange
2020-03-05 13:46:43.192   CNC 0   INF   Streaming data to LCD
2020-03-05 13:46:43.192   CNC 0   INF   Data streamed
2020-03-05 13:46:53.474   CNC 0   INF   Workplace color: orange
2020-03-05 13:46:53.475   CNC 0   INF   Streaming data to LCD
2020-03-05 13:46:53.475   CNC 0   INF   Data streamed
2020-03-05 13:47:03.761   CNC 0   INF   Workplace color: orange
2020-03-05 13:47:03.761   CNC 0   INF   Streaming data to LCD
2020-03-05 13:47:03.761   CNC 0   INF   Data streamed
2020-03-05 13:47:13.965   CNC 0   INF   Workplace color: orange
2020-03-05 13:47:13.965   CNC 0   INF   Streaming data to LCD
2020-03-05 13:47:13.965   CNC 0   INF   Data streamed
2020-03-05 13:47:24.164   CNC 0   INF   Workplace color: orange
2020-03-05 13:47:24.164   CNC 0   INF   Streaming data to LCD
2020-03-05 13:47:24.164   CNC 0   INF   Data streamed
2020-03-05 13:47:34.394   CNC 0   INF   Workplace color: orange
2020-03-05 13:47:34.394   CNC 0   INF   Streaming data to LCD
2020-03-05 13:47:34.394   CNC 0   INF   Data streamed
2020-03-05 13:47:44.605   CNC 0   INF   Workplace color: orange
2020-03-05 13:47:44.605   CNC 0   INF   Streaming data to LCD
2020-03-05 13:47:44.605   CNC 0   INF   Data streamed
2020-03-05 13:47:54.934   CNC 0   INF   Workplace color: orange
2020-03-05 13:47:54.934   CNC 0   INF   Streaming data to LCD
2020-03-05 13:47:54.934   CNC 0   INF   Data streamed
2020-03-05 13:48:05.248   CNC 0   INF   Workplace color: orange
2020-03-05 13:48:05.249   CNC 0   INF   Streaming data to LCD
2020-03-05 13:48:05.249   CNC 0   INF   Data streamed
2020-03-05 13:48:15.561   CNC 0   INF   Workplace color: orange
2020-03-05 13:48:15.562   CNC 0   INF   Streaming data to LCD
2020-03-05 13:48:15.562   CNC 0   INF   Data streamed
2020-03-05 13:48:25.872   CNC 0   INF   Workplace color: orange
2020-03-05 13:48:25.872   CNC 0   INF   Streaming data to LCD
2020-03-05 13:48:25.873   CNC 0   INF   Data streamed
2020-03-05 13:48:36.435   CNC 0   INF   Workplace color: orange
2020-03-05 13:48:36.435   CNC 0   INF   Streaming data to LCD
2020-03-05 13:48:36.435   CNC 0   INF   Data streamed
2020-03-05 13:48:43.863   CNC 0   INF   Workplace color: orange
2020-03-05 13:48:43.863   CNC 0   INF   Streaming data to LCD
2020-03-05 13:48:43.863   CNC 0   INF   Data streamed
2020-03-05 13:48:52.621   CNC 0   INF   Workplace color: orange
2020-03-05 13:48:52.621   CNC 0   INF   Streaming data to LCD
2020-03-05 13:48:52.621   CNC 0   INF   Data streamed
2020-03-05 13:49:02.921   CNC 0   INF   Workplace color: orange
2020-03-05 13:49:02.921   CNC 0   INF   Streaming data to LCD
2020-03-05 13:49:02.921   CNC 0   INF   Data streamed
2020-03-05 13:49:13.132   CNC 0   INF   Workplace color: orange
2020-03-05 13:49:13.132   CNC 0   INF   Streaming data to LCD
2020-03-05 13:49:13.132   CNC 0   INF   Data streamed
2020-03-05 13:49:23.374   CNC 0   INF   Workplace color: orange
2020-03-05 13:49:23.374   CNC 0   INF   Streaming data to LCD
2020-03-05 13:49:23.374   CNC 0   INF   Data streamed
2020-03-05 13:49:33.761   CNC 0   INF   Workplace color: orange
2020-03-05 13:49:33.761   CNC 0   INF   Streaming data to LCD
2020-03-05 13:49:33.761   CNC 0   INF   Data streamed
2020-03-05 13:49:44.217   CNC 0   INF   Workplace color: orange
2020-03-05 13:49:44.217   CNC 0   INF   Streaming data to LCD
2020-03-05 13:49:44.217   CNC 0   INF   Data streamed
2020-03-05 13:49:54.904   CNC 0   INF   Workplace color: orange
2020-03-05 13:49:54.904   CNC 0   INF   Streaming data to LCD
2020-03-05 13:49:54.904   CNC 0   INF   Data streamed
2020-03-05 13:50:05.427   CNC 0   INF   Workplace color: orange
2020-03-05 13:50:05.427   CNC 0   INF   Streaming data to LCD
2020-03-05 13:50:05.428   CNC 0   INF   Data streamed
2020-03-05 13:50:17.593   CNC 0   INF   Workplace color: orange, order: Internal, downtime: , user:  
2020-03-05 13:50:17.593   CNC 0   INF   Streaming data to LCD
2020-03-05 13:50:17.593   CNC 0   INF   Data streamed
2020-03-05 13:50:27.918   CNC 0   INF   Workplace color: orange, order: Internal, downtime: , user:  
2020-03-05 13:50:27.918   CNC 0   INF   Streaming data to LCD
2020-03-05 13:50:27.919   CNC 0   INF   Data streamed
2020-03-05 13:50:38.189   CNC 0   INF   Workplace color: orange, order: Internal, downtime: , user:  
2020-03-05 13:50:38.189   CNC 0   INF   Streaming data to LCD
2020-03-05 13:50:38.190   CNC 0   INF   Data streamed
2020-03-05 13:50:48.533   CNC 0   INF   Workplace color: orange, order: Internal, downtime: , user:  
2020-03-05 13:50:48.533   CNC 0   INF   Streaming data to LCD
2020-03-05 13:50:48.533   CNC 0   INF   Data streamed
2020-03-05 13:50:58.956   CNC 0   INF   Workplace color: orange, order: Internal, downtime: , user:  
2020-03-05 13:50:58.956   CNC 0   INF   Streaming data to LCD
2020-03-05 13:50:58.956   CNC 0   INF   Data streamed
2020-03-05 13:51:09.357   CNC 0   INF   Workplace color: orange, order: Internal, downtime: , user:  
2020-03-05 13:51:09.357   CNC 0   INF   Streaming data to LCD
2020-03-05 13:51:09.357   CNC 0   INF   Data streamed
2020-03-05 13:51:19.708   CNC 0   INF   Workplace color: orange, order: Internal, downtime: , user:  
2020-03-05 13:51:19.708   CNC 0   INF   Streaming data to LCD
2020-03-05 13:51:19.708   CNC 0   INF   Data streamed
2020-03-05 13:51:30.047   CNC 0   INF   Workplace color: orange, order: Internal, downtime: , user:  
2020-03-05 13:51:30.047   CNC 0   INF   Streaming data to LCD
2020-03-05 13:51:30.048   CNC 0   INF   Data streamed
2020-03-05 13:51:40.513   CNC 0   INF   Workplace color: orange, order: Internal, downtime: , user:  
2020-03-05 13:51:40.513   CNC 0   INF   Streaming data to LCD
2020-03-05 13:51:40.513   CNC 0   INF   Data streamed
2020-03-05 13:51:51.077   CNC 0   INF   Workplace color: orange, order: Internal, downtime: , user:  
2020-03-05 13:51:51.078   CNC 0   INF   Streaming data to LCD
2020-03-05 13:51:51.078   CNC 0   INF   Data streamed
2020-03-05 13:52:01.499   CNC 0   INF   Workplace color: orange, order: Internal, downtime: , user:  
2020-03-05 13:52:01.499   CNC 0   INF   Streaming data to LCD
2020-03-05 13:52:01.500   CNC 0   INF   Data streamed
2020-03-05 13:52:11.919   CNC 0   INF   Workplace color: orange, order: Internal, downtime: , user:  
2020-03-05 13:52:11.919   CNC 0   INF   Streaming data to LCD
2020-03-05 13:52:11.919   CNC 0   INF   Data streamed
2020-03-05 13:52:22.351   CNC 0   INF   Workplace color: red, order: , downtime: , user: 
2020-03-05 13:52:22.351   CNC 0   INF   Streaming data to LCD
2020-03-05 13:52:22.351   CNC 0   INF   Data streamed
2020-03-05 14:14:09.301   CNC 0   INF   Workplace color: green, order: Internal, downtime: , user:  
2020-03-05 14:14:09.301   CNC 0   INF   Streaming data to LCD
2020-03-05 14:14:09.301   CNC 0   INF   Data streamed
2020-03-05 14:14:19.543   CNC 0   INF   Workplace color: green, order: Internal, downtime: , user:  
2020-03-05 14:14:19.543   CNC 0   INF   Streaming data to LCD
2020-03-05 14:14:19.543   CNC 0   INF   Data streamed
2020-03-05 14:19:37.872   CNC 0   INF   Workplace color: green, order: Internal, downtime: , user:  
2020-03-05 14:19:37.873   CNC 0   INF   Streaming data to LCD
2020-03-05 14:19:37.873   CNC 0   INF   Data streamed
2020-03-05 14:20:01.689   CNC 0   INF   Workplace color: green, order: Internal, downtime: , user:  
2020-03-05 14:20:01.689   CNC 0   INF   Streaming data to LCD
2020-03-05 14:20:01.690   CNC 0   INF   Data streamed
2020-03-05 14:20:12.001   CNC 0   INF   Workplace color: green, order: Internal, downtime: , user:  
2020-03-05 14:20:12.001   CNC 0   INF   Streaming data to LCD
2020-03-05 14:20:12.001   CNC 0   INF   Data streamed
2020-03-05 14:20:22.261   CNC 0   INF   Workplace color: green, order: Internal, downtime: , user:  
2020-03-05 14:20:22.262   CNC 0   INF   Streaming data to LCD
2020-03-05 14:20:22.262   CNC 0   INF   Data streamed
2020-03-05 14:24:06.994   CNC 0   INF   Workplace color: orange, order: Internal, downtime: , user:  
2020-03-05 14:24:06.994   CNC 0   INF   Streaming data to LCD
2020-03-05 14:24:06.994   CNC 0   INF   Data streamed
2020-03-05 14:24:31.853   CNC 0   INF   Workplace color: orange, order: Internal, downtime: , user:  
2020-03-05 14:24:31.854   CNC 0   INF   Streaming data to LCD
2020-03-05 14:24:31.854   CNC 0   INF   Data streamed
2020-03-05 14:24:42.049   CNC 0   INF   Workplace color: orange, order: Internal, downtime: , user:  
2020-03-05 14:24:42.049   CNC 0   INF   Streaming data to LCD
2020-03-05 14:24:42.049   CNC 0   INF   Data streamed
2020-03-05 14:24:52.289   CNC 0   INF   Workplace color: orange, order: Internal, downtime: , user:  
2020-03-05 14:24:52.289   CNC 0   INF   Streaming data to LCD
2020-03-05 14:24:52.290   CNC 0   INF   Data streamed
2020-03-05 14:25:02.687   CNC 0   INF   Workplace color: orange, order: Internal, downtime: , user:  
2020-03-05 14:25:02.688   CNC 0   INF   Streaming data to LCD
2020-03-05 14:25:02.688   CNC 0   INF   Data streamed
2020-03-05 14:25:12.955   CNC 0   INF   Workplace color: orange, order: Internal, downtime: , user:  
2020-03-05 14:25:12.956   CNC 0   INF   Streaming data to LCD
2020-03-05 14:25:12.956   CNC 0   INF   Data streamed
2020-03-05 14:25:23.273   CNC 0   INF   Workplace color: orange, order: Internal, downtime: , user:  
2020-03-05 14:25:23.273   CNC 0   INF   Streaming data to LCD
2020-03-05 14:25:23.273   CNC 0   INF   Data streamed
2020-03-05 14:25:33.820   CNC 0   INF   Workplace color: orange, order: Internal, downtime: , user:  
2020-03-05 14:25:33.820   CNC 0   INF   Streaming data to LCD
2020-03-05 14:25:33.820   CNC 0   INF   Data streamed
2020-03-05 14:25:44.051   CNC 0   INF   Workplace color: orange, order: Internal, downtime: , user:  
2020-03-05 14:25:44.051   CNC 0   INF   Streaming data to LCD
2020-03-05 14:25:44.052   CNC 0   INF   Data streamed
2020-03-05 14:25:54.244   CNC 0   INF   Workplace color: orange, order: Internal, downtime: , user:  
2020-03-05 14:25:54.244   CNC 0   INF   Streaming data to LCD
2020-03-05 14:25:54.244   CNC 0   INF   Data streamed
2020-03-05 14:26:04.462   CNC 0   INF   Workplace color: orange, order: Internal, downtime: , user:  
2020-03-05 14:26:04.463   CNC 0   INF   Streaming data to LCD
2020-03-05 14:26:04.463   CNC 0   INF   Data streamed
2020-03-05 14:26:14.643   CNC 0   INF   Workplace color: orange, order: Internal, downtime: , user:  
2020-03-05 14:26:14.643   CNC 0   INF   Streaming data to LCD
2020-03-05 14:26:14.643   CNC 0   INF   Data streamed
2020-03-05 14:26:24.809   CNC 0   INF   Workplace color: orange, order: Internal, downtime: , user:  
2020-03-05 14:26:24.809   CNC 0   INF   Streaming data to LCD
2020-03-05 14:26:24.809   CNC 0   INF   Data streamed
