2020-03-05 12:46:06.601   CNC 18   INF   Workplace color: green
2020-03-05 12:46:06.602   CNC 18   INF   Streaming data to LCD
2020-03-05 12:46:06.602   CNC 18   INF   Data streamed
2020-03-05 13:01:44.525   CNC 18   INF   Workplace color: green
2020-03-05 13:01:44.526   CNC 18   INF   Streaming data to LCD
2020-03-05 13:01:44.526   CNC 18   INF   Data streamed
2020-03-05 13:01:54.730   CNC 18   INF   Workplace color: green
2020-03-05 13:01:54.730   CNC 18   INF   Streaming data to LCD
2020-03-05 13:01:54.730   CNC 18   INF   Data streamed
2020-03-05 13:02:04.882   CNC 18   INF   Workplace color: green
2020-03-05 13:02:04.882   CNC 18   INF   Streaming data to LCD
2020-03-05 13:02:04.882   CNC 18   INF   Data streamed
2020-03-05 13:02:15.030   CNC 18   INF   Workplace color: green
2020-03-05 13:02:15.030   CNC 18   INF   Streaming data to LCD
2020-03-05 13:02:15.030   CNC 18   INF   Data streamed
2020-03-05 13:02:25.163   CNC 18   INF   Workplace color: green
2020-03-05 13:02:25.163   CNC 18   INF   Streaming data to LCD
2020-03-05 13:02:25.163   CNC 18   INF   Data streamed
2020-03-05 13:02:35.305   CNC 18   INF   Workplace color: green
2020-03-05 13:02:35.305   CNC 18   INF   Streaming data to LCD
2020-03-05 13:02:35.305   CNC 18   INF   Data streamed
2020-03-05 13:02:45.469   CNC 18   INF   Workplace color: green
2020-03-05 13:02:45.469   CNC 18   INF   Streaming data to LCD
2020-03-05 13:02:45.469   CNC 18   INF   Data streamed
2020-03-05 13:02:55.622   CNC 18   INF   Workplace color: green
2020-03-05 13:02:55.622   CNC 18   INF   Streaming data to LCD
2020-03-05 13:02:55.622   CNC 18   INF   Data streamed
2020-03-05 13:03:05.751   CNC 18   INF   Workplace color: green
2020-03-05 13:03:05.751   CNC 18   INF   Streaming data to LCD
2020-03-05 13:03:05.751   CNC 18   INF   Data streamed
2020-03-05 13:03:15.897   CNC 18   INF   Workplace color: green
2020-03-05 13:03:15.897   CNC 18   INF   Streaming data to LCD
2020-03-05 13:03:15.897   CNC 18   INF   Data streamed
2020-03-05 13:03:26.031   CNC 18   INF   Workplace color: green
2020-03-05 13:03:26.031   CNC 18   INF   Streaming data to LCD
2020-03-05 13:03:26.031   CNC 18   INF   Data streamed
2020-03-05 13:03:36.176   CNC 18   INF   Workplace color: green
2020-03-05 13:03:36.176   CNC 18   INF   Streaming data to LCD
2020-03-05 13:03:36.176   CNC 18   INF   Data streamed
2020-03-05 13:03:46.305   CNC 18   INF   Workplace color: green
2020-03-05 13:03:46.305   CNC 18   INF   Streaming data to LCD
2020-03-05 13:03:46.306   CNC 18   INF   Data streamed
2020-03-05 13:03:56.441   CNC 18   INF   Workplace color: green
2020-03-05 13:03:56.441   CNC 18   INF   Streaming data to LCD
2020-03-05 13:03:56.441   CNC 18   INF   Data streamed
2020-03-05 13:04:06.603   CNC 18   INF   Workplace color: green
2020-03-05 13:04:06.603   CNC 18   INF   Streaming data to LCD
2020-03-05 13:04:06.603   CNC 18   INF   Data streamed
2020-03-05 13:04:12.439   CNC 18   INF   Workplace color: green
2020-03-05 13:04:12.440   CNC 18   INF   Streaming data to LCD
2020-03-05 13:04:12.440   CNC 18   INF   Data streamed
2020-03-05 13:04:22.643   CNC 18   INF   Workplace color: green
2020-03-05 13:04:22.643   CNC 18   INF   Streaming data to LCD
2020-03-05 13:04:22.644   CNC 18   INF   Data streamed
2020-03-05 13:04:32.795   CNC 18   INF   Workplace color: green
2020-03-05 13:04:32.795   CNC 18   INF   Streaming data to LCD
2020-03-05 13:04:32.795   CNC 18   INF   Data streamed
2020-03-05 13:04:43.153   CNC 18   INF   Workplace color: green
2020-03-05 13:04:43.153   CNC 18   INF   Streaming data to LCD
2020-03-05 13:04:43.153   CNC 18   INF   Data streamed
2020-03-05 13:04:53.301   CNC 18   INF   Workplace color: green
2020-03-05 13:04:53.301   CNC 18   INF   Streaming data to LCD
2020-03-05 13:04:53.301   CNC 18   INF   Data streamed
2020-03-05 13:08:21.132   CNC 18   INF   Workplace color: green
2020-03-05 13:08:21.132   CNC 18   INF   Streaming data to LCD
2020-03-05 13:08:21.132   CNC 18   INF   Data streamed
2020-03-05 13:08:31.481   CNC 18   INF   Workplace color: green
2020-03-05 13:08:31.482   CNC 18   INF   Streaming data to LCD
2020-03-05 13:08:31.482   CNC 18   INF   Data streamed
2020-03-05 13:08:41.719   CNC 18   INF   Workplace color: green
2020-03-05 13:08:41.719   CNC 18   INF   Streaming data to LCD
2020-03-05 13:08:41.719   CNC 18   INF   Data streamed
2020-03-05 13:09:06.123   CNC 18   INF   Workplace color: green
2020-03-05 13:09:06.123   CNC 18   INF   Streaming data to LCD
2020-03-05 13:09:06.124   CNC 18   INF   Data streamed
2020-03-05 13:09:16.471   CNC 18   INF   Workplace color: green
2020-03-05 13:09:16.471   CNC 18   INF   Streaming data to LCD
2020-03-05 13:09:16.471   CNC 18   INF   Data streamed
2020-03-05 13:09:27.154   CNC 18   INF   Workplace color: green
2020-03-05 13:09:27.154   CNC 18   INF   Streaming data to LCD
2020-03-05 13:09:27.154   CNC 18   INF   Data streamed
2020-03-05 13:09:37.577   CNC 18   INF   Workplace color: green
2020-03-05 13:09:37.577   CNC 18   INF   Streaming data to LCD
2020-03-05 13:09:37.577   CNC 18   INF   Data streamed
2020-03-05 13:09:47.801   CNC 18   INF   Workplace color: green
2020-03-05 13:09:47.802   CNC 18   INF   Streaming data to LCD
2020-03-05 13:09:47.802   CNC 18   INF   Data streamed
2020-03-05 13:09:59.219   CNC 18   INF   Workplace color: green
2020-03-05 13:09:59.219   CNC 18   INF   Streaming data to LCD
2020-03-05 13:09:59.219   CNC 18   INF   Data streamed
2020-03-05 13:10:30.187   CNC 18   INF   Workplace color: green
2020-03-05 13:10:30.188   CNC 18   INF   Streaming data to LCD
2020-03-05 13:10:30.188   CNC 18   INF   Data streamed
2020-03-05 13:10:55.972   CNC 18   INF   Workplace color: green
2020-03-05 13:10:55.972   CNC 18   INF   Streaming data to LCD
2020-03-05 13:10:55.972   CNC 18   INF   Data streamed
2020-03-05 13:11:19.523   CNC 18   INF   Workplace color: green
2020-03-05 13:11:19.523   CNC 18   INF   Streaming data to LCD
2020-03-05 13:11:19.523   CNC 18   INF   Data streamed
2020-03-05 13:22:39.515   CNC 18   INF   Workplace color: green
2020-03-05 13:22:39.515   CNC 18   INF   Streaming data to LCD
2020-03-05 13:22:39.515   CNC 18   INF   Data streamed
2020-03-05 13:22:49.765   CNC 18   INF   Workplace color: green
2020-03-05 13:22:49.765   CNC 18   INF   Streaming data to LCD
2020-03-05 13:22:49.765   CNC 18   INF   Data streamed
2020-03-05 13:22:59.927   CNC 18   INF   Workplace color: green
2020-03-05 13:22:59.927   CNC 18   INF   Streaming data to LCD
2020-03-05 13:22:59.927   CNC 18   INF   Data streamed
2020-03-05 13:23:10.198   CNC 18   INF   Workplace color: green
2020-03-05 13:23:10.198   CNC 18   INF   Streaming data to LCD
2020-03-05 13:23:10.198   CNC 18   INF   Data streamed
2020-03-05 13:23:20.479   CNC 18   INF   Workplace color: green
2020-03-05 13:23:20.479   CNC 18   INF   Streaming data to LCD
2020-03-05 13:23:20.479   CNC 18   INF   Data streamed
2020-03-05 13:23:30.676   CNC 18   INF   Workplace color: green
2020-03-05 13:23:30.676   CNC 18   INF   Streaming data to LCD
2020-03-05 13:23:30.676   CNC 18   INF   Data streamed
2020-03-05 13:23:41.091   CNC 18   INF   Workplace color: green
2020-03-05 13:23:41.091   CNC 18   INF   Streaming data to LCD
2020-03-05 13:23:41.091   CNC 18   INF   Data streamed
2020-03-05 13:23:51.445   CNC 18   INF   Workplace color: green
2020-03-05 13:23:51.446   CNC 18   INF   Streaming data to LCD
2020-03-05 13:23:51.446   CNC 18   INF   Data streamed
2020-03-05 13:24:01.752   CNC 18   INF   Workplace color: green
2020-03-05 13:24:01.752   CNC 18   INF   Streaming data to LCD
2020-03-05 13:24:01.752   CNC 18   INF   Data streamed
2020-03-05 13:24:12.086   CNC 18   INF   Workplace color: green
2020-03-05 13:24:12.087   CNC 18   INF   Streaming data to LCD
2020-03-05 13:24:12.087   CNC 18   INF   Data streamed
2020-03-05 13:24:22.396   CNC 18   INF   Workplace color: green
2020-03-05 13:24:22.396   CNC 18   INF   Streaming data to LCD
2020-03-05 13:24:22.396   CNC 18   INF   Data streamed
2020-03-05 13:24:32.687   CNC 18   INF   Workplace color: green
2020-03-05 13:24:32.687   CNC 18   INF   Streaming data to LCD
2020-03-05 13:24:32.687   CNC 18   INF   Data streamed
2020-03-05 13:24:42.884   CNC 18   INF   Workplace color: green
2020-03-05 13:24:42.884   CNC 18   INF   Streaming data to LCD
2020-03-05 13:24:42.884   CNC 18   INF   Data streamed
2020-03-05 13:24:53.369   CNC 18   INF   Workplace color: green
2020-03-05 13:24:53.369   CNC 18   INF   Streaming data to LCD
2020-03-05 13:24:53.370   CNC 18   INF   Data streamed
2020-03-05 13:25:04.284   CNC 18   INF   Workplace color: green
2020-03-05 13:25:04.284   CNC 18   INF   Streaming data to LCD
2020-03-05 13:25:04.284   CNC 18   INF   Data streamed
2020-03-05 13:25:14.701   CNC 18   INF   Workplace color: green
2020-03-05 13:25:14.701   CNC 18   INF   Streaming data to LCD
2020-03-05 13:25:14.701   CNC 18   INF   Data streamed
2020-03-05 13:25:25.119   CNC 18   INF   Workplace color: green
2020-03-05 13:25:25.119   CNC 18   INF   Streaming data to LCD
2020-03-05 13:25:25.119   CNC 18   INF   Data streamed
2020-03-05 13:25:35.279   CNC 18   INF   Workplace color: green
2020-03-05 13:25:35.279   CNC 18   INF   Streaming data to LCD
2020-03-05 13:25:35.280   CNC 18   INF   Data streamed
2020-03-05 13:25:45.544   CNC 18   INF   Workplace color: green
2020-03-05 13:25:45.544   CNC 18   INF   Streaming data to LCD
2020-03-05 13:25:45.544   CNC 18   INF   Data streamed
2020-03-05 13:25:55.916   CNC 18   INF   Workplace color: green
2020-03-05 13:25:55.916   CNC 18   INF   Streaming data to LCD
2020-03-05 13:25:55.916   CNC 18   INF   Data streamed
2020-03-05 13:26:06.298   CNC 18   INF   Workplace color: green
2020-03-05 13:26:06.299   CNC 18   INF   Streaming data to LCD
2020-03-05 13:26:06.299   CNC 18   INF   Data streamed
2020-03-05 13:26:16.631   CNC 18   INF   Workplace color: green
2020-03-05 13:26:16.631   CNC 18   INF   Streaming data to LCD
2020-03-05 13:26:16.631   CNC 18   INF   Data streamed
2020-03-05 13:26:26.944   CNC 18   INF   Workplace color: green
2020-03-05 13:26:26.944   CNC 18   INF   Streaming data to LCD
2020-03-05 13:26:26.944   CNC 18   INF   Data streamed
2020-03-05 13:26:37.282   CNC 18   INF   Workplace color: green
2020-03-05 13:26:37.282   CNC 18   INF   Streaming data to LCD
2020-03-05 13:26:37.282   CNC 18   INF   Data streamed
2020-03-05 13:26:43.198   CNC 18   INF   Workplace color: green
2020-03-05 13:26:43.198   CNC 18   INF   Streaming data to LCD
2020-03-05 13:26:43.199   CNC 18   INF   Data streamed
2020-03-05 13:26:53.819   CNC 18   INF   Workplace color: green
2020-03-05 13:26:53.820   CNC 18   INF   Streaming data to LCD
2020-03-05 13:26:53.820   CNC 18   INF   Data streamed
2020-03-05 13:27:04.032   CNC 18   INF   Workplace color: green
2020-03-05 13:27:04.032   CNC 18   INF   Streaming data to LCD
2020-03-05 13:27:04.032   CNC 18   INF   Data streamed
2020-03-05 13:27:14.228   CNC 18   INF   Workplace color: green
2020-03-05 13:27:14.228   CNC 18   INF   Streaming data to LCD
2020-03-05 13:27:14.228   CNC 18   INF   Data streamed
2020-03-05 13:27:24.778   CNC 18   INF   Workplace color: orange
2020-03-05 13:27:24.778   CNC 18   INF   Streaming data to LCD
2020-03-05 13:27:24.779   CNC 18   INF   Data streamed
2020-03-05 13:27:35.661   CNC 18   INF   Workplace color: orange
2020-03-05 13:27:35.661   CNC 18   INF   Streaming data to LCD
2020-03-05 13:27:35.662   CNC 18   INF   Data streamed
2020-03-05 13:27:46.177   CNC 18   INF   Workplace color: orange
2020-03-05 13:27:46.177   CNC 18   INF   Streaming data to LCD
2020-03-05 13:27:46.178   CNC 18   INF   Data streamed
2020-03-05 13:27:56.088   CNC 18   INF   Workplace color: orange
2020-03-05 13:27:56.088   CNC 18   INF   Streaming data to LCD
2020-03-05 13:27:56.089   CNC 18   INF   Data streamed
2020-03-05 13:28:06.413   CNC 18   INF   Workplace color: orange
2020-03-05 13:28:06.413   CNC 18   INF   Streaming data to LCD
2020-03-05 13:28:06.414   CNC 18   INF   Data streamed
2020-03-05 13:28:16.645   CNC 18   INF   Workplace color: orange
2020-03-05 13:28:16.645   CNC 18   INF   Streaming data to LCD
2020-03-05 13:28:16.646   CNC 18   INF   Data streamed
2020-03-05 13:28:26.851   CNC 18   INF   Workplace color: orange
2020-03-05 13:28:26.851   CNC 18   INF   Streaming data to LCD
2020-03-05 13:28:26.851   CNC 18   INF   Data streamed
2020-03-05 13:28:37.113   CNC 18   INF   Workplace color: orange
2020-03-05 13:28:37.113   CNC 18   INF   Streaming data to LCD
2020-03-05 13:28:37.113   CNC 18   INF   Data streamed
2020-03-05 13:28:47.469   CNC 18   INF   Workplace color: orange
2020-03-05 13:28:47.469   CNC 18   INF   Streaming data to LCD
2020-03-05 13:28:47.469   CNC 18   INF   Data streamed
2020-03-05 13:28:57.785   CNC 18   INF   Workplace color: orange
2020-03-05 13:28:57.786   CNC 18   INF   Streaming data to LCD
2020-03-05 13:28:57.786   CNC 18   INF   Data streamed
2020-03-05 13:29:31.647   CNC 18   INF   Workplace color: orange
2020-03-05 13:29:31.647   CNC 18   INF   Streaming data to LCD
2020-03-05 13:29:31.648   CNC 18   INF   Data streamed
2020-03-05 13:29:41.811   CNC 18   INF   Workplace color: orange
2020-03-05 13:29:41.811   CNC 18   INF   Streaming data to LCD
2020-03-05 13:29:41.811   CNC 18   INF   Data streamed
2020-03-05 13:29:52.088   CNC 18   INF   Workplace color: orange
2020-03-05 13:29:52.088   CNC 18   INF   Streaming data to LCD
2020-03-05 13:29:52.088   CNC 18   INF   Data streamed
2020-03-05 13:30:02.317   CNC 18   INF   Workplace color: orange
2020-03-05 13:30:02.317   CNC 18   INF   Streaming data to LCD
2020-03-05 13:30:02.317   CNC 18   INF   Data streamed
2020-03-05 13:30:12.545   CNC 18   INF   Workplace color: orange
2020-03-05 13:30:12.545   CNC 18   INF   Streaming data to LCD
2020-03-05 13:30:12.545   CNC 18   INF   Data streamed
2020-03-05 13:30:22.833   CNC 18   INF   Workplace color: orange
2020-03-05 13:30:22.833   CNC 18   INF   Streaming data to LCD
2020-03-05 13:30:22.833   CNC 18   INF   Data streamed
2020-03-05 13:30:33.067   CNC 18   INF   Workplace color: orange
2020-03-05 13:30:33.067   CNC 18   INF   Streaming data to LCD
2020-03-05 13:30:33.068   CNC 18   INF   Data streamed
2020-03-05 13:30:43.260   CNC 18   INF   Workplace color: orange
2020-03-05 13:30:43.260   CNC 18   INF   Streaming data to LCD
2020-03-05 13:30:43.260   CNC 18   INF   Data streamed
2020-03-05 13:30:53.630   CNC 18   INF   Workplace color: orange
2020-03-05 13:30:53.630   CNC 18   INF   Streaming data to LCD
2020-03-05 13:30:53.631   CNC 18   INF   Data streamed
2020-03-05 13:31:04.043   CNC 18   INF   Workplace color: orange
2020-03-05 13:31:04.043   CNC 18   INF   Streaming data to LCD
2020-03-05 13:31:04.043   CNC 18   INF   Data streamed
2020-03-05 13:31:14.282   CNC 18   INF   Workplace color: orange
2020-03-05 13:31:14.282   CNC 18   INF   Streaming data to LCD
2020-03-05 13:31:14.282   CNC 18   INF   Data streamed
2020-03-05 13:31:24.626   CNC 18   INF   Workplace color: orange
2020-03-05 13:31:24.627   CNC 18   INF   Streaming data to LCD
2020-03-05 13:31:24.627   CNC 18   INF   Data streamed
2020-03-05 13:31:35.011   CNC 18   INF   Workplace color: orange
2020-03-05 13:31:35.011   CNC 18   INF   Streaming data to LCD
2020-03-05 13:31:35.011   CNC 18   INF   Data streamed
2020-03-05 13:31:45.305   CNC 18   INF   Workplace color: orange
2020-03-05 13:31:45.305   CNC 18   INF   Streaming data to LCD
2020-03-05 13:31:45.305   CNC 18   INF   Data streamed
2020-03-05 13:31:55.545   CNC 18   INF   Workplace color: orange
2020-03-05 13:31:55.545   CNC 18   INF   Streaming data to LCD
2020-03-05 13:31:55.545   CNC 18   INF   Data streamed
2020-03-05 13:32:05.725   CNC 18   INF   Workplace color: orange
2020-03-05 13:32:05.725   CNC 18   INF   Streaming data to LCD
2020-03-05 13:32:05.725   CNC 18   INF   Data streamed
2020-03-05 13:32:15.918   CNC 18   INF   Workplace color: orange
2020-03-05 13:32:15.918   CNC 18   INF   Streaming data to LCD
2020-03-05 13:32:15.918   CNC 18   INF   Data streamed
2020-03-05 13:32:26.121   CNC 18   INF   Workplace color: orange
2020-03-05 13:32:26.121   CNC 18   INF   Streaming data to LCD
2020-03-05 13:32:26.121   CNC 18   INF   Data streamed
2020-03-05 13:32:36.323   CNC 18   INF   Workplace color: orange
2020-03-05 13:32:36.323   CNC 18   INF   Streaming data to LCD
2020-03-05 13:32:36.323   CNC 18   INF   Data streamed
2020-03-05 13:32:46.836   CNC 18   INF   Workplace color: green
2020-03-05 13:32:46.836   CNC 18   INF   Streaming data to LCD
2020-03-05 13:32:46.837   CNC 18   INF   Data streamed
2020-03-05 13:32:57.155   CNC 18   INF   Workplace color: green
2020-03-05 13:32:57.155   CNC 18   INF   Streaming data to LCD
2020-03-05 13:32:57.156   CNC 18   INF   Data streamed
2020-03-05 13:33:07.403   CNC 18   INF   Workplace color: green
2020-03-05 13:33:07.404   CNC 18   INF   Streaming data to LCD
2020-03-05 13:33:07.404   CNC 18   INF   Data streamed
2020-03-05 13:33:17.785   CNC 18   INF   Workplace color: green
2020-03-05 13:33:17.785   CNC 18   INF   Streaming data to LCD
2020-03-05 13:33:17.785   CNC 18   INF   Data streamed
2020-03-05 13:33:28.191   CNC 18   INF   Workplace color: green
2020-03-05 13:33:28.191   CNC 18   INF   Streaming data to LCD
2020-03-05 13:33:28.192   CNC 18   INF   Data streamed
2020-03-05 13:33:38.676   CNC 18   INF   Workplace color: green
2020-03-05 13:33:38.676   CNC 18   INF   Streaming data to LCD
2020-03-05 13:33:38.676   CNC 18   INF   Data streamed
2020-03-05 13:33:42.138   CNC 18   INF   Workplace color: green
2020-03-05 13:33:42.138   CNC 18   INF   Streaming data to LCD
2020-03-05 13:33:42.139   CNC 18   INF   Data streamed
2020-03-05 13:33:52.471   CNC 18   INF   Workplace color: green
2020-03-05 13:33:52.471   CNC 18   INF   Streaming data to LCD
2020-03-05 13:33:52.471   CNC 18   INF   Data streamed
2020-03-05 13:34:02.868   CNC 18   INF   Workplace color: green
2020-03-05 13:34:02.869   CNC 18   INF   Streaming data to LCD
2020-03-05 13:34:02.869   CNC 18   INF   Data streamed
2020-03-05 13:34:13.236   CNC 18   INF   Workplace color: green
2020-03-05 13:34:13.236   CNC 18   INF   Streaming data to LCD
2020-03-05 13:34:13.236   CNC 18   INF   Data streamed
2020-03-05 13:34:24.136   CNC 18   INF   Workplace color: green
2020-03-05 13:34:24.136   CNC 18   INF   Streaming data to LCD
2020-03-05 13:34:24.136   CNC 18   INF   Data streamed
2020-03-05 13:34:34.564   CNC 18   INF   Workplace color: green
2020-03-05 13:34:34.565   CNC 18   INF   Streaming data to LCD
2020-03-05 13:34:34.565   CNC 18   INF   Data streamed
2020-03-05 13:34:45.061   CNC 18   INF   Workplace color: green
2020-03-05 13:34:45.061   CNC 18   INF   Streaming data to LCD
2020-03-05 13:34:45.061   CNC 18   INF   Data streamed
2020-03-05 13:34:55.508   CNC 18   INF   Workplace color: green
2020-03-05 13:34:55.508   CNC 18   INF   Streaming data to LCD
2020-03-05 13:34:55.508   CNC 18   INF   Data streamed
2020-03-05 13:35:05.803   CNC 18   INF   Workplace color: green
2020-03-05 13:35:05.803   CNC 18   INF   Streaming data to LCD
2020-03-05 13:35:05.803   CNC 18   INF   Data streamed
2020-03-05 13:35:16.125   CNC 18   INF   Workplace color: green
2020-03-05 13:35:16.125   CNC 18   INF   Streaming data to LCD
2020-03-05 13:35:16.126   CNC 18   INF   Data streamed
2020-03-05 13:35:26.847   CNC 18   INF   Workplace color: green
2020-03-05 13:35:26.848   CNC 18   INF   Streaming data to LCD
2020-03-05 13:35:26.848   CNC 18   INF   Data streamed
2020-03-05 13:35:37.226   CNC 18   INF   Workplace color: green
2020-03-05 13:35:37.227   CNC 18   INF   Streaming data to LCD
2020-03-05 13:35:37.227   CNC 18   INF   Data streamed
2020-03-05 13:35:47.487   CNC 18   INF   Workplace color: green
2020-03-05 13:35:47.487   CNC 18   INF   Streaming data to LCD
2020-03-05 13:35:47.487   CNC 18   INF   Data streamed
2020-03-05 13:35:57.720   CNC 18   INF   Workplace color: green
2020-03-05 13:35:57.720   CNC 18   INF   Streaming data to LCD
2020-03-05 13:35:57.721   CNC 18   INF   Data streamed
2020-03-05 13:36:08.068   CNC 18   INF   Workplace color: green
2020-03-05 13:36:08.068   CNC 18   INF   Streaming data to LCD
2020-03-05 13:36:08.068   CNC 18   INF   Data streamed
2020-03-05 13:36:18.360   CNC 18   INF   Workplace color: green
2020-03-05 13:36:18.360   CNC 18   INF   Streaming data to LCD
2020-03-05 13:36:18.360   CNC 18   INF   Data streamed
2020-03-05 13:36:28.649   CNC 18   INF   Workplace color: green
2020-03-05 13:36:28.649   CNC 18   INF   Streaming data to LCD
2020-03-05 13:36:28.649   CNC 18   INF   Data streamed
2020-03-05 13:36:38.954   CNC 18   INF   Workplace color: green
2020-03-05 13:36:38.954   CNC 18   INF   Streaming data to LCD
2020-03-05 13:36:38.954   CNC 18   INF   Data streamed
2020-03-05 13:36:49.309   CNC 18   INF   Workplace color: green
2020-03-05 13:36:49.310   CNC 18   INF   Streaming data to LCD
2020-03-05 13:36:49.310   CNC 18   INF   Data streamed
2020-03-05 13:36:59.582   CNC 18   INF   Workplace color: green
2020-03-05 13:36:59.583   CNC 18   INF   Streaming data to LCD
2020-03-05 13:36:59.583   CNC 18   INF   Data streamed
2020-03-05 13:37:09.841   CNC 18   INF   Workplace color: green
2020-03-05 13:37:09.841   CNC 18   INF   Streaming data to LCD
2020-03-05 13:37:09.841   CNC 18   INF   Data streamed
2020-03-05 13:37:20.168   CNC 18   INF   Workplace color: green
2020-03-05 13:37:20.168   CNC 18   INF   Streaming data to LCD
2020-03-05 13:37:20.168   CNC 18   INF   Data streamed
2020-03-05 13:37:30.516   CNC 18   INF   Workplace color: green
2020-03-05 13:37:30.516   CNC 18   INF   Streaming data to LCD
2020-03-05 13:37:30.516   CNC 18   INF   Data streamed
2020-03-05 13:37:40.794   CNC 18   INF   Workplace color: green
2020-03-05 13:37:40.795   CNC 18   INF   Streaming data to LCD
2020-03-05 13:37:40.795   CNC 18   INF   Data streamed
2020-03-05 13:37:51.113   CNC 18   INF   Workplace color: green
2020-03-05 13:37:51.114   CNC 18   INF   Streaming data to LCD
2020-03-05 13:37:51.114   CNC 18   INF   Data streamed
2020-03-05 13:38:01.446   CNC 18   INF   Workplace color: green
2020-03-05 13:38:01.446   CNC 18   INF   Streaming data to LCD
2020-03-05 13:38:01.446   CNC 18   INF   Data streamed
2020-03-05 13:38:11.758   CNC 18   INF   Workplace color: green
2020-03-05 13:38:11.758   CNC 18   INF   Streaming data to LCD
2020-03-05 13:38:11.758   CNC 18   INF   Data streamed
2020-03-05 13:38:22.053   CNC 18   INF   Workplace color: green
2020-03-05 13:38:22.053   CNC 18   INF   Streaming data to LCD
2020-03-05 13:38:22.053   CNC 18   INF   Data streamed
2020-03-05 13:38:32.360   CNC 18   INF   Workplace color: green
2020-03-05 13:38:32.360   CNC 18   INF   Streaming data to LCD
2020-03-05 13:38:32.360   CNC 18   INF   Data streamed
2020-03-05 13:38:42.675   CNC 18   INF   Workplace color: green
2020-03-05 13:38:42.675   CNC 18   INF   Streaming data to LCD
2020-03-05 13:38:42.675   CNC 18   INF   Data streamed
2020-03-05 13:38:52.999   CNC 18   INF   Workplace color: green
2020-03-05 13:38:52.999   CNC 18   INF   Streaming data to LCD
2020-03-05 13:38:52.999   CNC 18   INF   Data streamed
2020-03-05 13:39:03.326   CNC 18   INF   Workplace color: green
2020-03-05 13:39:03.326   CNC 18   INF   Streaming data to LCD
2020-03-05 13:39:03.326   CNC 18   INF   Data streamed
2020-03-05 13:39:13.934   CNC 18   INF   Workplace color: green
2020-03-05 13:39:13.935   CNC 18   INF   Streaming data to LCD
2020-03-05 13:39:13.935   CNC 18   INF   Data streamed
2020-03-05 13:39:24.277   CNC 18   INF   Workplace color: green
2020-03-05 13:39:24.277   CNC 18   INF   Streaming data to LCD
2020-03-05 13:39:24.277   CNC 18   INF   Data streamed
2020-03-05 13:39:34.619   CNC 18   INF   Workplace color: green
2020-03-05 13:39:34.619   CNC 18   INF   Streaming data to LCD
2020-03-05 13:39:34.619   CNC 18   INF   Data streamed
2020-03-05 13:39:44.949   CNC 18   INF   Workplace color: green
2020-03-05 13:39:44.950   CNC 18   INF   Streaming data to LCD
2020-03-05 13:39:44.950   CNC 18   INF   Data streamed
2020-03-05 13:39:55.237   CNC 18   INF   Workplace color: green
2020-03-05 13:39:55.238   CNC 18   INF   Streaming data to LCD
2020-03-05 13:39:55.238   CNC 18   INF   Data streamed
2020-03-05 13:40:05.521   CNC 18   INF   Workplace color: green
2020-03-05 13:40:05.521   CNC 18   INF   Streaming data to LCD
2020-03-05 13:40:05.522   CNC 18   INF   Data streamed
2020-03-05 13:40:15.814   CNC 18   INF   Workplace color: green
2020-03-05 13:40:15.815   CNC 18   INF   Streaming data to LCD
2020-03-05 13:40:15.815   CNC 18   INF   Data streamed
2020-03-05 13:40:26.129   CNC 18   INF   Workplace color: green
2020-03-05 13:40:26.129   CNC 18   INF   Streaming data to LCD
2020-03-05 13:40:26.129   CNC 18   INF   Data streamed
2020-03-05 13:40:36.435   CNC 18   INF   Workplace color: green
2020-03-05 13:40:36.435   CNC 18   INF   Streaming data to LCD
2020-03-05 13:40:36.435   CNC 18   INF   Data streamed
2020-03-05 13:40:46.734   CNC 18   INF   Workplace color: green
2020-03-05 13:40:46.735   CNC 18   INF   Streaming data to LCD
2020-03-05 13:40:46.735   CNC 18   INF   Data streamed
2020-03-05 13:40:57.028   CNC 18   INF   Workplace color: green
2020-03-05 13:40:57.028   CNC 18   INF   Streaming data to LCD
2020-03-05 13:40:57.029   CNC 18   INF   Data streamed
2020-03-05 13:41:07.304   CNC 18   INF   Workplace color: green
2020-03-05 13:41:07.304   CNC 18   INF   Streaming data to LCD
2020-03-05 13:41:07.304   CNC 18   INF   Data streamed
2020-03-05 13:41:17.594   CNC 18   INF   Workplace color: green
2020-03-05 13:41:17.594   CNC 18   INF   Streaming data to LCD
2020-03-05 13:41:17.594   CNC 18   INF   Data streamed
2020-03-05 13:41:27.885   CNC 18   INF   Workplace color: green
2020-03-05 13:41:27.885   CNC 18   INF   Streaming data to LCD
2020-03-05 13:41:27.885   CNC 18   INF   Data streamed
2020-03-05 13:44:08.222   CNC 18   INF   Workplace color: green
2020-03-05 13:44:08.223   CNC 18   INF   Streaming data to LCD
2020-03-05 13:44:08.223   CNC 18   INF   Data streamed
2020-03-05 13:44:18.471   CNC 18   INF   Workplace color: green
2020-03-05 13:44:18.472   CNC 18   INF   Streaming data to LCD
2020-03-05 13:44:18.472   CNC 18   INF   Data streamed
2020-03-05 13:44:28.870   CNC 18   INF   Workplace color: green
2020-03-05 13:44:28.870   CNC 18   INF   Streaming data to LCD
2020-03-05 13:44:28.870   CNC 18   INF   Data streamed
2020-03-05 13:44:39.161   CNC 18   INF   Workplace color: green
2020-03-05 13:44:39.161   CNC 18   INF   Streaming data to LCD
2020-03-05 13:44:39.161   CNC 18   INF   Data streamed
2020-03-05 13:44:49.437   CNC 18   INF   Workplace color: green
2020-03-05 13:44:49.438   CNC 18   INF   Streaming data to LCD
2020-03-05 13:44:49.438   CNC 18   INF   Data streamed
2020-03-05 13:44:59.763   CNC 18   INF   Workplace color: green
2020-03-05 13:44:59.764   CNC 18   INF   Streaming data to LCD
2020-03-05 13:44:59.764   CNC 18   INF   Data streamed
2020-03-05 13:45:10.070   CNC 18   INF   Workplace color: green
2020-03-05 13:45:10.071   CNC 18   INF   Streaming data to LCD
2020-03-05 13:45:10.071   CNC 18   INF   Data streamed
2020-03-05 13:45:20.445   CNC 18   INF   Workplace color: green
2020-03-05 13:45:20.445   CNC 18   INF   Streaming data to LCD
2020-03-05 13:45:20.445   CNC 18   INF   Data streamed
2020-03-05 13:45:30.715   CNC 18   INF   Workplace color: green
2020-03-05 13:45:30.715   CNC 18   INF   Streaming data to LCD
2020-03-05 13:45:30.715   CNC 18   INF   Data streamed
2020-03-05 13:45:41.028   CNC 18   INF   Workplace color: green
2020-03-05 13:45:41.028   CNC 18   INF   Streaming data to LCD
2020-03-05 13:45:41.028   CNC 18   INF   Data streamed
2020-03-05 13:45:51.313   CNC 18   INF   Workplace color: green
2020-03-05 13:45:51.313   CNC 18   INF   Streaming data to LCD
2020-03-05 13:45:51.313   CNC 18   INF   Data streamed
2020-03-05 13:46:01.530   CNC 18   INF   Workplace color: green
2020-03-05 13:46:01.531   CNC 18   INF   Streaming data to LCD
2020-03-05 13:46:01.531   CNC 18   INF   Data streamed
2020-03-05 13:46:11.966   CNC 18   INF   Workplace color: green
2020-03-05 13:46:11.966   CNC 18   INF   Streaming data to LCD
2020-03-05 13:46:11.966   CNC 18   INF   Data streamed
2020-03-05 13:46:22.381   CNC 18   INF   Workplace color: green
2020-03-05 13:46:22.381   CNC 18   INF   Streaming data to LCD
2020-03-05 13:46:22.381   CNC 18   INF   Data streamed
2020-03-05 13:46:32.874   CNC 18   INF   Workplace color: green
2020-03-05 13:46:32.875   CNC 18   INF   Streaming data to LCD
2020-03-05 13:46:32.875   CNC 18   INF   Data streamed
2020-03-05 13:46:43.156   CNC 18   INF   Workplace color: orange
2020-03-05 13:46:43.156   CNC 18   INF   Streaming data to LCD
2020-03-05 13:46:43.156   CNC 18   INF   Data streamed
2020-03-05 13:46:53.419   CNC 18   INF   Workplace color: orange
2020-03-05 13:46:53.419   CNC 18   INF   Streaming data to LCD
2020-03-05 13:46:53.419   CNC 18   INF   Data streamed
2020-03-05 13:47:03.724   CNC 18   INF   Workplace color: orange
2020-03-05 13:47:03.724   CNC 18   INF   Streaming data to LCD
2020-03-05 13:47:03.724   CNC 18   INF   Data streamed
2020-03-05 13:47:13.929   CNC 18   INF   Workplace color: orange
2020-03-05 13:47:13.929   CNC 18   INF   Streaming data to LCD
2020-03-05 13:47:13.929   CNC 18   INF   Data streamed
2020-03-05 13:47:24.129   CNC 18   INF   Workplace color: orange
2020-03-05 13:47:24.130   CNC 18   INF   Streaming data to LCD
2020-03-05 13:47:24.130   CNC 18   INF   Data streamed
2020-03-05 13:47:34.359   CNC 18   INF   Workplace color: orange
2020-03-05 13:47:34.360   CNC 18   INF   Streaming data to LCD
2020-03-05 13:47:34.360   CNC 18   INF   Data streamed
2020-03-05 13:47:44.561   CNC 18   INF   Workplace color: orange
2020-03-05 13:47:44.561   CNC 18   INF   Streaming data to LCD
2020-03-05 13:47:44.561   CNC 18   INF   Data streamed
2020-03-05 13:47:54.863   CNC 18   INF   Workplace color: orange
2020-03-05 13:47:54.863   CNC 18   INF   Streaming data to LCD
2020-03-05 13:47:54.863   CNC 18   INF   Data streamed
2020-03-05 13:48:05.205   CNC 18   INF   Workplace color: orange
2020-03-05 13:48:05.206   CNC 18   INF   Streaming data to LCD
2020-03-05 13:48:05.206   CNC 18   INF   Data streamed
2020-03-05 13:48:15.487   CNC 18   INF   Workplace color: orange
2020-03-05 13:48:15.487   CNC 18   INF   Streaming data to LCD
2020-03-05 13:48:15.487   CNC 18   INF   Data streamed
2020-03-05 13:48:25.812   CNC 18   INF   Workplace color: orange
2020-03-05 13:48:25.812   CNC 18   INF   Streaming data to LCD
2020-03-05 13:48:25.813   CNC 18   INF   Data streamed
2020-03-05 13:48:36.323   CNC 18   INF   Workplace color: orange
2020-03-05 13:48:36.324   CNC 18   INF   Streaming data to LCD
2020-03-05 13:48:36.324   CNC 18   INF   Data streamed
2020-03-05 13:48:43.794   CNC 18   INF   Workplace color: orange
2020-03-05 13:48:43.794   CNC 18   INF   Streaming data to LCD
2020-03-05 13:48:43.795   CNC 18   INF   Data streamed
2020-03-05 13:48:52.549   CNC 18   INF   Workplace color: orange
2020-03-05 13:48:52.550   CNC 18   INF   Streaming data to LCD
2020-03-05 13:48:52.550   CNC 18   INF   Data streamed
2020-03-05 13:49:02.880   CNC 18   INF   Workplace color: orange
2020-03-05 13:49:02.881   CNC 18   INF   Streaming data to LCD
2020-03-05 13:49:02.881   CNC 18   INF   Data streamed
2020-03-05 13:49:13.099   CNC 18   INF   Workplace color: orange
2020-03-05 13:49:13.099   CNC 18   INF   Streaming data to LCD
2020-03-05 13:49:13.099   CNC 18   INF   Data streamed
2020-03-05 13:49:23.311   CNC 18   INF   Workplace color: orange
2020-03-05 13:49:23.311   CNC 18   INF   Streaming data to LCD
2020-03-05 13:49:23.312   CNC 18   INF   Data streamed
2020-03-05 13:49:33.662   CNC 18   INF   Workplace color: orange
2020-03-05 13:49:33.663   CNC 18   INF   Streaming data to LCD
2020-03-05 13:49:33.663   CNC 18   INF   Data streamed
2020-03-05 13:49:44.143   CNC 18   INF   Workplace color: orange
2020-03-05 13:49:44.143   CNC 18   INF   Streaming data to LCD
2020-03-05 13:49:44.143   CNC 18   INF   Data streamed
2020-03-05 13:49:54.724   CNC 18   INF   Workplace color: orange
2020-03-05 13:49:54.724   CNC 18   INF   Streaming data to LCD
2020-03-05 13:49:54.724   CNC 18   INF   Data streamed
2020-03-05 13:50:05.344   CNC 18   INF   Workplace color: orange
2020-03-05 13:50:05.344   CNC 18   INF   Streaming data to LCD
2020-03-05 13:50:05.344   CNC 18   INF   Data streamed
2020-03-05 13:50:17.529   CNC 18   INF   Workplace color: orange, order: , downtime: , user: 
2020-03-05 13:50:17.529   CNC 18   INF   Streaming data to LCD
2020-03-05 13:50:17.529   CNC 18   INF   Data streamed
2020-03-05 13:50:27.876   CNC 18   INF   Workplace color: orange, order: , downtime: , user: 
2020-03-05 13:50:27.877   CNC 18   INF   Streaming data to LCD
2020-03-05 13:50:27.877   CNC 18   INF   Data streamed
2020-03-05 13:50:38.145   CNC 18   INF   Workplace color: orange, order: , downtime: , user: 
2020-03-05 13:50:38.145   CNC 18   INF   Streaming data to LCD
2020-03-05 13:50:38.145   CNC 18   INF   Data streamed
2020-03-05 13:50:48.467   CNC 18   INF   Workplace color: orange, order: , downtime: , user: 
2020-03-05 13:50:48.467   CNC 18   INF   Streaming data to LCD
2020-03-05 13:50:48.467   CNC 18   INF   Data streamed
2020-03-05 13:50:58.881   CNC 18   INF   Workplace color: orange, order: , downtime: , user: 
2020-03-05 13:50:58.881   CNC 18   INF   Streaming data to LCD
2020-03-05 13:50:58.881   CNC 18   INF   Data streamed
2020-03-05 13:51:09.291   CNC 18   INF   Workplace color: orange, order: , downtime: , user: 
2020-03-05 13:51:09.291   CNC 18   INF   Streaming data to LCD
2020-03-05 13:51:09.292   CNC 18   INF   Data streamed
2020-03-05 13:51:19.649   CNC 18   INF   Workplace color: orange, order: , downtime: , user: 
2020-03-05 13:51:19.649   CNC 18   INF   Streaming data to LCD
2020-03-05 13:51:19.650   CNC 18   INF   Data streamed
2020-03-05 13:51:29.983   CNC 18   INF   Workplace color: orange, order: , downtime: , user: 
2020-03-05 13:51:29.983   CNC 18   INF   Streaming data to LCD
2020-03-05 13:51:29.983   CNC 18   INF   Data streamed
2020-03-05 13:51:40.413   CNC 18   INF   Workplace color: orange, order: , downtime: , user: 
2020-03-05 13:51:40.413   CNC 18   INF   Streaming data to LCD
2020-03-05 13:51:40.414   CNC 18   INF   Data streamed
2020-03-05 13:51:51.012   CNC 18   INF   Workplace color: orange, order: , downtime: , user: 
2020-03-05 13:51:51.013   CNC 18   INF   Streaming data to LCD
2020-03-05 13:51:51.013   CNC 18   INF   Data streamed
2020-03-05 13:52:01.452   CNC 18   INF   Workplace color: orange, order: , downtime: , user: 
2020-03-05 13:52:01.452   CNC 18   INF   Streaming data to LCD
2020-03-05 13:52:01.452   CNC 18   INF   Data streamed
2020-03-05 13:52:11.871   CNC 18   INF   Workplace color: orange, order: , downtime: , user: 
2020-03-05 13:52:11.871   CNC 18   INF   Streaming data to LCD
2020-03-05 13:52:11.871   CNC 18   INF   Data streamed
2020-03-05 13:52:22.247   CNC 18   INF   Workplace color: orange, order: , downtime: , user: 
2020-03-05 13:52:22.247   CNC 18   INF   Streaming data to LCD
2020-03-05 13:52:22.247   CNC 18   INF   Data streamed
