2020-03-31 11:49:30.415   CNC 14   INF   Workplace color: red, order: , downtime: , user: 
2020-03-31 11:49:30.415   CNC 14   INF   Streaming data to LCD
2020-03-31 11:49:30.415   CNC 14   INF   Data streamed
2020-03-31 11:49:40.677   CNC 14   INF   Workplace color: red, order: , downtime: , user: 
2020-03-31 11:49:40.677   CNC 14   INF   Streaming data to LCD
2020-03-31 11:49:40.677   CNC 14   INF   Data streamed
2020-03-31 11:49:50.948   CNC 14   INF   Workplace color: red, order: , downtime: , user: 
2020-03-31 11:49:50.948   CNC 14   INF   Streaming data to LCD
2020-03-31 11:49:50.948   CNC 14   INF   Data streamed
2020-03-31 11:50:00.736   CNC 14   INF   Workplace color: red, order: , downtime: , user: 
2020-03-31 11:50:00.736   CNC 14   INF   Streaming data to LCD
2020-03-31 11:50:00.736   CNC 14   INF   Data streamed
2020-03-31 11:50:46.615   CNC 14   INF   Workplace color: red, order: , downtime: , user: 
2020-03-31 11:50:46.616   CNC 14   INF   Streaming data to LCD
2020-03-31 11:50:46.616   CNC 14   INF   Data streamed
2020-03-31 11:50:56.943   CNC 14   INF   Workplace color: red, order: , downtime: , user: 
2020-03-31 11:50:56.943   CNC 14   INF   Streaming data to LCD
2020-03-31 11:50:56.943   CNC 14   INF   Data streamed
2020-03-31 11:51:07.153   CNC 14   INF   Workplace color: red, order: , downtime: , user: 
2020-03-31 11:51:07.154   CNC 14   INF   Streaming data to LCD
2020-03-31 11:51:07.154   CNC 14   INF   Data streamed
2020-03-31 11:51:17.453   CNC 14   INF   Workplace color: red, order: , downtime: , user: 
2020-03-31 11:51:17.453   CNC 14   INF   Streaming data to LCD
2020-03-31 11:51:17.453   CNC 14   INF   Data streamed
2020-03-31 11:51:27.891   CNC 14   INF   Workplace color: red, order: , downtime: , user: 
2020-03-31 11:51:27.891   CNC 14   INF   Streaming data to LCD
2020-03-31 11:51:27.891   CNC 14   INF   Data streamed
2020-03-31 11:51:38.084   CNC 14   INF   Workplace color: red, order: , downtime: , user: 
2020-03-31 11:51:38.084   CNC 14   INF   Streaming data to LCD
2020-03-31 11:51:38.084   CNC 14   INF   Data streamed
2020-03-31 11:51:48.896   CNC 14   INF   Workplace color: red, order: , downtime: , user: 
2020-03-31 11:51:48.897   CNC 14   INF   Streaming data to LCD
2020-03-31 11:51:48.897   CNC 14   INF   Data streamed
2020-03-31 11:51:59.546   CNC 14   INF   Workplace color: red, order: , downtime: , user: 
2020-03-31 11:51:59.546   CNC 14   INF   Streaming data to LCD
2020-03-31 11:51:59.546   CNC 14   INF   Data streamed
2020-03-31 11:52:09.885   CNC 14   INF   Workplace color: red, order: , downtime: , user: 
2020-03-31 11:52:09.885   CNC 14   INF   Streaming data to LCD
2020-03-31 11:52:09.885   CNC 14   INF   Data streamed
2020-03-31 11:52:20.219   CNC 14   INF   Workplace color: red, order: , downtime: , user: 
2020-03-31 11:52:20.219   CNC 14   INF   Streaming data to LCD
2020-03-31 11:52:20.219   CNC 14   INF   Data streamed
2020-03-31 11:52:30.505   CNC 14   INF   Workplace color: red, order: , downtime: , user: 
2020-03-31 11:52:30.506   CNC 14   INF   Streaming data to LCD
2020-03-31 11:52:30.506   CNC 14   INF   Data streamed
2020-03-31 11:52:40.773   CNC 14   INF   Workplace color: red, order: , downtime: , user: 
2020-03-31 11:52:40.773   CNC 14   INF   Streaming data to LCD
2020-03-31 11:52:40.773   CNC 14   INF   Data streamed
2020-03-31 11:52:51.001   CNC 14   INF   Workplace color: red, order: , downtime: , user: 
2020-03-31 11:52:51.001   CNC 14   INF   Streaming data to LCD
2020-03-31 11:52:51.002   CNC 14   INF   Data streamed
2020-03-31 11:53:01.194   CNC 14   INF   Workplace color: red, order: , downtime: , user: 
2020-03-31 11:53:01.194   CNC 14   INF   Streaming data to LCD
2020-03-31 11:53:01.194   CNC 14   INF   Data streamed
2020-03-31 11:53:11.393   CNC 14   INF   Workplace color: red, order: , downtime: , user: 
2020-03-31 11:53:11.394   CNC 14   INF   Streaming data to LCD
2020-03-31 11:53:11.394   CNC 14   INF   Data streamed
2020-03-31 11:53:21.613   CNC 14   INF   Workplace color: red, order: , downtime: , user: 
2020-03-31 11:53:21.613   CNC 14   INF   Streaming data to LCD
2020-03-31 11:53:21.613   CNC 14   INF   Data streamed
2020-03-31 11:53:31.813   CNC 14   INF   Workplace color: red, order: , downtime: , user: 
2020-03-31 11:53:31.813   CNC 14   INF   Streaming data to LCD
2020-03-31 11:53:31.813   CNC 14   INF   Data streamed
2020-03-31 11:53:42.017   CNC 14   INF   Workplace color: red, order: , downtime: , user: 
2020-03-31 11:53:42.018   CNC 14   INF   Streaming data to LCD
2020-03-31 11:53:42.018   CNC 14   INF   Data streamed
2020-03-31 11:53:52.239   CNC 14   INF   Workplace color: red, order: , downtime: , user: 
2020-03-31 11:53:52.239   CNC 14   INF   Streaming data to LCD
2020-03-31 11:53:52.239   CNC 14   INF   Data streamed
2020-03-31 11:54:02.573   CNC 14   INF   Workplace color: red, order: , downtime: , user: 
2020-03-31 11:54:02.573   CNC 14   INF   Streaming data to LCD
2020-03-31 11:54:02.573   CNC 14   INF   Data streamed
2020-03-31 11:54:12.935   CNC 14   INF   Workplace color: red, order: , downtime: , user: 
2020-03-31 11:54:12.935   CNC 14   INF   Streaming data to LCD
2020-03-31 11:54:12.936   CNC 14   INF   Data streamed
2020-03-31 11:54:23.321   CNC 14   INF   Workplace color: red, order: , downtime: , user: 
2020-03-31 11:54:23.321   CNC 14   INF   Streaming data to LCD
2020-03-31 11:54:23.321   CNC 14   INF   Data streamed
2020-03-31 11:54:33.748   CNC 14   INF   Workplace color: red, order: , downtime: , user: 
2020-03-31 11:54:33.748   CNC 14   INF   Streaming data to LCD
2020-03-31 11:54:33.748   CNC 14   INF   Data streamed
2020-03-31 11:54:44.069   CNC 14   INF   Workplace color: red, order: , downtime: , user: 
2020-03-31 11:54:44.070   CNC 14   INF   Streaming data to LCD
2020-03-31 11:54:44.070   CNC 14   INF   Data streamed
2020-03-31 11:54:52.158   CNC 14   INF   Workplace color: red, order: , downtime: , user: 
2020-03-31 11:54:52.158   CNC 14   INF   Streaming data to LCD
2020-03-31 11:54:52.158   CNC 14   INF   Data streamed
2020-03-31 11:55:03.717   CNC 14   INF   Workplace color: orange, order: , downtime: , user: 
2020-03-31 11:55:03.717   CNC 14   INF   Streaming data to LCD
2020-03-31 11:55:03.717   CNC 14   INF   Data streamed
2020-03-31 11:55:14.097   CNC 14   INF   Workplace color: orange, order: , downtime: , user: 
2020-03-31 11:55:14.097   CNC 14   INF   Streaming data to LCD
2020-03-31 11:55:14.097   CNC 14   INF   Data streamed
2020-03-31 11:55:24.486   CNC 14   INF   Workplace color: orange, order: , downtime: , user: 
2020-03-31 11:55:24.487   CNC 14   INF   Streaming data to LCD
2020-03-31 11:55:24.487   CNC 14   INF   Data streamed
2020-03-31 11:55:34.748   CNC 14   INF   Workplace color: orange, order: , downtime: , user: 
2020-03-31 11:55:34.748   CNC 14   INF   Streaming data to LCD
2020-03-31 11:55:34.749   CNC 14   INF   Data streamed
2020-03-31 11:55:45.359   CNC 14   INF   Workplace color: orange, order: , downtime: , user: 
2020-03-31 11:55:45.359   CNC 14   INF   Streaming data to LCD
2020-03-31 11:55:45.359   CNC 14   INF   Data streamed
2020-03-31 11:55:55.180   CNC 14   INF   Workplace color: orange, order: , downtime: , user: 
2020-03-31 11:55:55.180   CNC 14   INF   Streaming data to LCD
2020-03-31 11:55:55.181   CNC 14   INF   Data streamed
2020-03-31 11:56:05.695   CNC 14   INF   Workplace color: orange, order: , downtime: , user: 
2020-03-31 11:56:05.695   CNC 14   INF   Streaming data to LCD
2020-03-31 11:56:05.695   CNC 14   INF   Data streamed
2020-03-31 11:56:16.076   CNC 14   INF   Workplace color: orange, order: , downtime: , user: 
2020-03-31 11:56:16.076   CNC 14   INF   Streaming data to LCD
2020-03-31 11:56:16.076   CNC 14   INF   Data streamed
2020-03-31 11:56:26.601   CNC 14   INF   Workplace color: orange, order: , downtime: , user: 
2020-03-31 11:56:26.601   CNC 14   INF   Streaming data to LCD
2020-03-31 11:56:26.601   CNC 14   INF   Data streamed
2020-03-31 11:56:32.427   CNC 14   INF   Workplace color: orange, order: , downtime: , user: 
2020-03-31 11:56:32.427   CNC 14   INF   Streaming data to LCD
2020-03-31 11:56:32.427   CNC 14   INF   Data streamed
2020-03-31 11:56:42.765   CNC 14   INF   Workplace color: orange, order: , downtime: , user: 
2020-03-31 11:56:42.765   CNC 14   INF   Streaming data to LCD
2020-03-31 11:56:42.765   CNC 14   INF   Data streamed
2020-03-31 11:56:53.508   CNC 14   INF   Workplace color: orange, order: , downtime: , user: 
2020-03-31 11:56:53.508   CNC 14   INF   Streaming data to LCD
2020-03-31 11:56:53.508   CNC 14   INF   Data streamed
2020-03-31 11:57:04.012   CNC 14   INF   Workplace color: orange, order: , downtime: , user: 
2020-03-31 11:57:04.012   CNC 14   INF   Streaming data to LCD
2020-03-31 11:57:04.012   CNC 14   INF   Data streamed
2020-03-31 11:57:14.248   CNC 14   INF   Workplace color: orange, order: , downtime: , user: 
2020-03-31 11:57:14.249   CNC 14   INF   Streaming data to LCD
2020-03-31 11:57:14.249   CNC 14   INF   Data streamed
2020-03-31 11:57:24.426   CNC 14   INF   Workplace color: orange, order: , downtime: , user: 
2020-03-31 11:57:24.426   CNC 14   INF   Streaming data to LCD
2020-03-31 11:57:24.426   CNC 14   INF   Data streamed
2020-03-31 11:57:34.598   CNC 14   INF   Workplace color: orange, order: , downtime: , user: 
2020-03-31 11:57:34.598   CNC 14   INF   Streaming data to LCD
2020-03-31 11:57:34.598   CNC 14   INF   Data streamed
2020-03-31 11:57:44.911   CNC 14   INF   Workplace color: orange, order: , downtime: , user: 
2020-03-31 11:57:44.911   CNC 14   INF   Streaming data to LCD
2020-03-31 11:57:44.911   CNC 14   INF   Data streamed
2020-03-31 11:57:55.642   CNC 14   INF   Workplace color: orange, order: , downtime: , user: 
2020-03-31 11:57:55.642   CNC 14   INF   Streaming data to LCD
2020-03-31 11:57:55.642   CNC 14   INF   Data streamed
2020-03-31 11:58:06.189   CNC 14   INF   Workplace color: orange, order: , downtime: , user: 
2020-03-31 11:58:06.189   CNC 14   INF   Streaming data to LCD
2020-03-31 11:58:06.190   CNC 14   INF   Data streamed
2020-03-31 11:58:16.758   CNC 14   INF   Workplace color: orange, order: , downtime: , user: 
2020-03-31 11:58:16.758   CNC 14   INF   Streaming data to LCD
2020-03-31 11:58:16.758   CNC 14   INF   Data streamed
2020-03-31 11:58:26.967   CNC 14   INF   Workplace color: orange, order: , downtime: , user: 
2020-03-31 11:58:26.968   CNC 14   INF   Streaming data to LCD
2020-03-31 11:58:26.968   CNC 14   INF   Data streamed
2020-03-31 11:58:37.152   CNC 14   INF   Workplace color: orange, order: , downtime: , user: 
2020-03-31 11:58:37.152   CNC 14   INF   Streaming data to LCD
2020-03-31 11:58:37.152   CNC 14   INF   Data streamed
2020-03-31 11:58:47.316   CNC 14   INF   Workplace color: orange, order: , downtime: , user: 
2020-03-31 11:58:47.316   CNC 14   INF   Streaming data to LCD
2020-03-31 11:58:47.316   CNC 14   INF   Data streamed
2020-03-31 11:58:57.517   CNC 14   INF   Workplace color: orange, order: , downtime: , user: 
2020-03-31 11:58:57.517   CNC 14   INF   Streaming data to LCD
2020-03-31 11:58:57.517   CNC 14   INF   Data streamed
2020-03-31 11:59:07.705   CNC 14   INF   Workplace color: orange, order: , downtime: , user: 
2020-03-31 11:59:07.705   CNC 14   INF   Streaming data to LCD
2020-03-31 11:59:07.705   CNC 14   INF   Data streamed
2020-03-31 11:59:17.879   CNC 14   INF   Workplace color: orange, order: , downtime: , user: 
2020-03-31 11:59:17.879   CNC 14   INF   Streaming data to LCD
2020-03-31 11:59:17.879   CNC 14   INF   Data streamed
2020-03-31 11:59:28.051   CNC 14   INF   Workplace color: orange, order: , downtime: , user: 
2020-03-31 11:59:28.051   CNC 14   INF   Streaming data to LCD
2020-03-31 11:59:28.051   CNC 14   INF   Data streamed
2020-03-31 11:59:38.272   CNC 14   INF   Workplace color: orange, order: , downtime: , user: 
2020-03-31 11:59:38.272   CNC 14   INF   Streaming data to LCD
2020-03-31 11:59:38.272   CNC 14   INF   Data streamed
2020-03-31 11:59:48.477   CNC 14   INF   Workplace color: orange, order: , downtime: , user: 
2020-03-31 11:59:48.477   CNC 14   INF   Streaming data to LCD
2020-03-31 11:59:48.477   CNC 14   INF   Data streamed
2020-03-31 11:59:58.688   CNC 14   INF   Workplace color: orange, order: , downtime: , user: 
2020-03-31 11:59:58.688   CNC 14   INF   Streaming data to LCD
2020-03-31 11:59:58.688   CNC 14   INF   Data streamed
2020-03-31 12:00:08.870   CNC 14   INF   Workplace color: orange, order: , downtime: , user: 
2020-03-31 12:00:08.870   CNC 14   INF   Streaming data to LCD
2020-03-31 12:00:08.870   CNC 14   INF   Data streamed
2020-03-31 12:00:19.049   CNC 14   INF   Workplace color: orange, order: , downtime: , user: 
2020-03-31 12:00:19.051   CNC 14   INF   Streaming data to LCD
2020-03-31 12:00:19.051   CNC 14   INF   Data streamed
2020-03-31 12:00:29.251   CNC 14   INF   Workplace color: orange, order: , downtime: , user: 
2020-03-31 12:00:29.251   CNC 14   INF   Streaming data to LCD
2020-03-31 12:00:29.251   CNC 14   INF   Data streamed
2020-03-31 12:00:49.451   CNC 14   INF   Workplace color: orange, order: , downtime: , user: 
2020-03-31 12:00:49.452   CNC 14   INF   Streaming data to LCD
2020-03-31 12:00:49.452   CNC 14   INF   Data streamed
2020-03-31 12:01:19.668   CNC 14   INF   Workplace color: orange, order: , downtime: , user: 
2020-03-31 12:01:19.668   CNC 14   INF   Streaming data to LCD
2020-03-31 12:01:19.668   CNC 14   INF   Data streamed
2020-03-31 12:01:29.908   CNC 14   INF   Workplace color: green, order: , downtime: , user: 
2020-03-31 12:01:29.908   CNC 14   INF   Streaming data to LCD
2020-03-31 12:01:29.908   CNC 14   INF   Data streamed
2020-03-31 12:01:40.070   CNC 14   INF   Workplace color: green, order: , downtime: , user: 
2020-03-31 12:01:40.070   CNC 14   INF   Streaming data to LCD
2020-03-31 12:01:40.070   CNC 14   INF   Data streamed
2020-03-31 12:01:50.247   CNC 14   INF   Workplace color: green, order: , downtime: , user: 
2020-03-31 12:01:50.247   CNC 14   INF   Streaming data to LCD
2020-03-31 12:01:50.247   CNC 14   INF   Data streamed
2020-03-31 12:02:00.412   CNC 14   INF   Workplace color: green, order: , downtime: , user: 
2020-03-31 12:02:00.412   CNC 14   INF   Streaming data to LCD
2020-03-31 12:02:00.413   CNC 14   INF   Data streamed
2020-03-31 12:02:10.594   CNC 14   INF   Workplace color: green, order: , downtime: , user: 
2020-03-31 12:02:10.594   CNC 14   INF   Streaming data to LCD
2020-03-31 12:02:10.594   CNC 14   INF   Data streamed
2020-03-31 12:02:20.785   CNC 14   INF   Workplace color: green, order: , downtime: , user: 
2020-03-31 12:02:20.785   CNC 14   INF   Streaming data to LCD
2020-03-31 12:02:20.785   CNC 14   INF   Data streamed
2020-03-31 12:02:30.953   CNC 14   INF   Workplace color: green, order: , downtime: , user: 
2020-03-31 12:02:30.953   CNC 14   INF   Streaming data to LCD
2020-03-31 12:02:30.953   CNC 14   INF   Data streamed
2020-03-31 12:02:41.145   CNC 14   INF   Workplace color: green, order: , downtime: , user: 
2020-03-31 12:02:41.145   CNC 14   INF   Streaming data to LCD
2020-03-31 12:02:41.145   CNC 14   INF   Data streamed
2020-03-31 12:02:51.663   CNC 14   INF   Workplace color: green, order: , downtime: , user: 
2020-03-31 12:02:51.663   CNC 14   INF   Streaming data to LCD
2020-03-31 12:02:51.663   CNC 14   INF   Data streamed
2020-03-31 12:03:02.399   CNC 14   INF   Workplace color: green, order: , downtime: , user: 
2020-03-31 12:03:02.399   CNC 14   INF   Streaming data to LCD
2020-03-31 12:03:02.399   CNC 14   INF   Data streamed
2020-03-31 12:03:12.682   CNC 14   INF   Workplace color: green, order: , downtime: , user: 
2020-03-31 12:03:12.682   CNC 14   INF   Streaming data to LCD
2020-03-31 12:03:12.682   CNC 14   INF   Data streamed
2020-03-31 12:03:22.869   CNC 14   INF   Workplace color: green, order: , downtime: , user: 
2020-03-31 12:03:22.869   CNC 14   INF   Streaming data to LCD
2020-03-31 12:03:22.869   CNC 14   INF   Data streamed
2020-03-31 12:03:33.060   CNC 14   INF   Workplace color: green, order: , downtime: , user: 
2020-03-31 12:03:33.060   CNC 14   INF   Streaming data to LCD
2020-03-31 12:03:33.060   CNC 14   INF   Data streamed
2020-03-31 12:03:43.249   CNC 14   INF   Workplace color: green, order: , downtime: , user: 
2020-03-31 12:03:43.249   CNC 14   INF   Streaming data to LCD
2020-03-31 12:03:43.249   CNC 14   INF   Data streamed
2020-03-31 12:03:53.476   CNC 14   INF   Workplace color: green, order: , downtime: , user: 
2020-03-31 12:03:53.476   CNC 14   INF   Streaming data to LCD
2020-03-31 12:03:53.476   CNC 14   INF   Data streamed
2020-03-31 12:04:03.653   CNC 14   INF   Workplace color: green, order: , downtime: , user: 
2020-03-31 12:04:03.654   CNC 14   INF   Streaming data to LCD
2020-03-31 12:04:03.654   CNC 14   INF   Data streamed
2020-03-31 12:04:13.829   CNC 14   INF   Workplace color: green, order: , downtime: , user: 
2020-03-31 12:04:13.829   CNC 14   INF   Streaming data to LCD
2020-03-31 12:04:13.829   CNC 14   INF   Data streamed
2020-03-31 12:04:24.011   CNC 14   INF   Workplace color: green, order: , downtime: , user: 
2020-03-31 12:04:24.011   CNC 14   INF   Streaming data to LCD
2020-03-31 12:04:24.011   CNC 14   INF   Data streamed
2020-03-31 12:04:34.167   CNC 14   INF   Workplace color: green, order: , downtime: , user: 
2020-03-31 12:04:34.167   CNC 14   INF   Streaming data to LCD
2020-03-31 12:04:34.167   CNC 14   INF   Data streamed
2020-03-31 12:04:44.341   CNC 14   INF   Workplace color: green, order: , downtime: , user: 
2020-03-31 12:04:44.341   CNC 14   INF   Streaming data to LCD
2020-03-31 12:04:44.341   CNC 14   INF   Data streamed
2020-03-31 12:04:54.509   CNC 14   INF   Workplace color: green, order: , downtime: , user: 
2020-03-31 12:04:54.509   CNC 14   INF   Streaming data to LCD
2020-03-31 12:04:54.509   CNC 14   INF   Data streamed
2020-03-31 12:05:04.683   CNC 14   INF   Workplace color: green, order: , downtime: , user: 
2020-03-31 12:05:04.683   CNC 14   INF   Streaming data to LCD
2020-03-31 12:05:04.683   CNC 14   INF   Data streamed
2020-03-31 12:05:14.851   CNC 14   INF   Workplace color: green, order: , downtime: , user: 
2020-03-31 12:05:14.851   CNC 14   INF   Streaming data to LCD
2020-03-31 12:05:14.851   CNC 14   INF   Data streamed
2020-03-31 12:05:25.038   CNC 14   INF   Workplace color: green, order: , downtime: , user: 
2020-03-31 12:05:25.038   CNC 14   INF   Streaming data to LCD
2020-03-31 12:05:25.039   CNC 14   INF   Data streamed
2020-03-31 12:05:35.219   CNC 14   INF   Workplace color: green, order: , downtime: , user: 
2020-03-31 12:05:35.219   CNC 14   INF   Streaming data to LCD
2020-03-31 12:05:35.219   CNC 14   INF   Data streamed
2020-03-31 12:05:45.409   CNC 14   INF   Workplace color: green, order: , downtime: , user: 
2020-03-31 12:05:45.409   CNC 14   INF   Streaming data to LCD
2020-03-31 12:05:45.409   CNC 14   INF   Data streamed
2020-03-31 12:05:55.592   CNC 14   INF   Workplace color: green, order: , downtime: , user: 
2020-03-31 12:05:55.592   CNC 14   INF   Streaming data to LCD
2020-03-31 12:05:55.592   CNC 14   INF   Data streamed
2020-03-31 12:06:05.761   CNC 14   INF   Workplace color: green, order: , downtime: , user: 
2020-03-31 12:06:05.761   CNC 14   INF   Streaming data to LCD
2020-03-31 12:06:05.761   CNC 14   INF   Data streamed
2020-03-31 12:06:15.954   CNC 14   INF   Workplace color: green, order: , downtime: , user: 
2020-03-31 12:06:15.954   CNC 14   INF   Streaming data to LCD
2020-03-31 12:06:15.954   CNC 14   INF   Data streamed
2020-03-31 12:06:26.133   CNC 14   INF   Workplace color: green, order: , downtime: , user: 
2020-03-31 12:06:26.133   CNC 14   INF   Streaming data to LCD
2020-03-31 12:06:26.134   CNC 14   INF   Data streamed
2020-03-31 12:06:36.314   CNC 14   INF   Workplace color: green, order: , downtime: , user: 
2020-03-31 12:06:36.314   CNC 14   INF   Streaming data to LCD
2020-03-31 12:06:36.315   CNC 14   INF   Data streamed
2020-03-31 12:06:46.512   CNC 14   INF   Workplace color: green, order: , downtime: , user: 
2020-03-31 12:06:46.512   CNC 14   INF   Streaming data to LCD
2020-03-31 12:06:46.512   CNC 14   INF   Data streamed
2020-03-31 12:06:54.654   CNC 14   INF   Workplace color: green, order: , downtime: , user: 
2020-03-31 12:06:54.654   CNC 14   INF   Streaming data to LCD
2020-03-31 12:06:54.654   CNC 14   INF   Data streamed
2020-03-31 12:07:05.023   CNC 14   INF   Workplace color: green, order: , downtime: , user: 
2020-03-31 12:07:05.023   CNC 14   INF   Streaming data to LCD
2020-03-31 12:07:05.023   CNC 14   INF   Data streamed
2020-03-31 12:07:15.222   CNC 14   INF   Workplace color: green, order: , downtime: , user: 
2020-03-31 12:07:15.222   CNC 14   INF   Streaming data to LCD
2020-03-31 12:07:15.222   CNC 14   INF   Data streamed
2020-03-31 12:07:25.520   CNC 14   INF   Workplace color: green, order: , downtime: , user: 
2020-03-31 12:07:25.520   CNC 14   INF   Streaming data to LCD
2020-03-31 12:07:25.520   CNC 14   INF   Data streamed
2020-03-31 12:07:35.895   CNC 14   INF   Workplace color: green, order: , downtime: , user: 
2020-03-31 12:07:35.895   CNC 14   INF   Streaming data to LCD
2020-03-31 12:07:35.895   CNC 14   INF   Data streamed
2020-03-31 12:07:46.357   CNC 14   INF   Workplace color: green, order: , downtime: , user: 
2020-03-31 12:07:46.357   CNC 14   INF   Streaming data to LCD
2020-03-31 12:07:46.357   CNC 14   INF   Data streamed
2020-03-31 12:07:56.698   CNC 14   INF   Workplace color: green, order: , downtime: , user: 
2020-03-31 12:07:56.698   CNC 14   INF   Streaming data to LCD
2020-03-31 12:07:56.698   CNC 14   INF   Data streamed
2020-03-31 12:08:07.113   CNC 14   INF   Workplace color: green, order: , downtime: , user: 
2020-03-31 12:08:07.114   CNC 14   INF   Streaming data to LCD
2020-03-31 12:08:07.114   CNC 14   INF   Data streamed
2020-03-31 12:08:17.373   CNC 14   INF   Workplace color: green, order: , downtime: , user: 
2020-03-31 12:08:17.373   CNC 14   INF   Streaming data to LCD
2020-03-31 12:08:17.373   CNC 14   INF   Data streamed
2020-03-31 12:08:27.570   CNC 14   INF   Workplace color: green, order: , downtime: , user: 
2020-03-31 12:08:27.570   CNC 14   INF   Streaming data to LCD
2020-03-31 12:08:27.570   CNC 14   INF   Data streamed
