2020-03-05 12:46:07.334   CNC 5   INF   Workplace color: green
2020-03-05 12:46:07.334   CNC 5   INF   Streaming data to LCD
2020-03-05 12:46:07.335   CNC 5   INF   Data streamed
2020-03-05 13:01:44.665   CNC 5   INF   Workplace color: green
2020-03-05 13:01:44.666   CNC 5   INF   Streaming data to LCD
2020-03-05 13:01:44.666   CNC 5   INF   Data streamed
2020-03-05 13:01:54.841   CNC 5   INF   Workplace color: green
2020-03-05 13:01:54.841   CNC 5   INF   Streaming data to LCD
2020-03-05 13:01:54.841   CNC 5   INF   Data streamed
2020-03-05 13:02:04.988   CNC 5   INF   Workplace color: green
2020-03-05 13:02:04.988   CNC 5   INF   Streaming data to LCD
2020-03-05 13:02:04.988   CNC 5   INF   Data streamed
2020-03-05 13:02:15.122   CNC 5   INF   Workplace color: green
2020-03-05 13:02:15.122   CNC 5   INF   Streaming data to LCD
2020-03-05 13:02:15.122   CNC 5   INF   Data streamed
2020-03-05 13:02:25.261   CNC 5   INF   Workplace color: green
2020-03-05 13:02:25.262   CNC 5   INF   Streaming data to LCD
2020-03-05 13:02:25.262   CNC 5   INF   Data streamed
2020-03-05 13:02:35.421   CNC 5   INF   Workplace color: green
2020-03-05 13:02:35.421   CNC 5   INF   Streaming data to LCD
2020-03-05 13:02:35.421   CNC 5   INF   Data streamed
2020-03-05 13:02:45.579   CNC 5   INF   Workplace color: green
2020-03-05 13:02:45.579   CNC 5   INF   Streaming data to LCD
2020-03-05 13:02:45.579   CNC 5   INF   Data streamed
2020-03-05 13:02:55.707   CNC 5   INF   Workplace color: green
2020-03-05 13:02:55.707   CNC 5   INF   Streaming data to LCD
2020-03-05 13:02:55.707   CNC 5   INF   Data streamed
2020-03-05 13:03:05.850   CNC 5   INF   Workplace color: green
2020-03-05 13:03:05.850   CNC 5   INF   Streaming data to LCD
2020-03-05 13:03:05.850   CNC 5   INF   Data streamed
2020-03-05 13:03:15.986   CNC 5   INF   Workplace color: green
2020-03-05 13:03:15.986   CNC 5   INF   Streaming data to LCD
2020-03-05 13:03:15.987   CNC 5   INF   Data streamed
2020-03-05 13:03:26.127   CNC 5   INF   Workplace color: green
2020-03-05 13:03:26.127   CNC 5   INF   Streaming data to LCD
2020-03-05 13:03:26.127   CNC 5   INF   Data streamed
2020-03-05 13:03:36.257   CNC 5   INF   Workplace color: green
2020-03-05 13:03:36.257   CNC 5   INF   Streaming data to LCD
2020-03-05 13:03:36.257   CNC 5   INF   Data streamed
2020-03-05 13:03:46.388   CNC 5   INF   Workplace color: green
2020-03-05 13:03:46.388   CNC 5   INF   Streaming data to LCD
2020-03-05 13:03:46.388   CNC 5   INF   Data streamed
2020-03-05 13:03:56.521   CNC 5   INF   Workplace color: green
2020-03-05 13:03:56.521   CNC 5   INF   Streaming data to LCD
2020-03-05 13:03:56.522   CNC 5   INF   Data streamed
2020-03-05 13:04:07.415   CNC 5   INF   Workplace color: green
2020-03-05 13:04:07.415   CNC 5   INF   Streaming data to LCD
2020-03-05 13:04:07.415   CNC 5   INF   Data streamed
2020-03-05 13:04:12.579   CNC 5   INF   Workplace color: green
2020-03-05 13:04:12.579   CNC 5   INF   Streaming data to LCD
2020-03-05 13:04:12.579   CNC 5   INF   Data streamed
2020-03-05 13:04:22.720   CNC 5   INF   Workplace color: green
2020-03-05 13:04:22.720   CNC 5   INF   Streaming data to LCD
2020-03-05 13:04:22.721   CNC 5   INF   Data streamed
2020-03-05 13:04:33.069   CNC 5   INF   Workplace color: green
2020-03-05 13:04:33.069   CNC 5   INF   Streaming data to LCD
2020-03-05 13:04:33.069   CNC 5   INF   Data streamed
2020-03-05 13:04:43.235   CNC 5   INF   Workplace color: green
2020-03-05 13:04:43.236   CNC 5   INF   Streaming data to LCD
2020-03-05 13:04:43.236   CNC 5   INF   Data streamed
2020-03-05 13:04:53.569   CNC 5   INF   Workplace color: green
2020-03-05 13:04:53.569   CNC 5   INF   Streaming data to LCD
2020-03-05 13:04:53.569   CNC 5   INF   Data streamed
2020-03-05 13:08:21.386   CNC 5   INF   Workplace color: green
2020-03-05 13:08:21.386   CNC 5   INF   Streaming data to LCD
2020-03-05 13:08:21.386   CNC 5   INF   Data streamed
2020-03-05 13:08:31.647   CNC 5   INF   Workplace color: green
2020-03-05 13:08:31.647   CNC 5   INF   Streaming data to LCD
2020-03-05 13:08:31.647   CNC 5   INF   Data streamed
2020-03-05 13:08:41.867   CNC 5   INF   Workplace color: green
2020-03-05 13:08:41.868   CNC 5   INF   Streaming data to LCD
2020-03-05 13:08:41.868   CNC 5   INF   Data streamed
2020-03-05 13:09:06.372   CNC 5   INF   Workplace color: green
2020-03-05 13:09:06.372   CNC 5   INF   Streaming data to LCD
2020-03-05 13:09:06.372   CNC 5   INF   Data streamed
2020-03-05 13:09:16.789   CNC 5   INF   Workplace color: green
2020-03-05 13:09:16.789   CNC 5   INF   Streaming data to LCD
2020-03-05 13:09:16.789   CNC 5   INF   Data streamed
2020-03-05 13:09:27.489   CNC 5   INF   Workplace color: green
2020-03-05 13:09:27.489   CNC 5   INF   Streaming data to LCD
2020-03-05 13:09:27.489   CNC 5   INF   Data streamed
2020-03-05 13:09:37.731   CNC 5   INF   Workplace color: green
2020-03-05 13:09:37.731   CNC 5   INF   Streaming data to LCD
2020-03-05 13:09:37.732   CNC 5   INF   Data streamed
2020-03-05 13:09:47.981   CNC 5   INF   Workplace color: green
2020-03-05 13:09:47.981   CNC 5   INF   Streaming data to LCD
2020-03-05 13:09:47.981   CNC 5   INF   Data streamed
2020-03-05 13:09:59.450   CNC 5   INF   Workplace color: green
2020-03-05 13:09:59.450   CNC 5   INF   Streaming data to LCD
2020-03-05 13:09:59.450   CNC 5   INF   Data streamed
2020-03-05 13:10:30.452   CNC 5   INF   Workplace color: green
2020-03-05 13:10:30.452   CNC 5   INF   Streaming data to LCD
2020-03-05 13:10:30.452   CNC 5   INF   Data streamed
2020-03-05 13:10:56.264   CNC 5   INF   Workplace color: green
2020-03-05 13:10:56.264   CNC 5   INF   Streaming data to LCD
2020-03-05 13:10:56.264   CNC 5   INF   Data streamed
2020-03-05 13:11:19.764   CNC 5   INF   Workplace color: green
2020-03-05 13:11:19.764   CNC 5   INF   Streaming data to LCD
2020-03-05 13:11:19.764   CNC 5   INF   Data streamed
2020-03-05 13:22:39.712   CNC 5   INF   Workplace color: green
2020-03-05 13:22:39.713   CNC 5   INF   Streaming data to LCD
2020-03-05 13:22:39.713   CNC 5   INF   Data streamed
2020-03-05 13:22:49.871   CNC 5   INF   Workplace color: green
2020-03-05 13:22:49.871   CNC 5   INF   Streaming data to LCD
2020-03-05 13:22:49.871   CNC 5   INF   Data streamed
2020-03-05 13:23:00.127   CNC 5   INF   Workplace color: green
2020-03-05 13:23:00.127   CNC 5   INF   Streaming data to LCD
2020-03-05 13:23:00.127   CNC 5   INF   Data streamed
2020-03-05 13:23:10.423   CNC 5   INF   Workplace color: green
2020-03-05 13:23:10.423   CNC 5   INF   Streaming data to LCD
2020-03-05 13:23:10.423   CNC 5   INF   Data streamed
2020-03-05 13:23:20.599   CNC 5   INF   Workplace color: green
2020-03-05 13:23:20.599   CNC 5   INF   Streaming data to LCD
2020-03-05 13:23:20.600   CNC 5   INF   Data streamed
2020-03-05 13:23:31.026   CNC 5   INF   Workplace color: green
2020-03-05 13:23:31.026   CNC 5   INF   Streaming data to LCD
2020-03-05 13:23:31.026   CNC 5   INF   Data streamed
2020-03-05 13:23:41.385   CNC 5   INF   Workplace color: green
2020-03-05 13:23:41.385   CNC 5   INF   Streaming data to LCD
2020-03-05 13:23:41.385   CNC 5   INF   Data streamed
2020-03-05 13:23:51.678   CNC 5   INF   Workplace color: green
2020-03-05 13:23:51.678   CNC 5   INF   Streaming data to LCD
2020-03-05 13:23:51.679   CNC 5   INF   Data streamed
2020-03-05 13:24:02.000   CNC 5   INF   Workplace color: green
2020-03-05 13:24:02.001   CNC 5   INF   Streaming data to LCD
2020-03-05 13:24:02.002   CNC 5   INF   Data streamed
2020-03-05 13:24:12.341   CNC 5   INF   Workplace color: green
2020-03-05 13:24:12.342   CNC 5   INF   Streaming data to LCD
2020-03-05 13:24:12.342   CNC 5   INF   Data streamed
2020-03-05 13:24:22.622   CNC 5   INF   Workplace color: green
2020-03-05 13:24:22.623   CNC 5   INF   Streaming data to LCD
2020-03-05 13:24:22.623   CNC 5   INF   Data streamed
2020-03-05 13:24:32.813   CNC 5   INF   Workplace color: green
2020-03-05 13:24:32.813   CNC 5   INF   Streaming data to LCD
2020-03-05 13:24:32.813   CNC 5   INF   Data streamed
2020-03-05 13:24:43.180   CNC 5   INF   Workplace color: green
2020-03-05 13:24:43.181   CNC 5   INF   Streaming data to LCD
2020-03-05 13:24:43.181   CNC 5   INF   Data streamed
2020-03-05 13:24:54.189   CNC 5   INF   Workplace color: green
2020-03-05 13:24:54.190   CNC 5   INF   Streaming data to LCD
2020-03-05 13:24:54.190   CNC 5   INF   Data streamed
2020-03-05 13:25:04.613   CNC 5   INF   Workplace color: green
2020-03-05 13:25:04.613   CNC 5   INF   Streaming data to LCD
2020-03-05 13:25:04.613   CNC 5   INF   Data streamed
2020-03-05 13:25:15.072   CNC 5   INF   Workplace color: green
2020-03-05 13:25:15.072   CNC 5   INF   Streaming data to LCD
2020-03-05 13:25:15.072   CNC 5   INF   Data streamed
2020-03-05 13:25:25.228   CNC 5   INF   Workplace color: green
2020-03-05 13:25:25.228   CNC 5   INF   Streaming data to LCD
2020-03-05 13:25:25.229   CNC 5   INF   Data streamed
2020-03-05 13:25:35.447   CNC 5   INF   Workplace color: green
2020-03-05 13:25:35.448   CNC 5   INF   Streaming data to LCD
2020-03-05 13:25:35.448   CNC 5   INF   Data streamed
2020-03-05 13:25:45.841   CNC 5   INF   Workplace color: green
2020-03-05 13:25:45.842   CNC 5   INF   Streaming data to LCD
2020-03-05 13:25:45.842   CNC 5   INF   Data streamed
2020-03-05 13:25:56.224   CNC 5   INF   Workplace color: green
2020-03-05 13:25:56.225   CNC 5   INF   Streaming data to LCD
2020-03-05 13:25:56.225   CNC 5   INF   Data streamed
2020-03-05 13:26:06.568   CNC 5   INF   Workplace color: green
2020-03-05 13:26:06.568   CNC 5   INF   Streaming data to LCD
2020-03-05 13:26:06.568   CNC 5   INF   Data streamed
2020-03-05 13:26:16.866   CNC 5   INF   Workplace color: green
2020-03-05 13:26:16.866   CNC 5   INF   Streaming data to LCD
2020-03-05 13:26:16.867   CNC 5   INF   Data streamed
2020-03-05 13:26:27.195   CNC 5   INF   Workplace color: green
2020-03-05 13:26:27.195   CNC 5   INF   Streaming data to LCD
2020-03-05 13:26:27.195   CNC 5   INF   Data streamed
2020-03-05 13:26:37.572   CNC 5   INF   Workplace color: green
2020-03-05 13:26:37.572   CNC 5   INF   Streaming data to LCD
2020-03-05 13:26:37.572   CNC 5   INF   Data streamed
2020-03-05 13:26:43.702   CNC 5   INF   Workplace color: green
2020-03-05 13:26:43.702   CNC 5   INF   Streaming data to LCD
2020-03-05 13:26:43.702   CNC 5   INF   Data streamed
2020-03-05 13:26:53.956   CNC 5   INF   Workplace color: green
2020-03-05 13:26:53.957   CNC 5   INF   Streaming data to LCD
2020-03-05 13:26:53.957   CNC 5   INF   Data streamed
2020-03-05 13:27:04.164   CNC 5   INF   Workplace color: green
2020-03-05 13:27:04.164   CNC 5   INF   Streaming data to LCD
2020-03-05 13:27:04.164   CNC 5   INF   Data streamed
2020-03-05 13:27:14.462   CNC 5   INF   Workplace color: green
2020-03-05 13:27:14.463   CNC 5   INF   Streaming data to LCD
2020-03-05 13:27:14.463   CNC 5   INF   Data streamed
2020-03-05 13:27:24.902   CNC 5   INF   Workplace color: green
2020-03-05 13:27:24.902   CNC 5   INF   Streaming data to LCD
2020-03-05 13:27:24.903   CNC 5   INF   Data streamed
2020-03-05 13:27:35.809   CNC 5   INF   Workplace color: green
2020-03-05 13:27:35.809   CNC 5   INF   Streaming data to LCD
2020-03-05 13:27:35.810   CNC 5   INF   Data streamed
2020-03-05 13:27:46.255   CNC 5   INF   Workplace color: green
2020-03-05 13:27:46.255   CNC 5   INF   Streaming data to LCD
2020-03-05 13:27:46.255   CNC 5   INF   Data streamed
2020-03-05 13:27:56.158   CNC 5   INF   Workplace color: green
2020-03-05 13:27:56.158   CNC 5   INF   Streaming data to LCD
2020-03-05 13:27:56.159   CNC 5   INF   Data streamed
2020-03-05 13:28:06.502   CNC 5   INF   Workplace color: green
2020-03-05 13:28:06.503   CNC 5   INF   Streaming data to LCD
2020-03-05 13:28:06.503   CNC 5   INF   Data streamed
2020-03-05 13:28:16.679   CNC 5   INF   Workplace color: green
2020-03-05 13:28:16.679   CNC 5   INF   Streaming data to LCD
2020-03-05 13:28:16.679   CNC 5   INF   Data streamed
2020-03-05 13:28:26.890   CNC 5   INF   Workplace color: green
2020-03-05 13:28:26.891   CNC 5   INF   Streaming data to LCD
2020-03-05 13:28:26.891   CNC 5   INF   Data streamed
2020-03-05 13:28:37.187   CNC 5   INF   Workplace color: green
2020-03-05 13:28:37.187   CNC 5   INF   Streaming data to LCD
2020-03-05 13:28:37.187   CNC 5   INF   Data streamed
2020-03-05 13:28:47.562   CNC 5   INF   Workplace color: green
2020-03-05 13:28:47.563   CNC 5   INF   Streaming data to LCD
2020-03-05 13:28:47.563   CNC 5   INF   Data streamed
2020-03-05 13:28:57.866   CNC 5   INF   Workplace color: green
2020-03-05 13:28:57.867   CNC 5   INF   Streaming data to LCD
2020-03-05 13:28:57.867   CNC 5   INF   Data streamed
2020-03-05 13:29:31.679   CNC 5   INF   Workplace color: green
2020-03-05 13:29:31.679   CNC 5   INF   Streaming data to LCD
2020-03-05 13:29:31.679   CNC 5   INF   Data streamed
2020-03-05 13:29:41.843   CNC 5   INF   Workplace color: green
2020-03-05 13:29:41.843   CNC 5   INF   Streaming data to LCD
2020-03-05 13:29:41.843   CNC 5   INF   Data streamed
2020-03-05 13:29:52.162   CNC 5   INF   Workplace color: green
2020-03-05 13:29:52.162   CNC 5   INF   Streaming data to LCD
2020-03-05 13:29:52.162   CNC 5   INF   Data streamed
2020-03-05 13:30:02.353   CNC 5   INF   Workplace color: green
2020-03-05 13:30:02.353   CNC 5   INF   Streaming data to LCD
2020-03-05 13:30:02.353   CNC 5   INF   Data streamed
2020-03-05 13:30:12.636   CNC 5   INF   Workplace color: green
2020-03-05 13:30:12.636   CNC 5   INF   Streaming data to LCD
2020-03-05 13:30:12.636   CNC 5   INF   Data streamed
2020-03-05 13:30:22.944   CNC 5   INF   Workplace color: green
2020-03-05 13:30:22.944   CNC 5   INF   Streaming data to LCD
2020-03-05 13:30:22.944   CNC 5   INF   Data streamed
2020-03-05 13:30:33.109   CNC 5   INF   Workplace color: green
2020-03-05 13:30:33.109   CNC 5   INF   Streaming data to LCD
2020-03-05 13:30:33.109   CNC 5   INF   Data streamed
2020-03-05 13:30:43.313   CNC 5   INF   Workplace color: green
2020-03-05 13:30:43.313   CNC 5   INF   Streaming data to LCD
2020-03-05 13:30:43.313   CNC 5   INF   Data streamed
2020-03-05 13:30:53.748   CNC 5   INF   Workplace color: green
2020-03-05 13:30:53.749   CNC 5   INF   Streaming data to LCD
2020-03-05 13:30:53.749   CNC 5   INF   Data streamed
2020-03-05 13:31:04.172   CNC 5   INF   Workplace color: green
2020-03-05 13:31:04.172   CNC 5   INF   Streaming data to LCD
2020-03-05 13:31:04.172   CNC 5   INF   Data streamed
2020-03-05 13:31:14.330   CNC 5   INF   Workplace color: green
2020-03-05 13:31:14.330   CNC 5   INF   Streaming data to LCD
2020-03-05 13:31:14.330   CNC 5   INF   Data streamed
2020-03-05 13:31:24.825   CNC 5   INF   Workplace color: green
2020-03-05 13:31:24.826   CNC 5   INF   Streaming data to LCD
2020-03-05 13:31:24.826   CNC 5   INF   Data streamed
2020-03-05 13:31:35.135   CNC 5   INF   Workplace color: green
2020-03-05 13:31:35.135   CNC 5   INF   Streaming data to LCD
2020-03-05 13:31:35.135   CNC 5   INF   Data streamed
2020-03-05 13:31:45.394   CNC 5   INF   Workplace color: green
2020-03-05 13:31:45.394   CNC 5   INF   Streaming data to LCD
2020-03-05 13:31:45.394   CNC 5   INF   Data streamed
2020-03-05 13:31:55.608   CNC 5   INF   Workplace color: green
2020-03-05 13:31:55.608   CNC 5   INF   Streaming data to LCD
2020-03-05 13:31:55.608   CNC 5   INF   Data streamed
2020-03-05 13:32:05.779   CNC 5   INF   Workplace color: green
2020-03-05 13:32:05.780   CNC 5   INF   Streaming data to LCD
2020-03-05 13:32:05.780   CNC 5   INF   Data streamed
2020-03-05 13:32:15.977   CNC 5   INF   Workplace color: green
2020-03-05 13:32:15.977   CNC 5   INF   Streaming data to LCD
2020-03-05 13:32:15.977   CNC 5   INF   Data streamed
2020-03-05 13:32:26.180   CNC 5   INF   Workplace color: green
2020-03-05 13:32:26.180   CNC 5   INF   Streaming data to LCD
2020-03-05 13:32:26.180   CNC 5   INF   Data streamed
2020-03-05 13:32:36.378   CNC 5   INF   Workplace color: green
2020-03-05 13:32:36.378   CNC 5   INF   Streaming data to LCD
2020-03-05 13:32:36.378   CNC 5   INF   Data streamed
2020-03-05 13:32:46.938   CNC 5   INF   Workplace color: green
2020-03-05 13:32:46.938   CNC 5   INF   Streaming data to LCD
2020-03-05 13:32:46.938   CNC 5   INF   Data streamed
2020-03-05 13:32:57.248   CNC 5   INF   Workplace color: green
2020-03-05 13:32:57.248   CNC 5   INF   Streaming data to LCD
2020-03-05 13:32:57.248   CNC 5   INF   Data streamed
2020-03-05 13:33:07.497   CNC 5   INF   Workplace color: green
2020-03-05 13:33:07.497   CNC 5   INF   Streaming data to LCD
2020-03-05 13:33:07.497   CNC 5   INF   Data streamed
2020-03-05 13:33:17.873   CNC 5   INF   Workplace color: red
2020-03-05 13:33:17.873   CNC 5   INF   Streaming data to LCD
2020-03-05 13:33:17.873   CNC 5   INF   Data streamed
2020-03-05 13:33:28.264   CNC 5   INF   Workplace color: red
2020-03-05 13:33:28.265   CNC 5   INF   Streaming data to LCD
2020-03-05 13:33:28.265   CNC 5   INF   Data streamed
2020-03-05 13:33:38.753   CNC 5   INF   Workplace color: red
2020-03-05 13:33:38.753   CNC 5   INF   Streaming data to LCD
2020-03-05 13:33:38.753   CNC 5   INF   Data streamed
2020-03-05 13:33:42.231   CNC 5   INF   Workplace color: red
2020-03-05 13:33:42.231   CNC 5   INF   Streaming data to LCD
2020-03-05 13:33:42.231   CNC 5   INF   Data streamed
2020-03-05 13:33:52.547   CNC 5   INF   Workplace color: red
2020-03-05 13:33:52.547   CNC 5   INF   Streaming data to LCD
2020-03-05 13:33:52.547   CNC 5   INF   Data streamed
2020-03-05 13:34:03.000   CNC 5   INF   Workplace color: red
2020-03-05 13:34:03.000   CNC 5   INF   Streaming data to LCD
2020-03-05 13:34:03.000   CNC 5   INF   Data streamed
2020-03-05 13:34:13.297   CNC 5   INF   Workplace color: red
2020-03-05 13:34:13.298   CNC 5   INF   Streaming data to LCD
2020-03-05 13:34:13.298   CNC 5   INF   Data streamed
2020-03-05 13:34:24.244   CNC 5   INF   Workplace color: red
2020-03-05 13:34:24.244   CNC 5   INF   Streaming data to LCD
2020-03-05 13:34:24.244   CNC 5   INF   Data streamed
2020-03-05 13:34:34.636   CNC 5   INF   Workplace color: red
2020-03-05 13:34:34.636   CNC 5   INF   Streaming data to LCD
2020-03-05 13:34:34.637   CNC 5   INF   Data streamed
2020-03-05 13:34:45.221   CNC 5   INF   Workplace color: red
2020-03-05 13:34:45.221   CNC 5   INF   Streaming data to LCD
2020-03-05 13:34:45.221   CNC 5   INF   Data streamed
2020-03-05 13:34:55.573   CNC 5   INF   Workplace color: red
2020-03-05 13:34:55.573   CNC 5   INF   Streaming data to LCD
2020-03-05 13:34:55.573   CNC 5   INF   Data streamed
2020-03-05 13:35:05.887   CNC 5   INF   Workplace color: red
2020-03-05 13:35:05.888   CNC 5   INF   Streaming data to LCD
2020-03-05 13:35:05.888   CNC 5   INF   Data streamed
2020-03-05 13:35:16.199   CNC 5   INF   Workplace color: red
2020-03-05 13:35:16.199   CNC 5   INF   Streaming data to LCD
2020-03-05 13:35:16.199   CNC 5   INF   Data streamed
2020-03-05 13:35:26.925   CNC 5   INF   Workplace color: red
2020-03-05 13:35:26.925   CNC 5   INF   Streaming data to LCD
2020-03-05 13:35:26.925   CNC 5   INF   Data streamed
2020-03-05 13:35:37.302   CNC 5   INF   Workplace color: red
2020-03-05 13:35:37.302   CNC 5   INF   Streaming data to LCD
2020-03-05 13:35:37.302   CNC 5   INF   Data streamed
2020-03-05 13:35:47.527   CNC 5   INF   Workplace color: red
2020-03-05 13:35:47.528   CNC 5   INF   Streaming data to LCD
2020-03-05 13:35:47.528   CNC 5   INF   Data streamed
2020-03-05 13:35:57.790   CNC 5   INF   Workplace color: red
2020-03-05 13:35:57.790   CNC 5   INF   Streaming data to LCD
2020-03-05 13:35:57.791   CNC 5   INF   Data streamed
2020-03-05 13:36:08.135   CNC 5   INF   Workplace color: red
2020-03-05 13:36:08.136   CNC 5   INF   Streaming data to LCD
2020-03-05 13:36:08.136   CNC 5   INF   Data streamed
2020-03-05 13:36:18.430   CNC 5   INF   Workplace color: red
2020-03-05 13:36:18.430   CNC 5   INF   Streaming data to LCD
2020-03-05 13:36:18.430   CNC 5   INF   Data streamed
2020-03-05 13:36:28.716   CNC 5   INF   Workplace color: red
2020-03-05 13:36:28.717   CNC 5   INF   Streaming data to LCD
2020-03-05 13:36:28.717   CNC 5   INF   Data streamed
2020-03-05 13:36:39.102   CNC 5   INF   Workplace color: red
2020-03-05 13:36:39.102   CNC 5   INF   Streaming data to LCD
2020-03-05 13:36:39.102   CNC 5   INF   Data streamed
2020-03-05 13:36:49.376   CNC 5   INF   Workplace color: red
2020-03-05 13:36:49.376   CNC 5   INF   Streaming data to LCD
2020-03-05 13:36:49.377   CNC 5   INF   Data streamed
2020-03-05 13:36:59.642   CNC 5   INF   Workplace color: red
2020-03-05 13:36:59.642   CNC 5   INF   Streaming data to LCD
2020-03-05 13:36:59.642   CNC 5   INF   Data streamed
2020-03-05 13:37:09.905   CNC 5   INF   Workplace color: red
2020-03-05 13:37:09.905   CNC 5   INF   Streaming data to LCD
2020-03-05 13:37:09.905   CNC 5   INF   Data streamed
2020-03-05 13:37:20.255   CNC 5   INF   Workplace color: red
2020-03-05 13:37:20.255   CNC 5   INF   Streaming data to LCD
2020-03-05 13:37:20.255   CNC 5   INF   Data streamed
2020-03-05 13:37:30.587   CNC 5   INF   Workplace color: red
2020-03-05 13:37:30.588   CNC 5   INF   Streaming data to LCD
2020-03-05 13:37:30.588   CNC 5   INF   Data streamed
2020-03-05 13:37:40.871   CNC 5   INF   Workplace color: red
2020-03-05 13:37:40.871   CNC 5   INF   Streaming data to LCD
2020-03-05 13:37:40.872   CNC 5   INF   Data streamed
2020-03-05 13:37:51.190   CNC 5   INF   Workplace color: red
2020-03-05 13:37:51.191   CNC 5   INF   Streaming data to LCD
2020-03-05 13:37:51.191   CNC 5   INF   Data streamed
2020-03-05 13:38:01.525   CNC 5   INF   Workplace color: red
2020-03-05 13:38:01.525   CNC 5   INF   Streaming data to LCD
2020-03-05 13:38:01.525   CNC 5   INF   Data streamed
2020-03-05 13:38:11.819   CNC 5   INF   Workplace color: red
2020-03-05 13:38:11.819   CNC 5   INF   Streaming data to LCD
2020-03-05 13:38:11.820   CNC 5   INF   Data streamed
2020-03-05 13:38:22.122   CNC 5   INF   Workplace color: red
2020-03-05 13:38:22.122   CNC 5   INF   Streaming data to LCD
2020-03-05 13:38:22.122   CNC 5   INF   Data streamed
2020-03-05 13:38:32.430   CNC 5   INF   Workplace color: red
2020-03-05 13:38:32.430   CNC 5   INF   Streaming data to LCD
2020-03-05 13:38:32.430   CNC 5   INF   Data streamed
2020-03-05 13:38:42.749   CNC 5   INF   Workplace color: red
2020-03-05 13:38:42.749   CNC 5   INF   Streaming data to LCD
2020-03-05 13:38:42.749   CNC 5   INF   Data streamed
2020-03-05 13:38:53.070   CNC 5   INF   Workplace color: red
2020-03-05 13:38:53.070   CNC 5   INF   Streaming data to LCD
2020-03-05 13:38:53.070   CNC 5   INF   Data streamed
2020-03-05 13:39:03.400   CNC 5   INF   Workplace color: red
2020-03-05 13:39:03.400   CNC 5   INF   Streaming data to LCD
2020-03-05 13:39:03.401   CNC 5   INF   Data streamed
2020-03-05 13:39:14.061   CNC 5   INF   Workplace color: red
2020-03-05 13:39:14.061   CNC 5   INF   Streaming data to LCD
2020-03-05 13:39:14.061   CNC 5   INF   Data streamed
2020-03-05 13:39:24.345   CNC 5   INF   Workplace color: red
2020-03-05 13:39:24.345   CNC 5   INF   Streaming data to LCD
2020-03-05 13:39:24.345   CNC 5   INF   Data streamed
2020-03-05 13:39:34.686   CNC 5   INF   Workplace color: red
2020-03-05 13:39:34.687   CNC 5   INF   Streaming data to LCD
2020-03-05 13:39:34.687   CNC 5   INF   Data streamed
2020-03-05 13:39:45.033   CNC 5   INF   Workplace color: red
2020-03-05 13:39:45.033   CNC 5   INF   Streaming data to LCD
2020-03-05 13:39:45.033   CNC 5   INF   Data streamed
2020-03-05 13:39:55.298   CNC 5   INF   Workplace color: red
2020-03-05 13:39:55.298   CNC 5   INF   Streaming data to LCD
2020-03-05 13:39:55.298   CNC 5   INF   Data streamed
2020-03-05 13:40:05.589   CNC 5   INF   Workplace color: red
2020-03-05 13:40:05.589   CNC 5   INF   Streaming data to LCD
2020-03-05 13:40:05.589   CNC 5   INF   Data streamed
2020-03-05 13:40:15.884   CNC 5   INF   Workplace color: red
2020-03-05 13:40:15.885   CNC 5   INF   Streaming data to LCD
2020-03-05 13:40:15.885   CNC 5   INF   Data streamed
2020-03-05 13:40:26.203   CNC 5   INF   Workplace color: red
2020-03-05 13:40:26.203   CNC 5   INF   Streaming data to LCD
2020-03-05 13:40:26.203   CNC 5   INF   Data streamed
2020-03-05 13:40:36.504   CNC 5   INF   Workplace color: red
2020-03-05 13:40:36.504   CNC 5   INF   Streaming data to LCD
2020-03-05 13:40:36.504   CNC 5   INF   Data streamed
2020-03-05 13:40:46.796   CNC 5   INF   Workplace color: red
2020-03-05 13:40:46.796   CNC 5   INF   Streaming data to LCD
2020-03-05 13:40:46.797   CNC 5   INF   Data streamed
2020-03-05 13:40:57.096   CNC 5   INF   Workplace color: red
2020-03-05 13:40:57.097   CNC 5   INF   Streaming data to LCD
2020-03-05 13:40:57.097   CNC 5   INF   Data streamed
2020-03-05 13:41:07.348   CNC 5   INF   Workplace color: red
2020-03-05 13:41:07.348   CNC 5   INF   Streaming data to LCD
2020-03-05 13:41:07.348   CNC 5   INF   Data streamed
2020-03-05 13:41:17.680   CNC 5   INF   Workplace color: red
2020-03-05 13:41:17.681   CNC 5   INF   Streaming data to LCD
2020-03-05 13:41:17.681   CNC 5   INF   Data streamed
2020-03-05 13:41:27.942   CNC 5   INF   Workplace color: red
2020-03-05 13:41:27.942   CNC 5   INF   Streaming data to LCD
2020-03-05 13:41:27.942   CNC 5   INF   Data streamed
2020-03-05 13:44:08.306   CNC 5   INF   Workplace color: orange
2020-03-05 13:44:08.307   CNC 5   INF   Streaming data to LCD
2020-03-05 13:44:08.307   CNC 5   INF   Data streamed
2020-03-05 13:44:18.580   CNC 5   INF   Workplace color: orange
2020-03-05 13:44:18.580   CNC 5   INF   Streaming data to LCD
2020-03-05 13:44:18.580   CNC 5   INF   Data streamed
2020-03-05 13:44:28.993   CNC 5   INF   Workplace color: orange
2020-03-05 13:44:28.993   CNC 5   INF   Streaming data to LCD
2020-03-05 13:44:28.993   CNC 5   INF   Data streamed
2020-03-05 13:44:39.265   CNC 5   INF   Workplace color: orange
2020-03-05 13:44:39.265   CNC 5   INF   Streaming data to LCD
2020-03-05 13:44:39.265   CNC 5   INF   Data streamed
2020-03-05 13:44:49.535   CNC 5   INF   Workplace color: orange
2020-03-05 13:44:49.535   CNC 5   INF   Streaming data to LCD
2020-03-05 13:44:49.535   CNC 5   INF   Data streamed
2020-03-05 13:44:59.869   CNC 5   INF   Workplace color: orange
2020-03-05 13:44:59.870   CNC 5   INF   Streaming data to LCD
2020-03-05 13:44:59.870   CNC 5   INF   Data streamed
2020-03-05 13:45:10.244   CNC 5   INF   Workplace color: orange
2020-03-05 13:45:10.244   CNC 5   INF   Streaming data to LCD
2020-03-05 13:45:10.245   CNC 5   INF   Data streamed
2020-03-05 13:45:20.526   CNC 5   INF   Workplace color: orange
2020-03-05 13:45:20.526   CNC 5   INF   Streaming data to LCD
2020-03-05 13:45:20.526   CNC 5   INF   Data streamed
2020-03-05 13:45:30.837   CNC 5   INF   Workplace color: orange
2020-03-05 13:45:30.838   CNC 5   INF   Streaming data to LCD
2020-03-05 13:45:30.838   CNC 5   INF   Data streamed
2020-03-05 13:45:41.134   CNC 5   INF   Workplace color: orange
2020-03-05 13:45:41.135   CNC 5   INF   Streaming data to LCD
2020-03-05 13:45:41.135   CNC 5   INF   Data streamed
2020-03-05 13:45:51.403   CNC 5   INF   Workplace color: orange
2020-03-05 13:45:51.403   CNC 5   INF   Streaming data to LCD
2020-03-05 13:45:51.403   CNC 5   INF   Data streamed
2020-03-05 13:46:01.616   CNC 5   INF   Workplace color: orange
2020-03-05 13:46:01.616   CNC 5   INF   Streaming data to LCD
2020-03-05 13:46:01.617   CNC 5   INF   Data streamed
2020-03-05 13:46:12.186   CNC 5   INF   Workplace color: orange
2020-03-05 13:46:12.187   CNC 5   INF   Streaming data to LCD
2020-03-05 13:46:12.187   CNC 5   INF   Data streamed
2020-03-05 13:46:22.542   CNC 5   INF   Workplace color: orange
2020-03-05 13:46:22.542   CNC 5   INF   Streaming data to LCD
2020-03-05 13:46:22.542   CNC 5   INF   Data streamed
2020-03-05 13:46:33.009   CNC 5   INF   Workplace color: orange
2020-03-05 13:46:33.009   CNC 5   INF   Streaming data to LCD
2020-03-05 13:46:33.009   CNC 5   INF   Data streamed
2020-03-05 13:46:43.262   CNC 5   INF   Workplace color: orange
2020-03-05 13:46:43.262   CNC 5   INF   Streaming data to LCD
2020-03-05 13:46:43.262   CNC 5   INF   Data streamed
2020-03-05 13:46:53.579   CNC 5   INF   Workplace color: orange
2020-03-05 13:46:53.580   CNC 5   INF   Streaming data to LCD
2020-03-05 13:46:53.580   CNC 5   INF   Data streamed
2020-03-05 13:47:03.826   CNC 5   INF   Workplace color: orange
2020-03-05 13:47:03.826   CNC 5   INF   Streaming data to LCD
2020-03-05 13:47:03.827   CNC 5   INF   Data streamed
2020-03-05 13:47:14.025   CNC 5   INF   Workplace color: orange
2020-03-05 13:47:14.025   CNC 5   INF   Streaming data to LCD
2020-03-05 13:47:14.025   CNC 5   INF   Data streamed
2020-03-05 13:47:24.244   CNC 5   INF   Workplace color: orange
2020-03-05 13:47:24.244   CNC 5   INF   Streaming data to LCD
2020-03-05 13:47:24.244   CNC 5   INF   Data streamed
2020-03-05 13:47:34.460   CNC 5   INF   Workplace color: orange
2020-03-05 13:47:34.461   CNC 5   INF   Streaming data to LCD
2020-03-05 13:47:34.461   CNC 5   INF   Data streamed
2020-03-05 13:47:44.699   CNC 5   INF   Workplace color: orange
2020-03-05 13:47:44.699   CNC 5   INF   Streaming data to LCD
2020-03-05 13:47:44.699   CNC 5   INF   Data streamed
2020-03-05 13:47:55.086   CNC 5   INF   Workplace color: orange
2020-03-05 13:47:55.086   CNC 5   INF   Streaming data to LCD
2020-03-05 13:47:55.086   CNC 5   INF   Data streamed
2020-03-05 13:48:05.344   CNC 5   INF   Workplace color: orange
2020-03-05 13:48:05.344   CNC 5   INF   Streaming data to LCD
2020-03-05 13:48:05.344   CNC 5   INF   Data streamed
2020-03-05 13:48:15.674   CNC 5   INF   Workplace color: orange
2020-03-05 13:48:15.674   CNC 5   INF   Streaming data to LCD
2020-03-05 13:48:15.674   CNC 5   INF   Data streamed
2020-03-05 13:48:26.082   CNC 5   INF   Workplace color: orange
2020-03-05 13:48:26.082   CNC 5   INF   Streaming data to LCD
2020-03-05 13:48:26.082   CNC 5   INF   Data streamed
2020-03-05 13:48:36.603   CNC 5   INF   Workplace color: orange
2020-03-05 13:48:36.603   CNC 5   INF   Streaming data to LCD
2020-03-05 13:48:36.603   CNC 5   INF   Data streamed
2020-03-05 13:48:44.018   CNC 5   INF   Workplace color: orange
2020-03-05 13:48:44.018   CNC 5   INF   Streaming data to LCD
2020-03-05 13:48:44.018   CNC 5   INF   Data streamed
2020-03-05 13:48:52.774   CNC 5   INF   Workplace color: orange
2020-03-05 13:48:52.775   CNC 5   INF   Streaming data to LCD
2020-03-05 13:48:52.775   CNC 5   INF   Data streamed
2020-03-05 13:49:03.001   CNC 5   INF   Workplace color: orange
2020-03-05 13:49:03.001   CNC 5   INF   Streaming data to LCD
2020-03-05 13:49:03.001   CNC 5   INF   Data streamed
2020-03-05 13:49:13.203   CNC 5   INF   Workplace color: orange
2020-03-05 13:49:13.204   CNC 5   INF   Streaming data to LCD
2020-03-05 13:49:13.204   CNC 5   INF   Data streamed
2020-03-05 13:49:23.501   CNC 5   INF   Workplace color: orange
2020-03-05 13:49:23.501   CNC 5   INF   Streaming data to LCD
2020-03-05 13:49:23.502   CNC 5   INF   Data streamed
2020-03-05 13:49:33.920   CNC 5   INF   Workplace color: orange
2020-03-05 13:49:33.920   CNC 5   INF   Streaming data to LCD
2020-03-05 13:49:33.920   CNC 5   INF   Data streamed
2020-03-05 13:49:44.456   CNC 5   INF   Workplace color: orange
2020-03-05 13:49:44.456   CNC 5   INF   Streaming data to LCD
2020-03-05 13:49:44.456   CNC 5   INF   Data streamed
2020-03-05 13:49:55.157   CNC 5   INF   Workplace color: orange
2020-03-05 13:49:55.157   CNC 5   INF   Streaming data to LCD
2020-03-05 13:49:55.157   CNC 5   INF   Data streamed
2020-03-05 13:50:05.616   CNC 5   INF   Workplace color: orange
2020-03-05 13:50:05.616   CNC 5   INF   Streaming data to LCD
2020-03-05 13:50:05.616   CNC 5   INF   Data streamed
2020-03-05 13:50:17.749   CNC 5   INF   Workplace color: orange, order: Internal, downtime: No reason downtime, user:  
2020-03-05 13:50:17.749   CNC 5   INF   Streaming data to LCD
2020-03-05 13:50:17.749   CNC 5   INF   Data streamed
2020-03-05 13:50:28.040   CNC 5   INF   Workplace color: orange, order: Internal, downtime: No reason downtime, user:  
2020-03-05 13:50:28.041   CNC 5   INF   Streaming data to LCD
2020-03-05 13:50:28.041   CNC 5   INF   Data streamed
2020-03-05 13:50:38.316   CNC 5   INF   Workplace color: orange, order: Internal, downtime: No reason downtime, user:  
2020-03-05 13:50:38.316   CNC 5   INF   Streaming data to LCD
2020-03-05 13:50:38.316   CNC 5   INF   Data streamed
2020-03-05 13:50:48.716   CNC 5   INF   Workplace color: orange, order: Internal, downtime: No reason downtime, user:  
2020-03-05 13:50:48.716   CNC 5   INF   Streaming data to LCD
2020-03-05 13:50:48.716   CNC 5   INF   Data streamed
2020-03-05 13:50:59.153   CNC 5   INF   Workplace color: orange, order: Internal, downtime: No reason downtime, user:  
2020-03-05 13:50:59.153   CNC 5   INF   Streaming data to LCD
2020-03-05 13:50:59.153   CNC 5   INF   Data streamed
2020-03-05 13:51:09.519   CNC 5   INF   Workplace color: orange, order: Internal, downtime: No reason downtime, user:  
2020-03-05 13:51:09.519   CNC 5   INF   Streaming data to LCD
2020-03-05 13:51:09.519   CNC 5   INF   Data streamed
2020-03-05 13:51:19.857   CNC 5   INF   Workplace color: orange, order: Internal, downtime: No reason downtime, user:  
2020-03-05 13:51:19.857   CNC 5   INF   Streaming data to LCD
2020-03-05 13:51:19.857   CNC 5   INF   Data streamed
2020-03-05 13:51:30.261   CNC 5   INF   Workplace color: orange, order: Internal, downtime: No reason downtime, user:  
2020-03-05 13:51:30.261   CNC 5   INF   Streaming data to LCD
2020-03-05 13:51:30.261   CNC 5   INF   Data streamed
2020-03-05 13:51:40.771   CNC 5   INF   Workplace color: orange, order: Internal, downtime: No reason downtime, user:  
2020-03-05 13:51:40.772   CNC 5   INF   Streaming data to LCD
2020-03-05 13:51:40.772   CNC 5   INF   Data streamed
2020-03-05 13:51:51.232   CNC 5   INF   Workplace color: orange, order: Internal, downtime: No reason downtime, user:  
2020-03-05 13:51:51.232   CNC 5   INF   Streaming data to LCD
2020-03-05 13:51:51.232   CNC 5   INF   Data streamed
2020-03-05 13:52:01.713   CNC 5   INF   Workplace color: orange, order: Internal, downtime: No reason downtime, user:  
2020-03-05 13:52:01.714   CNC 5   INF   Streaming data to LCD
2020-03-05 13:52:01.714   CNC 5   INF   Data streamed
2020-03-05 13:52:12.089   CNC 5   INF   Workplace color: orange, order: Internal, downtime: No reason downtime, user:  
2020-03-05 13:52:12.089   CNC 5   INF   Streaming data to LCD
2020-03-05 13:52:12.090   CNC 5   INF   Data streamed
2020-03-05 13:52:22.503   CNC 5   INF   Workplace color: orange, order: Internal, downtime: No reason downtime, user:  
2020-03-05 13:52:22.503   CNC 5   INF   Streaming data to LCD
2020-03-05 13:52:22.503   CNC 5   INF   Data streamed
2020-03-05 14:14:09.466   CNC 5   INF   Workplace color: green, order: Internal, downtime: , user:  
2020-03-05 14:14:09.466   CNC 5   INF   Streaming data to LCD
2020-03-05 14:14:09.466   CNC 5   INF   Data streamed
2020-03-05 14:14:19.647   CNC 5   INF   Workplace color: green, order: Internal, downtime: , user:  
2020-03-05 14:14:19.647   CNC 5   INF   Streaming data to LCD
2020-03-05 14:14:19.647   CNC 5   INF   Data streamed
2020-03-05 14:19:38.067   CNC 5   INF   Workplace color: orange, order: Internal, downtime: , user:  
2020-03-05 14:19:38.068   CNC 5   INF   Streaming data to LCD
2020-03-05 14:19:38.068   CNC 5   INF   Data streamed
2020-03-05 14:20:01.921   CNC 5   INF   Workplace color: orange, order: Internal, downtime: , user:  
2020-03-05 14:20:01.921   CNC 5   INF   Streaming data to LCD
2020-03-05 14:20:01.922   CNC 5   INF   Data streamed
2020-03-05 14:20:12.177   CNC 5   INF   Workplace color: orange, order: Internal, downtime: , user:  
2020-03-05 14:20:12.177   CNC 5   INF   Streaming data to LCD
2020-03-05 14:20:12.178   CNC 5   INF   Data streamed
2020-03-05 14:20:22.410   CNC 5   INF   Workplace color: orange, order: Internal, downtime: , user:  
2020-03-05 14:20:22.410   CNC 5   INF   Streaming data to LCD
2020-03-05 14:20:22.410   CNC 5   INF   Data streamed
2020-03-05 14:24:06.925   CNC 5   INF   Workplace color: orange, order: Internal, downtime: , user:  
2020-03-05 14:24:06.926   CNC 5   INF   Streaming data to LCD
2020-03-05 14:24:06.926   CNC 5   INF   Data streamed
2020-03-05 14:24:31.801   CNC 5   INF   Workplace color: orange, order: Internal, downtime: , user:  
2020-03-05 14:24:31.802   CNC 5   INF   Streaming data to LCD
2020-03-05 14:24:31.802   CNC 5   INF   Data streamed
2020-03-05 14:24:42.029   CNC 5   INF   Workplace color: orange, order: Internal, downtime: , user:  
2020-03-05 14:24:42.029   CNC 5   INF   Streaming data to LCD
2020-03-05 14:24:42.029   CNC 5   INF   Data streamed
2020-03-05 14:24:52.265   CNC 5   INF   Workplace color: orange, order: Internal, downtime: , user:  
2020-03-05 14:24:52.265   CNC 5   INF   Streaming data to LCD
2020-03-05 14:24:52.266   CNC 5   INF   Data streamed
2020-03-05 14:25:02.645   CNC 5   INF   Workplace color: orange, order: Internal, downtime: , user:  
2020-03-05 14:25:02.645   CNC 5   INF   Streaming data to LCD
2020-03-05 14:25:02.646   CNC 5   INF   Data streamed
2020-03-05 14:25:12.925   CNC 5   INF   Workplace color: orange, order: Internal, downtime: , user:  
2020-03-05 14:25:12.925   CNC 5   INF   Streaming data to LCD
2020-03-05 14:25:12.926   CNC 5   INF   Data streamed
2020-03-05 14:25:23.237   CNC 5   INF   Workplace color: orange, order: Internal, downtime: , user:  
2020-03-05 14:25:23.237   CNC 5   INF   Streaming data to LCD
2020-03-05 14:25:23.238   CNC 5   INF   Data streamed
2020-03-05 14:25:33.773   CNC 5   INF   Workplace color: orange, order: Internal, downtime: , user:  
2020-03-05 14:25:33.774   CNC 5   INF   Streaming data to LCD
2020-03-05 14:25:33.774   CNC 5   INF   Data streamed
2020-03-05 14:25:44.027   CNC 5   INF   Workplace color: orange, order: Internal, downtime: , user:  
2020-03-05 14:25:44.027   CNC 5   INF   Streaming data to LCD
2020-03-05 14:25:44.027   CNC 5   INF   Data streamed
2020-03-05 14:25:54.225   CNC 5   INF   Workplace color: orange, order: Internal, downtime: , user:  
2020-03-05 14:25:54.226   CNC 5   INF   Streaming data to LCD
2020-03-05 14:25:54.226   CNC 5   INF   Data streamed
2020-03-05 14:26:04.442   CNC 5   INF   Workplace color: orange, order: Internal, downtime: , user:  
2020-03-05 14:26:04.442   CNC 5   INF   Streaming data to LCD
2020-03-05 14:26:04.442   CNC 5   INF   Data streamed
2020-03-05 14:26:14.627   CNC 5   INF   Workplace color: orange, order: Internal, downtime: , user:  
2020-03-05 14:26:14.627   CNC 5   INF   Streaming data to LCD
2020-03-05 14:26:14.627   CNC 5   INF   Data streamed
2020-03-05 14:26:24.793   CNC 5   INF   Workplace color: orange, order: Internal, downtime: , user:  
2020-03-05 14:26:24.793   CNC 5   INF   Streaming data to LCD
2020-03-05 14:26:24.793   CNC 5   INF   Data streamed
