2020-03-05 12:46:06.723   CNC 2   INF   Workplace color: yellow
2020-03-05 12:46:06.724   CNC 2   INF   Streaming data to LCD
2020-03-05 12:46:06.724   CNC 2   INF   Data streamed
2020-03-05 13:01:44.555   CNC 2   INF   Workplace color: yellow
2020-03-05 13:01:44.555   CNC 2   INF   Streaming data to LCD
2020-03-05 13:01:44.555   CNC 2   INF   Data streamed
2020-03-05 13:01:54.762   CNC 2   INF   Workplace color: yellow
2020-03-05 13:01:54.762   CNC 2   INF   Streaming data to LCD
2020-03-05 13:01:54.762   CNC 2   INF   Data streamed
2020-03-05 13:02:04.909   CNC 2   INF   Workplace color: yellow
2020-03-05 13:02:04.909   CNC 2   INF   Streaming data to LCD
2020-03-05 13:02:04.910   CNC 2   INF   Data streamed
2020-03-05 13:02:15.054   CNC 2   INF   Workplace color: yellow
2020-03-05 13:02:15.054   CNC 2   INF   Streaming data to LCD
2020-03-05 13:02:15.054   CNC 2   INF   Data streamed
2020-03-05 13:02:25.189   CNC 2   INF   Workplace color: yellow
2020-03-05 13:02:25.189   CNC 2   INF   Streaming data to LCD
2020-03-05 13:02:25.189   CNC 2   INF   Data streamed
2020-03-05 13:02:35.334   CNC 2   INF   Workplace color: yellow
2020-03-05 13:02:35.334   CNC 2   INF   Streaming data to LCD
2020-03-05 13:02:35.334   CNC 2   INF   Data streamed
2020-03-05 13:02:45.497   CNC 2   INF   Workplace color: yellow
2020-03-05 13:02:45.497   CNC 2   INF   Streaming data to LCD
2020-03-05 13:02:45.497   CNC 2   INF   Data streamed
2020-03-05 13:02:55.641   CNC 2   INF   Workplace color: yellow
2020-03-05 13:02:55.641   CNC 2   INF   Streaming data to LCD
2020-03-05 13:02:55.641   CNC 2   INF   Data streamed
2020-03-05 13:03:05.777   CNC 2   INF   Workplace color: yellow
2020-03-05 13:03:05.777   CNC 2   INF   Streaming data to LCD
2020-03-05 13:03:05.777   CNC 2   INF   Data streamed
2020-03-05 13:03:15.919   CNC 2   INF   Workplace color: yellow
2020-03-05 13:03:15.919   CNC 2   INF   Streaming data to LCD
2020-03-05 13:03:15.919   CNC 2   INF   Data streamed
2020-03-05 13:03:26.055   CNC 2   INF   Workplace color: yellow
2020-03-05 13:03:26.055   CNC 2   INF   Streaming data to LCD
2020-03-05 13:03:26.055   CNC 2   INF   Data streamed
2020-03-05 13:03:36.172   CNC 2   INF   Workplace color: green
2020-03-05 13:03:36.172   CNC 2   INF   Streaming data to LCD
2020-03-05 13:03:36.172   CNC 2   INF   Data streamed
2020-03-05 13:03:46.301   CNC 2   INF   Workplace color: green
2020-03-05 13:03:46.301   CNC 2   INF   Streaming data to LCD
2020-03-05 13:03:46.301   CNC 2   INF   Data streamed
2020-03-05 13:03:56.436   CNC 2   INF   Workplace color: green
2020-03-05 13:03:56.436   CNC 2   INF   Streaming data to LCD
2020-03-05 13:03:56.436   CNC 2   INF   Data streamed
2020-03-05 13:04:06.589   CNC 2   INF   Workplace color: green
2020-03-05 13:04:06.589   CNC 2   INF   Streaming data to LCD
2020-03-05 13:04:06.589   CNC 2   INF   Data streamed
2020-03-05 13:04:12.434   CNC 2   INF   Workplace color: green
2020-03-05 13:04:12.434   CNC 2   INF   Streaming data to LCD
2020-03-05 13:04:12.434   CNC 2   INF   Data streamed
2020-03-05 13:04:22.638   CNC 2   INF   Workplace color: green
2020-03-05 13:04:22.638   CNC 2   INF   Streaming data to LCD
2020-03-05 13:04:22.638   CNC 2   INF   Data streamed
2020-03-05 13:04:32.781   CNC 2   INF   Workplace color: green
2020-03-05 13:04:32.781   CNC 2   INF   Streaming data to LCD
2020-03-05 13:04:32.781   CNC 2   INF   Data streamed
2020-03-05 13:04:43.147   CNC 2   INF   Workplace color: green
2020-03-05 13:04:43.148   CNC 2   INF   Streaming data to LCD
2020-03-05 13:04:43.148   CNC 2   INF   Data streamed
2020-03-05 13:04:53.285   CNC 2   INF   Workplace color: green
2020-03-05 13:04:53.285   CNC 2   INF   Streaming data to LCD
2020-03-05 13:04:53.285   CNC 2   INF   Data streamed
2020-03-05 13:08:21.106   CNC 2   INF   Workplace color: green
2020-03-05 13:08:21.106   CNC 2   INF   Streaming data to LCD
2020-03-05 13:08:21.107   CNC 2   INF   Data streamed
2020-03-05 13:08:31.458   CNC 2   INF   Workplace color: green
2020-03-05 13:08:31.458   CNC 2   INF   Streaming data to LCD
2020-03-05 13:08:31.459   CNC 2   INF   Data streamed
2020-03-05 13:08:41.700   CNC 2   INF   Workplace color: green
2020-03-05 13:08:41.700   CNC 2   INF   Streaming data to LCD
2020-03-05 13:08:41.701   CNC 2   INF   Data streamed
2020-03-05 13:09:06.109   CNC 2   INF   Workplace color: green
2020-03-05 13:09:06.109   CNC 2   INF   Streaming data to LCD
2020-03-05 13:09:06.109   CNC 2   INF   Data streamed
2020-03-05 13:09:16.446   CNC 2   INF   Workplace color: green
2020-03-05 13:09:16.446   CNC 2   INF   Streaming data to LCD
2020-03-05 13:09:16.446   CNC 2   INF   Data streamed
2020-03-05 13:09:27.077   CNC 2   INF   Workplace color: green
2020-03-05 13:09:27.077   CNC 2   INF   Streaming data to LCD
2020-03-05 13:09:27.077   CNC 2   INF   Data streamed
2020-03-05 13:09:37.559   CNC 2   INF   Workplace color: green
2020-03-05 13:09:37.559   CNC 2   INF   Streaming data to LCD
2020-03-05 13:09:37.559   CNC 2   INF   Data streamed
2020-03-05 13:09:47.786   CNC 2   INF   Workplace color: green
2020-03-05 13:09:47.786   CNC 2   INF   Streaming data to LCD
2020-03-05 13:09:47.786   CNC 2   INF   Data streamed
2020-03-05 13:09:59.198   CNC 2   INF   Workplace color: green
2020-03-05 13:09:59.198   CNC 2   INF   Streaming data to LCD
2020-03-05 13:09:59.198   CNC 2   INF   Data streamed
2020-03-05 13:10:30.171   CNC 2   INF   Workplace color: green
2020-03-05 13:10:30.172   CNC 2   INF   Streaming data to LCD
2020-03-05 13:10:30.172   CNC 2   INF   Data streamed
2020-03-05 13:10:55.950   CNC 2   INF   Workplace color: green
2020-03-05 13:10:55.950   CNC 2   INF   Streaming data to LCD
2020-03-05 13:10:55.950   CNC 2   INF   Data streamed
2020-03-05 13:11:19.506   CNC 2   INF   Workplace color: green
2020-03-05 13:11:19.506   CNC 2   INF   Streaming data to LCD
2020-03-05 13:11:19.506   CNC 2   INF   Data streamed
2020-03-05 13:22:39.501   CNC 2   INF   Workplace color: green
2020-03-05 13:22:39.502   CNC 2   INF   Streaming data to LCD
2020-03-05 13:22:39.502   CNC 2   INF   Data streamed
2020-03-05 13:22:49.752   CNC 2   INF   Workplace color: green
2020-03-05 13:22:49.752   CNC 2   INF   Streaming data to LCD
2020-03-05 13:22:49.752   CNC 2   INF   Data streamed
2020-03-05 13:22:59.910   CNC 2   INF   Workplace color: green
2020-03-05 13:22:59.910   CNC 2   INF   Streaming data to LCD
2020-03-05 13:22:59.911   CNC 2   INF   Data streamed
2020-03-05 13:23:10.179   CNC 2   INF   Workplace color: green
2020-03-05 13:23:10.179   CNC 2   INF   Streaming data to LCD
2020-03-05 13:23:10.179   CNC 2   INF   Data streamed
2020-03-05 13:23:20.466   CNC 2   INF   Workplace color: green
2020-03-05 13:23:20.466   CNC 2   INF   Streaming data to LCD
2020-03-05 13:23:20.466   CNC 2   INF   Data streamed
2020-03-05 13:23:30.647   CNC 2   INF   Workplace color: green
2020-03-05 13:23:30.648   CNC 2   INF   Streaming data to LCD
2020-03-05 13:23:30.648   CNC 2   INF   Data streamed
2020-03-05 13:23:41.074   CNC 2   INF   Workplace color: green
2020-03-05 13:23:41.074   CNC 2   INF   Streaming data to LCD
2020-03-05 13:23:41.074   CNC 2   INF   Data streamed
2020-03-05 13:23:51.423   CNC 2   INF   Workplace color: green
2020-03-05 13:23:51.423   CNC 2   INF   Streaming data to LCD
2020-03-05 13:23:51.423   CNC 2   INF   Data streamed
2020-03-05 13:24:01.731   CNC 2   INF   Workplace color: green
2020-03-05 13:24:01.732   CNC 2   INF   Streaming data to LCD
2020-03-05 13:24:01.732   CNC 2   INF   Data streamed
2020-03-05 13:24:12.060   CNC 2   INF   Workplace color: green
2020-03-05 13:24:12.060   CNC 2   INF   Streaming data to LCD
2020-03-05 13:24:12.060   CNC 2   INF   Data streamed
2020-03-05 13:24:22.382   CNC 2   INF   Workplace color: green
2020-03-05 13:24:22.382   CNC 2   INF   Streaming data to LCD
2020-03-05 13:24:22.382   CNC 2   INF   Data streamed
2020-03-05 13:24:32.670   CNC 2   INF   Workplace color: green
2020-03-05 13:24:32.670   CNC 2   INF   Streaming data to LCD
2020-03-05 13:24:32.670   CNC 2   INF   Data streamed
2020-03-05 13:24:42.866   CNC 2   INF   Workplace color: green
2020-03-05 13:24:42.866   CNC 2   INF   Streaming data to LCD
2020-03-05 13:24:42.866   CNC 2   INF   Data streamed
2020-03-05 13:24:53.274   CNC 2   INF   Workplace color: green
2020-03-05 13:24:53.274   CNC 2   INF   Streaming data to LCD
2020-03-05 13:24:53.274   CNC 2   INF   Data streamed
2020-03-05 13:25:04.256   CNC 2   INF   Workplace color: green
2020-03-05 13:25:04.256   CNC 2   INF   Streaming data to LCD
2020-03-05 13:25:04.256   CNC 2   INF   Data streamed
2020-03-05 13:25:14.673   CNC 2   INF   Workplace color: green
2020-03-05 13:25:14.673   CNC 2   INF   Streaming data to LCD
2020-03-05 13:25:14.673   CNC 2   INF   Data streamed
2020-03-05 13:25:25.107   CNC 2   INF   Workplace color: green
2020-03-05 13:25:25.107   CNC 2   INF   Streaming data to LCD
2020-03-05 13:25:25.107   CNC 2   INF   Data streamed
2020-03-05 13:25:35.264   CNC 2   INF   Workplace color: green
2020-03-05 13:25:35.264   CNC 2   INF   Streaming data to LCD
2020-03-05 13:25:35.264   CNC 2   INF   Data streamed
2020-03-05 13:25:45.517   CNC 2   INF   Workplace color: green
2020-03-05 13:25:45.518   CNC 2   INF   Streaming data to LCD
2020-03-05 13:25:45.518   CNC 2   INF   Data streamed
2020-03-05 13:25:55.895   CNC 2   INF   Workplace color: green
2020-03-05 13:25:55.895   CNC 2   INF   Streaming data to LCD
2020-03-05 13:25:55.895   CNC 2   INF   Data streamed
2020-03-05 13:26:06.279   CNC 2   INF   Workplace color: green
2020-03-05 13:26:06.279   CNC 2   INF   Streaming data to LCD
2020-03-05 13:26:06.279   CNC 2   INF   Data streamed
2020-03-05 13:26:16.610   CNC 2   INF   Workplace color: green
2020-03-05 13:26:16.610   CNC 2   INF   Streaming data to LCD
2020-03-05 13:26:16.610   CNC 2   INF   Data streamed
2020-03-05 13:26:26.921   CNC 2   INF   Workplace color: green
2020-03-05 13:26:26.921   CNC 2   INF   Streaming data to LCD
2020-03-05 13:26:26.921   CNC 2   INF   Data streamed
2020-03-05 13:26:37.255   CNC 2   INF   Workplace color: green
2020-03-05 13:26:37.256   CNC 2   INF   Streaming data to LCD
2020-03-05 13:26:37.256   CNC 2   INF   Data streamed
2020-03-05 13:26:43.185   CNC 2   INF   Workplace color: green
2020-03-05 13:26:43.185   CNC 2   INF   Streaming data to LCD
2020-03-05 13:26:43.185   CNC 2   INF   Data streamed
2020-03-05 13:26:53.804   CNC 2   INF   Workplace color: green
2020-03-05 13:26:53.804   CNC 2   INF   Streaming data to LCD
2020-03-05 13:26:53.804   CNC 2   INF   Data streamed
2020-03-05 13:27:04.013   CNC 2   INF   Workplace color: green
2020-03-05 13:27:04.014   CNC 2   INF   Streaming data to LCD
2020-03-05 13:27:04.014   CNC 2   INF   Data streamed
2020-03-05 13:27:14.213   CNC 2   INF   Workplace color: green
2020-03-05 13:27:14.213   CNC 2   INF   Streaming data to LCD
2020-03-05 13:27:14.213   CNC 2   INF   Data streamed
2020-03-05 13:27:24.553   CNC 2   INF   Workplace color: green
2020-03-05 13:27:24.554   CNC 2   INF   Streaming data to LCD
2020-03-05 13:27:24.554   CNC 2   INF   Data streamed
2020-03-05 13:27:35.210   CNC 2   INF   Workplace color: green
2020-03-05 13:27:35.211   CNC 2   INF   Streaming data to LCD
2020-03-05 13:27:35.211   CNC 2   INF   Data streamed
2020-03-05 13:27:45.901   CNC 2   INF   Workplace color: green
2020-03-05 13:27:45.901   CNC 2   INF   Streaming data to LCD
2020-03-05 13:27:45.901   CNC 2   INF   Data streamed
2020-03-05 13:27:55.858   CNC 2   INF   Workplace color: green
2020-03-05 13:27:55.858   CNC 2   INF   Streaming data to LCD
2020-03-05 13:27:55.858   CNC 2   INF   Data streamed
2020-03-05 13:28:06.216   CNC 2   INF   Workplace color: green
2020-03-05 13:28:06.217   CNC 2   INF   Streaming data to LCD
2020-03-05 13:28:06.217   CNC 2   INF   Data streamed
2020-03-05 13:28:16.545   CNC 2   INF   Workplace color: green
2020-03-05 13:28:16.545   CNC 2   INF   Streaming data to LCD
2020-03-05 13:28:16.545   CNC 2   INF   Data streamed
2020-03-05 13:28:26.728   CNC 2   INF   Workplace color: green
2020-03-05 13:28:26.728   CNC 2   INF   Streaming data to LCD
2020-03-05 13:28:26.728   CNC 2   INF   Data streamed
2020-03-05 13:28:36.937   CNC 2   INF   Workplace color: green
2020-03-05 13:28:36.937   CNC 2   INF   Streaming data to LCD
2020-03-05 13:28:36.937   CNC 2   INF   Data streamed
2020-03-05 13:28:47.251   CNC 2   INF   Workplace color: green
2020-03-05 13:28:47.251   CNC 2   INF   Streaming data to LCD
2020-03-05 13:28:47.251   CNC 2   INF   Data streamed
2020-03-05 13:28:57.620   CNC 2   INF   Workplace color: green
2020-03-05 13:28:57.620   CNC 2   INF   Streaming data to LCD
2020-03-05 13:28:57.620   CNC 2   INF   Data streamed
2020-03-05 13:29:31.548   CNC 2   INF   Workplace color: green
2020-03-05 13:29:31.548   CNC 2   INF   Streaming data to LCD
2020-03-05 13:29:31.548   CNC 2   INF   Data streamed
2020-03-05 13:29:41.717   CNC 2   INF   Workplace color: green
2020-03-05 13:29:41.718   CNC 2   INF   Streaming data to LCD
2020-03-05 13:29:41.718   CNC 2   INF   Data streamed
2020-03-05 13:29:51.890   CNC 2   INF   Workplace color: green
2020-03-05 13:29:51.890   CNC 2   INF   Streaming data to LCD
2020-03-05 13:29:51.890   CNC 2   INF   Data streamed
2020-03-05 13:30:02.209   CNC 2   INF   Workplace color: green
2020-03-05 13:30:02.209   CNC 2   INF   Streaming data to LCD
2020-03-05 13:30:02.209   CNC 2   INF   Data streamed
2020-03-05 13:30:12.392   CNC 2   INF   Workplace color: green
2020-03-05 13:30:12.392   CNC 2   INF   Streaming data to LCD
2020-03-05 13:30:12.392   CNC 2   INF   Data streamed
2020-03-05 13:30:22.678   CNC 2   INF   Workplace color: green
2020-03-05 13:30:22.678   CNC 2   INF   Streaming data to LCD
2020-03-05 13:30:22.678   CNC 2   INF   Data streamed
2020-03-05 13:30:32.980   CNC 2   INF   Workplace color: green
2020-03-05 13:30:32.980   CNC 2   INF   Streaming data to LCD
2020-03-05 13:30:32.980   CNC 2   INF   Data streamed
2020-03-05 13:30:43.150   CNC 2   INF   Workplace color: green
2020-03-05 13:30:43.150   CNC 2   INF   Streaming data to LCD
2020-03-05 13:30:43.150   CNC 2   INF   Data streamed
2020-03-05 13:30:53.352   CNC 2   INF   Workplace color: green
2020-03-05 13:30:53.352   CNC 2   INF   Streaming data to LCD
2020-03-05 13:30:53.352   CNC 2   INF   Data streamed
2020-03-05 13:31:03.854   CNC 2   INF   Workplace color: green
2020-03-05 13:31:03.854   CNC 2   INF   Streaming data to LCD
2020-03-05 13:31:03.854   CNC 2   INF   Data streamed
2020-03-05 13:31:14.202   CNC 2   INF   Workplace color: green
2020-03-05 13:31:14.202   CNC 2   INF   Streaming data to LCD
2020-03-05 13:31:14.202   CNC 2   INF   Data streamed
2020-03-05 13:31:24.372   CNC 2   INF   Workplace color: green
2020-03-05 13:31:24.372   CNC 2   INF   Streaming data to LCD
2020-03-05 13:31:24.373   CNC 2   INF   Data streamed
2020-03-05 13:31:34.866   CNC 2   INF   Workplace color: green
2020-03-05 13:31:34.866   CNC 2   INF   Streaming data to LCD
2020-03-05 13:31:34.866   CNC 2   INF   Data streamed
2020-03-05 13:31:45.170   CNC 2   INF   Workplace color: green
2020-03-05 13:31:45.170   CNC 2   INF   Streaming data to LCD
2020-03-05 13:31:45.171   CNC 2   INF   Data streamed
2020-03-05 13:31:55.433   CNC 2   INF   Workplace color: green
2020-03-05 13:31:55.433   CNC 2   INF   Streaming data to LCD
2020-03-05 13:31:55.434   CNC 2   INF   Data streamed
2020-03-05 13:32:05.636   CNC 2   INF   Workplace color: green
2020-03-05 13:32:05.637   CNC 2   INF   Streaming data to LCD
2020-03-05 13:32:05.637   CNC 2   INF   Data streamed
2020-03-05 13:32:15.814   CNC 2   INF   Workplace color: green
2020-03-05 13:32:15.814   CNC 2   INF   Streaming data to LCD
2020-03-05 13:32:15.814   CNC 2   INF   Data streamed
2020-03-05 13:32:26.017   CNC 2   INF   Workplace color: green
2020-03-05 13:32:26.017   CNC 2   INF   Streaming data to LCD
2020-03-05 13:32:26.017   CNC 2   INF   Data streamed
2020-03-05 13:32:36.214   CNC 2   INF   Workplace color: green
2020-03-05 13:32:36.215   CNC 2   INF   Streaming data to LCD
2020-03-05 13:32:36.215   CNC 2   INF   Data streamed
2020-03-05 13:32:46.461   CNC 2   INF   Workplace color: green
2020-03-05 13:32:46.461   CNC 2   INF   Streaming data to LCD
2020-03-05 13:32:46.461   CNC 2   INF   Data streamed
2020-03-05 13:32:56.982   CNC 2   INF   Workplace color: green
2020-03-05 13:32:56.982   CNC 2   INF   Streaming data to LCD
2020-03-05 13:32:56.982   CNC 2   INF   Data streamed
2020-03-05 13:33:07.284   CNC 2   INF   Workplace color: green
2020-03-05 13:33:07.284   CNC 2   INF   Streaming data to LCD
2020-03-05 13:33:07.284   CNC 2   INF   Data streamed
2020-03-05 13:33:17.557   CNC 2   INF   Workplace color: green
2020-03-05 13:33:17.557   CNC 2   INF   Streaming data to LCD
2020-03-05 13:33:17.557   CNC 2   INF   Data streamed
2020-03-05 13:33:27.971   CNC 2   INF   Workplace color: green
2020-03-05 13:33:27.972   CNC 2   INF   Streaming data to LCD
2020-03-05 13:33:27.972   CNC 2   INF   Data streamed
2020-03-05 13:33:38.412   CNC 2   INF   Workplace color: green
2020-03-05 13:33:38.412   CNC 2   INF   Streaming data to LCD
2020-03-05 13:33:38.413   CNC 2   INF   Data streamed
2020-03-05 13:33:41.959   CNC 2   INF   Workplace color: green
2020-03-05 13:33:41.960   CNC 2   INF   Streaming data to LCD
2020-03-05 13:33:41.960   CNC 2   INF   Data streamed
2020-03-05 13:33:52.323   CNC 2   INF   Workplace color: green
2020-03-05 13:33:52.323   CNC 2   INF   Streaming data to LCD
2020-03-05 13:33:52.323   CNC 2   INF   Data streamed
2020-03-05 13:34:02.631   CNC 2   INF   Workplace color: green
2020-03-05 13:34:02.631   CNC 2   INF   Streaming data to LCD
2020-03-05 13:34:02.631   CNC 2   INF   Data streamed
2020-03-05 13:34:13.100   CNC 2   INF   Workplace color: green
2020-03-05 13:34:13.100   CNC 2   INF   Streaming data to LCD
2020-03-05 13:34:13.100   CNC 2   INF   Data streamed
2020-03-05 13:34:23.464   CNC 2   INF   Workplace color: green
2020-03-05 13:34:23.464   CNC 2   INF   Streaming data to LCD
2020-03-05 13:34:23.464   CNC 2   INF   Data streamed
2020-03-05 13:34:34.338   CNC 2   INF   Workplace color: green
2020-03-05 13:34:34.339   CNC 2   INF   Streaming data to LCD
2020-03-05 13:34:34.339   CNC 2   INF   Data streamed
2020-03-05 13:34:44.733   CNC 2   INF   Workplace color: green
2020-03-05 13:34:44.734   CNC 2   INF   Streaming data to LCD
2020-03-05 13:34:44.734   CNC 2   INF   Data streamed
2020-03-05 13:34:55.369   CNC 2   INF   Workplace color: green
2020-03-05 13:34:55.369   CNC 2   INF   Streaming data to LCD
2020-03-05 13:34:55.369   CNC 2   INF   Data streamed
2020-03-05 13:35:05.655   CNC 2   INF   Workplace color: green
2020-03-05 13:35:05.655   CNC 2   INF   Streaming data to LCD
2020-03-05 13:35:05.655   CNC 2   INF   Data streamed
2020-03-05 13:35:15.991   CNC 2   INF   Workplace color: green
2020-03-05 13:35:15.991   CNC 2   INF   Streaming data to LCD
2020-03-05 13:35:15.991   CNC 2   INF   Data streamed
2020-03-05 13:35:26.299   CNC 2   INF   Workplace color: green
2020-03-05 13:35:26.299   CNC 2   INF   Streaming data to LCD
2020-03-05 13:35:26.299   CNC 2   INF   Data streamed
2020-03-05 13:35:37.048   CNC 2   INF   Workplace color: green
2020-03-05 13:35:37.049   CNC 2   INF   Streaming data to LCD
2020-03-05 13:35:37.049   CNC 2   INF   Data streamed
2020-03-05 13:35:47.382   CNC 2   INF   Workplace color: green
2020-03-05 13:35:47.382   CNC 2   INF   Streaming data to LCD
2020-03-05 13:35:47.382   CNC 2   INF   Data streamed
2020-03-05 13:35:57.596   CNC 2   INF   Workplace color: green
2020-03-05 13:35:57.596   CNC 2   INF   Streaming data to LCD
2020-03-05 13:35:57.596   CNC 2   INF   Data streamed
2020-03-05 13:36:07.902   CNC 2   INF   Workplace color: green
2020-03-05 13:36:07.902   CNC 2   INF   Streaming data to LCD
2020-03-05 13:36:07.902   CNC 2   INF   Data streamed
2020-03-05 13:36:18.226   CNC 2   INF   Workplace color: green
2020-03-05 13:36:18.227   CNC 2   INF   Streaming data to LCD
2020-03-05 13:36:18.227   CNC 2   INF   Data streamed
2020-03-05 13:36:28.521   CNC 2   INF   Workplace color: green
2020-03-05 13:36:28.521   CNC 2   INF   Streaming data to LCD
2020-03-05 13:36:28.521   CNC 2   INF   Data streamed
2020-03-05 13:36:38.818   CNC 2   INF   Workplace color: green
2020-03-05 13:36:38.818   CNC 2   INF   Streaming data to LCD
2020-03-05 13:36:38.818   CNC 2   INF   Data streamed
2020-03-05 13:36:49.189   CNC 2   INF   Workplace color: green
2020-03-05 13:36:49.189   CNC 2   INF   Streaming data to LCD
2020-03-05 13:36:49.190   CNC 2   INF   Data streamed
2020-03-05 13:36:59.466   CNC 2   INF   Workplace color: green
2020-03-05 13:36:59.466   CNC 2   INF   Streaming data to LCD
2020-03-05 13:36:59.467   CNC 2   INF   Data streamed
2020-03-05 13:37:09.725   CNC 2   INF   Workplace color: green
2020-03-05 13:37:09.725   CNC 2   INF   Streaming data to LCD
2020-03-05 13:37:09.725   CNC 2   INF   Data streamed
2020-03-05 13:37:20.002   CNC 2   INF   Workplace color: green
2020-03-05 13:37:20.002   CNC 2   INF   Streaming data to LCD
2020-03-05 13:37:20.003   CNC 2   INF   Data streamed
2020-03-05 13:37:30.375   CNC 2   INF   Workplace color: green
2020-03-05 13:37:30.375   CNC 2   INF   Streaming data to LCD
2020-03-05 13:37:30.375   CNC 2   INF   Data streamed
2020-03-05 13:37:40.673   CNC 2   INF   Workplace color: green
2020-03-05 13:37:40.673   CNC 2   INF   Streaming data to LCD
2020-03-05 13:37:40.674   CNC 2   INF   Data streamed
2020-03-05 13:37:50.964   CNC 2   INF   Workplace color: green
2020-03-05 13:37:50.964   CNC 2   INF   Streaming data to LCD
2020-03-05 13:37:50.965   CNC 2   INF   Data streamed
2020-03-05 13:38:01.299   CNC 2   INF   Workplace color: green
2020-03-05 13:38:01.299   CNC 2   INF   Streaming data to LCD
2020-03-05 13:38:01.299   CNC 2   INF   Data streamed
2020-03-05 13:38:11.628   CNC 2   INF   Workplace color: green
2020-03-05 13:38:11.629   CNC 2   INF   Streaming data to LCD
2020-03-05 13:38:11.629   CNC 2   INF   Data streamed
2020-03-05 13:38:21.907   CNC 2   INF   Workplace color: green
2020-03-05 13:38:21.908   CNC 2   INF   Streaming data to LCD
2020-03-05 13:38:21.908   CNC 2   INF   Data streamed
2020-03-05 13:38:32.227   CNC 2   INF   Workplace color: green
2020-03-05 13:38:32.227   CNC 2   INF   Streaming data to LCD
2020-03-05 13:38:32.227   CNC 2   INF   Data streamed
2020-03-05 13:38:42.531   CNC 2   INF   Workplace color: green
2020-03-05 13:38:42.531   CNC 2   INF   Streaming data to LCD
2020-03-05 13:38:42.532   CNC 2   INF   Data streamed
2020-03-05 13:38:52.858   CNC 2   INF   Workplace color: green
2020-03-05 13:38:52.858   CNC 2   INF   Streaming data to LCD
2020-03-05 13:38:52.858   CNC 2   INF   Data streamed
2020-03-05 13:39:03.182   CNC 2   INF   Workplace color: green
2020-03-05 13:39:03.182   CNC 2   INF   Streaming data to LCD
2020-03-05 13:39:03.182   CNC 2   INF   Data streamed
2020-03-05 13:39:13.622   CNC 2   INF   Workplace color: green
2020-03-05 13:39:13.622   CNC 2   INF   Streaming data to LCD
2020-03-05 13:39:13.623   CNC 2   INF   Data streamed
2020-03-05 13:39:24.147   CNC 2   INF   Workplace color: green
2020-03-05 13:39:24.147   CNC 2   INF   Streaming data to LCD
2020-03-05 13:39:24.147   CNC 2   INF   Data streamed
2020-03-05 13:39:34.471   CNC 2   INF   Workplace color: green
2020-03-05 13:39:34.471   CNC 2   INF   Streaming data to LCD
2020-03-05 13:39:34.471   CNC 2   INF   Data streamed
2020-03-05 13:39:44.793   CNC 2   INF   Workplace color: green
2020-03-05 13:39:44.793   CNC 2   INF   Streaming data to LCD
2020-03-05 13:39:44.793   CNC 2   INF   Data streamed
2020-03-05 13:39:55.130   CNC 2   INF   Workplace color: green
2020-03-05 13:39:55.130   CNC 2   INF   Streaming data to LCD
2020-03-05 13:39:55.130   CNC 2   INF   Data streamed
2020-03-05 13:40:05.391   CNC 2   INF   Workplace color: green
2020-03-05 13:40:05.391   CNC 2   INF   Streaming data to LCD
2020-03-05 13:40:05.391   CNC 2   INF   Data streamed
2020-03-05 13:40:15.683   CNC 2   INF   Workplace color: green
2020-03-05 13:40:15.683   CNC 2   INF   Streaming data to LCD
2020-03-05 13:40:15.683   CNC 2   INF   Data streamed
2020-03-05 13:40:25.988   CNC 2   INF   Workplace color: green
2020-03-05 13:40:25.988   CNC 2   INF   Streaming data to LCD
2020-03-05 13:40:25.988   CNC 2   INF   Data streamed
2020-03-05 13:40:36.299   CNC 2   INF   Workplace color: green
2020-03-05 13:40:36.299   CNC 2   INF   Streaming data to LCD
2020-03-05 13:40:36.299   CNC 2   INF   Data streamed
2020-03-05 13:40:46.606   CNC 2   INF   Workplace color: green
2020-03-05 13:40:46.606   CNC 2   INF   Streaming data to LCD
2020-03-05 13:40:46.607   CNC 2   INF   Data streamed
2020-03-05 13:40:56.890   CNC 2   INF   Workplace color: green
2020-03-05 13:40:56.890   CNC 2   INF   Streaming data to LCD
2020-03-05 13:40:56.890   CNC 2   INF   Data streamed
2020-03-05 13:41:07.192   CNC 2   INF   Workplace color: green
2020-03-05 13:41:07.192   CNC 2   INF   Streaming data to LCD
2020-03-05 13:41:07.192   CNC 2   INF   Data streamed
2020-03-05 13:41:17.417   CNC 2   INF   Workplace color: green
2020-03-05 13:41:17.417   CNC 2   INF   Streaming data to LCD
2020-03-05 13:41:17.417   CNC 2   INF   Data streamed
2020-03-05 13:41:27.783   CNC 2   INF   Workplace color: green
2020-03-05 13:41:27.783   CNC 2   INF   Streaming data to LCD
2020-03-05 13:41:27.783   CNC 2   INF   Data streamed
2020-03-05 13:44:08.148   CNC 2   INF   Workplace color: green
2020-03-05 13:44:08.148   CNC 2   INF   Streaming data to LCD
2020-03-05 13:44:08.148   CNC 2   INF   Data streamed
2020-03-05 13:44:18.396   CNC 2   INF   Workplace color: green
2020-03-05 13:44:18.396   CNC 2   INF   Streaming data to LCD
2020-03-05 13:44:18.396   CNC 2   INF   Data streamed
2020-03-05 13:44:28.741   CNC 2   INF   Workplace color: green
2020-03-05 13:44:28.741   CNC 2   INF   Streaming data to LCD
2020-03-05 13:44:28.741   CNC 2   INF   Data streamed
2020-03-05 13:44:39.093   CNC 2   INF   Workplace color: green
2020-03-05 13:44:39.093   CNC 2   INF   Streaming data to LCD
2020-03-05 13:44:39.094   CNC 2   INF   Data streamed
2020-03-05 13:44:49.360   CNC 2   INF   Workplace color: green
2020-03-05 13:44:49.360   CNC 2   INF   Streaming data to LCD
2020-03-05 13:44:49.360   CNC 2   INF   Data streamed
2020-03-05 13:44:59.671   CNC 2   INF   Workplace color: green
2020-03-05 13:44:59.671   CNC 2   INF   Streaming data to LCD
2020-03-05 13:44:59.671   CNC 2   INF   Data streamed
2020-03-05 13:45:09.971   CNC 2   INF   Workplace color: green
2020-03-05 13:45:09.971   CNC 2   INF   Streaming data to LCD
2020-03-05 13:45:09.971   CNC 2   INF   Data streamed
2020-03-05 13:45:20.392   CNC 2   INF   Workplace color: green
2020-03-05 13:45:20.392   CNC 2   INF   Streaming data to LCD
2020-03-05 13:45:20.392   CNC 2   INF   Data streamed
2020-03-05 13:45:30.630   CNC 2   INF   Workplace color: green
2020-03-05 13:45:30.630   CNC 2   INF   Streaming data to LCD
2020-03-05 13:45:30.630   CNC 2   INF   Data streamed
2020-03-05 13:45:40.955   CNC 2   INF   Workplace color: green
2020-03-05 13:45:40.955   CNC 2   INF   Streaming data to LCD
2020-03-05 13:45:40.955   CNC 2   INF   Data streamed
2020-03-05 13:45:51.232   CNC 2   INF   Workplace color: green
2020-03-05 13:45:51.233   CNC 2   INF   Streaming data to LCD
2020-03-05 13:45:51.233   CNC 2   INF   Data streamed
2020-03-05 13:46:01.484   CNC 2   INF   Workplace color: green
2020-03-05 13:46:01.484   CNC 2   INF   Streaming data to LCD
2020-03-05 13:46:01.484   CNC 2   INF   Data streamed
2020-03-05 13:46:11.801   CNC 2   INF   Workplace color: green
2020-03-05 13:46:11.802   CNC 2   INF   Streaming data to LCD
2020-03-05 13:46:11.803   CNC 2   INF   Data streamed
2020-03-05 13:46:22.289   CNC 2   INF   Workplace color: green
2020-03-05 13:46:22.290   CNC 2   INF   Streaming data to LCD
2020-03-05 13:46:22.290   CNC 2   INF   Data streamed
2020-03-05 13:46:32.685   CNC 2   INF   Workplace color: green
2020-03-05 13:46:32.685   CNC 2   INF   Streaming data to LCD
2020-03-05 13:46:32.685   CNC 2   INF   Data streamed
2020-03-05 13:46:43.167   CNC 2   INF   Workplace color: orange
2020-03-05 13:46:43.167   CNC 2   INF   Streaming data to LCD
2020-03-05 13:46:43.167   CNC 2   INF   Data streamed
2020-03-05 13:46:53.439   CNC 2   INF   Workplace color: orange
2020-03-05 13:46:53.439   CNC 2   INF   Streaming data to LCD
2020-03-05 13:46:53.439   CNC 2   INF   Data streamed
2020-03-05 13:47:03.734   CNC 2   INF   Workplace color: orange
2020-03-05 13:47:03.734   CNC 2   INF   Streaming data to LCD
2020-03-05 13:47:03.734   CNC 2   INF   Data streamed
2020-03-05 13:47:13.939   CNC 2   INF   Workplace color: orange
2020-03-05 13:47:13.939   CNC 2   INF   Streaming data to LCD
2020-03-05 13:47:13.939   CNC 2   INF   Data streamed
2020-03-05 13:47:24.141   CNC 2   INF   Workplace color: orange
2020-03-05 13:47:24.141   CNC 2   INF   Streaming data to LCD
2020-03-05 13:47:24.141   CNC 2   INF   Data streamed
2020-03-05 13:47:34.371   CNC 2   INF   Workplace color: orange
2020-03-05 13:47:34.371   CNC 2   INF   Streaming data to LCD
2020-03-05 13:47:34.371   CNC 2   INF   Data streamed
2020-03-05 13:47:44.578   CNC 2   INF   Workplace color: orange
2020-03-05 13:47:44.578   CNC 2   INF   Streaming data to LCD
2020-03-05 13:47:44.578   CNC 2   INF   Data streamed
2020-03-05 13:47:54.886   CNC 2   INF   Workplace color: orange
2020-03-05 13:47:54.886   CNC 2   INF   Streaming data to LCD
2020-03-05 13:47:54.886   CNC 2   INF   Data streamed
2020-03-05 13:48:05.217   CNC 2   INF   Workplace color: orange
2020-03-05 13:48:05.217   CNC 2   INF   Streaming data to LCD
2020-03-05 13:48:05.217   CNC 2   INF   Data streamed
2020-03-05 13:48:15.505   CNC 2   INF   Workplace color: orange
2020-03-05 13:48:15.506   CNC 2   INF   Streaming data to LCD
2020-03-05 13:48:15.506   CNC 2   INF   Data streamed
2020-03-05 13:48:25.833   CNC 2   INF   Workplace color: orange
2020-03-05 13:48:25.833   CNC 2   INF   Streaming data to LCD
2020-03-05 13:48:25.833   CNC 2   INF   Data streamed
2020-03-05 13:48:36.370   CNC 2   INF   Workplace color: orange
2020-03-05 13:48:36.371   CNC 2   INF   Streaming data to LCD
2020-03-05 13:48:36.372   CNC 2   INF   Data streamed
2020-03-05 13:48:43.813   CNC 2   INF   Workplace color: orange
2020-03-05 13:48:43.813   CNC 2   INF   Streaming data to LCD
2020-03-05 13:48:43.813   CNC 2   INF   Data streamed
2020-03-05 13:48:52.572   CNC 2   INF   Workplace color: orange
2020-03-05 13:48:52.572   CNC 2   INF   Streaming data to LCD
2020-03-05 13:48:52.572   CNC 2   INF   Data streamed
2020-03-05 13:49:02.893   CNC 2   INF   Workplace color: orange
2020-03-05 13:49:02.893   CNC 2   INF   Streaming data to LCD
2020-03-05 13:49:02.893   CNC 2   INF   Data streamed
2020-03-05 13:49:13.110   CNC 2   INF   Workplace color: orange
2020-03-05 13:49:13.110   CNC 2   INF   Streaming data to LCD
2020-03-05 13:49:13.110   CNC 2   INF   Data streamed
2020-03-05 13:49:23.333   CNC 2   INF   Workplace color: orange
2020-03-05 13:49:23.333   CNC 2   INF   Streaming data to LCD
2020-03-05 13:49:23.333   CNC 2   INF   Data streamed
2020-03-05 13:49:33.691   CNC 2   INF   Workplace color: orange
2020-03-05 13:49:33.691   CNC 2   INF   Streaming data to LCD
2020-03-05 13:49:33.691   CNC 2   INF   Data streamed
2020-03-05 13:49:44.168   CNC 2   INF   Workplace color: orange
2020-03-05 13:49:44.168   CNC 2   INF   Streaming data to LCD
2020-03-05 13:49:44.168   CNC 2   INF   Data streamed
2020-03-05 13:49:54.760   CNC 2   INF   Workplace color: orange
2020-03-05 13:49:54.760   CNC 2   INF   Streaming data to LCD
2020-03-05 13:49:54.760   CNC 2   INF   Data streamed
2020-03-05 13:50:05.370   CNC 2   INF   Workplace color: orange
2020-03-05 13:50:05.371   CNC 2   INF   Streaming data to LCD
2020-03-05 13:50:05.371   CNC 2   INF   Data streamed
2020-03-05 13:50:17.546   CNC 2   INF   Workplace color: orange, order: Internal, downtime: , user:  
2020-03-05 13:50:17.547   CNC 2   INF   Streaming data to LCD
2020-03-05 13:50:17.547   CNC 2   INF   Data streamed
2020-03-05 13:50:27.891   CNC 2   INF   Workplace color: orange, order: Internal, downtime: , user:  
2020-03-05 13:50:27.891   CNC 2   INF   Streaming data to LCD
2020-03-05 13:50:27.891   CNC 2   INF   Data streamed
2020-03-05 13:50:38.157   CNC 2   INF   Workplace color: orange, order: Internal, downtime: , user:  
2020-03-05 13:50:38.158   CNC 2   INF   Streaming data to LCD
2020-03-05 13:50:38.158   CNC 2   INF   Data streamed
2020-03-05 13:50:48.487   CNC 2   INF   Workplace color: orange, order: Internal, downtime: , user:  
2020-03-05 13:50:48.487   CNC 2   INF   Streaming data to LCD
2020-03-05 13:50:48.487   CNC 2   INF   Data streamed
2020-03-05 13:50:58.904   CNC 2   INF   Workplace color: orange, order: Internal, downtime: , user:  
2020-03-05 13:50:58.904   CNC 2   INF   Streaming data to LCD
2020-03-05 13:50:58.904   CNC 2   INF   Data streamed
2020-03-05 13:51:09.309   CNC 2   INF   Workplace color: orange, order: Internal, downtime: , user:  
2020-03-05 13:51:09.310   CNC 2   INF   Streaming data to LCD
2020-03-05 13:51:09.310   CNC 2   INF   Data streamed
2020-03-05 13:51:19.666   CNC 2   INF   Workplace color: orange, order: Internal, downtime: , user:  
2020-03-05 13:51:19.667   CNC 2   INF   Streaming data to LCD
2020-03-05 13:51:19.667   CNC 2   INF   Data streamed
2020-03-05 13:51:30.010   CNC 2   INF   Workplace color: orange, order: Internal, downtime: , user:  
2020-03-05 13:51:30.010   CNC 2   INF   Streaming data to LCD
2020-03-05 13:51:30.010   CNC 2   INF   Data streamed
2020-03-05 13:51:40.441   CNC 2   INF   Workplace color: orange, order: Internal, downtime: , user:  
2020-03-05 13:51:40.441   CNC 2   INF   Streaming data to LCD
2020-03-05 13:51:40.441   CNC 2   INF   Data streamed
2020-03-05 13:51:51.041   CNC 2   INF   Workplace color: orange, order: Internal, downtime: , user:  
2020-03-05 13:51:51.041   CNC 2   INF   Streaming data to LCD
2020-03-05 13:51:51.041   CNC 2   INF   Data streamed
2020-03-05 13:52:01.474   CNC 2   INF   Workplace color: orange, order: Internal, downtime: , user:  
2020-03-05 13:52:01.474   CNC 2   INF   Streaming data to LCD
2020-03-05 13:52:01.475   CNC 2   INF   Data streamed
2020-03-05 13:52:11.894   CNC 2   INF   Workplace color: orange, order: Internal, downtime: , user:  
2020-03-05 13:52:11.895   CNC 2   INF   Streaming data to LCD
2020-03-05 13:52:11.895   CNC 2   INF   Data streamed
2020-03-05 13:52:22.274   CNC 2   INF   Workplace color: orange, order: Internal, downtime: , user:  
2020-03-05 13:52:22.274   CNC 2   INF   Streaming data to LCD
2020-03-05 13:52:22.274   CNC 2   INF   Data streamed
