2020-03-31 11:49:30.522   CNC 8   INF   Workplace color: orange, order: , downtime: No reason downtime, user: 
2020-03-31 11:49:30.522   CNC 8   INF   Streaming data to LCD
2020-03-31 11:49:30.522   CNC 8   INF   Data streamed
2020-03-31 11:49:40.819   CNC 8   INF   Workplace color: orange, order: , downtime: No reason downtime, user: 
2020-03-31 11:49:40.819   CNC 8   INF   Streaming data to LCD
2020-03-31 11:49:40.820   CNC 8   INF   Data streamed
2020-03-31 11:49:51.075   CNC 8   INF   Workplace color: orange, order: , downtime: No reason downtime, user: 
2020-03-31 11:49:51.075   CNC 8   INF   Streaming data to LCD
2020-03-31 11:49:51.075   CNC 8   INF   Data streamed
2020-03-31 11:50:00.865   CNC 8   INF   Workplace color: orange, order: , downtime: No reason downtime, user: 
2020-03-31 11:50:00.865   CNC 8   INF   Streaming data to LCD
2020-03-31 11:50:00.866   CNC 8   INF   Data streamed
2020-03-31 11:50:46.830   CNC 8   INF   Workplace color: orange, order: , downtime: No reason downtime, user: 
2020-03-31 11:50:46.830   CNC 8   INF   Streaming data to LCD
2020-03-31 11:50:46.830   CNC 8   INF   Data streamed
2020-03-31 11:50:57.063   CNC 8   INF   Workplace color: orange, order: , downtime: No reason downtime, user: 
2020-03-31 11:50:57.063   CNC 8   INF   Streaming data to LCD
2020-03-31 11:50:57.063   CNC 8   INF   Data streamed
2020-03-31 11:51:07.310   CNC 8   INF   Workplace color: orange, order: , downtime: No reason downtime, user: 
2020-03-31 11:51:07.311   CNC 8   INF   Streaming data to LCD
2020-03-31 11:51:07.311   CNC 8   INF   Data streamed
2020-03-31 11:51:17.770   CNC 8   INF   Workplace color: orange, order: , downtime: No reason downtime, user: 
2020-03-31 11:51:17.770   CNC 8   INF   Streaming data to LCD
2020-03-31 11:51:17.770   CNC 8   INF   Data streamed
2020-03-31 11:51:28.004   CNC 8   INF   Workplace color: orange, order: , downtime: No reason downtime, user: 
2020-03-31 11:51:28.004   CNC 8   INF   Streaming data to LCD
2020-03-31 11:51:28.004   CNC 8   INF   Data streamed
2020-03-31 11:51:38.195   CNC 8   INF   Workplace color: orange, order: , downtime: No reason downtime, user: 
2020-03-31 11:51:38.195   CNC 8   INF   Streaming data to LCD
2020-03-31 11:51:38.195   CNC 8   INF   Data streamed
2020-03-31 11:51:49.383   CNC 8   INF   Workplace color: orange, order: , downtime: No reason downtime, user: 
2020-03-31 11:51:49.383   CNC 8   INF   Streaming data to LCD
2020-03-31 11:51:49.383   CNC 8   INF   Data streamed
2020-03-31 11:51:59.768   CNC 8   INF   Workplace color: orange, order: , downtime: No reason downtime, user: 
2020-03-31 11:51:59.768   CNC 8   INF   Streaming data to LCD
2020-03-31 11:51:59.768   CNC 8   INF   Data streamed
2020-03-31 11:52:10.087   CNC 8   INF   Workplace color: orange, order: , downtime: No reason downtime, user: 
2020-03-31 11:52:10.087   CNC 8   INF   Streaming data to LCD
2020-03-31 11:52:10.087   CNC 8   INF   Data streamed
2020-03-31 11:52:20.401   CNC 8   INF   Workplace color: orange, order: , downtime: No reason downtime, user: 
2020-03-31 11:52:20.402   CNC 8   INF   Streaming data to LCD
2020-03-31 11:52:20.402   CNC 8   INF   Data streamed
2020-03-31 11:52:30.656   CNC 8   INF   Workplace color: orange, order: , downtime: No reason downtime, user: 
2020-03-31 11:52:30.656   CNC 8   INF   Streaming data to LCD
2020-03-31 11:52:30.656   CNC 8   INF   Data streamed
2020-03-31 11:52:40.912   CNC 8   INF   Workplace color: orange, order: , downtime: No reason downtime, user: 
2020-03-31 11:52:40.912   CNC 8   INF   Streaming data to LCD
2020-03-31 11:52:40.912   CNC 8   INF   Data streamed
2020-03-31 11:52:51.108   CNC 8   INF   Workplace color: orange, order: , downtime: No reason downtime, user: 
2020-03-31 11:52:51.108   CNC 8   INF   Streaming data to LCD
2020-03-31 11:52:51.109   CNC 8   INF   Data streamed
2020-03-31 11:53:01.305   CNC 8   INF   Workplace color: orange, order: , downtime: No reason downtime, user: 
2020-03-31 11:53:01.305   CNC 8   INF   Streaming data to LCD
2020-03-31 11:53:01.305   CNC 8   INF   Data streamed
2020-03-31 11:53:11.522   CNC 8   INF   Workplace color: orange, order: , downtime: No reason downtime, user: 
2020-03-31 11:53:11.523   CNC 8   INF   Streaming data to LCD
2020-03-31 11:53:11.523   CNC 8   INF   Data streamed
2020-03-31 11:53:21.726   CNC 8   INF   Workplace color: orange, order: , downtime: No reason downtime, user: 
2020-03-31 11:53:21.726   CNC 8   INF   Streaming data to LCD
2020-03-31 11:53:21.726   CNC 8   INF   Data streamed
2020-03-31 11:53:31.931   CNC 8   INF   Workplace color: orange, order: , downtime: No reason downtime, user: 
2020-03-31 11:53:31.931   CNC 8   INF   Streaming data to LCD
2020-03-31 11:53:31.931   CNC 8   INF   Data streamed
2020-03-31 11:53:42.140   CNC 8   INF   Workplace color: orange, order: , downtime: No reason downtime, user: 
2020-03-31 11:53:42.140   CNC 8   INF   Streaming data to LCD
2020-03-31 11:53:42.140   CNC 8   INF   Data streamed
2020-03-31 11:53:52.462   CNC 8   INF   Workplace color: orange, order: , downtime: No reason downtime, user: 
2020-03-31 11:53:52.462   CNC 8   INF   Streaming data to LCD
2020-03-31 11:53:52.462   CNC 8   INF   Data streamed
2020-03-31 11:54:02.789   CNC 8   INF   Workplace color: orange, order: , downtime: No reason downtime, user: 
2020-03-31 11:54:02.789   CNC 8   INF   Streaming data to LCD
2020-03-31 11:54:02.789   CNC 8   INF   Data streamed
2020-03-31 11:54:13.201   CNC 8   INF   Workplace color: orange, order: , downtime: No reason downtime, user: 
2020-03-31 11:54:13.202   CNC 8   INF   Streaming data to LCD
2020-03-31 11:54:13.202   CNC 8   INF   Data streamed
2020-03-31 11:54:23.633   CNC 8   INF   Workplace color: orange, order: , downtime: No reason downtime, user: 
2020-03-31 11:54:23.633   CNC 8   INF   Streaming data to LCD
2020-03-31 11:54:23.634   CNC 8   INF   Data streamed
2020-03-31 11:54:33.961   CNC 8   INF   Workplace color: orange, order: , downtime: No reason downtime, user: 
2020-03-31 11:54:33.961   CNC 8   INF   Streaming data to LCD
2020-03-31 11:54:33.961   CNC 8   INF   Data streamed
2020-03-31 11:54:44.564   CNC 8   INF   Workplace color: orange, order: , downtime: No reason downtime, user: 
2020-03-31 11:54:44.564   CNC 8   INF   Streaming data to LCD
2020-03-31 11:54:44.564   CNC 8   INF   Data streamed
2020-03-31 11:54:52.276   CNC 8   INF   Workplace color: orange, order: , downtime: No reason downtime, user: 
2020-03-31 11:54:52.276   CNC 8   INF   Streaming data to LCD
2020-03-31 11:54:52.276   CNC 8   INF   Data streamed
2020-03-31 11:55:03.731   CNC 8   INF   Workplace color: orange, order: , downtime: No reason downtime, user: 
2020-03-31 11:55:03.732   CNC 8   INF   Streaming data to LCD
2020-03-31 11:55:03.732   CNC 8   INF   Data streamed
2020-03-31 11:55:14.112   CNC 8   INF   Workplace color: orange, order: , downtime: No reason downtime, user: 
2020-03-31 11:55:14.112   CNC 8   INF   Streaming data to LCD
2020-03-31 11:55:14.112   CNC 8   INF   Data streamed
2020-03-31 11:55:24.500   CNC 8   INF   Workplace color: orange, order: , downtime: No reason downtime, user: 
2020-03-31 11:55:24.500   CNC 8   INF   Streaming data to LCD
2020-03-31 11:55:24.500   CNC 8   INF   Data streamed
2020-03-31 11:55:34.790   CNC 8   INF   Workplace color: orange, order: , downtime: No reason downtime, user: 
2020-03-31 11:55:34.790   CNC 8   INF   Streaming data to LCD
2020-03-31 11:55:34.790   CNC 8   INF   Data streamed
2020-03-31 11:55:45.425   CNC 8   INF   Workplace color: orange, order: , downtime: No reason downtime, user: 
2020-03-31 11:55:45.425   CNC 8   INF   Streaming data to LCD
2020-03-31 11:55:45.425   CNC 8   INF   Data streamed
2020-03-31 11:55:55.249   CNC 8   INF   Workplace color: orange, order: , downtime: No reason downtime, user: 
2020-03-31 11:55:55.249   CNC 8   INF   Streaming data to LCD
2020-03-31 11:55:55.249   CNC 8   INF   Data streamed
2020-03-31 11:56:05.730   CNC 8   INF   Workplace color: orange, order: , downtime: No reason downtime, user: 
2020-03-31 11:56:05.730   CNC 8   INF   Streaming data to LCD
2020-03-31 11:56:05.730   CNC 8   INF   Data streamed
2020-03-31 11:56:16.140   CNC 8   INF   Workplace color: orange, order: , downtime: No reason downtime, user: 
2020-03-31 11:56:16.140   CNC 8   INF   Streaming data to LCD
2020-03-31 11:56:16.140   CNC 8   INF   Data streamed
2020-03-31 11:56:26.641   CNC 8   INF   Workplace color: orange, order: , downtime: No reason downtime, user: 
2020-03-31 11:56:26.641   CNC 8   INF   Streaming data to LCD
2020-03-31 11:56:26.642   CNC 8   INF   Data streamed
2020-03-31 11:56:32.463   CNC 8   INF   Workplace color: orange, order: , downtime: No reason downtime, user: 
2020-03-31 11:56:32.463   CNC 8   INF   Streaming data to LCD
2020-03-31 11:56:32.463   CNC 8   INF   Data streamed
2020-03-31 11:56:42.806   CNC 8   INF   Workplace color: orange, order: , downtime: No reason downtime, user: 
2020-03-31 11:56:42.806   CNC 8   INF   Streaming data to LCD
2020-03-31 11:56:42.807   CNC 8   INF   Data streamed
2020-03-31 11:56:53.551   CNC 8   INF   Workplace color: orange, order: , downtime: No reason downtime, user: 
2020-03-31 11:56:53.551   CNC 8   INF   Streaming data to LCD
2020-03-31 11:56:53.551   CNC 8   INF   Data streamed
2020-03-31 11:57:04.059   CNC 8   INF   Workplace color: orange, order: , downtime: No reason downtime, user: 
2020-03-31 11:57:04.060   CNC 8   INF   Streaming data to LCD
2020-03-31 11:57:04.060   CNC 8   INF   Data streamed
2020-03-31 11:57:14.270   CNC 8   INF   Workplace color: orange, order: , downtime: No reason downtime, user: 
2020-03-31 11:57:14.270   CNC 8   INF   Streaming data to LCD
2020-03-31 11:57:14.270   CNC 8   INF   Data streamed
2020-03-31 11:57:24.444   CNC 8   INF   Workplace color: orange, order: , downtime: No reason downtime, user: 
2020-03-31 11:57:24.444   CNC 8   INF   Streaming data to LCD
2020-03-31 11:57:24.444   CNC 8   INF   Data streamed
2020-03-31 11:57:34.616   CNC 8   INF   Workplace color: orange, order: , downtime: No reason downtime, user: 
2020-03-31 11:57:34.616   CNC 8   INF   Streaming data to LCD
2020-03-31 11:57:34.616   CNC 8   INF   Data streamed
2020-03-31 11:57:44.952   CNC 8   INF   Workplace color: orange, order: , downtime: No reason downtime, user: 
2020-03-31 11:57:44.952   CNC 8   INF   Streaming data to LCD
2020-03-31 11:57:44.952   CNC 8   INF   Data streamed
2020-03-31 11:57:55.700   CNC 8   INF   Workplace color: orange, order: , downtime: No reason downtime, user: 
2020-03-31 11:57:55.701   CNC 8   INF   Streaming data to LCD
2020-03-31 11:57:55.701   CNC 8   INF   Data streamed
2020-03-31 11:58:06.235   CNC 8   INF   Workplace color: orange, order: , downtime: No reason downtime, user: 
2020-03-31 11:58:06.235   CNC 8   INF   Streaming data to LCD
2020-03-31 11:58:06.235   CNC 8   INF   Data streamed
2020-03-31 11:58:16.806   CNC 8   INF   Workplace color: orange, order: , downtime: No reason downtime, user: 
2020-03-31 11:58:16.806   CNC 8   INF   Streaming data to LCD
2020-03-31 11:58:16.807   CNC 8   INF   Data streamed
2020-03-31 11:58:26.990   CNC 8   INF   Workplace color: orange, order: , downtime: No reason downtime, user: 
2020-03-31 11:58:26.990   CNC 8   INF   Streaming data to LCD
2020-03-31 11:58:26.990   CNC 8   INF   Data streamed
2020-03-31 11:58:37.170   CNC 8   INF   Workplace color: orange, order: , downtime: No reason downtime, user: 
2020-03-31 11:58:37.170   CNC 8   INF   Streaming data to LCD
2020-03-31 11:58:37.170   CNC 8   INF   Data streamed
2020-03-31 11:58:47.334   CNC 8   INF   Workplace color: orange, order: , downtime: No reason downtime, user: 
2020-03-31 11:58:47.334   CNC 8   INF   Streaming data to LCD
2020-03-31 11:58:47.334   CNC 8   INF   Data streamed
2020-03-31 11:58:57.539   CNC 8   INF   Workplace color: orange, order: , downtime: No reason downtime, user: 
2020-03-31 11:58:57.539   CNC 8   INF   Streaming data to LCD
2020-03-31 11:58:57.539   CNC 8   INF   Data streamed
2020-03-31 11:59:07.724   CNC 8   INF   Workplace color: orange, order: , downtime: No reason downtime, user: 
2020-03-31 11:59:07.724   CNC 8   INF   Streaming data to LCD
2020-03-31 11:59:07.724   CNC 8   INF   Data streamed
2020-03-31 11:59:17.897   CNC 8   INF   Workplace color: orange, order: , downtime: No reason downtime, user: 
2020-03-31 11:59:17.897   CNC 8   INF   Streaming data to LCD
2020-03-31 11:59:17.897   CNC 8   INF   Data streamed
2020-03-31 11:59:28.071   CNC 8   INF   Workplace color: orange, order: , downtime: No reason downtime, user: 
2020-03-31 11:59:28.072   CNC 8   INF   Streaming data to LCD
2020-03-31 11:59:28.072   CNC 8   INF   Data streamed
2020-03-31 11:59:38.324   CNC 8   INF   Workplace color: orange, order: , downtime: No reason downtime, user: 
2020-03-31 11:59:38.324   CNC 8   INF   Streaming data to LCD
2020-03-31 11:59:38.325   CNC 8   INF   Data streamed
2020-03-31 11:59:48.495   CNC 8   INF   Workplace color: orange, order: , downtime: No reason downtime, user: 
2020-03-31 11:59:48.495   CNC 8   INF   Streaming data to LCD
2020-03-31 11:59:48.495   CNC 8   INF   Data streamed
2020-03-31 11:59:58.708   CNC 8   INF   Workplace color: orange, order: , downtime: No reason downtime, user: 
2020-03-31 11:59:58.708   CNC 8   INF   Streaming data to LCD
2020-03-31 11:59:58.708   CNC 8   INF   Data streamed
2020-03-31 12:00:08.889   CNC 8   INF   Workplace color: orange, order: , downtime: No reason downtime, user: 
2020-03-31 12:00:08.889   CNC 8   INF   Streaming data to LCD
2020-03-31 12:00:08.889   CNC 8   INF   Data streamed
2020-03-31 12:00:19.078   CNC 8   INF   Workplace color: orange, order: , downtime: No reason downtime, user: 
2020-03-31 12:00:19.078   CNC 8   INF   Streaming data to LCD
2020-03-31 12:00:19.078   CNC 8   INF   Data streamed
2020-03-31 12:00:29.272   CNC 8   INF   Workplace color: orange, order: , downtime: No reason downtime, user: 
2020-03-31 12:00:29.272   CNC 8   INF   Streaming data to LCD
2020-03-31 12:00:29.272   CNC 8   INF   Data streamed
2020-03-31 12:00:49.482   CNC 8   INF   Workplace color: green, order: , downtime: No reason downtime, user: 
2020-03-31 12:00:49.483   CNC 8   INF   Streaming data to LCD
2020-03-31 12:00:49.483   CNC 8   INF   Data streamed
2020-03-31 12:01:19.698   CNC 8   INF   Workplace color: green, order: , downtime: No reason downtime, user: 
2020-03-31 12:01:19.698   CNC 8   INF   Streaming data to LCD
2020-03-31 12:01:19.698   CNC 8   INF   Data streamed
2020-03-31 12:01:29.901   CNC 8   INF   Workplace color: green, order: Internal, downtime: , user:  
2020-03-31 12:01:29.902   CNC 8   INF   Streaming data to LCD
2020-03-31 12:01:29.902   CNC 8   INF   Data streamed
2020-03-31 12:01:40.065   CNC 8   INF   Workplace color: green, order: Internal, downtime: , user:  
2020-03-31 12:01:40.065   CNC 8   INF   Streaming data to LCD
2020-03-31 12:01:40.065   CNC 8   INF   Data streamed
2020-03-31 12:01:50.241   CNC 8   INF   Workplace color: green, order: Internal, downtime: , user:  
2020-03-31 12:01:50.241   CNC 8   INF   Streaming data to LCD
2020-03-31 12:01:50.241   CNC 8   INF   Data streamed
2020-03-31 12:02:00.407   CNC 8   INF   Workplace color: green, order: Internal, downtime: , user:  
2020-03-31 12:02:00.407   CNC 8   INF   Streaming data to LCD
2020-03-31 12:02:00.407   CNC 8   INF   Data streamed
2020-03-31 12:02:10.587   CNC 8   INF   Workplace color: green, order: Internal, downtime: , user:  
2020-03-31 12:02:10.587   CNC 8   INF   Streaming data to LCD
2020-03-31 12:02:10.587   CNC 8   INF   Data streamed
2020-03-31 12:02:20.779   CNC 8   INF   Workplace color: green, order: Internal, downtime: , user:  
2020-03-31 12:02:20.779   CNC 8   INF   Streaming data to LCD
2020-03-31 12:02:20.779   CNC 8   INF   Data streamed
2020-03-31 12:02:30.947   CNC 8   INF   Workplace color: green, order: Internal, downtime: , user:  
2020-03-31 12:02:30.947   CNC 8   INF   Streaming data to LCD
2020-03-31 12:02:30.947   CNC 8   INF   Data streamed
2020-03-31 12:02:41.139   CNC 8   INF   Workplace color: green, order: Internal, downtime: , user:  
2020-03-31 12:02:41.139   CNC 8   INF   Streaming data to LCD
2020-03-31 12:02:41.139   CNC 8   INF   Data streamed
2020-03-31 12:02:51.647   CNC 8   INF   Workplace color: green, order: Internal, downtime: , user:  
2020-03-31 12:02:51.647   CNC 8   INF   Streaming data to LCD
2020-03-31 12:02:51.647   CNC 8   INF   Data streamed
2020-03-31 12:03:02.376   CNC 8   INF   Workplace color: green, order: Internal, downtime: , user:  
2020-03-31 12:03:02.376   CNC 8   INF   Streaming data to LCD
2020-03-31 12:03:02.376   CNC 8   INF   Data streamed
2020-03-31 12:03:12.676   CNC 8   INF   Workplace color: green, order: Internal, downtime: , user:  
2020-03-31 12:03:12.676   CNC 8   INF   Streaming data to LCD
2020-03-31 12:03:12.676   CNC 8   INF   Data streamed
2020-03-31 12:03:22.860   CNC 8   INF   Workplace color: green, order: Internal, downtime: , user:  
2020-03-31 12:03:22.860   CNC 8   INF   Streaming data to LCD
2020-03-31 12:03:22.860   CNC 8   INF   Data streamed
2020-03-31 12:03:33.053   CNC 8   INF   Workplace color: green, order: Internal, downtime: , user:  
2020-03-31 12:03:33.053   CNC 8   INF   Streaming data to LCD
2020-03-31 12:03:33.053   CNC 8   INF   Data streamed
2020-03-31 12:03:43.242   CNC 8   INF   Workplace color: green, order: Internal, downtime: , user:  
2020-03-31 12:03:43.242   CNC 8   INF   Streaming data to LCD
2020-03-31 12:03:43.243   CNC 8   INF   Data streamed
2020-03-31 12:03:53.470   CNC 8   INF   Workplace color: green, order: Internal, downtime: , user:  
2020-03-31 12:03:53.470   CNC 8   INF   Streaming data to LCD
2020-03-31 12:03:53.470   CNC 8   INF   Data streamed
2020-03-31 12:04:03.647   CNC 8   INF   Workplace color: green, order: Internal, downtime: , user:  
2020-03-31 12:04:03.647   CNC 8   INF   Streaming data to LCD
2020-03-31 12:04:03.647   CNC 8   INF   Data streamed
2020-03-31 12:04:13.823   CNC 8   INF   Workplace color: green, order: Internal, downtime: , user:  
2020-03-31 12:04:13.823   CNC 8   INF   Streaming data to LCD
2020-03-31 12:04:13.823   CNC 8   INF   Data streamed
2020-03-31 12:04:24.005   CNC 8   INF   Workplace color: green, order: Internal, downtime: , user:  
2020-03-31 12:04:24.005   CNC 8   INF   Streaming data to LCD
2020-03-31 12:04:24.005   CNC 8   INF   Data streamed
2020-03-31 12:04:34.161   CNC 8   INF   Workplace color: green, order: Internal, downtime: , user:  
2020-03-31 12:04:34.161   CNC 8   INF   Streaming data to LCD
2020-03-31 12:04:34.161   CNC 8   INF   Data streamed
2020-03-31 12:04:44.336   CNC 8   INF   Workplace color: green, order: Internal, downtime: , user:  
2020-03-31 12:04:44.336   CNC 8   INF   Streaming data to LCD
2020-03-31 12:04:44.336   CNC 8   INF   Data streamed
2020-03-31 12:04:54.503   CNC 8   INF   Workplace color: green, order: Internal, downtime: , user:  
2020-03-31 12:04:54.503   CNC 8   INF   Streaming data to LCD
2020-03-31 12:04:54.503   CNC 8   INF   Data streamed
2020-03-31 12:05:04.677   CNC 8   INF   Workplace color: green, order: Internal, downtime: , user:  
2020-03-31 12:05:04.677   CNC 8   INF   Streaming data to LCD
2020-03-31 12:05:04.678   CNC 8   INF   Data streamed
2020-03-31 12:05:14.845   CNC 8   INF   Workplace color: green, order: Internal, downtime: , user:  
2020-03-31 12:05:14.845   CNC 8   INF   Streaming data to LCD
2020-03-31 12:05:14.845   CNC 8   INF   Data streamed
2020-03-31 12:05:25.031   CNC 8   INF   Workplace color: green, order: Internal, downtime: , user:  
2020-03-31 12:05:25.031   CNC 8   INF   Streaming data to LCD
2020-03-31 12:05:25.031   CNC 8   INF   Data streamed
2020-03-31 12:05:35.212   CNC 8   INF   Workplace color: green, order: Internal, downtime: , user:  
2020-03-31 12:05:35.212   CNC 8   INF   Streaming data to LCD
2020-03-31 12:05:35.212   CNC 8   INF   Data streamed
2020-03-31 12:05:45.403   CNC 8   INF   Workplace color: green, order: Internal, downtime: , user:  
2020-03-31 12:05:45.403   CNC 8   INF   Streaming data to LCD
2020-03-31 12:05:45.403   CNC 8   INF   Data streamed
2020-03-31 12:05:55.586   CNC 8   INF   Workplace color: green, order: Internal, downtime: , user:  
2020-03-31 12:05:55.586   CNC 8   INF   Streaming data to LCD
2020-03-31 12:05:55.586   CNC 8   INF   Data streamed
2020-03-31 12:06:05.755   CNC 8   INF   Workplace color: green, order: Internal, downtime: , user:  
2020-03-31 12:06:05.755   CNC 8   INF   Streaming data to LCD
2020-03-31 12:06:05.755   CNC 8   INF   Data streamed
2020-03-31 12:06:15.947   CNC 8   INF   Workplace color: green, order: Internal, downtime: , user:  
2020-03-31 12:06:15.947   CNC 8   INF   Streaming data to LCD
2020-03-31 12:06:15.947   CNC 8   INF   Data streamed
2020-03-31 12:06:26.128   CNC 8   INF   Workplace color: green, order: Internal, downtime: , user:  
2020-03-31 12:06:26.128   CNC 8   INF   Streaming data to LCD
2020-03-31 12:06:26.128   CNC 8   INF   Data streamed
2020-03-31 12:06:36.308   CNC 8   INF   Workplace color: green, order: Internal, downtime: , user:  
2020-03-31 12:06:36.308   CNC 8   INF   Streaming data to LCD
2020-03-31 12:06:36.308   CNC 8   INF   Data streamed
2020-03-31 12:06:46.503   CNC 8   INF   Workplace color: green, order: Internal, downtime: , user:  
2020-03-31 12:06:46.504   CNC 8   INF   Streaming data to LCD
2020-03-31 12:06:46.504   CNC 8   INF   Data streamed
2020-03-31 12:06:54.634   CNC 8   INF   Workplace color: green, order: Internal, downtime: , user:  
2020-03-31 12:06:54.634   CNC 8   INF   Streaming data to LCD
2020-03-31 12:06:54.634   CNC 8   INF   Data streamed
2020-03-31 12:07:05.009   CNC 8   INF   Workplace color: green, order: Internal, downtime: , user:  
2020-03-31 12:07:05.009   CNC 8   INF   Streaming data to LCD
2020-03-31 12:07:05.009   CNC 8   INF   Data streamed
2020-03-31 12:07:15.216   CNC 8   INF   Workplace color: green, order: Internal, downtime: , user:  
2020-03-31 12:07:15.216   CNC 8   INF   Streaming data to LCD
2020-03-31 12:07:15.216   CNC 8   INF   Data streamed
2020-03-31 12:07:25.512   CNC 8   INF   Workplace color: green, order: Internal, downtime: , user:  
2020-03-31 12:07:25.512   CNC 8   INF   Streaming data to LCD
2020-03-31 12:07:25.512   CNC 8   INF   Data streamed
2020-03-31 12:07:35.874   CNC 8   INF   Workplace color: green, order: Internal, downtime: , user:  
2020-03-31 12:07:35.875   CNC 8   INF   Streaming data to LCD
2020-03-31 12:07:35.875   CNC 8   INF   Data streamed
2020-03-31 12:07:46.334   CNC 8   INF   Workplace color: green, order: Internal, downtime: , user:  
2020-03-31 12:07:46.334   CNC 8   INF   Streaming data to LCD
2020-03-31 12:07:46.334   CNC 8   INF   Data streamed
2020-03-31 12:07:56.675   CNC 8   INF   Workplace color: green, order: Internal, downtime: , user:  
2020-03-31 12:07:56.675   CNC 8   INF   Streaming data to LCD
2020-03-31 12:07:56.675   CNC 8   INF   Data streamed
2020-03-31 12:08:07.065   CNC 8   INF   Workplace color: green, order: Internal, downtime: , user:  
2020-03-31 12:08:07.065   CNC 8   INF   Streaming data to LCD
2020-03-31 12:08:07.065   CNC 8   INF   Data streamed
2020-03-31 12:08:17.366   CNC 8   INF   Workplace color: green, order: Internal, downtime: , user:  
2020-03-31 12:08:17.366   CNC 8   INF   Streaming data to LCD
2020-03-31 12:08:17.366   CNC 8   INF   Data streamed
2020-03-31 12:08:27.563   CNC 8   INF   Workplace color: green, order: Internal, downtime: , user:  
2020-03-31 12:08:27.563   CNC 8   INF   Streaming data to LCD
2020-03-31 12:08:27.563   CNC 8   INF   Data streamed
