2020-03-05 12:46:06.836   CNC 14   INF   Workplace color: green
2020-03-05 12:46:06.836   CNC 14   INF   Streaming data to LCD
2020-03-05 12:46:06.836   CNC 14   INF   Data streamed
2020-03-05 13:01:44.569   CNC 14   INF   Workplace color: green
2020-03-05 13:01:44.569   CNC 14   INF   Streaming data to LCD
2020-03-05 13:01:44.569   CNC 14   INF   Data streamed
2020-03-05 13:01:54.781   CNC 14   INF   Workplace color: green
2020-03-05 13:01:54.781   CNC 14   INF   Streaming data to LCD
2020-03-05 13:01:54.782   CNC 14   INF   Data streamed
2020-03-05 13:02:04.928   CNC 14   INF   Workplace color: green
2020-03-05 13:02:04.928   CNC 14   INF   Streaming data to LCD
2020-03-05 13:02:04.928   CNC 14   INF   Data streamed
2020-03-05 13:02:15.071   CNC 14   INF   Workplace color: green
2020-03-05 13:02:15.071   CNC 14   INF   Streaming data to LCD
2020-03-05 13:02:15.071   CNC 14   INF   Data streamed
2020-03-05 13:02:25.204   CNC 14   INF   Workplace color: green
2020-03-05 13:02:25.204   CNC 14   INF   Streaming data to LCD
2020-03-05 13:02:25.204   CNC 14   INF   Data streamed
2020-03-05 13:02:35.355   CNC 14   INF   Workplace color: green
2020-03-05 13:02:35.355   CNC 14   INF   Streaming data to LCD
2020-03-05 13:02:35.355   CNC 14   INF   Data streamed
2020-03-05 13:02:45.516   CNC 14   INF   Workplace color: green
2020-03-05 13:02:45.516   CNC 14   INF   Streaming data to LCD
2020-03-05 13:02:45.516   CNC 14   INF   Data streamed
2020-03-05 13:02:55.656   CNC 14   INF   Workplace color: green
2020-03-05 13:02:55.656   CNC 14   INF   Streaming data to LCD
2020-03-05 13:02:55.656   CNC 14   INF   Data streamed
2020-03-05 13:03:05.793   CNC 14   INF   Workplace color: green
2020-03-05 13:03:05.793   CNC 14   INF   Streaming data to LCD
2020-03-05 13:03:05.793   CNC 14   INF   Data streamed
2020-03-05 13:03:15.933   CNC 14   INF   Workplace color: green
2020-03-05 13:03:15.933   CNC 14   INF   Streaming data to LCD
2020-03-05 13:03:15.933   CNC 14   INF   Data streamed
2020-03-05 13:03:26.071   CNC 14   INF   Workplace color: green
2020-03-05 13:03:26.071   CNC 14   INF   Streaming data to LCD
2020-03-05 13:03:26.071   CNC 14   INF   Data streamed
2020-03-05 13:03:36.207   CNC 14   INF   Workplace color: green
2020-03-05 13:03:36.207   CNC 14   INF   Streaming data to LCD
2020-03-05 13:03:36.207   CNC 14   INF   Data streamed
2020-03-05 13:03:46.336   CNC 14   INF   Workplace color: green
2020-03-05 13:03:46.336   CNC 14   INF   Streaming data to LCD
2020-03-05 13:03:46.336   CNC 14   INF   Data streamed
2020-03-05 13:03:56.473   CNC 14   INF   Workplace color: green
2020-03-05 13:03:56.473   CNC 14   INF   Streaming data to LCD
2020-03-05 13:03:56.473   CNC 14   INF   Data streamed
2020-03-05 13:04:06.706   CNC 14   INF   Workplace color: green
2020-03-05 13:04:06.707   CNC 14   INF   Streaming data to LCD
2020-03-05 13:04:06.707   CNC 14   INF   Data streamed
2020-03-05 13:04:12.482   CNC 14   INF   Workplace color: green
2020-03-05 13:04:12.482   CNC 14   INF   Streaming data to LCD
2020-03-05 13:04:12.482   CNC 14   INF   Data streamed
2020-03-05 13:04:22.675   CNC 14   INF   Workplace color: green
2020-03-05 13:04:22.675   CNC 14   INF   Streaming data to LCD
2020-03-05 13:04:22.675   CNC 14   INF   Data streamed
2020-03-05 13:04:32.902   CNC 14   INF   Workplace color: green
2020-03-05 13:04:32.902   CNC 14   INF   Streaming data to LCD
2020-03-05 13:04:32.903   CNC 14   INF   Data streamed
2020-03-05 13:04:43.187   CNC 14   INF   Workplace color: green
2020-03-05 13:04:43.187   CNC 14   INF   Streaming data to LCD
2020-03-05 13:04:43.188   CNC 14   INF   Data streamed
2020-03-05 13:04:53.349   CNC 14   INF   Workplace color: green
2020-03-05 13:04:53.349   CNC 14   INF   Streaming data to LCD
2020-03-05 13:04:53.349   CNC 14   INF   Data streamed
2020-03-05 13:08:21.154   CNC 14   INF   Workplace color: red
2020-03-05 13:08:21.154   CNC 14   INF   Streaming data to LCD
2020-03-05 13:08:21.154   CNC 14   INF   Data streamed
2020-03-05 13:08:31.511   CNC 14   INF   Workplace color: red
2020-03-05 13:08:31.511   CNC 14   INF   Streaming data to LCD
2020-03-05 13:08:31.511   CNC 14   INF   Data streamed
2020-03-05 13:08:41.736   CNC 14   INF   Workplace color: red
2020-03-05 13:08:41.736   CNC 14   INF   Streaming data to LCD
2020-03-05 13:08:41.736   CNC 14   INF   Data streamed
2020-03-05 13:09:06.149   CNC 14   INF   Workplace color: red
2020-03-05 13:09:06.149   CNC 14   INF   Streaming data to LCD
2020-03-05 13:09:06.149   CNC 14   INF   Data streamed
2020-03-05 13:09:16.518   CNC 14   INF   Workplace color: red
2020-03-05 13:09:16.518   CNC 14   INF   Streaming data to LCD
2020-03-05 13:09:16.518   CNC 14   INF   Data streamed
2020-03-05 13:09:27.302   CNC 14   INF   Workplace color: red
2020-03-05 13:09:27.302   CNC 14   INF   Streaming data to LCD
2020-03-05 13:09:27.302   CNC 14   INF   Data streamed
2020-03-05 13:09:37.601   CNC 14   INF   Workplace color: red
2020-03-05 13:09:37.601   CNC 14   INF   Streaming data to LCD
2020-03-05 13:09:37.601   CNC 14   INF   Data streamed
2020-03-05 13:09:47.828   CNC 14   INF   Workplace color: red
2020-03-05 13:09:47.828   CNC 14   INF   Streaming data to LCD
2020-03-05 13:09:47.828   CNC 14   INF   Data streamed
2020-03-05 13:09:59.248   CNC 14   INF   Workplace color: red
2020-03-05 13:09:59.248   CNC 14   INF   Streaming data to LCD
2020-03-05 13:09:59.248   CNC 14   INF   Data streamed
2020-03-05 13:10:30.217   CNC 14   INF   Workplace color: red
2020-03-05 13:10:30.217   CNC 14   INF   Streaming data to LCD
2020-03-05 13:10:30.217   CNC 14   INF   Data streamed
2020-03-05 13:10:56.009   CNC 14   INF   Workplace color: red
2020-03-05 13:10:56.009   CNC 14   INF   Streaming data to LCD
2020-03-05 13:10:56.009   CNC 14   INF   Data streamed
2020-03-05 13:11:19.544   CNC 14   INF   Workplace color: red
2020-03-05 13:11:19.544   CNC 14   INF   Streaming data to LCD
2020-03-05 13:11:19.544   CNC 14   INF   Data streamed
2020-03-05 13:22:39.531   CNC 14   INF   Workplace color: red
2020-03-05 13:22:39.532   CNC 14   INF   Streaming data to LCD
2020-03-05 13:22:39.532   CNC 14   INF   Data streamed
2020-03-05 13:22:49.782   CNC 14   INF   Workplace color: red
2020-03-05 13:22:49.782   CNC 14   INF   Streaming data to LCD
2020-03-05 13:22:49.783   CNC 14   INF   Data streamed
2020-03-05 13:22:59.952   CNC 14   INF   Workplace color: red
2020-03-05 13:22:59.952   CNC 14   INF   Streaming data to LCD
2020-03-05 13:22:59.952   CNC 14   INF   Data streamed
2020-03-05 13:23:10.225   CNC 14   INF   Workplace color: red
2020-03-05 13:23:10.225   CNC 14   INF   Streaming data to LCD
2020-03-05 13:23:10.225   CNC 14   INF   Data streamed
2020-03-05 13:23:20.495   CNC 14   INF   Workplace color: red
2020-03-05 13:23:20.495   CNC 14   INF   Streaming data to LCD
2020-03-05 13:23:20.495   CNC 14   INF   Data streamed
2020-03-05 13:23:30.723   CNC 14   INF   Workplace color: red
2020-03-05 13:23:30.723   CNC 14   INF   Streaming data to LCD
2020-03-05 13:23:30.723   CNC 14   INF   Data streamed
2020-03-05 13:23:41.124   CNC 14   INF   Workplace color: red
2020-03-05 13:23:41.124   CNC 14   INF   Streaming data to LCD
2020-03-05 13:23:41.124   CNC 14   INF   Data streamed
2020-03-05 13:23:51.476   CNC 14   INF   Workplace color: red
2020-03-05 13:23:51.476   CNC 14   INF   Streaming data to LCD
2020-03-05 13:23:51.476   CNC 14   INF   Data streamed
2020-03-05 13:24:01.778   CNC 14   INF   Workplace color: red
2020-03-05 13:24:01.778   CNC 14   INF   Streaming data to LCD
2020-03-05 13:24:01.779   CNC 14   INF   Data streamed
2020-03-05 13:24:12.126   CNC 14   INF   Workplace color: red
2020-03-05 13:24:12.127   CNC 14   INF   Streaming data to LCD
2020-03-05 13:24:12.127   CNC 14   INF   Data streamed
2020-03-05 13:24:22.421   CNC 14   INF   Workplace color: red
2020-03-05 13:24:22.421   CNC 14   INF   Streaming data to LCD
2020-03-05 13:24:22.421   CNC 14   INF   Data streamed
2020-03-05 13:24:32.714   CNC 14   INF   Workplace color: red
2020-03-05 13:24:32.714   CNC 14   INF   Streaming data to LCD
2020-03-05 13:24:32.714   CNC 14   INF   Data streamed
2020-03-05 13:24:42.915   CNC 14   INF   Workplace color: red
2020-03-05 13:24:42.915   CNC 14   INF   Streaming data to LCD
2020-03-05 13:24:42.915   CNC 14   INF   Data streamed
2020-03-05 13:24:53.543   CNC 14   INF   Workplace color: red
2020-03-05 13:24:53.543   CNC 14   INF   Streaming data to LCD
2020-03-05 13:24:53.543   CNC 14   INF   Data streamed
2020-03-05 13:25:04.323   CNC 14   INF   Workplace color: red
2020-03-05 13:25:04.323   CNC 14   INF   Streaming data to LCD
2020-03-05 13:25:04.323   CNC 14   INF   Data streamed
2020-03-05 13:25:14.737   CNC 14   INF   Workplace color: red
2020-03-05 13:25:14.738   CNC 14   INF   Streaming data to LCD
2020-03-05 13:25:14.738   CNC 14   INF   Data streamed
2020-03-05 13:25:25.136   CNC 14   INF   Workplace color: red
2020-03-05 13:25:25.136   CNC 14   INF   Streaming data to LCD
2020-03-05 13:25:25.136   CNC 14   INF   Data streamed
2020-03-05 13:25:35.302   CNC 14   INF   Workplace color: red
2020-03-05 13:25:35.302   CNC 14   INF   Streaming data to LCD
2020-03-05 13:25:35.302   CNC 14   INF   Data streamed
2020-03-05 13:25:45.590   CNC 14   INF   Workplace color: red
2020-03-05 13:25:45.590   CNC 14   INF   Streaming data to LCD
2020-03-05 13:25:45.590   CNC 14   INF   Data streamed
2020-03-05 13:25:55.950   CNC 14   INF   Workplace color: red
2020-03-05 13:25:55.950   CNC 14   INF   Streaming data to LCD
2020-03-05 13:25:55.950   CNC 14   INF   Data streamed
2020-03-05 13:26:06.330   CNC 14   INF   Workplace color: red
2020-03-05 13:26:06.330   CNC 14   INF   Streaming data to LCD
2020-03-05 13:26:06.330   CNC 14   INF   Data streamed
2020-03-05 13:26:16.660   CNC 14   INF   Workplace color: red
2020-03-05 13:26:16.660   CNC 14   INF   Streaming data to LCD
2020-03-05 13:26:16.660   CNC 14   INF   Data streamed
2020-03-05 13:26:26.970   CNC 14   INF   Workplace color: red
2020-03-05 13:26:26.971   CNC 14   INF   Streaming data to LCD
2020-03-05 13:26:26.971   CNC 14   INF   Data streamed
2020-03-05 13:26:37.320   CNC 14   INF   Workplace color: red
2020-03-05 13:26:37.320   CNC 14   INF   Streaming data to LCD
2020-03-05 13:26:37.320   CNC 14   INF   Data streamed
2020-03-05 13:26:43.220   CNC 14   INF   Workplace color: red
2020-03-05 13:26:43.220   CNC 14   INF   Streaming data to LCD
2020-03-05 13:26:43.220   CNC 14   INF   Data streamed
2020-03-05 13:26:53.839   CNC 14   INF   Workplace color: red
2020-03-05 13:26:53.839   CNC 14   INF   Streaming data to LCD
2020-03-05 13:26:53.840   CNC 14   INF   Data streamed
2020-03-05 13:27:04.054   CNC 14   INF   Workplace color: red
2020-03-05 13:27:04.054   CNC 14   INF   Streaming data to LCD
2020-03-05 13:27:04.054   CNC 14   INF   Data streamed
2020-03-05 13:27:14.250   CNC 14   INF   Workplace color: red
2020-03-05 13:27:14.250   CNC 14   INF   Streaming data to LCD
2020-03-05 13:27:14.250   CNC 14   INF   Data streamed
2020-03-05 13:27:24.600   CNC 14   INF   Workplace color: red
2020-03-05 13:27:24.600   CNC 14   INF   Streaming data to LCD
2020-03-05 13:27:24.600   CNC 14   INF   Data streamed
2020-03-05 13:27:35.348   CNC 14   INF   Workplace color: red
2020-03-05 13:27:35.348   CNC 14   INF   Streaming data to LCD
2020-03-05 13:27:35.348   CNC 14   INF   Data streamed
2020-03-05 13:27:45.987   CNC 14   INF   Workplace color: red
2020-03-05 13:27:45.987   CNC 14   INF   Streaming data to LCD
2020-03-05 13:27:45.987   CNC 14   INF   Data streamed
2020-03-05 13:27:55.907   CNC 14   INF   Workplace color: red
2020-03-05 13:27:55.907   CNC 14   INF   Streaming data to LCD
2020-03-05 13:27:55.907   CNC 14   INF   Data streamed
2020-03-05 13:28:06.259   CNC 14   INF   Workplace color: red
2020-03-05 13:28:06.259   CNC 14   INF   Streaming data to LCD
2020-03-05 13:28:06.259   CNC 14   INF   Data streamed
2020-03-05 13:28:16.571   CNC 14   INF   Workplace color: red
2020-03-05 13:28:16.571   CNC 14   INF   Streaming data to LCD
2020-03-05 13:28:16.571   CNC 14   INF   Data streamed
2020-03-05 13:28:26.758   CNC 14   INF   Workplace color: red
2020-03-05 13:28:26.758   CNC 14   INF   Streaming data to LCD
2020-03-05 13:28:26.759   CNC 14   INF   Data streamed
2020-03-05 13:28:36.973   CNC 14   INF   Workplace color: red
2020-03-05 13:28:36.973   CNC 14   INF   Streaming data to LCD
2020-03-05 13:28:36.973   CNC 14   INF   Data streamed
2020-03-05 13:28:47.300   CNC 14   INF   Workplace color: red
2020-03-05 13:28:47.300   CNC 14   INF   Streaming data to LCD
2020-03-05 13:28:47.300   CNC 14   INF   Data streamed
2020-03-05 13:28:57.653   CNC 14   INF   Workplace color: red
2020-03-05 13:28:57.653   CNC 14   INF   Streaming data to LCD
2020-03-05 13:28:57.653   CNC 14   INF   Data streamed
2020-03-05 13:29:31.571   CNC 14   INF   Workplace color: red
2020-03-05 13:29:31.571   CNC 14   INF   Streaming data to LCD
2020-03-05 13:29:31.572   CNC 14   INF   Data streamed
2020-03-05 13:29:41.741   CNC 14   INF   Workplace color: red
2020-03-05 13:29:41.741   CNC 14   INF   Streaming data to LCD
2020-03-05 13:29:41.741   CNC 14   INF   Data streamed
2020-03-05 13:29:51.936   CNC 14   INF   Workplace color: red
2020-03-05 13:29:51.936   CNC 14   INF   Streaming data to LCD
2020-03-05 13:29:51.936   CNC 14   INF   Data streamed
2020-03-05 13:30:02.236   CNC 14   INF   Workplace color: red
2020-03-05 13:30:02.236   CNC 14   INF   Streaming data to LCD
2020-03-05 13:30:02.236   CNC 14   INF   Data streamed
2020-03-05 13:30:12.423   CNC 14   INF   Workplace color: red
2020-03-05 13:30:12.424   CNC 14   INF   Streaming data to LCD
2020-03-05 13:30:12.424   CNC 14   INF   Data streamed
2020-03-05 13:30:22.701   CNC 14   INF   Workplace color: red
2020-03-05 13:30:22.702   CNC 14   INF   Streaming data to LCD
2020-03-05 13:30:22.702   CNC 14   INF   Data streamed
2020-03-05 13:30:32.994   CNC 14   INF   Workplace color: red
2020-03-05 13:30:32.994   CNC 14   INF   Streaming data to LCD
2020-03-05 13:30:32.994   CNC 14   INF   Data streamed
2020-03-05 13:30:43.170   CNC 14   INF   Workplace color: red
2020-03-05 13:30:43.170   CNC 14   INF   Streaming data to LCD
2020-03-05 13:30:43.170   CNC 14   INF   Data streamed
2020-03-05 13:30:53.370   CNC 14   INF   Workplace color: red
2020-03-05 13:30:53.370   CNC 14   INF   Streaming data to LCD
2020-03-05 13:30:53.370   CNC 14   INF   Data streamed
2020-03-05 13:31:03.874   CNC 14   INF   Workplace color: red
2020-03-05 13:31:03.874   CNC 14   INF   Streaming data to LCD
2020-03-05 13:31:03.875   CNC 14   INF   Data streamed
2020-03-05 13:31:14.213   CNC 14   INF   Workplace color: red
2020-03-05 13:31:14.213   CNC 14   INF   Streaming data to LCD
2020-03-05 13:31:14.213   CNC 14   INF   Data streamed
2020-03-05 13:31:24.394   CNC 14   INF   Workplace color: red
2020-03-05 13:31:24.394   CNC 14   INF   Streaming data to LCD
2020-03-05 13:31:24.394   CNC 14   INF   Data streamed
2020-03-05 13:31:34.881   CNC 14   INF   Workplace color: red
2020-03-05 13:31:34.881   CNC 14   INF   Streaming data to LCD
2020-03-05 13:31:34.881   CNC 14   INF   Data streamed
2020-03-05 13:31:45.188   CNC 14   INF   Workplace color: red
2020-03-05 13:31:45.188   CNC 14   INF   Streaming data to LCD
2020-03-05 13:31:45.188   CNC 14   INF   Data streamed
2020-03-05 13:31:55.449   CNC 14   INF   Workplace color: red
2020-03-05 13:31:55.449   CNC 14   INF   Streaming data to LCD
2020-03-05 13:31:55.449   CNC 14   INF   Data streamed
2020-03-05 13:32:05.651   CNC 14   INF   Workplace color: red
2020-03-05 13:32:05.651   CNC 14   INF   Streaming data to LCD
2020-03-05 13:32:05.651   CNC 14   INF   Data streamed
2020-03-05 13:32:15.827   CNC 14   INF   Workplace color: red
2020-03-05 13:32:15.827   CNC 14   INF   Streaming data to LCD
2020-03-05 13:32:15.827   CNC 14   INF   Data streamed
2020-03-05 13:32:26.031   CNC 14   INF   Workplace color: red
2020-03-05 13:32:26.031   CNC 14   INF   Streaming data to LCD
2020-03-05 13:32:26.032   CNC 14   INF   Data streamed
2020-03-05 13:32:36.230   CNC 14   INF   Workplace color: red
2020-03-05 13:32:36.230   CNC 14   INF   Streaming data to LCD
2020-03-05 13:32:36.230   CNC 14   INF   Data streamed
2020-03-05 13:32:46.518   CNC 14   INF   Workplace color: red
2020-03-05 13:32:46.518   CNC 14   INF   Streaming data to LCD
2020-03-05 13:32:46.519   CNC 14   INF   Data streamed
2020-03-05 13:32:57.004   CNC 14   INF   Workplace color: red
2020-03-05 13:32:57.005   CNC 14   INF   Streaming data to LCD
2020-03-05 13:32:57.005   CNC 14   INF   Data streamed
2020-03-05 13:33:07.300   CNC 14   INF   Workplace color: red
2020-03-05 13:33:07.300   CNC 14   INF   Streaming data to LCD
2020-03-05 13:33:07.300   CNC 14   INF   Data streamed
2020-03-05 13:33:17.597   CNC 14   INF   Workplace color: red
2020-03-05 13:33:17.597   CNC 14   INF   Streaming data to LCD
2020-03-05 13:33:17.597   CNC 14   INF   Data streamed
2020-03-05 13:33:28.002   CNC 14   INF   Workplace color: red
2020-03-05 13:33:28.003   CNC 14   INF   Streaming data to LCD
2020-03-05 13:33:28.003   CNC 14   INF   Data streamed
2020-03-05 13:33:38.458   CNC 14   INF   Workplace color: red
2020-03-05 13:33:38.459   CNC 14   INF   Streaming data to LCD
2020-03-05 13:33:38.459   CNC 14   INF   Data streamed
2020-03-05 13:33:41.974   CNC 14   INF   Workplace color: red
2020-03-05 13:33:41.974   CNC 14   INF   Streaming data to LCD
2020-03-05 13:33:41.974   CNC 14   INF   Data streamed
2020-03-05 13:33:52.342   CNC 14   INF   Workplace color: red
2020-03-05 13:33:52.342   CNC 14   INF   Streaming data to LCD
2020-03-05 13:33:52.342   CNC 14   INF   Data streamed
2020-03-05 13:34:02.658   CNC 14   INF   Workplace color: red
2020-03-05 13:34:02.658   CNC 14   INF   Streaming data to LCD
2020-03-05 13:34:02.658   CNC 14   INF   Data streamed
2020-03-05 13:34:13.119   CNC 14   INF   Workplace color: red
2020-03-05 13:34:13.120   CNC 14   INF   Streaming data to LCD
2020-03-05 13:34:13.120   CNC 14   INF   Data streamed
2020-03-05 13:34:23.545   CNC 14   INF   Workplace color: red
2020-03-05 13:34:23.546   CNC 14   INF   Streaming data to LCD
2020-03-05 13:34:23.546   CNC 14   INF   Data streamed
2020-03-05 13:34:34.378   CNC 14   INF   Workplace color: red
2020-03-05 13:34:34.378   CNC 14   INF   Streaming data to LCD
2020-03-05 13:34:34.378   CNC 14   INF   Data streamed
2020-03-05 13:34:44.765   CNC 14   INF   Workplace color: red
2020-03-05 13:34:44.766   CNC 14   INF   Streaming data to LCD
2020-03-05 13:34:44.766   CNC 14   INF   Data streamed
2020-03-05 13:34:55.391   CNC 14   INF   Workplace color: red
2020-03-05 13:34:55.391   CNC 14   INF   Streaming data to LCD
2020-03-05 13:34:55.392   CNC 14   INF   Data streamed
2020-03-05 13:35:05.672   CNC 14   INF   Workplace color: red
2020-03-05 13:35:05.673   CNC 14   INF   Streaming data to LCD
2020-03-05 13:35:05.673   CNC 14   INF   Data streamed
2020-03-05 13:35:16.009   CNC 14   INF   Workplace color: red
2020-03-05 13:35:16.009   CNC 14   INF   Streaming data to LCD
2020-03-05 13:35:16.009   CNC 14   INF   Data streamed
2020-03-05 13:35:26.325   CNC 14   INF   Workplace color: red
2020-03-05 13:35:26.325   CNC 14   INF   Streaming data to LCD
2020-03-05 13:35:26.326   CNC 14   INF   Data streamed
2020-03-05 13:35:37.076   CNC 14   INF   Workplace color: red
2020-03-05 13:35:37.076   CNC 14   INF   Streaming data to LCD
2020-03-05 13:35:37.076   CNC 14   INF   Data streamed
2020-03-05 13:35:47.399   CNC 14   INF   Workplace color: red
2020-03-05 13:35:47.399   CNC 14   INF   Streaming data to LCD
2020-03-05 13:35:47.399   CNC 14   INF   Data streamed
2020-03-05 13:35:57.615   CNC 14   INF   Workplace color: red
2020-03-05 13:35:57.615   CNC 14   INF   Streaming data to LCD
2020-03-05 13:35:57.615   CNC 14   INF   Data streamed
2020-03-05 13:36:07.927   CNC 14   INF   Workplace color: red
2020-03-05 13:36:07.927   CNC 14   INF   Streaming data to LCD
2020-03-05 13:36:07.927   CNC 14   INF   Data streamed
2020-03-05 13:36:18.245   CNC 14   INF   Workplace color: red
2020-03-05 13:36:18.246   CNC 14   INF   Streaming data to LCD
2020-03-05 13:36:18.246   CNC 14   INF   Data streamed
2020-03-05 13:36:28.541   CNC 14   INF   Workplace color: red
2020-03-05 13:36:28.541   CNC 14   INF   Streaming data to LCD
2020-03-05 13:36:28.541   CNC 14   INF   Data streamed
2020-03-05 13:36:38.839   CNC 14   INF   Workplace color: red
2020-03-05 13:36:38.839   CNC 14   INF   Streaming data to LCD
2020-03-05 13:36:38.840   CNC 14   INF   Data streamed
2020-03-05 13:36:49.207   CNC 14   INF   Workplace color: red
2020-03-05 13:36:49.208   CNC 14   INF   Streaming data to LCD
2020-03-05 13:36:49.208   CNC 14   INF   Data streamed
2020-03-05 13:36:59.484   CNC 14   INF   Workplace color: red
2020-03-05 13:36:59.484   CNC 14   INF   Streaming data to LCD
2020-03-05 13:36:59.484   CNC 14   INF   Data streamed
2020-03-05 13:37:09.744   CNC 14   INF   Workplace color: red
2020-03-05 13:37:09.745   CNC 14   INF   Streaming data to LCD
2020-03-05 13:37:09.745   CNC 14   INF   Data streamed
2020-03-05 13:37:20.026   CNC 14   INF   Workplace color: red
2020-03-05 13:37:20.026   CNC 14   INF   Streaming data to LCD
2020-03-05 13:37:20.026   CNC 14   INF   Data streamed
2020-03-05 13:37:30.398   CNC 14   INF   Workplace color: red
2020-03-05 13:37:30.398   CNC 14   INF   Streaming data to LCD
2020-03-05 13:37:30.398   CNC 14   INF   Data streamed
2020-03-05 13:37:40.686   CNC 14   INF   Workplace color: red
2020-03-05 13:37:40.686   CNC 14   INF   Streaming data to LCD
2020-03-05 13:37:40.686   CNC 14   INF   Data streamed
2020-03-05 13:37:50.983   CNC 14   INF   Workplace color: red
2020-03-05 13:37:50.984   CNC 14   INF   Streaming data to LCD
2020-03-05 13:37:50.984   CNC 14   INF   Data streamed
2020-03-05 13:38:01.320   CNC 14   INF   Workplace color: red
2020-03-05 13:38:01.320   CNC 14   INF   Streaming data to LCD
2020-03-05 13:38:01.320   CNC 14   INF   Data streamed
2020-03-05 13:38:11.646   CNC 14   INF   Workplace color: red
2020-03-05 13:38:11.646   CNC 14   INF   Streaming data to LCD
2020-03-05 13:38:11.646   CNC 14   INF   Data streamed
2020-03-05 13:38:21.931   CNC 14   INF   Workplace color: red
2020-03-05 13:38:21.931   CNC 14   INF   Streaming data to LCD
2020-03-05 13:38:21.931   CNC 14   INF   Data streamed
2020-03-05 13:38:32.248   CNC 14   INF   Workplace color: red
2020-03-05 13:38:32.249   CNC 14   INF   Streaming data to LCD
2020-03-05 13:38:32.249   CNC 14   INF   Data streamed
2020-03-05 13:38:42.557   CNC 14   INF   Workplace color: red
2020-03-05 13:38:42.557   CNC 14   INF   Streaming data to LCD
2020-03-05 13:38:42.557   CNC 14   INF   Data streamed
2020-03-05 13:38:52.879   CNC 14   INF   Workplace color: red
2020-03-05 13:38:52.879   CNC 14   INF   Streaming data to LCD
2020-03-05 13:38:52.880   CNC 14   INF   Data streamed
2020-03-05 13:39:03.204   CNC 14   INF   Workplace color: red
2020-03-05 13:39:03.204   CNC 14   INF   Streaming data to LCD
2020-03-05 13:39:03.204   CNC 14   INF   Data streamed
2020-03-05 13:39:13.663   CNC 14   INF   Workplace color: red
2020-03-05 13:39:13.663   CNC 14   INF   Streaming data to LCD
2020-03-05 13:39:13.663   CNC 14   INF   Data streamed
2020-03-05 13:39:24.167   CNC 14   INF   Workplace color: red
2020-03-05 13:39:24.167   CNC 14   INF   Streaming data to LCD
2020-03-05 13:39:24.167   CNC 14   INF   Data streamed
2020-03-05 13:39:34.489   CNC 14   INF   Workplace color: red
2020-03-05 13:39:34.489   CNC 14   INF   Streaming data to LCD
2020-03-05 13:39:34.489   CNC 14   INF   Data streamed
2020-03-05 13:39:44.813   CNC 14   INF   Workplace color: red
2020-03-05 13:39:44.813   CNC 14   INF   Streaming data to LCD
2020-03-05 13:39:44.813   CNC 14   INF   Data streamed
2020-03-05 13:39:55.145   CNC 14   INF   Workplace color: red
2020-03-05 13:39:55.145   CNC 14   INF   Streaming data to LCD
2020-03-05 13:39:55.145   CNC 14   INF   Data streamed
2020-03-05 13:40:05.410   CNC 14   INF   Workplace color: red
2020-03-05 13:40:05.410   CNC 14   INF   Streaming data to LCD
2020-03-05 13:40:05.410   CNC 14   INF   Data streamed
2020-03-05 13:40:15.702   CNC 14   INF   Workplace color: red
2020-03-05 13:40:15.702   CNC 14   INF   Streaming data to LCD
2020-03-05 13:40:15.702   CNC 14   INF   Data streamed
2020-03-05 13:40:26.006   CNC 14   INF   Workplace color: red
2020-03-05 13:40:26.006   CNC 14   INF   Streaming data to LCD
2020-03-05 13:40:26.006   CNC 14   INF   Data streamed
2020-03-05 13:40:36.319   CNC 14   INF   Workplace color: red
2020-03-05 13:40:36.320   CNC 14   INF   Streaming data to LCD
2020-03-05 13:40:36.320   CNC 14   INF   Data streamed
2020-03-05 13:40:46.627   CNC 14   INF   Workplace color: red
2020-03-05 13:40:46.628   CNC 14   INF   Streaming data to LCD
2020-03-05 13:40:46.628   CNC 14   INF   Data streamed
2020-03-05 13:40:56.907   CNC 14   INF   Workplace color: red
2020-03-05 13:40:56.907   CNC 14   INF   Streaming data to LCD
2020-03-05 13:40:56.907   CNC 14   INF   Data streamed
2020-03-05 13:41:07.210   CNC 14   INF   Workplace color: red
2020-03-05 13:41:07.210   CNC 14   INF   Streaming data to LCD
2020-03-05 13:41:07.210   CNC 14   INF   Data streamed
2020-03-05 13:41:17.440   CNC 14   INF   Workplace color: red
2020-03-05 13:41:17.440   CNC 14   INF   Streaming data to LCD
2020-03-05 13:41:17.440   CNC 14   INF   Data streamed
2020-03-05 13:41:27.795   CNC 14   INF   Workplace color: red
2020-03-05 13:41:27.795   CNC 14   INF   Streaming data to LCD
2020-03-05 13:41:27.796   CNC 14   INF   Data streamed
2020-03-05 13:44:08.133   CNC 14   INF   Workplace color: green
2020-03-05 13:44:08.133   CNC 14   INF   Streaming data to LCD
2020-03-05 13:44:08.133   CNC 14   INF   Data streamed
2020-03-05 13:44:18.377   CNC 14   INF   Workplace color: green
2020-03-05 13:44:18.377   CNC 14   INF   Streaming data to LCD
2020-03-05 13:44:18.377   CNC 14   INF   Data streamed
2020-03-05 13:44:28.699   CNC 14   INF   Workplace color: green
2020-03-05 13:44:28.699   CNC 14   INF   Streaming data to LCD
2020-03-05 13:44:28.699   CNC 14   INF   Data streamed
2020-03-05 13:44:39.070   CNC 14   INF   Workplace color: green
2020-03-05 13:44:39.070   CNC 14   INF   Streaming data to LCD
2020-03-05 13:44:39.070   CNC 14   INF   Data streamed
2020-03-05 13:44:49.335   CNC 14   INF   Workplace color: green
2020-03-05 13:44:49.335   CNC 14   INF   Streaming data to LCD
2020-03-05 13:44:49.335   CNC 14   INF   Data streamed
2020-03-05 13:44:59.620   CNC 14   INF   Workplace color: green
2020-03-05 13:44:59.621   CNC 14   INF   Streaming data to LCD
2020-03-05 13:44:59.621   CNC 14   INF   Data streamed
2020-03-05 13:45:09.945   CNC 14   INF   Workplace color: green
2020-03-05 13:45:09.945   CNC 14   INF   Streaming data to LCD
2020-03-05 13:45:09.945   CNC 14   INF   Data streamed
2020-03-05 13:45:20.371   CNC 14   INF   Workplace color: green
2020-03-05 13:45:20.371   CNC 14   INF   Streaming data to LCD
2020-03-05 13:45:20.371   CNC 14   INF   Data streamed
2020-03-05 13:45:30.598   CNC 14   INF   Workplace color: green
2020-03-05 13:45:30.598   CNC 14   INF   Streaming data to LCD
2020-03-05 13:45:30.598   CNC 14   INF   Data streamed
2020-03-05 13:45:40.929   CNC 14   INF   Workplace color: green
2020-03-05 13:45:40.930   CNC 14   INF   Streaming data to LCD
2020-03-05 13:45:40.930   CNC 14   INF   Data streamed
2020-03-05 13:45:51.205   CNC 14   INF   Workplace color: green
2020-03-05 13:45:51.205   CNC 14   INF   Streaming data to LCD
2020-03-05 13:45:51.205   CNC 14   INF   Data streamed
2020-03-05 13:46:01.467   CNC 14   INF   Workplace color: green
2020-03-05 13:46:01.468   CNC 14   INF   Streaming data to LCD
2020-03-05 13:46:01.468   CNC 14   INF   Data streamed
2020-03-05 13:46:11.726   CNC 14   INF   Workplace color: green
2020-03-05 13:46:11.727   CNC 14   INF   Streaming data to LCD
2020-03-05 13:46:11.727   CNC 14   INF   Data streamed
2020-03-05 13:46:22.255   CNC 14   INF   Workplace color: green
2020-03-05 13:46:22.256   CNC 14   INF   Streaming data to LCD
2020-03-05 13:46:22.256   CNC 14   INF   Data streamed
2020-03-05 13:46:32.647   CNC 14   INF   Workplace color: green
2020-03-05 13:46:32.647   CNC 14   INF   Streaming data to LCD
2020-03-05 13:46:32.647   CNC 14   INF   Data streamed
2020-03-05 13:46:43.078   CNC 14   INF   Workplace color: green
2020-03-05 13:46:43.079   CNC 14   INF   Streaming data to LCD
2020-03-05 13:46:43.079   CNC 14   INF   Data streamed
2020-03-05 13:46:53.327   CNC 14   INF   Workplace color: green
2020-03-05 13:46:53.327   CNC 14   INF   Streaming data to LCD
2020-03-05 13:46:53.328   CNC 14   INF   Data streamed
2020-03-05 13:47:03.646   CNC 14   INF   Workplace color: green
2020-03-05 13:47:03.646   CNC 14   INF   Streaming data to LCD
2020-03-05 13:47:03.646   CNC 14   INF   Data streamed
2020-03-05 13:47:13.871   CNC 14   INF   Workplace color: green
2020-03-05 13:47:13.872   CNC 14   INF   Streaming data to LCD
2020-03-05 13:47:13.872   CNC 14   INF   Data streamed
2020-03-05 13:47:24.072   CNC 14   INF   Workplace color: green
2020-03-05 13:47:24.072   CNC 14   INF   Streaming data to LCD
2020-03-05 13:47:24.072   CNC 14   INF   Data streamed
2020-03-05 13:47:34.307   CNC 14   INF   Workplace color: green
2020-03-05 13:47:34.307   CNC 14   INF   Streaming data to LCD
2020-03-05 13:47:34.307   CNC 14   INF   Data streamed
2020-03-05 13:47:44.497   CNC 14   INF   Workplace color: green
2020-03-05 13:47:44.497   CNC 14   INF   Streaming data to LCD
2020-03-05 13:47:44.498   CNC 14   INF   Data streamed
2020-03-05 13:47:54.757   CNC 14   INF   Workplace color: green
2020-03-05 13:47:54.758   CNC 14   INF   Streaming data to LCD
2020-03-05 13:47:54.758   CNC 14   INF   Data streamed
2020-03-05 13:48:05.138   CNC 14   INF   Workplace color: green
2020-03-05 13:48:05.138   CNC 14   INF   Streaming data to LCD
2020-03-05 13:48:05.138   CNC 14   INF   Data streamed
2020-03-05 13:48:15.396   CNC 14   INF   Workplace color: green
2020-03-05 13:48:15.396   CNC 14   INF   Streaming data to LCD
2020-03-05 13:48:15.397   CNC 14   INF   Data streamed
2020-03-05 13:48:25.724   CNC 14   INF   Workplace color: green
2020-03-05 13:48:25.724   CNC 14   INF   Streaming data to LCD
2020-03-05 13:48:25.724   CNC 14   INF   Data streamed
2020-03-05 13:48:36.157   CNC 14   INF   Workplace color: green
2020-03-05 13:48:36.158   CNC 14   INF   Streaming data to LCD
2020-03-05 13:48:36.158   CNC 14   INF   Data streamed
2020-03-05 13:48:43.719   CNC 14   INF   Workplace color: green
2020-03-05 13:48:43.719   CNC 14   INF   Streaming data to LCD
2020-03-05 13:48:43.719   CNC 14   INF   Data streamed
2020-03-05 13:48:52.471   CNC 14   INF   Workplace color: green
2020-03-05 13:48:52.472   CNC 14   INF   Streaming data to LCD
2020-03-05 13:48:52.472   CNC 14   INF   Data streamed
2020-03-05 13:49:02.814   CNC 14   INF   Workplace color: green
2020-03-05 13:49:02.814   CNC 14   INF   Streaming data to LCD
2020-03-05 13:49:02.814   CNC 14   INF   Data streamed
2020-03-05 13:49:13.042   CNC 14   INF   Workplace color: green
2020-03-05 13:49:13.042   CNC 14   INF   Streaming data to LCD
2020-03-05 13:49:13.042   CNC 14   INF   Data streamed
2020-03-05 13:49:23.239   CNC 14   INF   Workplace color: green
2020-03-05 13:49:23.239   CNC 14   INF   Streaming data to LCD
2020-03-05 13:49:23.239   CNC 14   INF   Data streamed
2020-03-05 13:49:33.553   CNC 14   INF   Workplace color: green
2020-03-05 13:49:33.553   CNC 14   INF   Streaming data to LCD
2020-03-05 13:49:33.553   CNC 14   INF   Data streamed
2020-03-05 13:49:43.971   CNC 14   INF   Workplace color: green
2020-03-05 13:49:43.971   CNC 14   INF   Streaming data to LCD
2020-03-05 13:49:43.971   CNC 14   INF   Data streamed
2020-03-05 13:49:54.588   CNC 14   INF   Workplace color: green
2020-03-05 13:49:54.588   CNC 14   INF   Streaming data to LCD
2020-03-05 13:49:54.588   CNC 14   INF   Data streamed
2020-03-05 13:50:05.215   CNC 14   INF   Workplace color: green
2020-03-05 13:50:05.215   CNC 14   INF   Streaming data to LCD
2020-03-05 13:50:05.215   CNC 14   INF   Data streamed
2020-03-05 13:50:17.472   CNC 14   INF   Workplace color: green, order: , downtime: , user: 
2020-03-05 13:50:17.472   CNC 14   INF   Streaming data to LCD
2020-03-05 13:50:17.472   CNC 14   INF   Data streamed
2020-03-05 13:50:27.804   CNC 14   INF   Workplace color: green, order: , downtime: , user: 
2020-03-05 13:50:27.804   CNC 14   INF   Streaming data to LCD
2020-03-05 13:50:27.804   CNC 14   INF   Data streamed
2020-03-05 13:50:38.084   CNC 14   INF   Workplace color: green, order: , downtime: , user: 
2020-03-05 13:50:38.084   CNC 14   INF   Streaming data to LCD
2020-03-05 13:50:38.084   CNC 14   INF   Data streamed
2020-03-05 13:50:48.377   CNC 14   INF   Workplace color: green, order: , downtime: , user: 
2020-03-05 13:50:48.378   CNC 14   INF   Streaming data to LCD
2020-03-05 13:50:48.378   CNC 14   INF   Data streamed
2020-03-05 13:50:58.781   CNC 14   INF   Workplace color: green, order: , downtime: , user: 
2020-03-05 13:50:58.782   CNC 14   INF   Streaming data to LCD
2020-03-05 13:50:58.782   CNC 14   INF   Data streamed
2020-03-05 13:51:09.213   CNC 14   INF   Workplace color: green, order: , downtime: , user: 
2020-03-05 13:51:09.213   CNC 14   INF   Streaming data to LCD
2020-03-05 13:51:09.213   CNC 14   INF   Data streamed
2020-03-05 13:51:19.576   CNC 14   INF   Workplace color: green, order: , downtime: , user: 
2020-03-05 13:51:19.576   CNC 14   INF   Streaming data to LCD
2020-03-05 13:51:19.577   CNC 14   INF   Data streamed
2020-03-05 13:51:29.912   CNC 14   INF   Workplace color: green, order: , downtime: , user: 
2020-03-05 13:51:29.912   CNC 14   INF   Streaming data to LCD
2020-03-05 13:51:29.912   CNC 14   INF   Data streamed
2020-03-05 13:51:40.318   CNC 14   INF   Workplace color: green, order: , downtime: , user: 
2020-03-05 13:51:40.319   CNC 14   INF   Streaming data to LCD
2020-03-05 13:51:40.319   CNC 14   INF   Data streamed
2020-03-05 13:51:50.904   CNC 14   INF   Workplace color: green, order: , downtime: , user: 
2020-03-05 13:51:50.904   CNC 14   INF   Streaming data to LCD
2020-03-05 13:51:50.904   CNC 14   INF   Data streamed
2020-03-05 13:52:01.291   CNC 14   INF   Workplace color: green, order: , downtime: , user: 
2020-03-05 13:52:01.291   CNC 14   INF   Streaming data to LCD
2020-03-05 13:52:01.291   CNC 14   INF   Data streamed
2020-03-05 13:52:11.782   CNC 14   INF   Workplace color: green, order: , downtime: , user: 
2020-03-05 13:52:11.782   CNC 14   INF   Streaming data to LCD
2020-03-05 13:52:11.782   CNC 14   INF   Data streamed
2020-03-05 13:52:22.147   CNC 14   INF   Workplace color: green, order: , downtime: , user: 
2020-03-05 13:52:22.147   CNC 14   INF   Streaming data to LCD
2020-03-05 13:52:22.147   CNC 14   INF   Data streamed
2020-03-05 14:14:09.208   CNC 14   INF   Workplace color: green, order: , downtime: , user: 
2020-03-05 14:14:09.208   CNC 14   INF   Streaming data to LCD
2020-03-05 14:14:09.208   CNC 14   INF   Data streamed
2020-03-05 14:14:19.490   CNC 14   INF   Workplace color: green, order: , downtime: , user: 
2020-03-05 14:14:19.490   CNC 14   INF   Streaming data to LCD
2020-03-05 14:14:19.491   CNC 14   INF   Data streamed
2020-03-05 14:19:37.998   CNC 14   INF   Workplace color: red, order: , downtime: , user: 
2020-03-05 14:19:37.998   CNC 14   INF   Streaming data to LCD
2020-03-05 14:19:37.998   CNC 14   INF   Data streamed
2020-03-05 14:20:01.838   CNC 14   INF   Workplace color: red, order: , downtime: , user: 
2020-03-05 14:20:01.838   CNC 14   INF   Streaming data to LCD
2020-03-05 14:20:01.838   CNC 14   INF   Data streamed
2020-03-05 14:20:12.111   CNC 14   INF   Workplace color: red, order: , downtime: , user: 
2020-03-05 14:20:12.111   CNC 14   INF   Streaming data to LCD
2020-03-05 14:20:12.111   CNC 14   INF   Data streamed
2020-03-05 14:20:22.370   CNC 14   INF   Workplace color: red, order: , downtime: , user: 
2020-03-05 14:20:22.370   CNC 14   INF   Streaming data to LCD
2020-03-05 14:20:22.370   CNC 14   INF   Data streamed
2020-03-05 14:24:06.756   CNC 14   INF   Workplace color: red, order: , downtime: , user: 
2020-03-05 14:24:06.757   CNC 14   INF   Streaming data to LCD
2020-03-05 14:24:06.758   CNC 14   INF   Data streamed
2020-03-05 14:24:31.710   CNC 14   INF   Workplace color: red, order: , downtime: , user: 
2020-03-05 14:24:31.710   CNC 14   INF   Streaming data to LCD
2020-03-05 14:24:31.710   CNC 14   INF   Data streamed
2020-03-05 14:24:41.990   CNC 14   INF   Workplace color: red, order: , downtime: , user: 
2020-03-05 14:24:41.990   CNC 14   INF   Streaming data to LCD
2020-03-05 14:24:41.990   CNC 14   INF   Data streamed
2020-03-05 14:24:52.217   CNC 14   INF   Workplace color: red, order: , downtime: , user: 
2020-03-05 14:24:52.217   CNC 14   INF   Streaming data to LCD
2020-03-05 14:24:52.217   CNC 14   INF   Data streamed
2020-03-05 14:25:02.555   CNC 14   INF   Workplace color: red, order: , downtime: , user: 
2020-03-05 14:25:02.556   CNC 14   INF   Streaming data to LCD
2020-03-05 14:25:02.556   CNC 14   INF   Data streamed
2020-03-05 14:25:12.865   CNC 14   INF   Workplace color: red, order: , downtime: , user: 
2020-03-05 14:25:12.865   CNC 14   INF   Streaming data to LCD
2020-03-05 14:25:12.865   CNC 14   INF   Data streamed
2020-03-05 14:25:23.183   CNC 14   INF   Workplace color: red, order: , downtime: , user: 
2020-03-05 14:25:23.184   CNC 14   INF   Streaming data to LCD
2020-03-05 14:25:23.184   CNC 14   INF   Data streamed
2020-03-05 14:25:33.625   CNC 14   INF   Workplace color: red, order: , downtime: , user: 
2020-03-05 14:25:33.625   CNC 14   INF   Streaming data to LCD
2020-03-05 14:25:33.625   CNC 14   INF   Data streamed
2020-03-05 14:25:43.978   CNC 14   INF   Workplace color: red, order: , downtime: , user: 
2020-03-05 14:25:43.978   CNC 14   INF   Streaming data to LCD
2020-03-05 14:25:43.978   CNC 14   INF   Data streamed
2020-03-05 14:25:54.189   CNC 14   INF   Workplace color: red, order: , downtime: , user: 
2020-03-05 14:25:54.189   CNC 14   INF   Streaming data to LCD
2020-03-05 14:25:54.189   CNC 14   INF   Data streamed
2020-03-05 14:26:04.398   CNC 14   INF   Workplace color: red, order: , downtime: , user: 
2020-03-05 14:26:04.399   CNC 14   INF   Streaming data to LCD
2020-03-05 14:26:04.399   CNC 14   INF   Data streamed
2020-03-05 14:26:14.594   CNC 14   INF   Workplace color: red, order: , downtime: , user: 
2020-03-05 14:26:14.594   CNC 14   INF   Streaming data to LCD
2020-03-05 14:26:14.594   CNC 14   INF   Data streamed
2020-03-05 14:26:24.761   CNC 14   INF   Workplace color: red, order: , downtime: , user: 
2020-03-05 14:26:24.761   CNC 14   INF   Streaming data to LCD
2020-03-05 14:26:24.761   CNC 14   INF   Data streamed
