2020-03-31 11:49:30.289   MAIN   INF   Starting Display WebService on darwin-launchd
2020-03-31 11:49:30.290   MAIN   INF   Display WebService version 2020.1.3.31 started
2020-03-31 11:49:30.291   MAIN   INF   Updating program version in database
2020-03-31 11:49:30.316   MAIN   INF   Program version updated, elapsed: 24.76198ms
2020-03-31 11:49:30.316   MAIN   INF   Server running
2020-03-31 11:49:30.325   MAIN   INF   Streaming overview
2020-03-31 11:49:30.325   MAIN   INF   Streaming workplaces
2020-03-31 11:49:30.329   MAIN   INF   Workplaces count: 20
2020-03-31 11:49:30.395   MAIN   INF   Production: 8, Downtime: 5, Offline: 7
2020-03-31 11:49:30.395   MAIN   INF   Production: 40, Downtime: 25, Offline: 35
2020-03-31 11:49:30.568   MAIN   INF   Workplaces streamed, waiting 10 second for another run
2020-03-31 11:49:36.801   MAIN   INF   Displaying Display 1
2020-03-31 11:49:36.808   MAIN   INF   Adding workplace: CNC 0
2020-03-31 11:49:36.808   MAIN   INF   Adding workplace: CNC 1
2020-03-31 11:49:36.808   MAIN   INF   Adding workplace: CNC 10
2020-03-31 11:49:36.808   MAIN   INF   Adding workplace: CNC 11
2020-03-31 11:49:36.808   MAIN   INF   Adding workplace: CNC 12
2020-03-31 11:49:36.808   MAIN   INF   Adding workplace: CNC 13
2020-03-31 11:49:36.808   MAIN   INF   Adding workplace: CNC 14
2020-03-31 11:49:36.808   MAIN   INF   Adding workplace: CNC 15
2020-03-31 11:49:36.808   MAIN   INF   Adding workplace: CNC 16
2020-03-31 11:49:36.808   MAIN   INF   Adding workplace: CNC 17
2020-03-31 11:49:36.808   MAIN   INF   Adding workplace: CNC 18
2020-03-31 11:49:36.809   MAIN   INF   Adding workplace: CNC 19
2020-03-31 11:49:36.809   MAIN   INF   Adding workplace: CNC 2
2020-03-31 11:49:36.809   MAIN   INF   Adding workplace: CNC 3
2020-03-31 11:49:36.809   MAIN   INF   Adding workplace: CNC 4
2020-03-31 11:49:36.809   MAIN   INF   Adding workplace: CNC 5
2020-03-31 11:49:36.809   MAIN   INF   Adding workplace: CNC 6
2020-03-31 11:49:36.809   MAIN   INF   Adding workplace: CNC 7
2020-03-31 11:49:36.809   MAIN   INF   Adding workplace: CNC 8
2020-03-31 11:49:36.809   MAIN   INF   Adding workplace: CNC 9
2020-03-31 11:49:40.408   MAIN   INF   Streaming overview
2020-03-31 11:49:40.455   MAIN   INF   Production: 8, Downtime: 5, Offline: 7
2020-03-31 11:49:40.455   MAIN   INF   Production: 40, Downtime: 25, Offline: 35
2020-03-31 11:49:40.580   MAIN   INF   Streaming workplaces
2020-03-31 11:49:40.583   MAIN   INF   Workplaces count: 20
2020-03-31 11:49:40.871   MAIN   INF   Workplaces streamed, waiting 10 second for another run
2020-03-31 11:49:50.468   MAIN   INF   Streaming overview
2020-03-31 11:49:50.518   MAIN   INF   Production: 8, Downtime: 5, Offline: 7
2020-03-31 11:49:50.518   MAIN   INF   Production: 40, Downtime: 25, Offline: 35
2020-03-31 11:49:50.885   MAIN   INF   Streaming workplaces
2020-03-31 11:49:50.888   MAIN   INF   Workplaces count: 20
2020-03-31 11:49:51.120   MAIN   INF   Workplaces streamed, waiting 10 second for another run
2020-03-31 11:49:58.745   MAIN   INF   Stopped on platform darwin-launchd
2020-03-31 11:50:00.641   MAIN   INF   Starting Display WebService on darwin-launchd
2020-03-31 11:50:00.641   MAIN   INF   Display WebService version 2020.1.3.31 started
2020-03-31 11:50:00.641   MAIN   INF   Updating program version in database
2020-03-31 11:50:00.659   MAIN   INF   Program version updated, elapsed: 17.430285ms
2020-03-31 11:50:00.659   MAIN   INF   Server running
2020-03-31 11:50:00.666   MAIN   INF   Streaming overview
2020-03-31 11:50:00.666   MAIN   INF   Streaming workplaces
2020-03-31 11:50:00.668   MAIN   INF   Workplaces count: 20
2020-03-31 11:50:00.729   MAIN   INF   Production: 8, Downtime: 5, Offline: 7
2020-03-31 11:50:00.729   MAIN   INF   Production: 40, Downtime: 25, Offline: 35
2020-03-31 11:50:00.917   MAIN   INF   Workplaces streamed, waiting 10 second for another run
2020-03-31 11:50:04.929   MAIN   INF   Displaying Display 1
2020-03-31 11:50:04.938   MAIN   INF   Adding workplace: CNC 0
2020-03-31 11:50:04.938   MAIN   INF   Adding workplace: CNC 1
2020-03-31 11:50:04.938   MAIN   INF   Adding workplace: CNC 10
2020-03-31 11:50:04.938   MAIN   INF   Adding workplace: CNC 11
2020-03-31 11:50:04.938   MAIN   INF   Adding workplace: CNC 12
2020-03-31 11:50:04.939   MAIN   INF   Adding workplace: CNC 13
2020-03-31 11:50:04.939   MAIN   INF   Adding workplace: CNC 14
2020-03-31 11:50:04.939   MAIN   INF   Adding workplace: CNC 15
2020-03-31 11:50:04.939   MAIN   INF   Adding workplace: CNC 16
2020-03-31 11:50:04.939   MAIN   INF   Adding workplace: CNC 17
2020-03-31 11:50:04.939   MAIN   INF   Adding workplace: CNC 18
2020-03-31 11:50:04.939   MAIN   INF   Adding workplace: CNC 19
2020-03-31 11:50:04.939   MAIN   INF   Adding workplace: CNC 2
2020-03-31 11:50:04.939   MAIN   INF   Adding workplace: CNC 3
2020-03-31 11:50:04.939   MAIN   INF   Adding workplace: CNC 4
2020-03-31 11:50:04.939   MAIN   INF   Adding workplace: CNC 5
2020-03-31 11:50:04.939   MAIN   INF   Adding workplace: CNC 6
2020-03-31 11:50:04.940   MAIN   INF   Adding workplace: CNC 7
2020-03-31 11:50:04.940   MAIN   INF   Adding workplace: CNC 8
2020-03-31 11:50:04.940   MAIN   INF   Adding workplace: CNC 9
2020-03-31 11:50:07.767   MAIN   INF   Stopped on platform darwin-launchd
2020-03-31 11:50:46.528   MAIN   INF   Starting Display WebService on darwin-launchd
2020-03-31 11:50:46.528   MAIN   INF   Display WebService version 2020.1.3.31 started
2020-03-31 11:50:46.529   MAIN   INF   Updating program version in database
2020-03-31 11:50:46.548   MAIN   INF   Program version updated, elapsed: 19.120811ms
2020-03-31 11:50:46.548   MAIN   INF   Server running
2020-03-31 11:50:46.555   MAIN   INF   Streaming workplaces
2020-03-31 11:50:46.558   MAIN   INF   Workplaces count: 20
2020-03-31 11:50:46.559   MAIN   INF   Streaming overview
2020-03-31 11:50:46.641   MAIN   INF   Production: 10, Downtime: 6, Offline: 4
2020-03-31 11:50:46.641   MAIN   INF   Production: 50, Downtime: 30, Offline: 20
2020-03-31 11:50:46.865   MAIN   INF   Workplaces streamed, waiting 10 second for another run
2020-03-31 11:50:47.715   MAIN   INF   Displaying Display 1
2020-03-31 11:50:47.725   MAIN   INF   Adding workplace: CNC 0
2020-03-31 11:50:47.725   MAIN   INF   Adding workplace: CNC 1
2020-03-31 11:50:47.725   MAIN   INF   Adding workplace: CNC 10
2020-03-31 11:50:47.725   MAIN   INF   Adding workplace: CNC 11
2020-03-31 11:50:47.725   MAIN   INF   Adding workplace: CNC 12
2020-03-31 11:50:47.726   MAIN   INF   Adding workplace: CNC 13
2020-03-31 11:50:47.726   MAIN   INF   Adding workplace: CNC 14
2020-03-31 11:50:47.726   MAIN   INF   Adding workplace: CNC 15
2020-03-31 11:50:47.726   MAIN   INF   Adding workplace: CNC 16
2020-03-31 11:50:47.726   MAIN   INF   Adding workplace: CNC 17
2020-03-31 11:50:47.726   MAIN   INF   Adding workplace: CNC 18
2020-03-31 11:50:47.726   MAIN   INF   Adding workplace: CNC 19
2020-03-31 11:50:47.726   MAIN   INF   Adding workplace: CNC 2
2020-03-31 11:50:47.726   MAIN   INF   Adding workplace: CNC 3
2020-03-31 11:50:47.726   MAIN   INF   Adding workplace: CNC 4
2020-03-31 11:50:47.726   MAIN   INF   Adding workplace: CNC 5
2020-03-31 11:50:47.726   MAIN   INF   Adding workplace: CNC 6
2020-03-31 11:50:47.726   MAIN   INF   Adding workplace: CNC 7
2020-03-31 11:50:47.726   MAIN   INF   Adding workplace: CNC 8
2020-03-31 11:50:47.726   MAIN   INF   Adding workplace: CNC 9
2020-03-31 11:50:56.656   MAIN   INF   Streaming overview
2020-03-31 11:50:56.701   MAIN   INF   Production: 10, Downtime: 6, Offline: 4
2020-03-31 11:50:56.701   MAIN   INF   Production: 50, Downtime: 30, Offline: 20
2020-03-31 11:50:56.881   MAIN   INF   Streaming workplaces
2020-03-31 11:50:56.883   MAIN   INF   Workplaces count: 20
2020-03-31 11:50:57.084   MAIN   INF   Workplaces streamed, waiting 10 second for another run
2020-03-31 11:51:06.715   MAIN   INF   Streaming overview
2020-03-31 11:51:06.764   MAIN   INF   Production: 10, Downtime: 6, Offline: 4
2020-03-31 11:51:06.764   MAIN   INF   Production: 50, Downtime: 30, Offline: 20
2020-03-31 11:51:07.099   MAIN   INF   Streaming workplaces
2020-03-31 11:51:07.101   MAIN   INF   Workplaces count: 20
2020-03-31 11:51:07.343   MAIN   INF   Workplaces streamed, waiting 10 second for another run
2020-03-31 11:51:16.776   MAIN   INF   Streaming overview
2020-03-31 11:51:16.855   MAIN   INF   Production: 10, Downtime: 6, Offline: 4
2020-03-31 11:51:16.855   MAIN   INF   Production: 50, Downtime: 30, Offline: 20
2020-03-31 11:51:17.354   MAIN   INF   Streaming workplaces
2020-03-31 11:51:17.356   MAIN   INF   Workplaces count: 20
2020-03-31 11:51:17.828   MAIN   INF   Workplaces streamed, waiting 10 second for another run
2020-03-31 11:51:26.869   MAIN   INF   Streaming overview
2020-03-31 11:51:26.909   MAIN   INF   Production: 10, Downtime: 6, Offline: 4
2020-03-31 11:51:26.909   MAIN   INF   Production: 50, Downtime: 30, Offline: 20
2020-03-31 11:51:27.837   MAIN   INF   Streaming workplaces
2020-03-31 11:51:27.839   MAIN   INF   Workplaces count: 20
2020-03-31 11:51:28.024   MAIN   INF   Workplaces streamed, waiting 10 second for another run
2020-03-31 11:51:36.924   MAIN   INF   Streaming overview
2020-03-31 11:51:36.963   MAIN   INF   Production: 10, Downtime: 6, Offline: 4
2020-03-31 11:51:36.963   MAIN   INF   Production: 50, Downtime: 30, Offline: 20
2020-03-31 11:51:38.031   MAIN   INF   Streaming workplaces
2020-03-31 11:51:38.033   MAIN   INF   Workplaces count: 20
2020-03-31 11:51:38.213   MAIN   INF   Workplaces streamed, waiting 10 second for another run
2020-03-31 11:51:46.975   MAIN   INF   Streaming overview
2020-03-31 11:51:47.046   MAIN   INF   Production: 10, Downtime: 6, Offline: 4
2020-03-31 11:51:47.046   MAIN   INF   Production: 50, Downtime: 30, Offline: 20
2020-03-31 11:51:48.223   MAIN   INF   Streaming workplaces
2020-03-31 11:51:48.230   MAIN   INF   Workplaces count: 20
2020-03-31 11:51:49.435   MAIN   INF   Workplaces streamed, waiting 10 second for another run
2020-03-31 11:51:57.054   MAIN   INF   Streaming overview
2020-03-31 11:51:57.216   MAIN   INF   Production: 10, Downtime: 6, Offline: 4
2020-03-31 11:51:57.216   MAIN   INF   Production: 50, Downtime: 30, Offline: 20
2020-03-31 11:51:59.448   MAIN   INF   Streaming workplaces
2020-03-31 11:51:59.450   MAIN   INF   Workplaces count: 20
2020-03-31 11:51:59.807   MAIN   INF   Workplaces streamed, waiting 10 second for another run
2020-03-31 11:52:07.222   MAIN   INF   Streaming overview
2020-03-31 11:52:07.277   MAIN   INF   Production: 10, Downtime: 6, Offline: 4
2020-03-31 11:52:07.278   MAIN   INF   Production: 50, Downtime: 30, Offline: 20
2020-03-31 11:52:09.819   MAIN   INF   Streaming workplaces
2020-03-31 11:52:09.821   MAIN   INF   Workplaces count: 20
2020-03-31 11:52:10.128   MAIN   INF   Workplaces streamed, waiting 10 second for another run
2020-03-31 11:52:17.291   MAIN   INF   Streaming overview
2020-03-31 11:52:17.364   MAIN   INF   Production: 10, Downtime: 6, Offline: 4
2020-03-31 11:52:17.364   MAIN   INF   Production: 50, Downtime: 30, Offline: 20
2020-03-31 11:52:20.144   MAIN   INF   Streaming workplaces
2020-03-31 11:52:20.147   MAIN   INF   Workplaces count: 20
2020-03-31 11:52:20.441   MAIN   INF   Workplaces streamed, waiting 10 second for another run
2020-03-31 11:52:23.990   MAIN   INF   Displaying Display 1
2020-03-31 11:52:24.000   MAIN   INF   Adding workplace: CNC 0
2020-03-31 11:52:24.000   MAIN   INF   Adding workplace: CNC 1
2020-03-31 11:52:24.000   MAIN   INF   Adding workplace: CNC 10
2020-03-31 11:52:24.000   MAIN   INF   Adding workplace: CNC 11
2020-03-31 11:52:24.000   MAIN   INF   Adding workplace: CNC 12
2020-03-31 11:52:24.000   MAIN   INF   Adding workplace: CNC 13
2020-03-31 11:52:24.000   MAIN   INF   Adding workplace: CNC 14
2020-03-31 11:52:24.001   MAIN   INF   Adding workplace: CNC 15
2020-03-31 11:52:24.001   MAIN   INF   Adding workplace: CNC 16
2020-03-31 11:52:24.001   MAIN   INF   Adding workplace: CNC 17
2020-03-31 11:52:24.001   MAIN   INF   Adding workplace: CNC 18
2020-03-31 11:52:24.001   MAIN   INF   Adding workplace: CNC 19
2020-03-31 11:52:24.001   MAIN   INF   Adding workplace: CNC 2
2020-03-31 11:52:24.001   MAIN   INF   Adding workplace: CNC 3
2020-03-31 11:52:24.001   MAIN   INF   Adding workplace: CNC 4
2020-03-31 11:52:24.001   MAIN   INF   Adding workplace: CNC 5
2020-03-31 11:52:24.001   MAIN   INF   Adding workplace: CNC 6
2020-03-31 11:52:24.001   MAIN   INF   Adding workplace: CNC 7
2020-03-31 11:52:24.002   MAIN   INF   Adding workplace: CNC 8
2020-03-31 11:52:24.002   MAIN   INF   Adding workplace: CNC 9
2020-03-31 11:52:27.374   MAIN   INF   Streaming overview
2020-03-31 11:52:27.447   MAIN   INF   Production: 10, Downtime: 6, Offline: 4
2020-03-31 11:52:27.448   MAIN   INF   Production: 50, Downtime: 30, Offline: 20
2020-03-31 11:52:30.451   MAIN   INF   Streaming workplaces
2020-03-31 11:52:30.453   MAIN   INF   Workplaces count: 20
2020-03-31 11:52:30.689   MAIN   INF   Workplaces streamed, waiting 10 second for another run
2020-03-31 11:52:37.460   MAIN   INF   Streaming overview
2020-03-31 11:52:37.521   MAIN   INF   Production: 10, Downtime: 6, Offline: 4
2020-03-31 11:52:37.522   MAIN   INF   Production: 50, Downtime: 30, Offline: 20
2020-03-31 11:52:40.703   MAIN   INF   Streaming workplaces
2020-03-31 11:52:40.705   MAIN   INF   Workplaces count: 20
2020-03-31 11:52:40.936   MAIN   INF   Workplaces streamed, waiting 10 second for another run
2020-03-31 11:52:47.533   MAIN   INF   Streaming overview
2020-03-31 11:52:47.580   MAIN   INF   Production: 10, Downtime: 6, Offline: 4
2020-03-31 11:52:47.580   MAIN   INF   Production: 50, Downtime: 30, Offline: 20
2020-03-31 11:52:50.947   MAIN   INF   Streaming workplaces
2020-03-31 11:52:50.949   MAIN   INF   Workplaces count: 20
2020-03-31 11:52:51.125   MAIN   INF   Workplaces streamed, waiting 10 second for another run
2020-03-31 11:52:57.588   MAIN   INF   Streaming overview
2020-03-31 11:52:57.637   MAIN   INF   Production: 10, Downtime: 6, Offline: 4
2020-03-31 11:52:57.637   MAIN   INF   Production: 50, Downtime: 30, Offline: 20
2020-03-31 11:53:01.137   MAIN   INF   Streaming workplaces
2020-03-31 11:53:01.139   MAIN   INF   Workplaces count: 20
2020-03-31 11:53:01.325   MAIN   INF   Workplaces streamed, waiting 10 second for another run
2020-03-31 11:53:07.647   MAIN   INF   Streaming overview
2020-03-31 11:53:07.690   MAIN   INF   Production: 10, Downtime: 6, Offline: 4
2020-03-31 11:53:07.690   MAIN   INF   Production: 50, Downtime: 30, Offline: 20
2020-03-31 11:53:11.334   MAIN   INF   Streaming workplaces
2020-03-31 11:53:11.337   MAIN   INF   Workplaces count: 20
2020-03-31 11:53:11.547   MAIN   INF   Workplaces streamed, waiting 10 second for another run
2020-03-31 11:53:17.705   MAIN   INF   Streaming overview
2020-03-31 11:53:17.747   MAIN   INF   Production: 10, Downtime: 6, Offline: 4
2020-03-31 11:53:17.748   MAIN   INF   Production: 50, Downtime: 30, Offline: 20
2020-03-31 11:53:21.560   MAIN   INF   Streaming workplaces
2020-03-31 11:53:21.563   MAIN   INF   Workplaces count: 20
2020-03-31 11:53:21.744   MAIN   INF   Workplaces streamed, waiting 10 second for another run
2020-03-31 11:53:27.758   MAIN   INF   Streaming overview
2020-03-31 11:53:27.804   MAIN   INF   Production: 10, Downtime: 6, Offline: 4
2020-03-31 11:53:27.804   MAIN   INF   Production: 50, Downtime: 30, Offline: 20
2020-03-31 11:53:31.756   MAIN   INF   Streaming workplaces
2020-03-31 11:53:31.759   MAIN   INF   Workplaces count: 20
2020-03-31 11:53:31.950   MAIN   INF   Workplaces streamed, waiting 10 second for another run
2020-03-31 11:53:37.816   MAIN   INF   Streaming overview
2020-03-31 11:53:37.956   MAIN   INF   Production: 10, Downtime: 6, Offline: 4
2020-03-31 11:53:37.956   MAIN   INF   Production: 50, Downtime: 30, Offline: 20
2020-03-31 11:53:39.829   MAIN   INF   Displaying Display 1
2020-03-31 11:53:39.839   MAIN   INF   Adding workplace: CNC 0
2020-03-31 11:53:39.839   MAIN   INF   Adding workplace: CNC 1
2020-03-31 11:53:39.839   MAIN   INF   Adding workplace: CNC 10
2020-03-31 11:53:39.839   MAIN   INF   Adding workplace: CNC 11
2020-03-31 11:53:39.839   MAIN   INF   Adding workplace: CNC 12
2020-03-31 11:53:39.839   MAIN   INF   Adding workplace: CNC 13
2020-03-31 11:53:39.839   MAIN   INF   Adding workplace: CNC 14
2020-03-31 11:53:39.839   MAIN   INF   Adding workplace: CNC 15
2020-03-31 11:53:39.839   MAIN   INF   Adding workplace: CNC 16
2020-03-31 11:53:39.839   MAIN   INF   Adding workplace: CNC 17
2020-03-31 11:53:39.839   MAIN   INF   Adding workplace: CNC 18
2020-03-31 11:53:39.839   MAIN   INF   Adding workplace: CNC 19
2020-03-31 11:53:39.839   MAIN   INF   Adding workplace: CNC 2
2020-03-31 11:53:39.839   MAIN   INF   Adding workplace: CNC 3
2020-03-31 11:53:39.840   MAIN   INF   Adding workplace: CNC 4
2020-03-31 11:53:39.840   MAIN   INF   Adding workplace: CNC 5
2020-03-31 11:53:39.840   MAIN   INF   Adding workplace: CNC 6
2020-03-31 11:53:39.840   MAIN   INF   Adding workplace: CNC 7
2020-03-31 11:53:39.840   MAIN   INF   Adding workplace: CNC 8
2020-03-31 11:53:39.840   MAIN   INF   Adding workplace: CNC 9
2020-03-31 11:53:41.959   MAIN   INF   Streaming workplaces
2020-03-31 11:53:41.961   MAIN   INF   Workplaces count: 20
2020-03-31 11:53:42.161   MAIN   INF   Workplaces streamed, waiting 10 second for another run
2020-03-31 11:53:47.963   MAIN   INF   Streaming overview
2020-03-31 11:53:48.011   MAIN   INF   Production: 10, Downtime: 6, Offline: 4
2020-03-31 11:53:48.011   MAIN   INF   Production: 50, Downtime: 30, Offline: 20
2020-03-31 11:53:52.169   MAIN   INF   Streaming workplaces
2020-03-31 11:53:52.172   MAIN   INF   Workplaces count: 20
2020-03-31 11:53:52.495   MAIN   INF   Workplaces streamed, waiting 10 second for another run
2020-03-31 11:53:58.020   MAIN   INF   Streaming overview
2020-03-31 11:53:58.074   MAIN   INF   Production: 10, Downtime: 6, Offline: 4
2020-03-31 11:53:58.074   MAIN   INF   Production: 50, Downtime: 30, Offline: 20
2020-03-31 11:54:02.505   MAIN   INF   Streaming workplaces
2020-03-31 11:54:02.507   MAIN   INF   Workplaces count: 20
2020-03-31 11:54:02.825   MAIN   INF   Workplaces streamed, waiting 10 second for another run
2020-03-31 11:54:08.088   MAIN   INF   Streaming overview
2020-03-31 11:54:08.137   MAIN   INF   Production: 10, Downtime: 6, Offline: 4
2020-03-31 11:54:08.137   MAIN   INF   Production: 50, Downtime: 30, Offline: 20
2020-03-31 11:54:12.838   MAIN   INF   Streaming workplaces
2020-03-31 11:54:12.840   MAIN   INF   Workplaces count: 20
2020-03-31 11:54:13.235   MAIN   INF   Workplaces streamed, waiting 10 second for another run
2020-03-31 11:54:18.143   MAIN   INF   Streaming overview
2020-03-31 11:54:18.196   MAIN   INF   Production: 10, Downtime: 6, Offline: 4
2020-03-31 11:54:18.196   MAIN   INF   Production: 50, Downtime: 30, Offline: 20
2020-03-31 11:54:23.246   MAIN   INF   Streaming workplaces
2020-03-31 11:54:23.249   MAIN   INF   Workplaces count: 20
2020-03-31 11:54:23.663   MAIN   INF   Workplaces streamed, waiting 10 second for another run
2020-03-31 11:54:28.211   MAIN   INF   Streaming overview
2020-03-31 11:54:28.264   MAIN   INF   Production: 10, Downtime: 6, Offline: 4
2020-03-31 11:54:28.264   MAIN   INF   Production: 50, Downtime: 30, Offline: 20
2020-03-31 11:54:33.675   MAIN   INF   Streaming workplaces
2020-03-31 11:54:33.677   MAIN   INF   Workplaces count: 20
2020-03-31 11:54:33.971   MAIN   INF   Workplaces streamed, waiting 10 second for another run
2020-03-31 11:54:38.328   MAIN   INF   Streaming overview
2020-03-31 11:54:38.679   MAIN   INF   Production: 10, Downtime: 6, Offline: 4
2020-03-31 11:54:38.679   MAIN   INF   Production: 50, Downtime: 30, Offline: 20
2020-03-31 11:54:43.994   MAIN   INF   Streaming workplaces
2020-03-31 11:54:43.998   MAIN   INF   Workplaces count: 20
2020-03-31 11:54:44.582   MAIN   INF   Workplaces streamed, waiting 10 second for another run
2020-03-31 11:54:48.821   MAIN   INF   Streaming overview
2020-03-31 11:54:49.196   MAIN   INF   Production: 10, Downtime: 6, Offline: 4
2020-03-31 11:54:49.196   MAIN   INF   Production: 50, Downtime: 30, Offline: 20
2020-03-31 11:54:49.590   MAIN   INF   Stopped on platform darwin-launchd
2020-03-31 11:54:52.083   MAIN   INF   Starting Display WebService on darwin-launchd
2020-03-31 11:54:52.084   MAIN   INF   Display WebService version 2020.1.3.31 started
2020-03-31 11:54:52.084   MAIN   INF   Updating program version in database
2020-03-31 11:54:52.101   MAIN   INF   Program version updated, elapsed: 16.419616ms
2020-03-31 11:54:52.101   MAIN   INF   Server running
2020-03-31 11:54:52.111   MAIN   INF   Streaming overview
2020-03-31 11:54:52.111   MAIN   INF   Streaming workplaces
2020-03-31 11:54:52.116   MAIN   INF   Workplaces count: 20
2020-03-31 11:54:52.166   MAIN   INF   Production: 10, Downtime: 6, Offline: 4
2020-03-31 11:54:52.166   MAIN   INF   Production: 50, Downtime: 30, Offline: 20
2020-03-31 11:54:52.283   MAIN   INF   Workplaces streamed, waiting 10 second for another run
2020-03-31 11:54:52.575   MAIN   INF   Displaying Display 1
2020-03-31 11:54:52.584   MAIN   INF   Adding workplace: CNC 0
2020-03-31 11:54:52.584   MAIN   INF   Adding workplace: CNC 1
2020-03-31 11:54:52.584   MAIN   INF   Adding workplace: CNC 10
2020-03-31 11:54:52.584   MAIN   INF   Adding workplace: CNC 11
2020-03-31 11:54:52.584   MAIN   INF   Adding workplace: CNC 12
2020-03-31 11:54:52.584   MAIN   INF   Adding workplace: CNC 13
2020-03-31 11:54:52.584   MAIN   INF   Adding workplace: CNC 14
2020-03-31 11:54:52.585   MAIN   INF   Adding workplace: CNC 15
2020-03-31 11:54:52.585   MAIN   INF   Adding workplace: CNC 16
2020-03-31 11:54:52.585   MAIN   INF   Adding workplace: CNC 17
2020-03-31 11:54:52.585   MAIN   INF   Adding workplace: CNC 18
2020-03-31 11:54:52.585   MAIN   INF   Adding workplace: CNC 19
2020-03-31 11:54:52.585   MAIN   INF   Adding workplace: CNC 2
2020-03-31 11:54:52.585   MAIN   INF   Adding workplace: CNC 3
2020-03-31 11:54:52.585   MAIN   INF   Adding workplace: CNC 4
2020-03-31 11:54:52.585   MAIN   INF   Adding workplace: CNC 5
2020-03-31 11:54:52.585   MAIN   INF   Adding workplace: CNC 6
2020-03-31 11:54:52.585   MAIN   INF   Adding workplace: CNC 7
2020-03-31 11:54:52.585   MAIN   INF   Adding workplace: CNC 8
2020-03-31 11:54:52.585   MAIN   INF   Adding workplace: CNC 9
2020-03-31 11:55:01.550   MAIN   INF   Stopped on platform darwin-launchd
2020-03-31 11:55:03.394   MAIN   INF   Starting Display WebService on darwin-launchd
2020-03-31 11:55:03.394   MAIN   INF   Display WebService version 2020.1.3.31 started
2020-03-31 11:55:03.395   MAIN   INF   Updating program version in database
2020-03-31 11:55:03.420   MAIN   INF   Program version updated, elapsed: 25.034805ms
2020-03-31 11:55:03.420   MAIN   INF   Server running
2020-03-31 11:55:03.431   MAIN   INF   Streaming overview
2020-03-31 11:55:03.431   MAIN   INF   Streaming workplaces
2020-03-31 11:55:03.434   MAIN   INF   Workplaces count: 20
2020-03-31 11:55:03.520   MAIN   INF   Production: 10, Downtime: 7, Offline: 3
2020-03-31 11:55:03.520   MAIN   INF   Production: 50, Downtime: 35, Offline: 15
2020-03-31 11:55:03.742   MAIN   INF   Workplaces streamed, waiting 10 second for another run
2020-03-31 11:55:13.533   MAIN   INF   Streaming overview
2020-03-31 11:55:13.612   MAIN   INF   Production: 10, Downtime: 7, Offline: 3
2020-03-31 11:55:13.612   MAIN   INF   Production: 50, Downtime: 35, Offline: 15
2020-03-31 11:55:13.755   MAIN   INF   Streaming workplaces
2020-03-31 11:55:13.757   MAIN   INF   Workplaces count: 20
2020-03-31 11:55:14.124   MAIN   INF   Workplaces streamed, waiting 10 second for another run
2020-03-31 11:55:23.626   MAIN   INF   Streaming overview
2020-03-31 11:55:23.685   MAIN   INF   Production: 10, Downtime: 7, Offline: 3
2020-03-31 11:55:23.685   MAIN   INF   Production: 50, Downtime: 35, Offline: 15
2020-03-31 11:55:24.136   MAIN   INF   Streaming workplaces
2020-03-31 11:55:24.138   MAIN   INF   Workplaces count: 20
2020-03-31 11:55:24.511   MAIN   INF   Workplaces streamed, waiting 10 second for another run
2020-03-31 11:55:33.700   MAIN   INF   Streaming overview
2020-03-31 11:55:33.755   MAIN   INF   Production: 11, Downtime: 8, Offline: 1
2020-03-31 11:55:33.755   MAIN   INF   Production: 55, Downtime: 40, Offline: 5
2020-03-31 11:55:34.521   MAIN   INF   Streaming workplaces
2020-03-31 11:55:34.524   MAIN   INF   Workplaces count: 20
2020-03-31 11:55:34.803   MAIN   INF   Workplaces streamed, waiting 10 second for another run
2020-03-31 11:55:43.765   MAIN   INF   Streaming overview
2020-03-31 11:55:43.822   MAIN   INF   Production: 11, Downtime: 8, Offline: 1
2020-03-31 11:55:43.822   MAIN   INF   Production: 55, Downtime: 40, Offline: 5
2020-03-31 11:55:44.819   MAIN   INF   Streaming workplaces
2020-03-31 11:55:44.822   MAIN   INF   Workplaces count: 20
2020-03-31 11:55:45.439   MAIN   INF   Workplaces streamed, waiting 10 second for another run
2020-03-31 11:55:52.939   MAIN   INF   Stopped on platform darwin-launchd
2020-03-31 11:55:54.955   MAIN   INF   Starting Display WebService on darwin-launchd
2020-03-31 11:55:54.955   MAIN   INF   Display WebService version 2020.1.3.31 started
2020-03-31 11:55:54.956   MAIN   INF   Updating program version in database
2020-03-31 11:55:54.976   MAIN   INF   Program version updated, elapsed: 20.488461ms
2020-03-31 11:55:54.976   MAIN   INF   Server running
2020-03-31 11:55:54.987   MAIN   INF   Streaming overview
2020-03-31 11:55:54.987   MAIN   INF   Streaming workplaces
2020-03-31 11:55:54.990   MAIN   INF   Workplaces count: 20
2020-03-31 11:55:55.043   MAIN   INF   Production: 11, Downtime: 8, Offline: 1
2020-03-31 11:55:55.043   MAIN   INF   Production: 55, Downtime: 40, Offline: 5
2020-03-31 11:55:55.266   MAIN   INF   Workplaces streamed, waiting 10 second for another run
2020-03-31 11:55:55.901   MAIN   INF   Displaying Display 1
2020-03-31 11:55:55.908   MAIN   INF   Adding workplace: CNC 0
2020-03-31 11:55:55.908   MAIN   INF   Adding workplace: CNC 1
2020-03-31 11:55:55.908   MAIN   INF   Adding workplace: CNC 10
2020-03-31 11:55:55.908   MAIN   INF   Adding workplace: CNC 11
2020-03-31 11:55:55.909   MAIN   INF   Adding workplace: CNC 12
2020-03-31 11:55:55.909   MAIN   INF   Adding workplace: CNC 13
2020-03-31 11:55:55.909   MAIN   INF   Adding workplace: CNC 14
2020-03-31 11:55:55.909   MAIN   INF   Adding workplace: CNC 15
2020-03-31 11:55:55.909   MAIN   INF   Adding workplace: CNC 16
2020-03-31 11:55:55.909   MAIN   INF   Adding workplace: CNC 17
2020-03-31 11:55:55.909   MAIN   INF   Adding workplace: CNC 18
2020-03-31 11:55:55.909   MAIN   INF   Adding workplace: CNC 19
2020-03-31 11:55:55.909   MAIN   INF   Adding workplace: CNC 2
2020-03-31 11:55:55.909   MAIN   INF   Adding workplace: CNC 3
2020-03-31 11:55:55.909   MAIN   INF   Adding workplace: CNC 4
2020-03-31 11:55:55.909   MAIN   INF   Adding workplace: CNC 5
2020-03-31 11:55:55.909   MAIN   INF   Adding workplace: CNC 6
2020-03-31 11:55:55.909   MAIN   INF   Adding workplace: CNC 7
2020-03-31 11:55:55.909   MAIN   INF   Adding workplace: CNC 8
2020-03-31 11:55:55.909   MAIN   INF   Adding workplace: CNC 9
2020-03-31 11:56:05.050   MAIN   INF   Streaming overview
2020-03-31 11:56:05.121   MAIN   INF   Production: 11, Downtime: 8, Offline: 1
2020-03-31 11:56:05.121   MAIN   INF   Production: 55, Downtime: 40, Offline: 5
2020-03-31 11:56:05.331   MAIN   INF   Streaming workplaces
2020-03-31 11:56:05.338   MAIN   INF   Workplaces count: 20
2020-03-31 11:56:05.754   MAIN   INF   Workplaces streamed, waiting 10 second for another run
2020-03-31 11:56:15.142   MAIN   INF   Streaming overview
2020-03-31 11:56:15.487   MAIN   INF   Production: 11, Downtime: 8, Offline: 1
2020-03-31 11:56:15.487   MAIN   INF   Production: 55, Downtime: 40, Offline: 5
2020-03-31 11:56:15.764   MAIN   INF   Streaming workplaces
2020-03-31 11:56:15.766   MAIN   INF   Workplaces count: 20
2020-03-31 11:56:16.150   MAIN   INF   Workplaces streamed, waiting 10 second for another run
2020-03-31 11:56:25.500   MAIN   INF   Streaming overview
2020-03-31 11:56:25.555   MAIN   INF   Production: 11, Downtime: 8, Offline: 1
2020-03-31 11:56:25.555   MAIN   INF   Production: 55, Downtime: 40, Offline: 5
2020-03-31 11:56:26.162   MAIN   INF   Streaming workplaces
2020-03-31 11:56:26.165   MAIN   INF   Workplaces count: 20
2020-03-31 11:56:26.652   MAIN   INF   Workplaces streamed, waiting 10 second for another run
2020-03-31 11:56:30.342   MAIN   INF   Stopped on platform darwin-launchd
2020-03-31 11:56:32.142   MAIN   INF   Starting Display WebService on darwin-launchd
2020-03-31 11:56:32.142   MAIN   INF   Display WebService version 2020.1.3.31 started
2020-03-31 11:56:32.143   MAIN   INF   Updating program version in database
2020-03-31 11:56:32.157   MAIN   INF   Program version updated, elapsed: 14.404998ms
2020-03-31 11:56:32.157   MAIN   INF   Server running
2020-03-31 11:56:32.169   MAIN   INF   Streaming overview
2020-03-31 11:56:32.170   MAIN   INF   Streaming workplaces
2020-03-31 11:56:32.174   MAIN   INF   Workplaces count: 20
2020-03-31 11:56:32.266   MAIN   INF   Production: 11, Downtime: 8, Offline: 1
2020-03-31 11:56:32.266   MAIN   INF   Production: 55, Downtime: 40, Offline: 5
2020-03-31 11:56:32.473   MAIN   INF   Workplaces streamed, waiting 10 second for another run
2020-03-31 11:56:33.721   MAIN   INF   Displaying Display 1
2020-03-31 11:56:33.730   MAIN   INF   Adding workplace: CNC 0
2020-03-31 11:56:33.730   MAIN   INF   Adding workplace: CNC 1
2020-03-31 11:56:33.730   MAIN   INF   Adding workplace: CNC 10
2020-03-31 11:56:33.730   MAIN   INF   Adding workplace: CNC 11
2020-03-31 11:56:33.730   MAIN   INF   Adding workplace: CNC 12
2020-03-31 11:56:33.731   MAIN   INF   Adding workplace: CNC 13
2020-03-31 11:56:33.731   MAIN   INF   Adding workplace: CNC 14
2020-03-31 11:56:33.731   MAIN   INF   Adding workplace: CNC 15
2020-03-31 11:56:33.731   MAIN   INF   Adding workplace: CNC 16
2020-03-31 11:56:33.731   MAIN   INF   Adding workplace: CNC 17
2020-03-31 11:56:33.731   MAIN   INF   Adding workplace: CNC 18
2020-03-31 11:56:33.731   MAIN   INF   Adding workplace: CNC 19
2020-03-31 11:56:33.731   MAIN   INF   Adding workplace: CNC 2
2020-03-31 11:56:33.731   MAIN   INF   Adding workplace: CNC 3
2020-03-31 11:56:33.731   MAIN   INF   Adding workplace: CNC 4
2020-03-31 11:56:33.731   MAIN   INF   Adding workplace: CNC 5
2020-03-31 11:56:33.731   MAIN   INF   Adding workplace: CNC 6
2020-03-31 11:56:33.731   MAIN   INF   Adding workplace: CNC 7
2020-03-31 11:56:33.732   MAIN   INF   Adding workplace: CNC 8
2020-03-31 11:56:33.732   MAIN   INF   Adding workplace: CNC 9
2020-03-31 11:56:42.275   MAIN   INF   Streaming overview
2020-03-31 11:56:42.351   MAIN   INF   Production: 11, Downtime: 8, Offline: 1
2020-03-31 11:56:42.351   MAIN   INF   Production: 55, Downtime: 40, Offline: 5
2020-03-31 11:56:42.486   MAIN   INF   Streaming workplaces
2020-03-31 11:56:42.489   MAIN   INF   Workplaces count: 20
2020-03-31 11:56:42.821   MAIN   INF   Workplaces streamed, waiting 10 second for another run
2020-03-31 11:56:52.366   MAIN   INF   Streaming overview
2020-03-31 11:56:52.445   MAIN   INF   Production: 11, Downtime: 8, Offline: 1
2020-03-31 11:56:52.445   MAIN   INF   Production: 55, Downtime: 40, Offline: 5
2020-03-31 11:56:52.840   MAIN   INF   Streaming workplaces
2020-03-31 11:56:52.843   MAIN   INF   Workplaces count: 20
2020-03-31 11:56:53.568   MAIN   INF   Workplaces streamed, waiting 10 second for another run
2020-03-31 11:56:55.778   MAIN   INF   Displaying Display 1
2020-03-31 11:56:55.787   MAIN   INF   Adding workplace: CNC 0
2020-03-31 11:56:55.787   MAIN   INF   Adding workplace: CNC 1
2020-03-31 11:56:55.787   MAIN   INF   Adding workplace: CNC 10
2020-03-31 11:56:55.787   MAIN   INF   Adding workplace: CNC 11
2020-03-31 11:56:55.787   MAIN   INF   Adding workplace: CNC 12
2020-03-31 11:56:55.788   MAIN   INF   Adding workplace: CNC 13
2020-03-31 11:56:55.788   MAIN   INF   Adding workplace: CNC 14
2020-03-31 11:56:55.788   MAIN   INF   Adding workplace: CNC 15
2020-03-31 11:56:55.788   MAIN   INF   Adding workplace: CNC 16
2020-03-31 11:56:55.788   MAIN   INF   Adding workplace: CNC 17
2020-03-31 11:56:55.788   MAIN   INF   Adding workplace: CNC 18
2020-03-31 11:56:55.788   MAIN   INF   Adding workplace: CNC 19
2020-03-31 11:56:55.788   MAIN   INF   Adding workplace: CNC 2
2020-03-31 11:56:55.788   MAIN   INF   Adding workplace: CNC 3
2020-03-31 11:56:55.788   MAIN   INF   Adding workplace: CNC 4
2020-03-31 11:56:55.788   MAIN   INF   Adding workplace: CNC 5
2020-03-31 11:56:55.789   MAIN   INF   Adding workplace: CNC 6
2020-03-31 11:56:55.789   MAIN   INF   Adding workplace: CNC 7
2020-03-31 11:56:55.789   MAIN   INF   Adding workplace: CNC 8
2020-03-31 11:56:55.789   MAIN   INF   Adding workplace: CNC 9
2020-03-31 11:57:02.459   MAIN   INF   Streaming overview
2020-03-31 11:57:02.504   MAIN   INF   Production: 11, Downtime: 8, Offline: 1
2020-03-31 11:57:02.505   MAIN   INF   Production: 55, Downtime: 40, Offline: 5
2020-03-31 11:57:03.579   MAIN   INF   Streaming workplaces
2020-03-31 11:57:03.581   MAIN   INF   Workplaces count: 20
2020-03-31 11:57:04.084   MAIN   INF   Workplaces streamed, waiting 10 second for another run
2020-03-31 11:57:12.518   MAIN   INF   Streaming overview
2020-03-31 11:57:12.575   MAIN   INF   Production: 11, Downtime: 8, Offline: 1
2020-03-31 11:57:12.575   MAIN   INF   Production: 55, Downtime: 40, Offline: 5
2020-03-31 11:57:14.094   MAIN   INF   Streaming workplaces
2020-03-31 11:57:14.096   MAIN   INF   Workplaces count: 20
2020-03-31 11:57:14.277   MAIN   INF   Workplaces streamed, waiting 10 second for another run
2020-03-31 11:57:22.585   MAIN   INF   Streaming overview
2020-03-31 11:57:22.629   MAIN   INF   Production: 11, Downtime: 8, Offline: 1
2020-03-31 11:57:22.629   MAIN   INF   Production: 55, Downtime: 40, Offline: 5
2020-03-31 11:57:22.966   MAIN   INF   Displaying Display 1
2020-03-31 11:57:22.975   MAIN   INF   Adding workplace: CNC 0
2020-03-31 11:57:22.975   MAIN   INF   Adding workplace: CNC 1
2020-03-31 11:57:22.975   MAIN   INF   Adding workplace: CNC 10
2020-03-31 11:57:22.975   MAIN   INF   Adding workplace: CNC 11
2020-03-31 11:57:22.976   MAIN   INF   Adding workplace: CNC 12
2020-03-31 11:57:22.976   MAIN   INF   Adding workplace: CNC 13
2020-03-31 11:57:22.976   MAIN   INF   Adding workplace: CNC 14
2020-03-31 11:57:22.976   MAIN   INF   Adding workplace: CNC 15
2020-03-31 11:57:22.976   MAIN   INF   Adding workplace: CNC 16
2020-03-31 11:57:22.976   MAIN   INF   Adding workplace: CNC 17
2020-03-31 11:57:22.976   MAIN   INF   Adding workplace: CNC 18
2020-03-31 11:57:22.976   MAIN   INF   Adding workplace: CNC 19
2020-03-31 11:57:22.976   MAIN   INF   Adding workplace: CNC 2
2020-03-31 11:57:22.976   MAIN   INF   Adding workplace: CNC 3
2020-03-31 11:57:22.976   MAIN   INF   Adding workplace: CNC 4
2020-03-31 11:57:22.976   MAIN   INF   Adding workplace: CNC 5
2020-03-31 11:57:22.976   MAIN   INF   Adding workplace: CNC 6
2020-03-31 11:57:22.977   MAIN   INF   Adding workplace: CNC 7
2020-03-31 11:57:22.977   MAIN   INF   Adding workplace: CNC 8
2020-03-31 11:57:22.977   MAIN   INF   Adding workplace: CNC 9
2020-03-31 11:57:24.291   MAIN   INF   Streaming workplaces
2020-03-31 11:57:24.293   MAIN   INF   Workplaces count: 20
2020-03-31 11:57:24.451   MAIN   INF   Workplaces streamed, waiting 10 second for another run
2020-03-31 11:57:32.511   MAIN   INF   Displaying Display 1
2020-03-31 11:57:32.520   MAIN   INF   Adding workplace: CNC 0
2020-03-31 11:57:32.520   MAIN   INF   Adding workplace: CNC 1
2020-03-31 11:57:32.520   MAIN   INF   Adding workplace: CNC 10
2020-03-31 11:57:32.520   MAIN   INF   Adding workplace: CNC 11
2020-03-31 11:57:32.520   MAIN   INF   Adding workplace: CNC 12
2020-03-31 11:57:32.521   MAIN   INF   Adding workplace: CNC 13
2020-03-31 11:57:32.521   MAIN   INF   Adding workplace: CNC 14
2020-03-31 11:57:32.521   MAIN   INF   Adding workplace: CNC 15
2020-03-31 11:57:32.521   MAIN   INF   Adding workplace: CNC 16
2020-03-31 11:57:32.521   MAIN   INF   Adding workplace: CNC 17
2020-03-31 11:57:32.521   MAIN   INF   Adding workplace: CNC 18
2020-03-31 11:57:32.521   MAIN   INF   Adding workplace: CNC 19
2020-03-31 11:57:32.521   MAIN   INF   Adding workplace: CNC 2
2020-03-31 11:57:32.521   MAIN   INF   Adding workplace: CNC 3
2020-03-31 11:57:32.521   MAIN   INF   Adding workplace: CNC 4
2020-03-31 11:57:32.521   MAIN   INF   Adding workplace: CNC 5
2020-03-31 11:57:32.521   MAIN   INF   Adding workplace: CNC 6
2020-03-31 11:57:32.522   MAIN   INF   Adding workplace: CNC 7
2020-03-31 11:57:32.522   MAIN   INF   Adding workplace: CNC 8
2020-03-31 11:57:32.522   MAIN   INF   Adding workplace: CNC 9
2020-03-31 11:57:32.638   MAIN   INF   Streaming overview
2020-03-31 11:57:32.703   MAIN   INF   Production: 11, Downtime: 8, Offline: 1
2020-03-31 11:57:32.704   MAIN   INF   Production: 55, Downtime: 40, Offline: 5
2020-03-31 11:57:34.464   MAIN   INF   Streaming workplaces
2020-03-31 11:57:34.466   MAIN   INF   Workplaces count: 20
2020-03-31 11:57:34.622   MAIN   INF   Workplaces streamed, waiting 10 second for another run
2020-03-31 11:57:42.712   MAIN   INF   Streaming overview
2020-03-31 11:57:42.767   MAIN   INF   Production: 11, Downtime: 8, Offline: 1
2020-03-31 11:57:42.767   MAIN   INF   Production: 55, Downtime: 40, Offline: 5
2020-03-31 11:57:44.632   MAIN   INF   Streaming workplaces
2020-03-31 11:57:44.634   MAIN   INF   Workplaces count: 20
2020-03-31 11:57:44.971   MAIN   INF   Workplaces streamed, waiting 10 second for another run
2020-03-31 11:57:52.781   MAIN   INF   Streaming overview
2020-03-31 11:57:52.835   MAIN   INF   Production: 11, Downtime: 8, Offline: 1
2020-03-31 11:57:52.835   MAIN   INF   Production: 55, Downtime: 40, Offline: 5
2020-03-31 11:57:54.980   MAIN   INF   Streaming workplaces
2020-03-31 11:57:54.983   MAIN   INF   Workplaces count: 20
2020-03-31 11:57:55.709   MAIN   INF   Workplaces streamed, waiting 10 second for another run
2020-03-31 11:58:02.848   MAIN   INF   Streaming overview
2020-03-31 11:58:02.903   MAIN   INF   Production: 11, Downtime: 8, Offline: 1
2020-03-31 11:58:02.903   MAIN   INF   Production: 55, Downtime: 40, Offline: 5
2020-03-31 11:58:05.720   MAIN   INF   Streaming workplaces
2020-03-31 11:58:05.727   MAIN   INF   Workplaces count: 20
2020-03-31 11:58:06.248   MAIN   INF   Workplaces streamed, waiting 10 second for another run
2020-03-31 11:58:12.914   MAIN   INF   Streaming overview
2020-03-31 11:58:12.954   MAIN   INF   Production: 11, Downtime: 8, Offline: 1
2020-03-31 11:58:12.954   MAIN   INF   Production: 55, Downtime: 40, Offline: 5
2020-03-31 11:58:16.261   MAIN   INF   Streaming workplaces
2020-03-31 11:58:16.265   MAIN   INF   Workplaces count: 20
2020-03-31 11:58:16.815   MAIN   INF   Workplaces streamed, waiting 10 second for another run
2020-03-31 11:58:22.973   MAIN   INF   Streaming overview
2020-03-31 11:58:23.160   MAIN   INF   Production: 11, Downtime: 8, Offline: 1
2020-03-31 11:58:23.160   MAIN   INF   Production: 55, Downtime: 40, Offline: 5
2020-03-31 11:58:26.827   MAIN   INF   Streaming workplaces
2020-03-31 11:58:26.830   MAIN   INF   Workplaces count: 20
2020-03-31 11:58:27.003   MAIN   INF   Workplaces streamed, waiting 10 second for another run
2020-03-31 11:58:33.173   MAIN   INF   Streaming overview
2020-03-31 11:58:33.218   MAIN   INF   Production: 11, Downtime: 8, Offline: 1
2020-03-31 11:58:33.218   MAIN   INF   Production: 55, Downtime: 40, Offline: 5
2020-03-31 11:58:37.014   MAIN   INF   Streaming workplaces
2020-03-31 11:58:37.016   MAIN   INF   Workplaces count: 20
2020-03-31 11:58:37.176   MAIN   INF   Workplaces streamed, waiting 10 second for another run
2020-03-31 11:58:43.225   MAIN   INF   Streaming overview
2020-03-31 11:58:43.268   MAIN   INF   Production: 11, Downtime: 8, Offline: 1
2020-03-31 11:58:43.268   MAIN   INF   Production: 55, Downtime: 40, Offline: 5
2020-03-31 11:58:47.182   MAIN   INF   Streaming workplaces
2020-03-31 11:58:47.185   MAIN   INF   Workplaces count: 20
2020-03-31 11:58:47.341   MAIN   INF   Workplaces streamed, waiting 10 second for another run
2020-03-31 11:58:53.283   MAIN   INF   Streaming overview
2020-03-31 11:58:53.331   MAIN   INF   Production: 11, Downtime: 8, Offline: 1
2020-03-31 11:58:53.331   MAIN   INF   Production: 55, Downtime: 40, Offline: 5
2020-03-31 11:58:57.349   MAIN   INF   Streaming workplaces
2020-03-31 11:58:57.352   MAIN   INF   Workplaces count: 20
2020-03-31 11:58:57.547   MAIN   INF   Workplaces streamed, waiting 10 second for another run
2020-03-31 11:59:03.340   MAIN   INF   Streaming overview
2020-03-31 11:59:03.421   MAIN   INF   Production: 11, Downtime: 8, Offline: 1
2020-03-31 11:59:03.422   MAIN   INF   Production: 55, Downtime: 40, Offline: 5
2020-03-31 11:59:07.557   MAIN   INF   Streaming workplaces
2020-03-31 11:59:07.562   MAIN   INF   Workplaces count: 20
2020-03-31 11:59:07.736   MAIN   INF   Workplaces streamed, waiting 10 second for another run
2020-03-31 11:59:13.429   MAIN   INF   Streaming overview
2020-03-31 11:59:13.470   MAIN   INF   Production: 11, Downtime: 8, Offline: 1
2020-03-31 11:59:13.470   MAIN   INF   Production: 55, Downtime: 40, Offline: 5
2020-03-31 11:59:17.744   MAIN   INF   Streaming workplaces
2020-03-31 11:59:17.748   MAIN   INF   Workplaces count: 20
2020-03-31 11:59:17.903   MAIN   INF   Workplaces streamed, waiting 10 second for another run
2020-03-31 11:59:23.477   MAIN   INF   Streaming overview
2020-03-31 11:59:23.520   MAIN   INF   Production: 11, Downtime: 8, Offline: 1
2020-03-31 11:59:23.520   MAIN   INF   Production: 55, Downtime: 40, Offline: 5
2020-03-31 11:59:27.914   MAIN   INF   Streaming workplaces
2020-03-31 11:59:27.916   MAIN   INF   Workplaces count: 20
2020-03-31 11:59:28.078   MAIN   INF   Workplaces streamed, waiting 10 second for another run
2020-03-31 11:59:33.535   MAIN   INF   Streaming overview
2020-03-31 11:59:33.578   MAIN   INF   Production: 11, Downtime: 8, Offline: 1
2020-03-31 11:59:33.578   MAIN   INF   Production: 55, Downtime: 40, Offline: 5
2020-03-31 11:59:38.092   MAIN   INF   Streaming workplaces
2020-03-31 11:59:38.095   MAIN   INF   Workplaces count: 20
2020-03-31 11:59:38.338   MAIN   INF   Workplaces streamed, waiting 10 second for another run
2020-03-31 11:59:43.588   MAIN   INF   Streaming overview
2020-03-31 11:59:43.668   MAIN   INF   Production: 11, Downtime: 8, Offline: 1
2020-03-31 11:59:43.669   MAIN   INF   Production: 55, Downtime: 40, Offline: 5
2020-03-31 11:59:48.350   MAIN   INF   Streaming workplaces
2020-03-31 11:59:48.353   MAIN   INF   Workplaces count: 20
2020-03-31 11:59:48.500   MAIN   INF   Workplaces streamed, waiting 10 second for another run
2020-03-31 11:59:53.685   MAIN   INF   Streaming overview
2020-03-31 11:59:53.730   MAIN   INF   Production: 11, Downtime: 8, Offline: 1
2020-03-31 11:59:53.730   MAIN   INF   Production: 55, Downtime: 40, Offline: 5
2020-03-31 11:59:58.509   MAIN   INF   Streaming workplaces
2020-03-31 11:59:58.511   MAIN   INF   Workplaces count: 20
2020-03-31 11:59:58.715   MAIN   INF   Workplaces streamed, waiting 10 second for another run
2020-03-31 12:00:03.739   MAIN   INF   Streaming overview
2020-03-31 12:00:03.797   MAIN   INF   Production: 11, Downtime: 8, Offline: 1
2020-03-31 12:00:03.797   MAIN   INF   Production: 55, Downtime: 40, Offline: 5
2020-03-31 12:00:08.727   MAIN   INF   Streaming workplaces
2020-03-31 12:00:08.729   MAIN   INF   Workplaces count: 20
2020-03-31 12:00:08.895   MAIN   INF   Workplaces streamed, waiting 10 second for another run
2020-03-31 12:00:13.805   MAIN   INF   Streaming overview
2020-03-31 12:00:13.846   MAIN   INF   Production: 11, Downtime: 8, Offline: 1
2020-03-31 12:00:13.846   MAIN   INF   Production: 55, Downtime: 40, Offline: 5
2020-03-31 12:00:18.909   MAIN   INF   Streaming workplaces
2020-03-31 12:00:18.912   MAIN   INF   Workplaces count: 20
2020-03-31 12:00:19.085   MAIN   INF   Workplaces streamed, waiting 10 second for another run
2020-03-31 12:00:23.860   MAIN   INF   Streaming overview
2020-03-31 12:00:23.911   MAIN   INF   Production: 11, Downtime: 8, Offline: 1
2020-03-31 12:00:23.911   MAIN   INF   Production: 55, Downtime: 40, Offline: 5
2020-03-31 12:00:29.098   MAIN   INF   Streaming workplaces
2020-03-31 12:00:29.101   MAIN   INF   Workplaces count: 20
2020-03-31 12:00:29.280   MAIN   INF   Workplaces streamed, waiting 10 second for another run
2020-03-31 12:00:33.923   MAIN   INF   Streaming overview
2020-03-31 12:00:33.974   MAIN   INF   Production: 11, Downtime: 8, Offline: 1
2020-03-31 12:00:33.974   MAIN   INF   Production: 55, Downtime: 40, Offline: 5
2020-03-31 12:00:39.287   MAIN   INF   Streaming workplaces
2020-03-31 12:00:39.287   MAIN   ERR   Problem opening zapsi3 database: dial tcp [::1]:5432: connect: connection refused
2020-03-31 12:00:43.988   MAIN   INF   Streaming overview
2020-03-31 12:00:44.038   MAIN   INF   Production: 11, Downtime: 8, Offline: 1
2020-03-31 12:00:44.039   MAIN   INF   Production: 55, Downtime: 40, Offline: 5
2020-03-31 12:00:49.297   MAIN   INF   Streaming workplaces
2020-03-31 12:00:49.299   MAIN   INF   Workplaces count: 20
2020-03-31 12:00:49.483   MAIN   INF   Workplaces streamed, waiting 10 second for another run
2020-03-31 12:00:54.041   MAIN   INF   Streaming overview
2020-03-31 12:00:54.041   MAIN   ERR   Problem opening zapsi3 database: dial tcp [::1]:5432: connect: connection refused
2020-03-31 12:00:59.486   MAIN   INF   Streaming workplaces
2020-03-31 12:00:59.487   MAIN   ERR   Problem opening zapsi3 database: dial tcp [::1]:5432: connect: connection refused
2020-03-31 12:01:04.044   MAIN   INF   Streaming overview
2020-03-31 12:01:04.045   MAIN   ERR   Problem opening zapsi3 database: dial tcp [::1]:5432: connect: connection refused
2020-03-31 12:01:09.493   MAIN   INF   Streaming workplaces
2020-03-31 12:01:09.493   MAIN   ERR   Problem opening zapsi3 database: dial tcp [::1]:5432: connect: connection refused
2020-03-31 12:01:14.046   MAIN   INF   Streaming overview
2020-03-31 12:01:14.046   MAIN   ERR   Problem opening zapsi3 database: dial tcp [::1]:5432: connect: connection refused
2020-03-31 12:01:19.503   MAIN   INF   Streaming workplaces
2020-03-31 12:01:19.505   MAIN   INF   Workplaces count: 20
2020-03-31 12:01:19.698   MAIN   INF   Workplaces streamed, waiting 10 second for another run
2020-03-31 12:01:24.056   MAIN   INF   Streaming overview
2020-03-31 12:01:24.109   MAIN   INF   Production: 15, Downtime: 5, Offline: 0
2020-03-31 12:01:24.110   MAIN   INF   Production: 75, Downtime: 25, Offline: 0
2020-03-31 12:01:29.712   MAIN   INF   Streaming workplaces
2020-03-31 12:01:29.714   MAIN   INF   Workplaces count: 20
2020-03-31 12:01:29.915   MAIN   INF   Workplaces streamed, waiting 10 second for another run
2020-03-31 12:01:34.118   MAIN   INF   Streaming overview
2020-03-31 12:01:34.166   MAIN   INF   Production: 15, Downtime: 5, Offline: 0
2020-03-31 12:01:34.166   MAIN   INF   Production: 75, Downtime: 25, Offline: 0
2020-03-31 12:01:39.928   MAIN   INF   Streaming workplaces
2020-03-31 12:01:39.931   MAIN   INF   Workplaces count: 20
2020-03-31 12:01:40.076   MAIN   INF   Workplaces streamed, waiting 10 second for another run
2020-03-31 12:01:44.178   MAIN   INF   Streaming overview
2020-03-31 12:01:44.228   MAIN   INF   Production: 15, Downtime: 5, Offline: 0
2020-03-31 12:01:44.228   MAIN   INF   Production: 75, Downtime: 25, Offline: 0
2020-03-31 12:01:50.087   MAIN   INF   Streaming workplaces
2020-03-31 12:01:50.091   MAIN   INF   Workplaces count: 20
2020-03-31 12:01:50.253   MAIN   INF   Workplaces streamed, waiting 10 second for another run
2020-03-31 12:01:54.237   MAIN   INF   Streaming overview
2020-03-31 12:01:54.291   MAIN   INF   Production: 15, Downtime: 5, Offline: 0
2020-03-31 12:01:54.291   MAIN   INF   Production: 75, Downtime: 25, Offline: 0
2020-03-31 12:02:00.266   MAIN   INF   Streaming workplaces
2020-03-31 12:02:00.269   MAIN   INF   Workplaces count: 20
2020-03-31 12:02:00.418   MAIN   INF   Workplaces streamed, waiting 10 second for another run
2020-03-31 12:02:04.307   MAIN   INF   Streaming overview
2020-03-31 12:02:04.361   MAIN   INF   Production: 15, Downtime: 5, Offline: 0
2020-03-31 12:02:04.361   MAIN   INF   Production: 75, Downtime: 25, Offline: 0
2020-03-31 12:02:10.431   MAIN   INF   Streaming workplaces
2020-03-31 12:02:10.434   MAIN   INF   Workplaces count: 20
2020-03-31 12:02:10.601   MAIN   INF   Workplaces streamed, waiting 10 second for another run
2020-03-31 12:02:14.373   MAIN   INF   Streaming overview
2020-03-31 12:02:14.420   MAIN   INF   Production: 15, Downtime: 5, Offline: 0
2020-03-31 12:02:14.420   MAIN   INF   Production: 75, Downtime: 25, Offline: 0
2020-03-31 12:02:20.613   MAIN   INF   Streaming workplaces
2020-03-31 12:02:20.616   MAIN   INF   Workplaces count: 20
2020-03-31 12:02:20.791   MAIN   INF   Workplaces streamed, waiting 10 second for another run
2020-03-31 12:02:24.430   MAIN   INF   Streaming overview
2020-03-31 12:02:24.475   MAIN   INF   Production: 15, Downtime: 5, Offline: 0
2020-03-31 12:02:24.475   MAIN   INF   Production: 75, Downtime: 25, Offline: 0
2020-03-31 12:02:30.801   MAIN   INF   Streaming workplaces
2020-03-31 12:02:30.803   MAIN   INF   Workplaces count: 20
2020-03-31 12:02:30.959   MAIN   INF   Workplaces streamed, waiting 10 second for another run
2020-03-31 12:02:34.484   MAIN   INF   Streaming overview
2020-03-31 12:02:34.526   MAIN   INF   Production: 15, Downtime: 5, Offline: 0
2020-03-31 12:02:34.527   MAIN   INF   Production: 75, Downtime: 25, Offline: 0
2020-03-31 12:02:40.971   MAIN   INF   Streaming workplaces
2020-03-31 12:02:40.973   MAIN   INF   Workplaces count: 20
2020-03-31 12:02:41.152   MAIN   INF   Workplaces streamed, waiting 10 second for another run
2020-03-31 12:02:44.538   MAIN   INF   Streaming overview
2020-03-31 12:02:44.589   MAIN   INF   Production: 15, Downtime: 5, Offline: 0
2020-03-31 12:02:44.590   MAIN   INF   Production: 75, Downtime: 25, Offline: 0
2020-03-31 12:02:51.165   MAIN   INF   Streaming workplaces
2020-03-31 12:02:51.167   MAIN   INF   Workplaces count: 20
2020-03-31 12:02:51.672   MAIN   INF   Workplaces streamed, waiting 10 second for another run
2020-03-31 12:02:54.602   MAIN   INF   Streaming overview
2020-03-31 12:02:54.646   MAIN   INF   Production: 15, Downtime: 5, Offline: 0
2020-03-31 12:02:54.647   MAIN   INF   Production: 75, Downtime: 25, Offline: 0
2020-03-31 12:03:01.718   MAIN   INF   Streaming workplaces
2020-03-31 12:03:01.743   MAIN   INF   Workplaces count: 20
2020-03-31 12:03:02.416   MAIN   INF   Workplaces streamed, waiting 10 second for another run
2020-03-31 12:03:04.656   MAIN   INF   Streaming overview
2020-03-31 12:03:04.710   MAIN   INF   Production: 15, Downtime: 5, Offline: 0
2020-03-31 12:03:04.710   MAIN   INF   Production: 75, Downtime: 25, Offline: 0
2020-03-31 12:03:12.432   MAIN   INF   Streaming workplaces
2020-03-31 12:03:12.435   MAIN   INF   Workplaces count: 20
2020-03-31 12:03:12.688   MAIN   INF   Workplaces streamed, waiting 10 second for another run
2020-03-31 12:03:14.728   MAIN   INF   Streaming overview
2020-03-31 12:03:14.860   MAIN   INF   Production: 15, Downtime: 5, Offline: 0
2020-03-31 12:03:14.860   MAIN   INF   Production: 75, Downtime: 25, Offline: 0
2020-03-31 12:03:22.701   MAIN   INF   Streaming workplaces
2020-03-31 12:03:22.704   MAIN   INF   Workplaces count: 20
2020-03-31 12:03:22.876   MAIN   INF   Workplaces streamed, waiting 10 second for another run
2020-03-31 12:03:24.874   MAIN   INF   Streaming overview
2020-03-31 12:03:24.920   MAIN   INF   Production: 15, Downtime: 5, Offline: 0
2020-03-31 12:03:24.920   MAIN   INF   Production: 75, Downtime: 25, Offline: 0
2020-03-31 12:03:32.888   MAIN   INF   Streaming workplaces
2020-03-31 12:03:32.891   MAIN   INF   Workplaces count: 20
2020-03-31 12:03:33.066   MAIN   INF   Workplaces streamed, waiting 10 second for another run
2020-03-31 12:03:34.932   MAIN   INF   Streaming overview
2020-03-31 12:03:34.985   MAIN   INF   Production: 15, Downtime: 5, Offline: 0
2020-03-31 12:03:34.985   MAIN   INF   Production: 75, Downtime: 25, Offline: 0
2020-03-31 12:03:43.077   MAIN   INF   Streaming workplaces
2020-03-31 12:03:43.080   MAIN   INF   Workplaces count: 20
2020-03-31 12:03:43.255   MAIN   INF   Workplaces streamed, waiting 10 second for another run
2020-03-31 12:03:45.000   MAIN   INF   Streaming overview
2020-03-31 12:03:45.045   MAIN   INF   Production: 15, Downtime: 5, Offline: 0
2020-03-31 12:03:45.045   MAIN   INF   Production: 75, Downtime: 25, Offline: 0
2020-03-31 12:03:53.270   MAIN   INF   Streaming workplaces
2020-03-31 12:03:53.273   MAIN   INF   Workplaces count: 20
2020-03-31 12:03:53.482   MAIN   INF   Workplaces streamed, waiting 10 second for another run
2020-03-31 12:03:55.050   MAIN   INF   Streaming overview
2020-03-31 12:03:55.094   MAIN   INF   Production: 15, Downtime: 5, Offline: 0
2020-03-31 12:03:55.094   MAIN   INF   Production: 75, Downtime: 25, Offline: 0
2020-03-31 12:04:03.495   MAIN   INF   Streaming workplaces
2020-03-31 12:04:03.497   MAIN   INF   Workplaces count: 20
2020-03-31 12:04:03.660   MAIN   INF   Workplaces streamed, waiting 10 second for another run
2020-03-31 12:04:05.102   MAIN   INF   Streaming overview
2020-03-31 12:04:05.141   MAIN   INF   Production: 15, Downtime: 5, Offline: 0
2020-03-31 12:04:05.141   MAIN   INF   Production: 75, Downtime: 25, Offline: 0
2020-03-31 12:04:13.675   MAIN   INF   Streaming workplaces
2020-03-31 12:04:13.677   MAIN   INF   Workplaces count: 20
2020-03-31 12:04:13.835   MAIN   INF   Workplaces streamed, waiting 10 second for another run
2020-03-31 12:04:15.147   MAIN   INF   Streaming overview
2020-03-31 12:04:15.183   MAIN   INF   Production: 15, Downtime: 5, Offline: 0
2020-03-31 12:04:15.183   MAIN   INF   Production: 75, Downtime: 25, Offline: 0
2020-03-31 12:04:23.849   MAIN   INF   Streaming workplaces
2020-03-31 12:04:23.851   MAIN   INF   Workplaces count: 20
2020-03-31 12:04:24.018   MAIN   INF   Workplaces streamed, waiting 10 second for another run
2020-03-31 12:04:25.189   MAIN   INF   Streaming overview
2020-03-31 12:04:25.228   MAIN   INF   Production: 15, Downtime: 5, Offline: 0
2020-03-31 12:04:25.228   MAIN   INF   Production: 75, Downtime: 25, Offline: 0
2020-03-31 12:04:34.025   MAIN   INF   Streaming workplaces
2020-03-31 12:04:34.028   MAIN   INF   Workplaces count: 20
2020-03-31 12:04:34.173   MAIN   INF   Workplaces streamed, waiting 10 second for another run
2020-03-31 12:04:35.243   MAIN   INF   Streaming overview
2020-03-31 12:04:35.284   MAIN   INF   Production: 15, Downtime: 5, Offline: 0
2020-03-31 12:04:35.284   MAIN   INF   Production: 75, Downtime: 25, Offline: 0
2020-03-31 12:04:44.187   MAIN   INF   Streaming workplaces
2020-03-31 12:04:44.190   MAIN   INF   Workplaces count: 20
2020-03-31 12:04:44.347   MAIN   INF   Workplaces streamed, waiting 10 second for another run
2020-03-31 12:04:45.297   MAIN   INF   Streaming overview
2020-03-31 12:04:45.339   MAIN   INF   Production: 15, Downtime: 5, Offline: 0
2020-03-31 12:04:45.339   MAIN   INF   Production: 75, Downtime: 25, Offline: 0
2020-03-31 12:04:54.359   MAIN   INF   Streaming workplaces
2020-03-31 12:04:54.361   MAIN   INF   Workplaces count: 20
2020-03-31 12:04:54.515   MAIN   INF   Workplaces streamed, waiting 10 second for another run
2020-03-31 12:04:55.347   MAIN   INF   Streaming overview
2020-03-31 12:04:55.393   MAIN   INF   Production: 15, Downtime: 5, Offline: 0
2020-03-31 12:04:55.393   MAIN   INF   Production: 75, Downtime: 25, Offline: 0
2020-03-31 12:05:04.529   MAIN   INF   Streaming workplaces
2020-03-31 12:05:04.531   MAIN   INF   Workplaces count: 20
2020-03-31 12:05:04.690   MAIN   INF   Workplaces streamed, waiting 10 second for another run
2020-03-31 12:05:05.404   MAIN   INF   Streaming overview
2020-03-31 12:05:05.445   MAIN   INF   Production: 15, Downtime: 5, Offline: 0
2020-03-31 12:05:05.445   MAIN   INF   Production: 75, Downtime: 25, Offline: 0
2020-03-31 12:05:14.703   MAIN   INF   Streaming workplaces
2020-03-31 12:05:14.706   MAIN   INF   Workplaces count: 20
2020-03-31 12:05:14.857   MAIN   INF   Workplaces streamed, waiting 10 second for another run
2020-03-31 12:05:15.459   MAIN   INF   Streaming overview
2020-03-31 12:05:15.498   MAIN   INF   Production: 15, Downtime: 5, Offline: 0
2020-03-31 12:05:15.498   MAIN   INF   Production: 75, Downtime: 25, Offline: 0
2020-03-31 12:05:24.869   MAIN   INF   Streaming workplaces
2020-03-31 12:05:24.872   MAIN   INF   Workplaces count: 20
2020-03-31 12:05:25.046   MAIN   INF   Workplaces streamed, waiting 10 second for another run
2020-03-31 12:05:25.512   MAIN   INF   Streaming overview
2020-03-31 12:05:25.558   MAIN   INF   Production: 16, Downtime: 4, Offline: 0
2020-03-31 12:05:25.558   MAIN   INF   Production: 80, Downtime: 20, Offline: 0
2020-03-31 12:05:35.059   MAIN   INF   Streaming workplaces
2020-03-31 12:05:35.061   MAIN   INF   Workplaces count: 20
2020-03-31 12:05:35.235   MAIN   INF   Workplaces streamed, waiting 10 second for another run
2020-03-31 12:05:35.573   MAIN   INF   Streaming overview
2020-03-31 12:05:35.617   MAIN   INF   Production: 12, Downtime: 5, Offline: 3
2020-03-31 12:05:35.618   MAIN   INF   Production: 60, Downtime: 25, Offline: 15
2020-03-31 12:05:45.248   MAIN   INF   Streaming workplaces
2020-03-31 12:05:45.250   MAIN   INF   Workplaces count: 20
2020-03-31 12:05:45.425   MAIN   INF   Workplaces streamed, waiting 10 second for another run
2020-03-31 12:05:45.625   MAIN   INF   Streaming overview
2020-03-31 12:05:45.666   MAIN   INF   Production: 12, Downtime: 5, Offline: 3
2020-03-31 12:05:45.666   MAIN   INF   Production: 60, Downtime: 25, Offline: 15
2020-03-31 12:05:55.436   MAIN   INF   Streaming workplaces
2020-03-31 12:05:55.439   MAIN   INF   Workplaces count: 20
2020-03-31 12:05:55.608   MAIN   INF   Workplaces streamed, waiting 10 second for another run
2020-03-31 12:05:55.678   MAIN   INF   Streaming overview
2020-03-31 12:05:55.721   MAIN   INF   Production: 9, Downtime: 6, Offline: 5
2020-03-31 12:05:55.721   MAIN   INF   Production: 45, Downtime: 30, Offline: 25
2020-03-31 12:06:05.619   MAIN   INF   Streaming workplaces
2020-03-31 12:06:05.621   MAIN   INF   Workplaces count: 20
2020-03-31 12:06:05.728   MAIN   INF   Streaming overview
2020-03-31 12:06:05.778   MAIN   INF   Workplaces streamed, waiting 10 second for another run
2020-03-31 12:06:05.784   MAIN   INF   Production: 9, Downtime: 6, Offline: 5
2020-03-31 12:06:05.784   MAIN   INF   Production: 45, Downtime: 30, Offline: 25
2020-03-31 12:06:15.791   MAIN   INF   Streaming workplaces
2020-03-31 12:06:15.793   MAIN   INF   Workplaces count: 20
2020-03-31 12:06:15.794   MAIN   INF   Streaming overview
2020-03-31 12:06:15.855   MAIN   INF   Production: 9, Downtime: 6, Offline: 5
2020-03-31 12:06:15.855   MAIN   INF   Production: 45, Downtime: 30, Offline: 25
2020-03-31 12:06:15.971   MAIN   INF   Workplaces streamed, waiting 10 second for another run
2020-03-31 12:06:25.866   MAIN   INF   Streaming overview
2020-03-31 12:06:25.910   MAIN   INF   Production: 9, Downtime: 6, Offline: 5
2020-03-31 12:06:25.910   MAIN   INF   Production: 45, Downtime: 30, Offline: 25
2020-03-31 12:06:25.991   MAIN   INF   Streaming workplaces
2020-03-31 12:06:25.993   MAIN   INF   Workplaces count: 20
2020-03-31 12:06:26.149   MAIN   INF   Workplaces streamed, waiting 10 second for another run
2020-03-31 12:06:35.921   MAIN   INF   Streaming overview
2020-03-31 12:06:35.967   MAIN   INF   Production: 9, Downtime: 6, Offline: 5
2020-03-31 12:06:35.967   MAIN   INF   Production: 45, Downtime: 30, Offline: 25
2020-03-31 12:06:36.160   MAIN   INF   Streaming workplaces
2020-03-31 12:06:36.161   MAIN   INF   Workplaces count: 20
2020-03-31 12:06:36.330   MAIN   INF   Workplaces streamed, waiting 10 second for another run
2020-03-31 12:06:45.978   MAIN   INF   Streaming overview
2020-03-31 12:06:46.022   MAIN   INF   Production: 9, Downtime: 6, Offline: 5
2020-03-31 12:06:46.022   MAIN   INF   Production: 45, Downtime: 30, Offline: 25
2020-03-31 12:06:46.340   MAIN   INF   Streaming workplaces
2020-03-31 12:06:46.342   MAIN   INF   Workplaces count: 20
2020-03-31 12:06:46.549   MAIN   INF   Workplaces streamed, waiting 10 second for another run
2020-03-31 12:06:52.010   MAIN   INF   Stopped on platform darwin-launchd
2020-03-31 12:06:54.098   MAIN   INF   Starting Display WebService on darwin-launchd
2020-03-31 12:06:54.099   MAIN   INF   Display WebService version 2020.1.3.31 started
2020-03-31 12:06:54.099   MAIN   INF   Updating program version in database
2020-03-31 12:06:54.134   MAIN   INF   Program version updated, elapsed: 34.106645ms
2020-03-31 12:06:54.134   MAIN   INF   Server running
2020-03-31 12:06:54.154   MAIN   INF   Streaming workplaces
2020-03-31 12:06:54.160   MAIN   INF   Streaming overview
2020-03-31 12:06:54.161   MAIN   INF   Workplaces count: 20
2020-03-31 12:06:54.377   MAIN   INF   Production: 9, Downtime: 6, Offline: 5
2020-03-31 12:06:54.377   MAIN   INF   Production: 45, Downtime: 30, Offline: 25
2020-03-31 12:06:54.712   MAIN   INF   Workplaces streamed, waiting 10 second for another run
2020-03-31 12:06:55.384   MAIN   INF   Displaying Display 1
2020-03-31 12:06:55.393   MAIN   INF   Adding workplace: CNC 0
2020-03-31 12:06:55.393   MAIN   INF   Adding workplace: CNC 1
2020-03-31 12:06:55.393   MAIN   INF   Adding workplace: CNC 10
2020-03-31 12:06:55.393   MAIN   INF   Adding workplace: CNC 11
2020-03-31 12:06:55.393   MAIN   INF   Adding workplace: CNC 12
2020-03-31 12:06:55.393   MAIN   INF   Adding workplace: CNC 13
2020-03-31 12:06:55.393   MAIN   INF   Adding workplace: CNC 14
2020-03-31 12:06:55.393   MAIN   INF   Adding workplace: CNC 15
2020-03-31 12:06:55.393   MAIN   INF   Adding workplace: CNC 16
2020-03-31 12:06:55.393   MAIN   INF   Adding workplace: CNC 17
2020-03-31 12:06:55.393   MAIN   INF   Adding workplace: CNC 18
2020-03-31 12:06:55.393   MAIN   INF   Adding workplace: CNC 19
2020-03-31 12:06:55.393   MAIN   INF   Adding workplace: CNC 2
2020-03-31 12:06:55.394   MAIN   INF   Adding workplace: CNC 3
2020-03-31 12:06:55.394   MAIN   INF   Adding workplace: CNC 4
2020-03-31 12:06:55.394   MAIN   INF   Adding workplace: CNC 5
2020-03-31 12:06:55.394   MAIN   INF   Adding workplace: CNC 6
2020-03-31 12:06:55.394   MAIN   INF   Adding workplace: CNC 7
2020-03-31 12:06:55.394   MAIN   INF   Adding workplace: CNC 8
2020-03-31 12:06:55.394   MAIN   INF   Adding workplace: CNC 9
2020-03-31 12:07:04.391   MAIN   INF   Streaming overview
2020-03-31 12:07:04.444   MAIN   INF   Production: 9, Downtime: 6, Offline: 5
2020-03-31 12:07:04.444   MAIN   INF   Production: 45, Downtime: 30, Offline: 25
2020-03-31 12:07:04.721   MAIN   INF   Streaming workplaces
2020-03-31 12:07:04.723   MAIN   INF   Workplaces count: 20
2020-03-31 12:07:05.060   MAIN   INF   Workplaces streamed, waiting 10 second for another run
2020-03-31 12:07:14.459   MAIN   INF   Streaming overview
2020-03-31 12:07:14.511   MAIN   INF   Production: 9, Downtime: 6, Offline: 5
2020-03-31 12:07:14.511   MAIN   INF   Production: 45, Downtime: 30, Offline: 25
2020-03-31 12:07:15.069   MAIN   INF   Streaming workplaces
2020-03-31 12:07:15.071   MAIN   INF   Workplaces count: 20
2020-03-31 12:07:15.239   MAIN   INF   Workplaces streamed, waiting 10 second for another run
2020-03-31 12:07:24.524   MAIN   INF   Streaming overview
2020-03-31 12:07:24.581   MAIN   INF   Production: 9, Downtime: 6, Offline: 5
2020-03-31 12:07:24.581   MAIN   INF   Production: 45, Downtime: 30, Offline: 25
2020-03-31 12:07:25.249   MAIN   INF   Streaming workplaces
2020-03-31 12:07:25.251   MAIN   INF   Workplaces count: 20
2020-03-31 12:07:25.552   MAIN   INF   Workplaces streamed, waiting 10 second for another run
2020-03-31 12:07:34.596   MAIN   INF   Streaming overview
2020-03-31 12:07:34.673   MAIN   INF   Production: 9, Downtime: 6, Offline: 5
2020-03-31 12:07:34.673   MAIN   INF   Production: 45, Downtime: 30, Offline: 25
2020-03-31 12:07:35.561   MAIN   INF   Streaming workplaces
2020-03-31 12:07:35.564   MAIN   INF   Workplaces count: 20
2020-03-31 12:07:35.972   MAIN   INF   Workplaces streamed, waiting 10 second for another run
2020-03-31 12:07:44.689   MAIN   INF   Streaming overview
2020-03-31 12:07:44.762   MAIN   INF   Production: 9, Downtime: 6, Offline: 5
2020-03-31 12:07:44.762   MAIN   INF   Production: 45, Downtime: 30, Offline: 25
2020-03-31 12:07:45.979   MAIN   INF   Streaming workplaces
2020-03-31 12:07:45.982   MAIN   INF   Workplaces count: 20
2020-03-31 12:07:46.396   MAIN   INF   Workplaces streamed, waiting 10 second for another run
2020-03-31 12:07:54.777   MAIN   INF   Streaming overview
2020-03-31 12:07:54.837   MAIN   INF   Production: 9, Downtime: 6, Offline: 5
2020-03-31 12:07:54.837   MAIN   INF   Production: 45, Downtime: 30, Offline: 25
2020-03-31 12:07:56.403   MAIN   INF   Streaming workplaces
2020-03-31 12:07:56.406   MAIN   INF   Workplaces count: 20
2020-03-31 12:07:56.734   MAIN   INF   Workplaces streamed, waiting 10 second for another run
2020-03-31 12:08:04.854   MAIN   INF   Streaming overview
2020-03-31 12:08:04.953   MAIN   INF   Production: 9, Downtime: 6, Offline: 5
2020-03-31 12:08:04.953   MAIN   INF   Production: 45, Downtime: 30, Offline: 25
2020-03-31 12:08:06.745   MAIN   INF   Streaming workplaces
2020-03-31 12:08:06.748   MAIN   INF   Workplaces count: 20
2020-03-31 12:08:07.184   MAIN   INF   Workplaces streamed, waiting 10 second for another run
2020-03-31 12:08:14.962   MAIN   INF   Streaming overview
2020-03-31 12:08:15.022   MAIN   INF   Production: 9, Downtime: 6, Offline: 5
2020-03-31 12:08:15.023   MAIN   INF   Production: 45, Downtime: 30, Offline: 25
2020-03-31 12:08:16.817   MAIN   INF   Displaying Display 1
2020-03-31 12:08:16.827   MAIN   INF   Adding workplace: CNC 0
2020-03-31 12:08:16.827   MAIN   INF   Adding workplace: CNC 1
2020-03-31 12:08:16.827   MAIN   INF   Adding workplace: CNC 10
2020-03-31 12:08:16.827   MAIN   INF   Adding workplace: CNC 11
2020-03-31 12:08:16.828   MAIN   INF   Adding workplace: CNC 12
2020-03-31 12:08:16.828   MAIN   INF   Adding workplace: CNC 13
2020-03-31 12:08:16.828   MAIN   INF   Adding workplace: CNC 14
2020-03-31 12:08:16.828   MAIN   INF   Adding workplace: CNC 15
2020-03-31 12:08:16.828   MAIN   INF   Adding workplace: CNC 16
2020-03-31 12:08:16.828   MAIN   INF   Adding workplace: CNC 17
2020-03-31 12:08:16.828   MAIN   INF   Adding workplace: CNC 18
2020-03-31 12:08:16.828   MAIN   INF   Adding workplace: CNC 19
2020-03-31 12:08:16.828   MAIN   INF   Adding workplace: CNC 2
2020-03-31 12:08:16.828   MAIN   INF   Adding workplace: CNC 3
2020-03-31 12:08:16.828   MAIN   INF   Adding workplace: CNC 4
2020-03-31 12:08:16.828   MAIN   INF   Adding workplace: CNC 5
2020-03-31 12:08:16.828   MAIN   INF   Adding workplace: CNC 6
2020-03-31 12:08:16.829   MAIN   INF   Adding workplace: CNC 7
2020-03-31 12:08:16.829   MAIN   INF   Adding workplace: CNC 8
2020-03-31 12:08:16.829   MAIN   INF   Adding workplace: CNC 9
2020-03-31 12:08:17.193   MAIN   INF   Streaming workplaces
2020-03-31 12:08:17.196   MAIN   INF   Workplaces count: 20
2020-03-31 12:08:17.393   MAIN   INF   Workplaces streamed, waiting 10 second for another run
2020-03-31 12:08:25.031   MAIN   INF   Streaming overview
2020-03-31 12:08:25.080   MAIN   INF   Production: 9, Downtime: 6, Offline: 5
2020-03-31 12:08:25.081   MAIN   INF   Production: 45, Downtime: 30, Offline: 25
2020-03-31 12:08:27.403   MAIN   INF   Streaming workplaces
2020-03-31 12:08:27.406   MAIN   INF   Workplaces count: 20
2020-03-31 12:08:27.587   MAIN   INF   Workplaces streamed, waiting 10 second for another run
2020-03-31 12:08:35.093   MAIN   INF   Streaming overview
2020-03-31 12:08:35.151   MAIN   INF   Production: 9, Downtime: 6, Offline: 5
2020-03-31 12:08:35.151   MAIN   INF   Production: 45, Downtime: 30, Offline: 25
2020-03-31 12:08:36.859   MAIN   INF   Stopped on platform darwin-launchd
